0 info it worked if it ends with ok
1 verbose cli [
1 verbose cli   '/usr/local/bin/node',
1 verbose cli   '/usr/local/bin/npm',
1 verbose cli   'install',
1 verbose cli   '--ignore-scripts',
1 verbose cli   '@types/argparse@ts3.6',
1 verbose cli   '@types/aria-query@ts3.6',
1 verbose cli   '@types/arr-diff@ts3.6',
1 verbose cli   '@types/arr-union@ts3.6',
1 verbose cli   '@types/array-unique@ts3.6',
1 verbose cli   '@types/array.prototype.flat@ts3.6',
1 verbose cli   '@types/array.prototype.flatmap@ts3.6',
1 verbose cli   '@types/asap@ts3.6',
1 verbose cli   '@types/assert@ts3.6',
1 verbose cli   '@types/async@ts3.6',
1 verbose cli   '@types/atob@ts3.6',
1 verbose cli   '@types/babel-plugin-macros@ts3.6',
1 verbose cli   '@types/babylon@ts3.6',
1 verbose cli   '@types/balanced-match@ts3.6',
1 verbose cli   '@types/big.js@ts3.6',
1 verbose cli   '@types/bluebird@ts3.6',
1 verbose cli   '@types/bn.js@ts3.6',
1 verbose cli   '@types/bonjour@ts3.6',
1 verbose cli   '@types/boolbase@ts3.6',
1 verbose cli   '@types/brace-expansion@ts3.6',
1 verbose cli   '@types/braces@ts3.6',
1 verbose cli   '@types/brorand@ts3.6',
1 verbose cli   '@types/bser@ts3.6',
1 verbose cli   '@types/buffer-from@ts3.6',
1 verbose cli   '@types/buffer-xor@ts3.6',
1 verbose cli   '@types/cacache@ts3.6',
1 verbose cli   '@types/call-bind@ts3.6',
1 verbose cli   '@types/caniuse-api@ts3.6',
1 verbose cli   '@types/caniuse-lite@ts3.6',
1 verbose cli   '@types/case-sensitive-paths-webpack-plugin@ts3.6',
1 verbose cli   '@types/check-types@ts3.6',
1 verbose cli   '@types/chownr@ts3.6',
1 verbose cli   '@types/cipher-base@ts3.6',
1 verbose cli   '@types/clean-css@ts3.6',
1 verbose cli   '@types/co@ts3.6',
1 verbose cli   '@types/color@ts3.6',
1 verbose cli   '@types/color-convert@ts3.6',
1 verbose cli   '@types/color-name@ts3.6',
1 verbose cli   '@types/color-string@ts3.6',
1 verbose cli   '@types/combined-stream@ts3.6',
1 verbose cli   '@types/common-tags@ts3.6',
1 verbose cli   '@types/commondir@ts3.6',
1 verbose cli   '@types/component-emitter@ts3.6',
1 verbose cli   '@types/compose-function@ts3.6',
1 verbose cli   '@types/compressible@ts3.6',
1 verbose cli   '@types/compression@ts3.6',
1 verbose cli   '@types/concat-map@ts3.6',
1 verbose cli   '@types/concat-stream@ts3.6',
1 verbose cli   '@types/confusing-browser-globals@ts3.6',
1 verbose cli   '@types/connect-history-api-fallback@ts3.6',
1 verbose cli   '@types/convert-source-map@ts3.6',
1 verbose cli   '@types/core-js@ts3.6',
1 verbose cli   '@types/create-hash@ts3.6',
1 verbose cli   '@types/create-hmac@ts3.6',
1 verbose cli   '@types/cross-spawn@ts3.6',
1 verbose cli   '@types/css@ts3.6',
1 verbose cli   '@types/css-declaration-sorter@ts3.6',
1 verbose cli   '@types/css-tree@ts3.6',
1 verbose cli   '@types/css.escape@ts3.6',
1 verbose cli   '@types/cssesc@ts3.6',
1 verbose cli   '@types/csso@ts3.6',
1 verbose cli   '@types/cssom@ts3.6',
1 verbose cli   '@types/cssstyle@ts3.6',
1 verbose cli   '@types/d@ts3.6',
1 verbose cli   '@types/damerau-levenshtein@ts3.6',
1 verbose cli   '@types/data-urls@ts3.6',
1 verbose cli   '@types/decode-uri-component@ts3.6',
1 verbose cli   '@types/dedent@ts3.6',
1 verbose cli   '@types/deep-equal@ts3.6',
1 verbose cli   '@types/default-gateway@ts3.6',
1 verbose cli   '@types/define-properties@ts3.6',
1 verbose cli   '@types/detect-node@ts3.6',
1 verbose cli   '@types/diffie-hellman@ts3.6',
1 verbose cli   '@types/dir-glob@ts3.6',
1 verbose cli   '@types/dns-packet@ts3.6',
1 verbose cli   '@types/doctrine@ts3.6',
1 verbose cli   '@types/domexception@ts3.6',
1 verbose cli   '@types/domutils@ts3.6',
1 verbose cli   '@types/duplexify@ts3.6',
1 verbose cli   '@types/ejs@ts3.6',
1 verbose cli   '@types/elliptic@ts3.6',
1 verbose cli   '@types/end-of-stream@ts3.6',
1 verbose cli   '@types/enhanced-resolve@ts3.6',
1 verbose cli   '@types/es-abstract@ts3.6',
1 verbose cli   '@types/es-to-primitive@ts3.6',
1 verbose cli   '@types/escodegen@ts3.6',
1 verbose cli   '@types/eslint@ts3.6',
1 verbose cli   '@types/eslint-scope@ts3.6',
1 verbose cli   '@types/eslint-utils@ts3.6',
1 verbose cli   '@types/eslint-visitor-keys@ts3.6',
1 verbose cli   '@types/esprima@ts3.6',
1 verbose cli   '@types/esquery@ts3.6',
1 verbose cli   '@types/estraverse@ts3.6',
1 verbose cli   '@types/esutils@ts3.6',
1 verbose cli   '@types/events@ts3.6',
1 verbose cli   '@types/eventsource@ts3.6',
1 verbose cli   ... 76 more items
1 verbose cli ]
2 info using npm@6.14.6
3 info using node@v12.18.3
4 verbose npm-session dc870749adf1a4c8
5 silly install loadCurrentTree
6 silly install readLocalPackageData
7 http fetch GET 304 https://registry.npmjs.org/@types%2farray-unique 267ms (from cache)
8 http fetch GET 304 https://registry.npmjs.org/@types%2faria-query 271ms (from cache)
9 silly pacote tag manifest for @types/array-unique@ts3.6 fetched in 272ms
10 silly pacote tag manifest for @types/aria-query@ts3.6 fetched in 283ms
11 http fetch GET 304 https://registry.npmjs.org/@types%2fasync 400ms (from cache)
12 http fetch GET 304 https://registry.npmjs.org/@types%2fassert 402ms (from cache)
13 silly pacote tag manifest for @types/async@ts3.6 fetched in 409ms
14 silly pacote tag manifest for @types/assert@ts3.6 fetched in 411ms
15 http fetch GET 304 https://registry.npmjs.org/@types%2farray.prototype.flatmap 415ms (from cache)
16 http fetch GET 304 https://registry.npmjs.org/@types%2fasap 417ms (from cache)
17 http fetch GET 304 https://registry.npmjs.org/@types%2farray.prototype.flat 418ms (from cache)
18 http fetch GET 304 https://registry.npmjs.org/@types%2farr-union 421ms (from cache)
19 silly pacote tag manifest for @types/array.prototype.flatmap@ts3.6 fetched in 429ms
20 silly pacote tag manifest for @types/asap@ts3.6 fetched in 431ms
21 silly pacote tag manifest for @types/arr-union@ts3.6 fetched in 436ms
22 silly pacote tag manifest for @types/array.prototype.flat@ts3.6 fetched in 435ms
23 http fetch GET 304 https://registry.npmjs.org/@types%2fbabel-plugin-macros 155ms (from cache)
24 silly pacote tag manifest for @types/babel-plugin-macros@ts3.6 fetched in 182ms
25 http fetch GET 304 https://registry.npmjs.org/@types%2fatob 208ms (from cache)
26 silly pacote tag manifest for @types/atob@ts3.6 fetched in 213ms
27 http fetch GET 304 https://registry.npmjs.org/@types%2fbluebird 119ms (from cache)
28 http fetch GET 304 https://registry.npmjs.org/@types%2fbalanced-match 142ms (from cache)
29 silly pacote tag manifest for @types/balanced-match@ts3.6 fetched in 158ms
30 silly pacote tag manifest for @types/bluebird@ts3.6 fetched in 142ms
31 http fetch GET 304 https://registry.npmjs.org/@types%2fbonjour 160ms (from cache)
32 silly pacote tag manifest for @types/bonjour@ts3.6 fetched in 179ms
33 http fetch GET 304 https://registry.npmjs.org/@types%2fbabylon 221ms (from cache)
34 http fetch GET 304 https://registry.npmjs.org/@types%2fbrace-expansion 150ms (from cache)
35 silly pacote tag manifest for @types/babylon@ts3.6 fetched in 226ms
36 silly pacote tag manifest for @types/brace-expansion@ts3.6 fetched in 155ms
37 http fetch GET 304 https://registry.npmjs.org/@types%2fbrorand 132ms (from cache)
38 http fetch GET 304 https://registry.npmjs.org/@types%2fbraces 134ms (from cache)
39 silly pacote tag manifest for @types/brorand@ts3.6 fetched in 136ms
40 silly pacote tag manifest for @types/braces@ts3.6 fetched in 140ms
41 http fetch GET 304 https://registry.npmjs.org/@types%2fbser 103ms (from cache)
42 silly pacote tag manifest for @types/bser@ts3.6 fetched in 119ms
43 http fetch GET 304 https://registry.npmjs.org/@types%2fbuffer-xor 103ms (from cache)
44 silly pacote tag manifest for @types/buffer-xor@ts3.6 fetched in 105ms
45 http fetch GET 200 https://registry.npmjs.org/@types%2fcall-bind 98ms
46 silly fetchPackageMetaData error for @types/call-bind@ts3.6 No matching version found for @types/call-bind@ts3.6.
47 http fetch GET 304 https://registry.npmjs.org/@types%2fcaniuse-lite 101ms (from cache)
48 silly pacote tag manifest for @types/caniuse-lite@ts3.6 fetched in 105ms
49 http fetch GET 304 https://registry.npmjs.org/@types%2fcase-sensitive-paths-webpack-plugin 75ms (from cache)
50 silly pacote tag manifest for @types/case-sensitive-paths-webpack-plugin@ts3.6 fetched in 79ms
51 http fetch GET 304 https://registry.npmjs.org/@types%2fchownr 187ms (from cache)
52 http fetch GET 304 https://registry.npmjs.org/@types%2fcheck-types 236ms (from cache)
53 silly pacote tag manifest for @types/chownr@ts3.6 fetched in 192ms
54 silly pacote tag manifest for @types/check-types@ts3.6 fetched in 244ms
55 http fetch GET 304 https://registry.npmjs.org/@types%2fcipher-base 110ms (from cache)
56 silly pacote tag manifest for @types/cipher-base@ts3.6 fetched in 112ms
57 http fetch GET 304 https://registry.npmjs.org/@types%2fclean-css 149ms (from cache)
58 silly pacote tag manifest for @types/clean-css@ts3.6 fetched in 155ms
59 http fetch GET 304 https://registry.npmjs.org/@types%2fco 139ms (from cache)
60 http fetch GET 304 https://registry.npmjs.org/@types%2fcolor 92ms (from cache)
61 silly pacote tag manifest for @types/co@ts3.6 fetched in 143ms
62 silly pacote tag manifest for @types/color@ts3.6 fetched in 96ms
63 http fetch GET 304 https://registry.npmjs.org/@types%2fcolor-name 115ms (from cache)
64 http fetch GET 304 https://registry.npmjs.org/@types%2fcolor-convert 119ms (from cache)
65 silly pacote tag manifest for @types/color-name@ts3.6 fetched in 118ms
66 silly pacote tag manifest for @types/color-convert@ts3.6 fetched in 122ms
67 http fetch GET 304 https://registry.npmjs.org/@types%2fcombined-stream 76ms (from cache)
68 silly pacote tag manifest for @types/combined-stream@ts3.6 fetched in 79ms
69 http fetch GET 304 https://registry.npmjs.org/@types%2fcolor-string 144ms (from cache)
70 http fetch GET 304 https://registry.npmjs.org/@types%2fcommon-tags 64ms (from cache)
71 silly pacote tag manifest for @types/color-string@ts3.6 fetched in 146ms
72 silly pacote tag manifest for @types/common-tags@ts3.6 fetched in 67ms
73 http fetch GET 304 https://registry.npmjs.org/@types%2fcomponent-emitter 72ms (from cache)
74 silly pacote tag manifest for @types/component-emitter@ts3.6 fetched in 75ms
75 http fetch GET 304 https://registry.npmjs.org/@types%2fcompose-function 88ms (from cache)
76 silly pacote tag manifest for @types/compose-function@ts3.6 fetched in 96ms
77 http fetch GET 304 https://registry.npmjs.org/@types%2fcommondir 178ms (from cache)
78 silly pacote tag manifest for @types/commondir@ts3.6 fetched in 189ms
79 http fetch GET 304 https://registry.npmjs.org/@types%2fcompressible 122ms (from cache)
80 silly pacote tag manifest for @types/compressible@ts3.6 fetched in 127ms
81 http fetch GET 304 https://registry.npmjs.org/@types%2fcompression 111ms (from cache)
82 silly pacote tag manifest for @types/compression@ts3.6 fetched in 114ms
83 http fetch GET 304 https://registry.npmjs.org/@types%2fconcat-map 164ms (from cache)
84 silly pacote tag manifest for @types/concat-map@ts3.6 fetched in 172ms
85 http fetch GET 304 https://registry.npmjs.org/@types%2fconfusing-browser-globals 224ms (from cache)
86 silly pacote tag manifest for @types/confusing-browser-globals@ts3.6 fetched in 228ms
87 http fetch GET 304 https://registry.npmjs.org/@types%2fconnect-history-api-fallback 69ms (from cache)
88 silly pacote tag manifest for @types/connect-history-api-fallback@ts3.6 fetched in 74ms
89 http fetch GET 304 https://registry.npmjs.org/@types%2fconvert-source-map 94ms (from cache)
90 http fetch GET 304 https://registry.npmjs.org/@types%2farr-diff 2487ms (from cache)
91 silly pacote tag manifest for @types/convert-source-map@ts3.6 fetched in 98ms
92 silly pacote tag manifest for @types/arr-diff@ts3.6 fetched in 2493ms
93 http fetch GET 304 https://registry.npmjs.org/@types%2fargparse 2550ms (from cache)
94 silly pacote tag manifest for @types/argparse@ts3.6 fetched in 2563ms
95 http fetch GET 304 https://registry.npmjs.org/@types%2fcreate-hmac 96ms (from cache)
96 silly pacote tag manifest for @types/create-hmac@ts3.6 fetched in 100ms
97 http fetch GET 304 https://registry.npmjs.org/@types%2fcore-js 181ms (from cache)
98 silly pacote tag manifest for @types/core-js@ts3.6 fetched in 191ms
99 http fetch GET 304 https://registry.npmjs.org/@types%2fcreate-hash 200ms (from cache)
100 silly pacote tag manifest for @types/create-hash@ts3.6 fetched in 206ms
101 http fetch GET 304 https://registry.npmjs.org/@types%2fcss-declaration-sorter 96ms (from cache)
102 silly pacote tag manifest for @types/css-declaration-sorter@ts3.6 fetched in 102ms
103 http fetch GET 304 https://registry.npmjs.org/@types%2fbig.js 2372ms (from cache)
104 silly pacote tag manifest for @types/big.js@ts3.6 fetched in 2381ms
105 http fetch GET 304 https://registry.npmjs.org/@types%2fboolbase 2349ms (from cache)
106 http fetch GET 304 https://registry.npmjs.org/@types%2fbn.js 2379ms (from cache)
107 silly pacote tag manifest for @types/boolbase@ts3.6 fetched in 2353ms
108 silly pacote tag manifest for @types/bn.js@ts3.6 fetched in 2381ms
109 http fetch GET 304 https://registry.npmjs.org/@types%2fcss 141ms (from cache)
110 silly pacote tag manifest for @types/css@ts3.6 fetched in 150ms
111 http fetch GET 304 https://registry.npmjs.org/@types%2fcross-spawn 242ms (from cache)
112 silly pacote tag manifest for @types/cross-spawn@ts3.6 fetched in 247ms
113 http fetch GET 304 https://registry.npmjs.org/@types%2fcssesc 98ms (from cache)
114 silly pacote tag manifest for @types/cssesc@ts3.6 fetched in 101ms
115 http fetch GET 200 https://registry.npmjs.org/@types%2fcss.escape 162ms
116 silly fetchPackageMetaData error for @types/css.escape@ts3.6 No matching version found for @types/css.escape@ts3.6.
117 http fetch GET 304 https://registry.npmjs.org/@types%2fbuffer-from 2347ms (from cache)
118 http fetch GET 304 https://registry.npmjs.org/@types%2fcssom 155ms (from cache)
119 http fetch GET 304 https://registry.npmjs.org/@types%2fcss-tree 191ms (from cache)
120 silly pacote tag manifest for @types/buffer-from@ts3.6 fetched in 2353ms
121 http fetch GET 304 https://registry.npmjs.org/@types%2fcsso 183ms (from cache)
122 silly pacote tag manifest for @types/cssom@ts3.6 fetched in 169ms
123 silly pacote tag manifest for @types/css-tree@ts3.6 fetched in 204ms
124 silly pacote tag manifest for @types/csso@ts3.6 fetched in 188ms
125 http fetch GET 304 https://registry.npmjs.org/@types%2fd 113ms (from cache)
126 silly pacote tag manifest for @types/d@ts3.6 fetched in 117ms
127 http fetch GET 304 https://registry.npmjs.org/@types%2fcacache 2352ms (from cache)
128 http fetch GET 304 https://registry.npmjs.org/@types%2fcssstyle 170ms (from cache)
129 silly pacote tag manifest for @types/cacache@ts3.6 fetched in 2355ms
130 silly pacote tag manifest for @types/cssstyle@ts3.6 fetched in 175ms
131 http fetch GET 304 https://registry.npmjs.org/@types%2fdata-urls 101ms (from cache)
132 http fetch GET 304 https://registry.npmjs.org/@types%2fdeep-equal 93ms (from cache)
133 silly pacote tag manifest for @types/data-urls@ts3.6 fetched in 105ms
134 silly pacote tag manifest for @types/deep-equal@ts3.6 fetched in 96ms
135 http fetch GET 304 https://registry.npmjs.org/@types%2fdamerau-levenshtein 155ms (from cache)
136 silly pacote tag manifest for @types/damerau-levenshtein@ts3.6 fetched in 156ms
137 http fetch GET 304 https://registry.npmjs.org/@types%2fdetect-node 64ms (from cache)
138 silly pacote tag manifest for @types/detect-node@ts3.6 fetched in 65ms
139 http fetch GET 304 https://registry.npmjs.org/@types%2fdiffie-hellman 85ms (from cache)
140 silly pacote tag manifest for @types/diffie-hellman@ts3.6 fetched in 87ms
141 http fetch GET 304 https://registry.npmjs.org/@types%2fdefault-gateway 158ms (from cache)
142 silly pacote tag manifest for @types/default-gateway@ts3.6 fetched in 170ms
143 http fetch GET 304 https://registry.npmjs.org/@types%2fdecode-uri-component 235ms (from cache)
144 silly pacote tag manifest for @types/decode-uri-component@ts3.6 fetched in 240ms
145 http fetch GET 304 https://registry.npmjs.org/@types%2fdefine-properties 177ms (from cache)
146 silly pacote tag manifest for @types/define-properties@ts3.6 fetched in 184ms
147 http fetch GET 304 https://registry.npmjs.org/@types%2fdir-glob 190ms (from cache)
148 silly pacote tag manifest for @types/dir-glob@ts3.6 fetched in 194ms
149 http fetch GET 304 https://registry.npmjs.org/@types%2fdns-packet 170ms (from cache)
150 http fetch GET 304 https://registry.npmjs.org/@types%2fdoctrine 169ms (from cache)
151 silly pacote tag manifest for @types/dns-packet@ts3.6 fetched in 175ms
152 silly pacote tag manifest for @types/doctrine@ts3.6 fetched in 174ms
153 http fetch GET 304 https://registry.npmjs.org/@types%2fdomexception 153ms (from cache)
154 http fetch GET 304 https://registry.npmjs.org/@types%2fduplexify 101ms (from cache)
155 silly pacote tag manifest for @types/domexception@ts3.6 fetched in 157ms
156 http fetch GET 304 https://registry.npmjs.org/@types%2fejs 93ms (from cache)
157 silly pacote tag manifest for @types/duplexify@ts3.6 fetched in 108ms
158 silly pacote tag manifest for @types/ejs@ts3.6 fetched in 101ms
159 http fetch GET 304 https://registry.npmjs.org/@types%2fdomutils 178ms (from cache)
160 http fetch GET 304 https://registry.npmjs.org/@types%2felliptic 90ms (from cache)
161 http fetch GET 304 https://registry.npmjs.org/@types%2fend-of-stream 77ms (from cache)
162 http fetch GET 304 https://registry.npmjs.org/@types%2fenhanced-resolve 77ms (from cache)
163 silly pacote tag manifest for @types/domutils@ts3.6 fetched in 182ms
164 silly pacote tag manifest for @types/elliptic@ts3.6 fetched in 95ms
165 silly pacote tag manifest for @types/end-of-stream@ts3.6 fetched in 83ms
166 silly pacote tag manifest for @types/enhanced-resolve@ts3.6 fetched in 84ms
167 http fetch GET 304 https://registry.npmjs.org/@types%2fcaniuse-api 2678ms (from cache)
168 silly pacote tag manifest for @types/caniuse-api@ts3.6 fetched in 2680ms
169 http fetch GET 304 https://registry.npmjs.org/@types%2fescodegen 76ms (from cache)
170 silly pacote tag manifest for @types/escodegen@ts3.6 fetched in 79ms
171 http fetch GET 304 https://registry.npmjs.org/@types%2feslint 59ms (from cache)
172 silly pacote tag manifest for @types/eslint@ts3.6 fetched in 61ms
173 http fetch GET 304 https://registry.npmjs.org/@types%2feslint-scope 70ms (from cache)
174 silly pacote tag manifest for @types/eslint-scope@ts3.6 fetched in 73ms
175 http fetch GET 304 https://registry.npmjs.org/@types%2feslint-visitor-keys 79ms (from cache)
176 http fetch GET 304 https://registry.npmjs.org/@types%2fes-to-primitive 127ms (from cache)
177 silly pacote tag manifest for @types/es-to-primitive@ts3.6 fetched in 128ms
178 silly pacote tag manifest for @types/eslint-visitor-keys@ts3.6 fetched in 82ms
179 http fetch GET 304 https://registry.npmjs.org/@types%2fesprima 85ms (from cache)
180 http fetch GET 304 https://registry.npmjs.org/@types%2fes-abstract 155ms (from cache)
181 silly pacote tag manifest for @types/esprima@ts3.6 fetched in 88ms
182 silly pacote tag manifest for @types/es-abstract@ts3.6 fetched in 159ms
183 http fetch GET 304 https://registry.npmjs.org/@types%2fesutils 63ms (from cache)
184 silly pacote tag manifest for @types/esutils@ts3.6 fetched in 65ms
185 http fetch GET 304 https://registry.npmjs.org/@types%2feventsource 67ms (from cache)
186 silly pacote tag manifest for @types/eventsource@ts3.6 fetched in 70ms
187 http fetch GET 304 https://registry.npmjs.org/@types%2fesquery 135ms (from cache)
188 silly pacote tag manifest for @types/esquery@ts3.6 fetched in 138ms
189 http fetch GET 304 https://registry.npmjs.org/@types%2feslint-utils 181ms (from cache)
190 silly pacote tag manifest for @types/eslint-utils@ts3.6 fetched in 188ms
191 http fetch GET 304 https://registry.npmjs.org/@types%2ffb-watchman 88ms (from cache)
192 http fetch GET 304 https://registry.npmjs.org/@types%2festraverse 168ms (from cache)
193 silly pacote tag manifest for @types/fb-watchman@ts3.6 fetched in 92ms
194 silly pacote tag manifest for @types/estraverse@ts3.6 fetched in 173ms
195 http fetch GET 304 https://registry.npmjs.org/@types%2fevents 146ms (from cache)
196 silly pacote tag manifest for @types/events@ts3.6 fetched in 150ms
197 http fetch GET 304 https://registry.npmjs.org/@types%2ffile-entry-cache 81ms (from cache)
198 silly pacote tag manifest for @types/file-entry-cache@ts3.6 fetched in 100ms
199 http fetch GET 200 https://registry.npmjs.org/@types%2ffill-range 84ms
200 silly fetchPackageMetaData error for @types/fill-range@ts3.6 No matching version found for @types/fill-range@ts3.6.
201 http fetch GET 304 https://registry.npmjs.org/@types%2ffast-levenshtein 165ms (from cache)
202 silly pacote tag manifest for @types/fast-levenshtein@ts3.6 fetched in 167ms
203 http fetch GET 304 https://registry.npmjs.org/@types%2ffile-loader 144ms (from cache)
204 silly pacote tag manifest for @types/file-loader@ts3.6 fetched in 149ms
205 http fetch GET 304 https://registry.npmjs.org/@types%2ffollow-redirects 83ms (from cache)
206 http fetch GET 304 https://registry.npmjs.org/@types%2fflush-write-stream 106ms (from cache)
207 silly pacote tag manifest for @types/follow-redirects@ts3.6 fetched in 94ms
208 silly pacote tag manifest for @types/flush-write-stream@ts3.6 fetched in 117ms
209 http fetch GET 304 https://registry.npmjs.org/@types%2ffrom2 108ms (from cache)
210 silly pacote tag manifest for @types/from2@ts3.6 fetched in 116ms
211 http fetch GET 304 https://registry.npmjs.org/@types%2fflat-cache 168ms (from cache)
212 http fetch GET 304 https://registry.npmjs.org/@types%2fexit 290ms (from cache)
213 silly pacote tag manifest for @types/flat-cache@ts3.6 fetched in 174ms
214 silly pacote tag manifest for @types/exit@ts3.6 fetched in 295ms
215 http fetch GET 304 https://registry.npmjs.org/@types%2ffind-cache-dir 202ms (from cache)
216 silly pacote tag manifest for @types/find-cache-dir@ts3.6 fetched in 209ms
217 http fetch GET 200 https://registry.npmjs.org/@types%2fgensync 87ms
218 silly fetchPackageMetaData error for @types/gensync@ts3.6 No matching version found for @types/gensync@ts3.6.
219 http fetch GET 304 https://registry.npmjs.org/@types%2ffunctional-red-black-tree 131ms (from cache)
220 silly pacote tag manifest for @types/functional-red-black-tree@ts3.6 fetched in 135ms
221 http fetch GET 304 https://registry.npmjs.org/@types%2fglob-parent 91ms (from cache)
222 http fetch GET 304 https://registry.npmjs.org/@types%2fglob 92ms (from cache)
223 silly pacote tag manifest for @types/glob-parent@ts3.6 fetched in 94ms
224 silly pacote tag manifest for @types/glob@ts3.6 fetched in 96ms
225 http fetch GET 304 https://registry.npmjs.org/@types%2fglobal-prefix 79ms (from cache)
226 silly pacote tag manifest for @types/global-prefix@ts3.6 fetched in 81ms
227 http fetch GET 304 https://registry.npmjs.org/@types%2fget-value 132ms (from cache)
228 silly pacote tag manifest for @types/get-value@ts3.6 fetched in 137ms
229 http fetch GET 304 https://registry.npmjs.org/@types%2fgraceful-fs 72ms (from cache)
230 silly pacote tag manifest for @types/graceful-fs@ts3.6 fetched in 74ms
231 http fetch GET 304 https://registry.npmjs.org/@types%2fglobal-modules 148ms (from cache)
232 silly pacote tag manifest for @types/global-modules@ts3.6 fetched in 150ms
233 http fetch GET 304 https://registry.npmjs.org/@types%2fhex-color-regex 101ms (from cache)
234 silly pacote tag manifest for @types/hex-color-regex@ts3.6 fetched in 108ms
235 http fetch GET 304 https://registry.npmjs.org/@types%2fhe 136ms (from cache)
236 silly pacote tag manifest for @types/he@ts3.6 fetched in 145ms
237 http fetch GET 304 https://registry.npmjs.org/@types%2fhas-symbols 188ms (from cache)
238 silly pacote tag manifest for @types/has-symbols@ts3.6 fetched in 191ms
239 http fetch GET 304 https://registry.npmjs.org/@types%2fhtml-encoding-sniffer 107ms (from cache)
240 silly pacote tag manifest for @types/html-encoding-sniffer@ts3.6 fetched in 112ms
241 http fetch GET 304 https://registry.npmjs.org/@types%2fhosted-git-info 185ms (from cache)
242 silly pacote tag manifest for @types/hosted-git-info@ts3.6 fetched in 188ms
243 http fetch GET 304 https://registry.npmjs.org/@types%2fhttp-proxy 113ms (from cache)
244 silly pacote tag manifest for @types/http-proxy@ts3.6 fetched in 124ms
245 http fetch GET 304 https://registry.npmjs.org/@types%2fhtml-escaper 186ms (from cache)
246 http fetch GET 304 https://registry.npmjs.org/@types%2fconcat-stream 2316ms (from cache)
247 silly pacote tag manifest for @types/html-escaper@ts3.6 fetched in 203ms
248 http fetch GET 304 https://registry.npmjs.org/@types%2fhtml-minifier-terser 179ms (from cache)
249 silly pacote tag manifest for @types/concat-stream@ts3.6 fetched in 2327ms
250 silly pacote tag manifest for @types/html-minifier-terser@ts3.6 fetched in 192ms
251 http fetch GET 304 https://registry.npmjs.org/@types%2ficss-utils 189ms (from cache)
252 silly pacote tag manifest for @types/icss-utils@ts3.6 fetched in 212ms
253 http fetch GET 304 https://registry.npmjs.org/@types%2fiferr 199ms (from cache)
254 silly pacote tag manifest for @types/iferr@ts3.6 fetched in 206ms
255 http fetch GET 304 https://registry.npmjs.org/@types%2fimurmurhash 129ms (from cache)
256 http fetch GET 304 https://registry.npmjs.org/@types%2fini 109ms (from cache)
257 silly pacote tag manifest for @types/imurmurhash@ts3.6 fetched in 134ms
258 silly pacote tag manifest for @types/ini@ts3.6 fetched in 113ms
259 http fetch GET 304 https://registry.npmjs.org/@types%2fip 154ms (from cache)
260 silly pacote tag manifest for @types/ip@ts3.6 fetched in 166ms
261 http fetch GET 304 https://registry.npmjs.org/@types%2finternal-slot 195ms (from cache)
262 silly pacote tag manifest for @types/internal-slot@ts3.6 fetched in 203ms
263 http fetch GET 304 https://registry.npmjs.org/@types%2fis-boolean-object 105ms (from cache)
264 silly registry:manifest no matching version for @types/is-boolean-object@ts3.6 in the cache. Forcing revalidation.
265 http fetch GET 304 https://registry.npmjs.org/@types%2fis-buffer 116ms (from cache)
266 silly pacote tag manifest for @types/is-buffer@ts3.6 fetched in 120ms
267 http fetch GET 304 https://registry.npmjs.org/@types%2fis-callable 73ms (from cache)
268 silly pacote tag manifest for @types/is-callable@ts3.6 fetched in 82ms
269 http fetch GET 304 https://registry.npmjs.org/@types%2fis-bigint 231ms (from cache)
270 silly registry:manifest no matching version for @types/is-bigint@ts3.6 in the cache. Forcing revalidation.
271 http fetch GET 304 https://registry.npmjs.org/@types%2fis-arguments 256ms (from cache)
272 silly pacote tag manifest for @types/is-arguments@ts3.6 fetched in 268ms
273 http fetch GET 304 https://registry.npmjs.org/@types%2fis-ci 130ms (from cache)
274 http fetch GET 304 https://registry.npmjs.org/@types%2fis-core-module 113ms (from cache)
275 silly pacote tag manifest for @types/is-ci@ts3.6 fetched in 139ms
276 silly pacote tag manifest for @types/is-core-module@ts3.6 fetched in 123ms
277 http fetch GET 200 https://registry.npmjs.org/@types%2fis-boolean-object 156ms
278 silly fetchPackageMetaData error for @types/is-boolean-object@ts3.6 No matching version found for @types/is-boolean-object@ts3.6.
279 http fetch GET 304 https://registry.npmjs.org/@types%2fis-data-descriptor 177ms (from cache)
280 silly registry:manifest no matching version for @types/is-data-descriptor@ts3.6 in the cache. Forcing revalidation.
281 http fetch GET 304 https://registry.npmjs.org/@types%2fis-glob 97ms (from cache)
282 http fetch GET 304 https://registry.npmjs.org/@types%2fis-number 94ms (from cache)
283 silly pacote tag manifest for @types/is-glob@ts3.6 fetched in 111ms
284 silly pacote tag manifest for @types/is-number@ts3.6 fetched in 108ms
285 http fetch GET 200 https://registry.npmjs.org/@types%2fis-bigint 165ms
286 silly fetchPackageMetaData error for @types/is-bigint@ts3.6 No matching version found for @types/is-bigint@ts3.6.
287 http fetch GET 304 https://registry.npmjs.org/@types%2fis-regex 192ms (from cache)
288 http fetch GET 304 https://registry.npmjs.org/@types%2fis-date-object 230ms (from cache)
289 silly pacote tag manifest for @types/is-regex@ts3.6 fetched in 198ms
290 silly pacote tag manifest for @types/is-date-object@ts3.6 fetched in 237ms
291 http fetch GET 304 https://registry.npmjs.org/@types%2fis-typedarray 111ms (from cache)
292 http fetch GET 200 https://registry.npmjs.org/@types%2fis-data-descriptor 133ms
293 silly fetchPackageMetaData error for @types/is-data-descriptor@ts3.6 No matching version found for @types/is-data-descriptor@ts3.6.
294 silly pacote tag manifest for @types/is-typedarray@ts3.6 fetched in 118ms
295 http fetch GET 304 https://registry.npmjs.org/@types%2fis-string 129ms (from cache)
296 silly registry:manifest no matching version for @types/is-string@ts3.6 in the cache. Forcing revalidation.
297 http fetch GET 304 https://registry.npmjs.org/@types%2fis-windows 139ms (from cache)
298 silly pacote tag manifest for @types/is-windows@ts3.6 fetched in 141ms
299 http fetch GET 304 https://registry.npmjs.org/@types%2fisarray 87ms (from cache)
300 silly pacote tag manifest for @types/isarray@ts3.6 fetched in 90ms
301 http fetch GET 304 https://registry.npmjs.org/@types%2fisexe 90ms (from cache)
302 http fetch GET 304 https://registry.npmjs.org/@types%2fistanbul-lib-coverage 83ms (from cache)
303 silly pacote tag manifest for @types/isexe@ts3.6 fetched in 94ms
304 silly pacote tag manifest for @types/istanbul-lib-coverage@ts3.6 fetched in 86ms
305 http fetch GET 304 https://registry.npmjs.org/@types%2fistanbul-lib-report 68ms (from cache)
306 silly pacote tag manifest for @types/istanbul-lib-report@ts3.6 fetched in 69ms
307 http fetch GET 304 https://registry.npmjs.org/@types%2fistanbul-lib-source-maps 65ms (from cache)
308 silly pacote tag manifest for @types/istanbul-lib-source-maps@ts3.6 fetched in 68ms
309 http fetch GET 200 https://registry.npmjs.org/@types%2fis-string 389ms
310 silly fetchPackageMetaData error for @types/is-string@ts3.6 No matching version found for @types/is-string@ts3.6.
311 http fetch GET 304 https://registry.npmjs.org/@types%2fistanbul-lib-instrument 401ms (from cache)
312 http fetch GET 304 https://registry.npmjs.org/@types%2fistanbul-reports 318ms (from cache)
313 http fetch GET 304 https://registry.npmjs.org/@types%2fjs-yaml 318ms (from cache)
314 http fetch GET 304 https://registry.npmjs.org/@types%2fhas 1340ms (from cache)
315 http fetch GET 304 https://registry.npmjs.org/@types%2fjsesc 260ms (from cache)
316 http fetch GET 304 https://registry.npmjs.org/@types%2fjsdom 294ms (from cache)
317 silly pacote tag manifest for @types/istanbul-lib-instrument@ts3.6 fetched in 410ms
318 silly pacote tag manifest for @types/istanbul-reports@ts3.6 fetched in 326ms
319 silly pacote tag manifest for @types/js-yaml@ts3.6 fetched in 326ms
320 silly pacote tag manifest for @types/has@ts3.6 fetched in 1347ms
321 silly pacote tag manifest for @types/jsdom@ts3.6 fetched in 301ms
322 silly pacote tag manifest for @types/jsesc@ts3.6 fetched in 268ms
323 http fetch GET 304 https://registry.npmjs.org/@types%2ffunction-bind 1579ms (from cache)
324 silly pacote tag manifest for @types/function-bind@ts3.6 fetched in 1587ms
325 http fetch GET 304 https://registry.npmjs.org/@types%2flodash.memoize 94ms (from cache)
326 http fetch GET 304 https://registry.npmjs.org/@types%2fjsonfile 106ms (from cache)
327 silly pacote tag manifest for @types/lodash.memoize@ts3.6 fetched in 102ms
328 http fetch GET 304 https://registry.npmjs.org/@types%2flanguage-tags 108ms (from cache)
329 silly registry:manifest no matching version for @types/language-tags@ts3.6 in the cache. Forcing revalidation.
330 silly pacote tag manifest for @types/jsonfile@ts3.6 fetched in 114ms
331 http fetch GET 304 https://registry.npmjs.org/@types%2fdedent 2407ms (from cache)
332 http fetch GET 304 https://registry.npmjs.org/@types%2fjson-parse-better-errors 189ms (from cache)
333 silly pacote tag manifest for @types/dedent@ts3.6 fetched in 2410ms
334 http fetch GET 304 https://registry.npmjs.org/@types%2fkind-of 177ms (from cache)
335 http fetch GET 304 https://registry.npmjs.org/@types%2floader-runner 172ms (from cache)
336 http fetch GET 304 https://registry.npmjs.org/@types%2flodash.merge 156ms (from cache)
337 http fetch GET 304 https://registry.npmjs.org/@types%2floader-utils 174ms (from cache)
338 silly pacote tag manifest for @types/json-parse-better-errors@ts3.6 fetched in 193ms
339 silly pacote tag manifest for @types/loader-runner@ts3.6 fetched in 176ms
340 silly pacote tag manifest for @types/kind-of@ts3.6 fetched in 181ms
341 silly pacote tag manifest for @types/lodash.merge@ts3.6 fetched in 162ms
342 silly pacote tag manifest for @types/loader-utils@ts3.6 fetched in 183ms
343 http fetch GET 200 https://registry.npmjs.org/@types%2flanguage-tags 139ms
344 silly fetchPackageMetaData error for @types/language-tags@ts3.6 No matching version found for @types/language-tags@ts3.6.
345 http fetch GET 304 https://registry.npmjs.org/@types%2flz-string 95ms (from cache)
346 silly pacote tag manifest for @types/lz-string@ts3.6 fetched in 98ms
347 http fetch GET 200 https://registry.npmjs.org/@types%2fget-intrinsic 2251ms
348 silly fetchPackageMetaData error for @types/get-intrinsic@ts3.6 No matching version found for @types/get-intrinsic@ts3.6.
349 http fetch GET 304 https://registry.npmjs.org/@types%2flodash.truncate 1556ms (from cache)
350 silly pacote tag manifest for @types/lodash.truncate@ts3.6 fetched in 1561ms
351 http fetch GET 304 https://registry.npmjs.org/@types%2flodash.template 2391ms (from cache)
352 silly pacote tag manifest for @types/lodash.template@ts3.6 fetched in 2397ms
353 http fetch GET 304 https://registry.npmjs.org/@types%2fmemory-fs 2325ms (from cache)
354 http fetch GET 304 https://registry.npmjs.org/@types%2flodash.uniq 2332ms (from cache)
355 silly pacote tag manifest for @types/memory-fs@ts3.6 fetched in 2327ms
356 silly pacote tag manifest for @types/lodash.uniq@ts3.6 fetched in 2334ms
357 timing stage:rollbackFailedOptional Completed in 1ms
358 timing stage:runTopLevelLifecycles Completed in 8140ms
359 verbose type tag
360 verbose stack @types/call-bind: No matching version found for @types/call-bind@ts3.6.
360 verbose stack     at pickManifest (/usr/local/lib/node_modules/npm/node_modules/npm-pick-manifest/index.js:122:13)
360 verbose stack     at /usr/local/lib/node_modules/npm/node_modules/pacote/lib/fetchers/registry/manifest.js:24:14
360 verbose stack     at tryCatcher (/usr/local/lib/node_modules/npm/node_modules/bluebird/js/release/util.js:16:23)
360 verbose stack     at Promise._settlePromiseFromHandler (/usr/local/lib/node_modules/npm/node_modules/bluebird/js/release/promise.js:517:31)
360 verbose stack     at Promise._settlePromise (/usr/local/lib/node_modules/npm/node_modules/bluebird/js/release/promise.js:574:18)
360 verbose stack     at Promise._settlePromise0 (/usr/local/lib/node_modules/npm/node_modules/bluebird/js/release/promise.js:619:10)
360 verbose stack     at Promise._settlePromises (/usr/local/lib/node_modules/npm/node_modules/bluebird/js/release/promise.js:699:18)
360 verbose stack     at _drainQueueStep (/usr/local/lib/node_modules/npm/node_modules/bluebird/js/release/async.js:138:12)
360 verbose stack     at _drainQueue (/usr/local/lib/node_modules/npm/node_modules/bluebird/js/release/async.js:131:9)
360 verbose stack     at Async._drainQueues (/usr/local/lib/node_modules/npm/node_modules/bluebird/js/release/async.js:147:5)
360 verbose stack     at Immediate.Async.drainQueues [as _onImmediate] (/usr/local/lib/node_modules/npm/node_modules/bluebird/js/release/async.js:17:14)
360 verbose stack     at processImmediate (internal/timers.js:456:21)
361 verbose cwd /home/theia/.cache/typescript/3.6
362 verbose Linux 5.10.16.3-microsoft-standard-WSL2
363 verbose argv "/usr/local/bin/node" "/usr/local/bin/npm" "install" "--ignore-scripts" "@types/argparse@ts3.6" "@types/aria-query@ts3.6" "@types/arr-diff@ts3.6" "@types/arr-union@ts3.6" "@types/array-unique@ts3.6" "@types/array.prototype.flat@ts3.6" "@types/array.prototype.flatmap@ts3.6" "@types/asap@ts3.6" "@types/assert@ts3.6" "@types/async@ts3.6" "@types/atob@ts3.6" "@types/babel-plugin-macros@ts3.6" "@types/babylon@ts3.6" "@types/balanced-match@ts3.6" "@types/big.js@ts3.6" "@types/bluebird@ts3.6" "@types/bn.js@ts3.6" "@types/bonjour@ts3.6" "@types/boolbase@ts3.6" "@types/brace-expansion@ts3.6" "@types/braces@ts3.6" "@types/brorand@ts3.6" "@types/bser@ts3.6" "@types/buffer-from@ts3.6" "@types/buffer-xor@ts3.6" "@types/cacache@ts3.6" "@types/call-bind@ts3.6" "@types/caniuse-api@ts3.6" "@types/caniuse-lite@ts3.6" "@types/case-sensitive-paths-webpack-plugin@ts3.6" "@types/check-types@ts3.6" "@types/chownr@ts3.6" "@types/cipher-base@ts3.6" "@types/clean-css@ts3.6" "@types/co@ts3.6" "@types/color@ts3.6" "@types/color-convert@ts3.6" "@types/color-name@ts3.6" "@types/color-string@ts3.6" "@types/combined-stream@ts3.6" "@types/common-tags@ts3.6" "@types/commondir@ts3.6" "@types/component-emitter@ts3.6" "@types/compose-function@ts3.6" "@types/compressible@ts3.6" "@types/compression@ts3.6" "@types/concat-map@ts3.6" "@types/concat-stream@ts3.6" "@types/confusing-browser-globals@ts3.6" "@types/connect-history-api-fallback@ts3.6" "@types/convert-source-map@ts3.6" "@types/core-js@ts3.6" "@types/create-hash@ts3.6" "@types/create-hmac@ts3.6" "@types/cross-spawn@ts3.6" "@types/css@ts3.6" "@types/css-declaration-sorter@ts3.6" "@types/css-tree@ts3.6" "@types/css.escape@ts3.6" "@types/cssesc@ts3.6" "@types/csso@ts3.6" "@types/cssom@ts3.6" "@types/cssstyle@ts3.6" "@types/d@ts3.6" "@types/damerau-levenshtein@ts3.6" "@types/data-urls@ts3.6" "@types/decode-uri-component@ts3.6" "@types/dedent@ts3.6" "@types/deep-equal@ts3.6" "@types/default-gateway@ts3.6" "@types/define-properties@ts3.6" "@types/detect-node@ts3.6" "@types/diffie-hellman@ts3.6" "@types/dir-glob@ts3.6" "@types/dns-packet@ts3.6" "@types/doctrine@ts3.6" "@types/domexception@ts3.6" "@types/domutils@ts3.6" "@types/duplexify@ts3.6" "@types/ejs@ts3.6" "@types/elliptic@ts3.6" "@types/end-of-stream@ts3.6" "@types/enhanced-resolve@ts3.6" "@types/es-abstract@ts3.6" "@types/es-to-primitive@ts3.6" "@types/escodegen@ts3.6" "@types/eslint@ts3.6" "@types/eslint-scope@ts3.6" "@types/eslint-utils@ts3.6" "@types/eslint-visitor-keys@ts3.6" "@types/esprima@ts3.6" "@types/esquery@ts3.6" "@types/estraverse@ts3.6" "@types/esutils@ts3.6" "@types/events@ts3.6" "@types/eventsource@ts3.6" "@types/exit@ts3.6" "@types/fast-levenshtein@ts3.6" "@types/fb-watchman@ts3.6" "@types/file-entry-cache@ts3.6" "@types/file-loader@ts3.6" "@types/fill-range@ts3.6" "@types/find-cache-dir@ts3.6" "@types/flat-cache@ts3.6" "@types/flush-write-stream@ts3.6" "@types/follow-redirects@ts3.6" "@types/from2@ts3.6" "@types/function-bind@ts3.6" "@types/functional-red-black-tree@ts3.6" "@types/gensync@ts3.6" "@types/get-intrinsic@ts3.6" "@types/get-value@ts3.6" "@types/glob@ts3.6" "@types/glob-parent@ts3.6" "@types/global-modules@ts3.6" "@types/global-prefix@ts3.6" "@types/graceful-fs@ts3.6" "@types/has@ts3.6" "@types/has-symbols@ts3.6" "@types/he@ts3.6" "@types/hex-color-regex@ts3.6" "@types/hosted-git-info@ts3.6" "@types/html-encoding-sniffer@ts3.6" "@types/html-escaper@ts3.6" "@types/html-minifier-terser@ts3.6" "@types/http-proxy@ts3.6" "@types/icss-utils@ts3.6" "@types/iferr@ts3.6" "@types/imurmurhash@ts3.6" "@types/ini@ts3.6" "@types/internal-slot@ts3.6" "@types/ip@ts3.6" "@types/is-arguments@ts3.6" "@types/is-bigint@ts3.6" "@types/is-boolean-object@ts3.6" "@types/is-buffer@ts3.6" "@types/is-callable@ts3.6" "@types/is-ci@ts3.6" "@types/is-core-module@ts3.6" "@types/is-data-descriptor@ts3.6" "@types/is-date-object@ts3.6" "@types/is-glob@ts3.6" "@types/is-number@ts3.6" "@types/is-regex@ts3.6" "@types/is-string@ts3.6" "@types/is-typedarray@ts3.6" "@types/is-windows@ts3.6" "@types/isarray@ts3.6" "@types/isexe@ts3.6" "@types/istanbul-lib-coverage@ts3.6" "@types/istanbul-lib-instrument@ts3.6" "@types/istanbul-lib-report@ts3.6" "@types/istanbul-lib-source-maps@ts3.6" "@types/istanbul-reports@ts3.6" "@types/js-yaml@ts3.6" "@types/jsdom@ts3.6" "@types/jsesc@ts3.6" "@types/json-parse-better-errors@ts3.6" "@types/jsonfile@ts3.6" "@types/kind-of@ts3.6" "@types/language-tags@ts3.6" "@types/loader-runner@ts3.6" "@types/loader-utils@ts3.6" "@types/lodash.memoize@ts3.6" "@types/lodash.merge@ts3.6" "@types/lodash.template@ts3.6" "@types/lodash.truncate@ts3.6" "@types/lodash.uniq@ts3.6" "@types/lz-string@ts3.6" "@types/memory-fs@ts3.6" "--save-dev" "--user-agent=typesInstaller/3.6.3"
364 verbose node v12.18.3
365 verbose npm  v6.14.6
366 error code ETARGET
367 error notarget No matching version found for @types/call-bind@ts3.6.
368 error notarget In most cases you or one of your dependencies are requesting
368 error notarget a package version that doesn't exist.
369 verbose exit [ 1, true ]
