0 info it worked if it ends with ok
1 verbose cli [
1 verbose cli   '/usr/local/bin/node',
1 verbose cli   '/usr/local/bin/npm',
1 verbose cli   'install',
1 verbose cli   '--ignore-scripts',
1 verbose cli   '@types/argparse@ts3.6',
1 verbose cli   '@types/aria-query@ts3.6',
1 verbose cli   '@types/arr-diff@ts3.6',
1 verbose cli   '@types/arr-union@ts3.6',
1 verbose cli   '@types/array-unique@ts3.6',
1 verbose cli   '@types/array.prototype.flat@ts3.6',
1 verbose cli   '@types/array.prototype.flatmap@ts3.6',
1 verbose cli   '@types/asap@ts3.6',
1 verbose cli   '@types/assert@ts3.6',
1 verbose cli   '@types/async@ts3.6',
1 verbose cli   '@types/atob@ts3.6',
1 verbose cli   '@types/babel-plugin-macros@ts3.6',
1 verbose cli   '@types/babylon@ts3.6',
1 verbose cli   '@types/balanced-match@ts3.6',
1 verbose cli   '@types/big.js@ts3.6',
1 verbose cli   '@types/bluebird@ts3.6',
1 verbose cli   '@types/bn.js@ts3.6',
1 verbose cli   '@types/bonjour@ts3.6',
1 verbose cli   '@types/boolbase@ts3.6',
1 verbose cli   '@types/brace-expansion@ts3.6',
1 verbose cli   '@types/braces@ts3.6',
1 verbose cli   '@types/brorand@ts3.6',
1 verbose cli   '@types/bser@ts3.6',
1 verbose cli   '@types/buffer-from@ts3.6',
1 verbose cli   '@types/buffer-xor@ts3.6',
1 verbose cli   '@types/cacache@ts3.6',
1 verbose cli   '@types/call-bind@ts3.6',
1 verbose cli   '@types/caniuse-api@ts3.6',
1 verbose cli   '@types/caniuse-lite@ts3.6',
1 verbose cli   '@types/case-sensitive-paths-webpack-plugin@ts3.6',
1 verbose cli   '@types/check-types@ts3.6',
1 verbose cli   '@types/chownr@ts3.6',
1 verbose cli   '@types/cipher-base@ts3.6',
1 verbose cli   '@types/clean-css@ts3.6',
1 verbose cli   '@types/co@ts3.6',
1 verbose cli   '@types/color@ts3.6',
1 verbose cli   '@types/color-convert@ts3.6',
1 verbose cli   '@types/color-name@ts3.6',
1 verbose cli   '@types/color-string@ts3.6',
1 verbose cli   '@types/combined-stream@ts3.6',
1 verbose cli   '@types/common-tags@ts3.6',
1 verbose cli   '@types/commondir@ts3.6',
1 verbose cli   '@types/component-emitter@ts3.6',
1 verbose cli   '@types/compose-function@ts3.6',
1 verbose cli   '@types/compressible@ts3.6',
1 verbose cli   '@types/compression@ts3.6',
1 verbose cli   '@types/concat-map@ts3.6',
1 verbose cli   '@types/concat-stream@ts3.6',
1 verbose cli   '@types/confusing-browser-globals@ts3.6',
1 verbose cli   '@types/connect-history-api-fallback@ts3.6',
1 verbose cli   '@types/convert-source-map@ts3.6',
1 verbose cli   '@types/core-js@ts3.6',
1 verbose cli   '@types/create-hash@ts3.6',
1 verbose cli   '@types/create-hmac@ts3.6',
1 verbose cli   '@types/cross-spawn@ts3.6',
1 verbose cli   '@types/css@ts3.6',
1 verbose cli   '@types/css-declaration-sorter@ts3.6',
1 verbose cli   '@types/css-tree@ts3.6',
1 verbose cli   '@types/css.escape@ts3.6',
1 verbose cli   '@types/cssesc@ts3.6',
1 verbose cli   '@types/csso@ts3.6',
1 verbose cli   '@types/cssom@ts3.6',
1 verbose cli   '@types/cssstyle@ts3.6',
1 verbose cli   '@types/d@ts3.6',
1 verbose cli   '@types/damerau-levenshtein@ts3.6',
1 verbose cli   '@types/data-urls@ts3.6',
1 verbose cli   '@types/decode-uri-component@ts3.6',
1 verbose cli   '@types/dedent@ts3.6',
1 verbose cli   '@types/deep-equal@ts3.6',
1 verbose cli   '@types/default-gateway@ts3.6',
1 verbose cli   '@types/define-properties@ts3.6',
1 verbose cli   '@types/detect-node@ts3.6',
1 verbose cli   '@types/diffie-hellman@ts3.6',
1 verbose cli   '@types/dir-glob@ts3.6',
1 verbose cli   '@types/dns-packet@ts3.6',
1 verbose cli   '@types/doctrine@ts3.6',
1 verbose cli   '@types/domexception@ts3.6',
1 verbose cli   '@types/domutils@ts3.6',
1 verbose cli   '@types/duplexify@ts3.6',
1 verbose cli   '@types/ejs@ts3.6',
1 verbose cli   '@types/elliptic@ts3.6',
1 verbose cli   '@types/end-of-stream@ts3.6',
1 verbose cli   '@types/enhanced-resolve@ts3.6',
1 verbose cli   '@types/es-abstract@ts3.6',
1 verbose cli   '@types/es-to-primitive@ts3.6',
1 verbose cli   '@types/escodegen@ts3.6',
1 verbose cli   '@types/eslint@ts3.6',
1 verbose cli   '@types/eslint-scope@ts3.6',
1 verbose cli   '@types/eslint-utils@ts3.6',
1 verbose cli   '@types/eslint-visitor-keys@ts3.6',
1 verbose cli   '@types/esprima@ts3.6',
1 verbose cli   '@types/esquery@ts3.6',
1 verbose cli   '@types/estraverse@ts3.6',
1 verbose cli   '@types/esutils@ts3.6',
1 verbose cli   '@types/events@ts3.6',
1 verbose cli   '@types/eventsource@ts3.6',
1 verbose cli   ... 76 more items
1 verbose cli ]
2 info using npm@6.14.6
3 info using node@v12.18.3
4 verbose npm-session 1b62cb56bcef2255
5 silly install loadCurrentTree
6 silly install readLocalPackageData
7 http fetch GET 304 https://registry.npmjs.org/@types%2farr-union 1015ms (from cache)
8 silly pacote tag manifest for @types/arr-union@ts3.6 fetched in 1025ms
9 http fetch GET 304 https://registry.npmjs.org/@types%2faria-query 1142ms (from cache)
10 http fetch GET 304 https://registry.npmjs.org/@types%2farray.prototype.flat 1135ms (from cache)
11 silly pacote tag manifest for @types/aria-query@ts3.6 fetched in 1147ms
12 silly pacote tag manifest for @types/array.prototype.flat@ts3.6 fetched in 1140ms
13 http fetch GET 304 https://registry.npmjs.org/@types%2farray-unique 1175ms (from cache)
14 silly pacote tag manifest for @types/array-unique@ts3.6 fetched in 1179ms
15 http fetch GET 304 https://registry.npmjs.org/@types%2fasap 1267ms (from cache)
16 silly pacote tag manifest for @types/asap@ts3.6 fetched in 1273ms
17 http fetch GET 304 https://registry.npmjs.org/@types%2fatob 452ms (from cache)
18 http fetch GET 304 https://registry.npmjs.org/@types%2fbabel-plugin-macros 337ms (from cache)
19 silly pacote tag manifest for @types/babel-plugin-macros@ts3.6 fetched in 341ms
20 http fetch GET 304 https://registry.npmjs.org/@types%2fassert 1477ms (from cache)
21 silly pacote tag manifest for @types/atob@ts3.6 fetched in 461ms
22 silly pacote tag manifest for @types/assert@ts3.6 fetched in 1491ms
23 http fetch GET 304 https://registry.npmjs.org/@types%2farray.prototype.flatmap 1580ms (from cache)
24 silly pacote tag manifest for @types/array.prototype.flatmap@ts3.6 fetched in 1586ms
25 http fetch GET 304 https://registry.npmjs.org/@types%2fbluebird 205ms (from cache)
26 silly pacote tag manifest for @types/bluebird@ts3.6 fetched in 210ms
27 http fetch GET 304 https://registry.npmjs.org/@types%2fbn.js 210ms (from cache)
28 silly pacote tag manifest for @types/bn.js@ts3.6 fetched in 218ms
29 http fetch GET 304 https://registry.npmjs.org/@types%2fargparse 1882ms (from cache)
30 silly pacote tag manifest for @types/argparse@ts3.6 fetched in 1918ms
31 http fetch GET 304 https://registry.npmjs.org/@types%2fbrace-expansion 229ms (from cache)
32 http fetch GET 304 https://registry.npmjs.org/@types%2fboolbase 331ms (from cache)
33 silly pacote tag manifest for @types/brace-expansion@ts3.6 fetched in 233ms
34 silly pacote tag manifest for @types/boolbase@ts3.6 fetched in 337ms
35 http fetch GET 304 https://registry.npmjs.org/@types%2fbalanced-match 912ms (from cache)
36 silly pacote tag manifest for @types/balanced-match@ts3.6 fetched in 916ms
37 http fetch GET 304 https://registry.npmjs.org/@types%2fbuffer-from 270ms (from cache)
38 http fetch GET 304 https://registry.npmjs.org/@types%2fbrorand 302ms (from cache)
39 http fetch GET 304 https://registry.npmjs.org/@types%2fbraces 499ms (from cache)
40 silly pacote tag manifest for @types/brorand@ts3.6 fetched in 308ms
41 silly pacote tag manifest for @types/buffer-from@ts3.6 fetched in 278ms
42 silly pacote tag manifest for @types/braces@ts3.6 fetched in 506ms
43 http fetch GET 304 https://registry.npmjs.org/@types%2farr-diff 2245ms (from cache)
44 silly pacote tag manifest for @types/arr-diff@ts3.6 fetched in 2248ms
45 http fetch GET 304 https://registry.npmjs.org/@types%2fbuffer-xor 235ms (from cache)
46 silly pacote tag manifest for @types/buffer-xor@ts3.6 fetched in 240ms
47 http fetch GET 200 https://registry.npmjs.org/@types%2fcall-bind 238ms
48 silly fetchPackageMetaData error for @types/call-bind@ts3.6 No matching version found for @types/call-bind@ts3.6.
49 http fetch GET 304 https://registry.npmjs.org/@types%2fcaniuse-lite 241ms (from cache)
50 silly pacote tag manifest for @types/caniuse-lite@ts3.6 fetched in 246ms
51 http fetch GET 304 https://registry.npmjs.org/@types%2fcase-sensitive-paths-webpack-plugin 234ms (from cache)
52 http fetch GET 304 https://registry.npmjs.org/@types%2fasync 2570ms (from cache)
53 silly pacote tag manifest for @types/case-sensitive-paths-webpack-plugin@ts3.6 fetched in 243ms
54 http fetch GET 304 https://registry.npmjs.org/@types%2fbig.js 1303ms (from cache)
55 silly pacote tag manifest for @types/async@ts3.6 fetched in 2579ms
56 silly pacote tag manifest for @types/big.js@ts3.6 fetched in 1313ms
57 http fetch GET 304 https://registry.npmjs.org/@types%2fbabylon 1467ms (from cache)
58 silly pacote tag manifest for @types/babylon@ts3.6 fetched in 1472ms
59 http fetch GET 304 https://registry.npmjs.org/@types%2fcaniuse-api 532ms (from cache)
60 http fetch GET 304 https://registry.npmjs.org/@types%2fcheck-types 294ms (from cache)
61 silly pacote tag manifest for @types/caniuse-api@ts3.6 fetched in 537ms
62 silly pacote tag manifest for @types/check-types@ts3.6 fetched in 300ms
63 http fetch GET 304 https://registry.npmjs.org/@types%2fbonjour 1390ms (from cache)
64 silly pacote tag manifest for @types/bonjour@ts3.6 fetched in 1394ms
65 http fetch GET 304 https://registry.npmjs.org/@types%2fcolor 370ms (from cache)
66 http fetch GET 304 https://registry.npmjs.org/@types%2fco 398ms (from cache)
67 http fetch GET 304 https://registry.npmjs.org/@types%2fbser 1068ms (from cache)
68 http fetch GET 304 https://registry.npmjs.org/@types%2fclean-css 407ms (from cache)
69 silly pacote tag manifest for @types/color@ts3.6 fetched in 383ms
70 silly pacote tag manifest for @types/bser@ts3.6 fetched in 1075ms
71 silly pacote tag manifest for @types/co@ts3.6 fetched in 409ms
72 silly pacote tag manifest for @types/clean-css@ts3.6 fetched in 416ms
73 http fetch GET 304 https://registry.npmjs.org/@types%2fcolor-convert 318ms (from cache)
74 silly pacote tag manifest for @types/color-convert@ts3.6 fetched in 401ms
75 http fetch GET 304 https://registry.npmjs.org/@types%2fcolor-name 408ms (from cache)
76 silly pacote tag manifest for @types/color-name@ts3.6 fetched in 412ms
77 http fetch GET 304 https://registry.npmjs.org/@types%2fcolor-string 268ms (from cache)
78 silly pacote tag manifest for @types/color-string@ts3.6 fetched in 278ms
79 http fetch GET 304 https://registry.npmjs.org/@types%2fcombined-stream 226ms (from cache)
80 silly pacote tag manifest for @types/combined-stream@ts3.6 fetched in 230ms
81 http fetch GET 304 https://registry.npmjs.org/@types%2fcompose-function 272ms (from cache)
82 http fetch GET 304 https://registry.npmjs.org/@types%2fchownr 931ms (from cache)
83 http fetch GET 304 https://registry.npmjs.org/@types%2fcommondir 420ms (from cache)
84 http fetch GET 304 https://registry.npmjs.org/@types%2fcomponent-emitter 420ms (from cache)
85 http fetch GET 304 https://registry.npmjs.org/@types%2fcompression 252ms (from cache)
86 silly pacote tag manifest for @types/commondir@ts3.6 fetched in 426ms
87 silly pacote tag manifest for @types/compose-function@ts3.6 fetched in 281ms
88 silly pacote tag manifest for @types/chownr@ts3.6 fetched in 940ms
89 silly pacote tag manifest for @types/component-emitter@ts3.6 fetched in 431ms
90 http fetch GET 304 https://registry.npmjs.org/@types%2fcompressible 272ms (from cache)
91 http fetch GET 304 https://registry.npmjs.org/@types%2fconcat-map 210ms (from cache)
92 silly pacote tag manifest for @types/compression@ts3.6 fetched in 265ms
93 silly pacote tag manifest for @types/concat-map@ts3.6 fetched in 227ms
94 silly pacote tag manifest for @types/compressible@ts3.6 fetched in 319ms
95 http fetch GET 304 https://registry.npmjs.org/@types%2fconfusing-browser-globals 315ms (from cache)
96 silly pacote tag manifest for @types/confusing-browser-globals@ts3.6 fetched in 319ms
97 http fetch GET 304 https://registry.npmjs.org/@types%2fconcat-stream 412ms (from cache)
98 silly pacote tag manifest for @types/concat-stream@ts3.6 fetched in 414ms
99 http fetch GET 304 https://registry.npmjs.org/@types%2fconnect-history-api-fallback 542ms (from cache)
100 http fetch GET 304 https://registry.npmjs.org/@types%2fcreate-hmac 493ms (from cache)
101 http fetch GET 304 https://registry.npmjs.org/@types%2fconvert-source-map 541ms (from cache)
102 http fetch GET 304 https://registry.npmjs.org/@types%2fcore-js 538ms (from cache)
103 silly pacote tag manifest for @types/connect-history-api-fallback@ts3.6 fetched in 548ms
104 silly pacote tag manifest for @types/convert-source-map@ts3.6 fetched in 545ms
105 silly pacote tag manifest for @types/create-hmac@ts3.6 fetched in 501ms
106 silly pacote tag manifest for @types/core-js@ts3.6 fetched in 547ms
107 http fetch GET 304 https://registry.npmjs.org/@types%2fcross-spawn 279ms (from cache)
108 http fetch GET 304 https://registry.npmjs.org/@types%2fcreate-hash 558ms (from cache)
109 silly pacote tag manifest for @types/cross-spawn@ts3.6 fetched in 282ms
110 silly pacote tag manifest for @types/create-hash@ts3.6 fetched in 562ms
111 http fetch GET 304 https://registry.npmjs.org/@types%2fcipher-base 1543ms (from cache)
112 silly pacote tag manifest for @types/cipher-base@ts3.6 fetched in 1546ms
113 http fetch GET 304 https://registry.npmjs.org/@types%2fcacache 2056ms (from cache)
114 silly pacote tag manifest for @types/cacache@ts3.6 fetched in 2059ms
115 http fetch GET 304 https://registry.npmjs.org/@types%2fcommon-tags 1355ms (from cache)
116 silly pacote tag manifest for @types/common-tags@ts3.6 fetched in 1362ms
117 http fetch GET 200 https://registry.npmjs.org/@types%2fcss.escape 464ms
118 silly fetchPackageMetaData error for @types/css.escape@ts3.6 No matching version found for @types/css.escape@ts3.6.
119 http fetch GET 304 https://registry.npmjs.org/@types%2fcss-tree 517ms (from cache)
120 http fetch GET 304 https://registry.npmjs.org/@types%2fcss-declaration-sorter 522ms (from cache)
121 silly pacote tag manifest for @types/css-tree@ts3.6 fetched in 525ms
122 silly pacote tag manifest for @types/css-declaration-sorter@ts3.6 fetched in 527ms
123 http fetch GET 304 https://registry.npmjs.org/@types%2fcssesc 557ms (from cache)
124 silly pacote tag manifest for @types/cssesc@ts3.6 fetched in 559ms
125 http fetch GET 304 https://registry.npmjs.org/@types%2fd 385ms (from cache)
126 http fetch GET 304 https://registry.npmjs.org/@types%2fcssstyle 525ms (from cache)
127 silly pacote tag manifest for @types/d@ts3.6 fetched in 389ms
128 silly pacote tag manifest for @types/cssstyle@ts3.6 fetched in 528ms
129 http fetch GET 304 https://registry.npmjs.org/@types%2fdedent 388ms (from cache)
130 http fetch GET 304 https://registry.npmjs.org/@types%2fdecode-uri-component 391ms (from cache)
131 http fetch GET 304 https://registry.npmjs.org/@types%2fdata-urls 450ms (from cache)
132 silly pacote tag manifest for @types/dedent@ts3.6 fetched in 394ms
133 silly pacote tag manifest for @types/decode-uri-component@ts3.6 fetched in 400ms
134 silly pacote tag manifest for @types/data-urls@ts3.6 fetched in 460ms
135 http fetch GET 304 https://registry.npmjs.org/@types%2fdeep-equal 472ms (from cache)
136 silly pacote tag manifest for @types/deep-equal@ts3.6 fetched in 475ms
137 http fetch GET 304 https://registry.npmjs.org/@types%2fdefault-gateway 496ms (from cache)
138 http fetch GET 304 https://registry.npmjs.org/@types%2fdefine-properties 496ms (from cache)
139 silly pacote tag manifest for @types/default-gateway@ts3.6 fetched in 499ms
140 http fetch GET 304 https://registry.npmjs.org/@types%2fdiffie-hellman 247ms (from cache)
141 silly pacote tag manifest for @types/define-properties@ts3.6 fetched in 502ms
142 silly pacote tag manifest for @types/diffie-hellman@ts3.6 fetched in 254ms
143 http fetch GET 304 https://registry.npmjs.org/@types%2fdetect-node 386ms (from cache)
144 silly pacote tag manifest for @types/detect-node@ts3.6 fetched in 392ms
145 http fetch GET 304 https://registry.npmjs.org/@types%2fcss 1532ms (from cache)
146 silly pacote tag manifest for @types/css@ts3.6 fetched in 1537ms
147 http fetch GET 304 https://registry.npmjs.org/@types%2fdomutils 317ms (from cache)
148 http fetch GET 304 https://registry.npmjs.org/@types%2fdir-glob 571ms (from cache)
149 silly pacote tag manifest for @types/domutils@ts3.6 fetched in 324ms
150 silly pacote tag manifest for @types/dir-glob@ts3.6 fetched in 577ms
151 http fetch GET 304 https://registry.npmjs.org/@types%2fduplexify 253ms (from cache)
152 silly pacote tag manifest for @types/duplexify@ts3.6 fetched in 260ms
153 http fetch GET 304 https://registry.npmjs.org/@types%2fend-of-stream 196ms (from cache)
154 http fetch GET 304 https://registry.npmjs.org/@types%2felliptic 203ms (from cache)
155 silly pacote tag manifest for @types/end-of-stream@ts3.6 fetched in 204ms
156 silly pacote tag manifest for @types/elliptic@ts3.6 fetched in 215ms
157 http fetch GET 304 https://registry.npmjs.org/@types%2fenhanced-resolve 179ms (from cache)
158 silly pacote tag manifest for @types/enhanced-resolve@ts3.6 fetched in 181ms
159 http fetch GET 304 https://registry.npmjs.org/@types%2fdoctrine 833ms (from cache)
160 http fetch GET 304 https://registry.npmjs.org/@types%2fdamerau-levenshtein 1623ms (from cache)
161 http fetch GET 304 https://registry.npmjs.org/@types%2fescodegen 249ms (from cache)
162 http fetch GET 304 https://registry.npmjs.org/@types%2fes-to-primitive 285ms (from cache)
163 silly pacote tag manifest for @types/damerau-levenshtein@ts3.6 fetched in 1629ms
164 silly pacote tag manifest for @types/escodegen@ts3.6 fetched in 253ms
165 http fetch GET 304 https://registry.npmjs.org/@types%2fdomexception 835ms (from cache)
166 silly pacote tag manifest for @types/es-to-primitive@ts3.6 fetched in 291ms
167 http fetch GET 304 https://registry.npmjs.org/@types%2fes-abstract 303ms (from cache)
168 silly pacote tag manifest for @types/doctrine@ts3.6 fetched in 844ms
169 silly pacote tag manifest for @types/domexception@ts3.6 fetched in 848ms
170 silly pacote tag manifest for @types/es-abstract@ts3.6 fetched in 319ms
171 http fetch GET 304 https://registry.npmjs.org/@types%2fcssom 2139ms (from cache)
172 silly pacote tag manifest for @types/cssom@ts3.6 fetched in 2143ms
173 http fetch GET 304 https://registry.npmjs.org/@types%2feslint-scope 203ms (from cache)
174 silly pacote tag manifest for @types/eslint-scope@ts3.6 fetched in 205ms
175 http fetch GET 304 https://registry.npmjs.org/@types%2feslint 224ms (from cache)
176 silly pacote tag manifest for @types/eslint@ts3.6 fetched in 227ms
177 http fetch GET 304 https://registry.npmjs.org/@types%2fdns-packet 1212ms (from cache)
178 http fetch GET 304 https://registry.npmjs.org/@types%2feslint-visitor-keys 239ms (from cache)
179 silly pacote tag manifest for @types/dns-packet@ts3.6 fetched in 1217ms
180 silly pacote tag manifest for @types/eslint-visitor-keys@ts3.6 fetched in 261ms
181 http fetch GET 304 https://registry.npmjs.org/@types%2fcsso 2437ms (from cache)
182 http fetch GET 304 https://registry.npmjs.org/@types%2festraverse 294ms (from cache)
183 silly pacote tag manifest for @types/csso@ts3.6 fetched in 2443ms
184 silly pacote tag manifest for @types/estraverse@ts3.6 fetched in 301ms
185 http fetch GET 304 https://registry.npmjs.org/@types%2fexit 321ms (from cache)
186 http fetch GET 304 https://registry.npmjs.org/@types%2feventsource 341ms (from cache)
187 http fetch GET 304 https://registry.npmjs.org/@types%2fevents 364ms (from cache)
188 silly pacote tag manifest for @types/eventsource@ts3.6 fetched in 347ms
189 silly pacote tag manifest for @types/exit@ts3.6 fetched in 327ms
190 silly pacote tag manifest for @types/events@ts3.6 fetched in 370ms
191 http fetch GET 304 https://registry.npmjs.org/@types%2fejs 1225ms (from cache)
192 silly pacote tag manifest for @types/ejs@ts3.6 fetched in 1229ms
193 http fetch GET 304 https://registry.npmjs.org/@types%2feslint-utils 799ms (from cache)
194 silly pacote tag manifest for @types/eslint-utils@ts3.6 fetched in 803ms
195 http fetch GET 304 https://registry.npmjs.org/@types%2ffb-watchman 349ms (from cache)
196 silly pacote tag manifest for @types/fb-watchman@ts3.6 fetched in 352ms
197 http fetch GET 304 https://registry.npmjs.org/@types%2fesprima 850ms (from cache)
198 silly pacote tag manifest for @types/esprima@ts3.6 fetched in 853ms
199 http fetch GET 304 https://registry.npmjs.org/@types%2ffast-levenshtein 513ms (from cache)
200 http fetch GET 304 https://registry.npmjs.org/@types%2ffile-entry-cache 403ms (from cache)
201 http fetch GET 304 https://registry.npmjs.org/@types%2ffile-loader 403ms (from cache)
202 http fetch GET 304 https://registry.npmjs.org/@types%2ffind-cache-dir 379ms (from cache)
203 silly pacote tag manifest for @types/file-loader@ts3.6 fetched in 407ms
204 silly pacote tag manifest for @types/fast-levenshtein@ts3.6 fetched in 518ms
205 silly pacote tag manifest for @types/file-entry-cache@ts3.6 fetched in 411ms
206 silly pacote tag manifest for @types/find-cache-dir@ts3.6 fetched in 390ms
207 http fetch GET 304 https://registry.npmjs.org/@types%2fesutils 853ms (from cache)
208 silly pacote tag manifest for @types/esutils@ts3.6 fetched in 855ms
209 http fetch GET 304 https://registry.npmjs.org/@types%2ffunction-bind 210ms (from cache)
210 silly pacote tag manifest for @types/function-bind@ts3.6 fetched in 214ms
211 http fetch GET 304 https://registry.npmjs.org/@types%2ffrom2 235ms (from cache)
212 silly pacote tag manifest for @types/from2@ts3.6 fetched in 241ms
213 http fetch GET 200 https://registry.npmjs.org/@types%2fgensync 280ms
214 silly fetchPackageMetaData error for @types/gensync@ts3.6 No matching version found for @types/gensync@ts3.6.
215 http fetch GET 304 https://registry.npmjs.org/@types%2ffunctional-red-black-tree 300ms (from cache)
216 silly pacote tag manifest for @types/functional-red-black-tree@ts3.6 fetched in 303ms
217 http fetch GET 304 https://registry.npmjs.org/@types%2fget-value 169ms (from cache)
218 silly pacote tag manifest for @types/get-value@ts3.6 fetched in 171ms
219 http fetch GET 304 https://registry.npmjs.org/@types%2fglob-parent 191ms (from cache)
220 silly pacote tag manifest for @types/glob-parent@ts3.6 fetched in 193ms
221 http fetch GET 304 https://registry.npmjs.org/@types%2fglob 270ms (from cache)
222 silly pacote tag manifest for @types/glob@ts3.6 fetched in 273ms
223 http fetch GET 304 https://registry.npmjs.org/@types%2fflat-cache 731ms (from cache)
224 http fetch GET 304 https://registry.npmjs.org/@types%2fflush-write-stream 697ms (from cache)
225 silly pacote tag manifest for @types/flat-cache@ts3.6 fetched in 734ms
226 silly pacote tag manifest for @types/flush-write-stream@ts3.6 fetched in 701ms
227 http fetch GET 304 https://registry.npmjs.org/@types%2ffollow-redirects 685ms (from cache)
228 silly pacote tag manifest for @types/follow-redirects@ts3.6 fetched in 690ms
229 http fetch GET 304 https://registry.npmjs.org/@types%2fesquery 1688ms (from cache)
230 http fetch GET 304 https://registry.npmjs.org/@types%2fgraceful-fs 223ms (from cache)
231 silly pacote tag manifest for @types/esquery@ts3.6 fetched in 1694ms
232 silly pacote tag manifest for @types/graceful-fs@ts3.6 fetched in 229ms
233 http fetch GET 200 https://registry.npmjs.org/@types%2fget-intrinsic 824ms
234 silly fetchPackageMetaData error for @types/get-intrinsic@ts3.6 No matching version found for @types/get-intrinsic@ts3.6.
235 http fetch GET 304 https://registry.npmjs.org/@types%2fhas 383ms (from cache)
236 http fetch GET 304 https://registry.npmjs.org/@types%2fhas-symbols 369ms (from cache)
237 silly pacote tag manifest for @types/has@ts3.6 fetched in 393ms
238 silly pacote tag manifest for @types/has-symbols@ts3.6 fetched in 373ms
239 http fetch GET 304 https://registry.npmjs.org/@types%2fhex-color-regex 367ms (from cache)
240 http fetch GET 304 https://registry.npmjs.org/@types%2fhosted-git-info 214ms (from cache)
241 silly pacote tag manifest for @types/hex-color-regex@ts3.6 fetched in 376ms
242 silly pacote tag manifest for @types/hosted-git-info@ts3.6 fetched in 223ms
243 http fetch GET 304 https://registry.npmjs.org/@types%2fhtml-encoding-sniffer 239ms (from cache)
244 http fetch GET 304 https://registry.npmjs.org/@types%2fhe 416ms (from cache)
245 silly pacote tag manifest for @types/html-encoding-sniffer@ts3.6 fetched in 245ms
246 silly pacote tag manifest for @types/he@ts3.6 fetched in 422ms
247 http fetch GET 304 https://registry.npmjs.org/@types%2fglobal-modules 759ms (from cache)
248 silly pacote tag manifest for @types/global-modules@ts3.6 fetched in 763ms
249 http fetch GET 304 https://registry.npmjs.org/@types%2fglobal-prefix 729ms (from cache)
250 silly pacote tag manifest for @types/global-prefix@ts3.6 fetched in 732ms
251 http fetch GET 304 https://registry.npmjs.org/@types%2ficss-utils 208ms (from cache)
252 silly pacote tag manifest for @types/icss-utils@ts3.6 fetched in 220ms
253 http fetch GET 304 https://registry.npmjs.org/@types%2fhttp-proxy 293ms (from cache)
254 silly pacote tag manifest for @types/http-proxy@ts3.6 fetched in 299ms
255 http fetch GET 304 https://registry.npmjs.org/@types%2fhtml-minifier-terser 309ms (from cache)
256 silly pacote tag manifest for @types/html-minifier-terser@ts3.6 fetched in 314ms
257 http fetch GET 304 https://registry.npmjs.org/@types%2finternal-slot 200ms (from cache)
258 http fetch GET 304 https://registry.npmjs.org/@types%2fiferr 334ms (from cache)
259 silly pacote tag manifest for @types/internal-slot@ts3.6 fetched in 205ms
260 silly pacote tag manifest for @types/iferr@ts3.6 fetched in 338ms
261 http fetch GET 304 https://registry.npmjs.org/@types%2fis-arguments 345ms (from cache)
262 http fetch GET 304 https://registry.npmjs.org/@types%2fis-bigint 290ms (from cache)
263 silly registry:manifest no matching version for @types/is-bigint@ts3.6 in the cache. Forcing revalidation.
264 http fetch GET 304 https://registry.npmjs.org/@types%2fip 382ms (from cache)
265 silly pacote tag manifest for @types/is-arguments@ts3.6 fetched in 353ms
266 silly pacote tag manifest for @types/ip@ts3.6 fetched in 390ms
267 http fetch GET 304 https://registry.npmjs.org/@types%2fis-callable 331ms (from cache)
268 http fetch GET 200 https://registry.npmjs.org/@types%2ffill-range 2014ms
269 silly fetchPackageMetaData error for @types/fill-range@ts3.6 No matching version found for @types/fill-range@ts3.6.
270 http fetch GET 304 https://registry.npmjs.org/@types%2fis-buffer 335ms (from cache)
271 http fetch GET 304 https://registry.npmjs.org/@types%2fis-boolean-object 388ms (from cache)
272 silly registry:manifest no matching version for @types/is-boolean-object@ts3.6 in the cache. Forcing revalidation.
273 silly pacote tag manifest for @types/is-callable@ts3.6 fetched in 336ms
274 silly pacote tag manifest for @types/is-buffer@ts3.6 fetched in 339ms
275 http fetch GET 200 https://registry.npmjs.org/@types%2fis-bigint 167ms
276 silly fetchPackageMetaData error for @types/is-bigint@ts3.6 No matching version found for @types/is-bigint@ts3.6.
277 http fetch GET 304 https://registry.npmjs.org/@types%2fis-ci 203ms (from cache)
278 silly pacote tag manifest for @types/is-ci@ts3.6 fetched in 208ms
279 http fetch GET 200 https://registry.npmjs.org/@types%2fis-boolean-object 428ms
280 silly fetchPackageMetaData error for @types/is-boolean-object@ts3.6 No matching version found for @types/is-boolean-object@ts3.6.
281 http fetch GET 304 https://registry.npmjs.org/@types%2fimurmurhash 1091ms (from cache)
282 http fetch GET 304 https://registry.npmjs.org/@types%2fis-data-descriptor 449ms (from cache)
283 silly registry:manifest no matching version for @types/is-data-descriptor@ts3.6 in the cache. Forcing revalidation.
284 http fetch GET 304 https://registry.npmjs.org/@types%2fis-date-object 451ms (from cache)
285 silly pacote tag manifest for @types/imurmurhash@ts3.6 fetched in 1106ms
286 http fetch GET 304 https://registry.npmjs.org/@types%2fis-glob 453ms (from cache)
287 http fetch GET 304 https://registry.npmjs.org/@types%2fis-number 400ms (from cache)
288 silly pacote tag manifest for @types/is-date-object@ts3.6 fetched in 467ms
289 silly pacote tag manifest for @types/is-number@ts3.6 fetched in 414ms
290 silly pacote tag manifest for @types/is-glob@ts3.6 fetched in 472ms
291 http fetch GET 304 https://registry.npmjs.org/@types%2fis-regex 415ms (from cache)
292 silly pacote tag manifest for @types/is-regex@ts3.6 fetched in 419ms
293 http fetch GET 200 https://registry.npmjs.org/@types%2fis-data-descriptor 235ms
294 silly fetchPackageMetaData error for @types/is-data-descriptor@ts3.6 No matching version found for @types/is-data-descriptor@ts3.6.
295 http fetch GET 304 https://registry.npmjs.org/@types%2fis-string 258ms (from cache)
296 silly registry:manifest no matching version for @types/is-string@ts3.6 in the cache. Forcing revalidation.
297 http fetch GET 304 https://registry.npmjs.org/@types%2fis-typedarray 278ms (from cache)
298 silly pacote tag manifest for @types/is-typedarray@ts3.6 fetched in 283ms
299 http fetch GET 304 https://registry.npmjs.org/@types%2fisarray 272ms (from cache)
300 silly pacote tag manifest for @types/isarray@ts3.6 fetched in 275ms
301 http fetch GET 304 https://registry.npmjs.org/@types%2fistanbul-lib-coverage 248ms (from cache)
302 silly pacote tag manifest for @types/istanbul-lib-coverage@ts3.6 fetched in 251ms
303 http fetch GET 304 https://registry.npmjs.org/@types%2fini 1437ms (from cache)
304 silly pacote tag manifest for @types/ini@ts3.6 fetched in 1441ms
305 http fetch GET 304 https://registry.npmjs.org/@types%2fisexe 324ms (from cache)
306 silly pacote tag manifest for @types/isexe@ts3.6 fetched in 327ms
307 http fetch GET 200 https://registry.npmjs.org/@types%2fis-string 201ms
308 silly fetchPackageMetaData error for @types/is-string@ts3.6 No matching version found for @types/is-string@ts3.6.
309 http fetch GET 304 https://registry.npmjs.org/@types%2fistanbul-lib-report 155ms (from cache)
310 silly pacote tag manifest for @types/istanbul-lib-report@ts3.6 fetched in 157ms
311 http fetch GET 304 https://registry.npmjs.org/@types%2fistanbul-reports 154ms (from cache)
312 http fetch GET 304 https://registry.npmjs.org/@types%2fistanbul-lib-source-maps 180ms (from cache)
313 silly pacote tag manifest for @types/istanbul-reports@ts3.6 fetched in 158ms
314 silly pacote tag manifest for @types/istanbul-lib-source-maps@ts3.6 fetched in 183ms
315 http fetch GET 304 https://registry.npmjs.org/@types%2fjs-yaml 162ms (from cache)
316 silly pacote tag manifest for @types/js-yaml@ts3.6 fetched in 166ms
317 http fetch GET 304 https://registry.npmjs.org/@types%2fjson-parse-better-errors 292ms (from cache)
318 http fetch GET 304 https://registry.npmjs.org/@types%2fkind-of 257ms (from cache)
319 http fetch GET 304 https://registry.npmjs.org/@types%2fhtml-escaper 1915ms (from cache)
320 http fetch GET 304 https://registry.npmjs.org/@types%2fjsdom 393ms (from cache)
321 silly pacote tag manifest for @types/json-parse-better-errors@ts3.6 fetched in 300ms
322 silly pacote tag manifest for @types/kind-of@ts3.6 fetched in 266ms
323 silly pacote tag manifest for @types/html-escaper@ts3.6 fetched in 1925ms
324 silly pacote tag manifest for @types/jsdom@ts3.6 fetched in 405ms
325 http fetch GET 304 https://registry.npmjs.org/@types%2fis-core-module 1504ms (from cache)
326 http fetch GET 304 https://registry.npmjs.org/@types%2floader-utils 206ms (from cache)
327 silly pacote tag manifest for @types/is-core-module@ts3.6 fetched in 1510ms
328 silly pacote tag manifest for @types/loader-utils@ts3.6 fetched in 213ms
329 http fetch GET 304 https://registry.npmjs.org/@types%2flodash.merge 257ms (from cache)
330 http fetch GET 304 https://registry.npmjs.org/@types%2flodash.memoize 262ms (from cache)
331 silly pacote tag manifest for @types/lodash.merge@ts3.6 fetched in 260ms
332 silly pacote tag manifest for @types/lodash.memoize@ts3.6 fetched in 268ms
333 http fetch GET 304 https://registry.npmjs.org/@types%2flodash.template 199ms (from cache)
334 silly pacote tag manifest for @types/lodash.template@ts3.6 fetched in 203ms
335 http fetch GET 304 https://registry.npmjs.org/@types%2fjsonfile 688ms (from cache)
336 silly pacote tag manifest for @types/jsonfile@ts3.6 fetched in 698ms
337 http fetch GET 304 https://registry.npmjs.org/@types%2flodash.uniq 210ms (from cache)
338 http fetch GET 304 https://registry.npmjs.org/@types%2flanguage-tags 720ms (from cache)
339 silly registry:manifest no matching version for @types/language-tags@ts3.6 in the cache. Forcing revalidation.
340 silly pacote tag manifest for @types/lodash.uniq@ts3.6 fetched in 216ms
341 http fetch GET 304 https://registry.npmjs.org/@types%2flodash.truncate 278ms (from cache)
342 silly pacote tag manifest for @types/lodash.truncate@ts3.6 fetched in 281ms
343 http fetch GET 304 https://registry.npmjs.org/@types%2fmemory-fs 204ms (from cache)
344 http fetch GET 304 https://registry.npmjs.org/@types%2flz-string 350ms (from cache)
345 silly pacote tag manifest for @types/memory-fs@ts3.6 fetched in 212ms
346 silly pacote tag manifest for @types/lz-string@ts3.6 fetched in 357ms
347 http fetch GET 304 https://registry.npmjs.org/@types%2fis-windows 1612ms (from cache)
348 silly pacote tag manifest for @types/is-windows@ts3.6 fetched in 1620ms
349 http fetch GET 304 https://registry.npmjs.org/@types%2fistanbul-lib-instrument 1523ms (from cache)
350 silly pacote tag manifest for @types/istanbul-lib-instrument@ts3.6 fetched in 1528ms
351 http fetch GET 200 https://registry.npmjs.org/@types%2flanguage-tags 1170ms
352 silly fetchPackageMetaData error for @types/language-tags@ts3.6 No matching version found for @types/language-tags@ts3.6.
353 http fetch GET 304 https://registry.npmjs.org/@types%2floader-runner 1895ms (from cache)
354 silly pacote tag manifest for @types/loader-runner@ts3.6 fetched in 1902ms
355 http fetch GET 304 https://registry.npmjs.org/@types%2fjsesc 2329ms (from cache)
356 silly pacote tag manifest for @types/jsesc@ts3.6 fetched in 2334ms
357 timing stage:rollbackFailedOptional Completed in 1ms
358 timing stage:runTopLevelLifecycles Completed in 12188ms
359 verbose type tag
360 verbose stack @types/call-bind: No matching version found for @types/call-bind@ts3.6.
360 verbose stack     at pickManifest (/usr/local/lib/node_modules/npm/node_modules/npm-pick-manifest/index.js:122:13)
360 verbose stack     at /usr/local/lib/node_modules/npm/node_modules/pacote/lib/fetchers/registry/manifest.js:24:14
360 verbose stack     at tryCatcher (/usr/local/lib/node_modules/npm/node_modules/bluebird/js/release/util.js:16:23)
360 verbose stack     at Promise._settlePromiseFromHandler (/usr/local/lib/node_modules/npm/node_modules/bluebird/js/release/promise.js:517:31)
360 verbose stack     at Promise._settlePromise (/usr/local/lib/node_modules/npm/node_modules/bluebird/js/release/promise.js:574:18)
360 verbose stack     at Promise._settlePromise0 (/usr/local/lib/node_modules/npm/node_modules/bluebird/js/release/promise.js:619:10)
360 verbose stack     at Promise._settlePromises (/usr/local/lib/node_modules/npm/node_modules/bluebird/js/release/promise.js:699:18)
360 verbose stack     at _drainQueueStep (/usr/local/lib/node_modules/npm/node_modules/bluebird/js/release/async.js:138:12)
360 verbose stack     at _drainQueue (/usr/local/lib/node_modules/npm/node_modules/bluebird/js/release/async.js:131:9)
360 verbose stack     at Async._drainQueues (/usr/local/lib/node_modules/npm/node_modules/bluebird/js/release/async.js:147:5)
360 verbose stack     at Immediate.Async.drainQueues [as _onImmediate] (/usr/local/lib/node_modules/npm/node_modules/bluebird/js/release/async.js:17:14)
360 verbose stack     at processImmediate (internal/timers.js:456:21)
361 verbose cwd /home/theia/.cache/typescript/3.6
362 verbose Linux 5.10.16.3-microsoft-standard-WSL2
363 verbose argv "/usr/local/bin/node" "/usr/local/bin/npm" "install" "--ignore-scripts" "@types/argparse@ts3.6" "@types/aria-query@ts3.6" "@types/arr-diff@ts3.6" "@types/arr-union@ts3.6" "@types/array-unique@ts3.6" "@types/array.prototype.flat@ts3.6" "@types/array.prototype.flatmap@ts3.6" "@types/asap@ts3.6" "@types/assert@ts3.6" "@types/async@ts3.6" "@types/atob@ts3.6" "@types/babel-plugin-macros@ts3.6" "@types/babylon@ts3.6" "@types/balanced-match@ts3.6" "@types/big.js@ts3.6" "@types/bluebird@ts3.6" "@types/bn.js@ts3.6" "@types/bonjour@ts3.6" "@types/boolbase@ts3.6" "@types/brace-expansion@ts3.6" "@types/braces@ts3.6" "@types/brorand@ts3.6" "@types/bser@ts3.6" "@types/buffer-from@ts3.6" "@types/buffer-xor@ts3.6" "@types/cacache@ts3.6" "@types/call-bind@ts3.6" "@types/caniuse-api@ts3.6" "@types/caniuse-lite@ts3.6" "@types/case-sensitive-paths-webpack-plugin@ts3.6" "@types/check-types@ts3.6" "@types/chownr@ts3.6" "@types/cipher-base@ts3.6" "@types/clean-css@ts3.6" "@types/co@ts3.6" "@types/color@ts3.6" "@types/color-convert@ts3.6" "@types/color-name@ts3.6" "@types/color-string@ts3.6" "@types/combined-stream@ts3.6" "@types/common-tags@ts3.6" "@types/commondir@ts3.6" "@types/component-emitter@ts3.6" "@types/compose-function@ts3.6" "@types/compressible@ts3.6" "@types/compression@ts3.6" "@types/concat-map@ts3.6" "@types/concat-stream@ts3.6" "@types/confusing-browser-globals@ts3.6" "@types/connect-history-api-fallback@ts3.6" "@types/convert-source-map@ts3.6" "@types/core-js@ts3.6" "@types/create-hash@ts3.6" "@types/create-hmac@ts3.6" "@types/cross-spawn@ts3.6" "@types/css@ts3.6" "@types/css-declaration-sorter@ts3.6" "@types/css-tree@ts3.6" "@types/css.escape@ts3.6" "@types/cssesc@ts3.6" "@types/csso@ts3.6" "@types/cssom@ts3.6" "@types/cssstyle@ts3.6" "@types/d@ts3.6" "@types/damerau-levenshtein@ts3.6" "@types/data-urls@ts3.6" "@types/decode-uri-component@ts3.6" "@types/dedent@ts3.6" "@types/deep-equal@ts3.6" "@types/default-gateway@ts3.6" "@types/define-properties@ts3.6" "@types/detect-node@ts3.6" "@types/diffie-hellman@ts3.6" "@types/dir-glob@ts3.6" "@types/dns-packet@ts3.6" "@types/doctrine@ts3.6" "@types/domexception@ts3.6" "@types/domutils@ts3.6" "@types/duplexify@ts3.6" "@types/ejs@ts3.6" "@types/elliptic@ts3.6" "@types/end-of-stream@ts3.6" "@types/enhanced-resolve@ts3.6" "@types/es-abstract@ts3.6" "@types/es-to-primitive@ts3.6" "@types/escodegen@ts3.6" "@types/eslint@ts3.6" "@types/eslint-scope@ts3.6" "@types/eslint-utils@ts3.6" "@types/eslint-visitor-keys@ts3.6" "@types/esprima@ts3.6" "@types/esquery@ts3.6" "@types/estraverse@ts3.6" "@types/esutils@ts3.6" "@types/events@ts3.6" "@types/eventsource@ts3.6" "@types/exit@ts3.6" "@types/fast-levenshtein@ts3.6" "@types/fb-watchman@ts3.6" "@types/file-entry-cache@ts3.6" "@types/file-loader@ts3.6" "@types/fill-range@ts3.6" "@types/find-cache-dir@ts3.6" "@types/flat-cache@ts3.6" "@types/flush-write-stream@ts3.6" "@types/follow-redirects@ts3.6" "@types/from2@ts3.6" "@types/function-bind@ts3.6" "@types/functional-red-black-tree@ts3.6" "@types/gensync@ts3.6" "@types/get-intrinsic@ts3.6" "@types/get-value@ts3.6" "@types/glob@ts3.6" "@types/glob-parent@ts3.6" "@types/global-modules@ts3.6" "@types/global-prefix@ts3.6" "@types/graceful-fs@ts3.6" "@types/has@ts3.6" "@types/has-symbols@ts3.6" "@types/he@ts3.6" "@types/hex-color-regex@ts3.6" "@types/hosted-git-info@ts3.6" "@types/html-encoding-sniffer@ts3.6" "@types/html-escaper@ts3.6" "@types/html-minifier-terser@ts3.6" "@types/http-proxy@ts3.6" "@types/icss-utils@ts3.6" "@types/iferr@ts3.6" "@types/imurmurhash@ts3.6" "@types/ini@ts3.6" "@types/internal-slot@ts3.6" "@types/ip@ts3.6" "@types/is-arguments@ts3.6" "@types/is-bigint@ts3.6" "@types/is-boolean-object@ts3.6" "@types/is-buffer@ts3.6" "@types/is-callable@ts3.6" "@types/is-ci@ts3.6" "@types/is-core-module@ts3.6" "@types/is-data-descriptor@ts3.6" "@types/is-date-object@ts3.6" "@types/is-glob@ts3.6" "@types/is-number@ts3.6" "@types/is-regex@ts3.6" "@types/is-string@ts3.6" "@types/is-typedarray@ts3.6" "@types/is-windows@ts3.6" "@types/isarray@ts3.6" "@types/isexe@ts3.6" "@types/istanbul-lib-coverage@ts3.6" "@types/istanbul-lib-instrument@ts3.6" "@types/istanbul-lib-report@ts3.6" "@types/istanbul-lib-source-maps@ts3.6" "@types/istanbul-reports@ts3.6" "@types/js-yaml@ts3.6" "@types/jsdom@ts3.6" "@types/jsesc@ts3.6" "@types/json-parse-better-errors@ts3.6" "@types/jsonfile@ts3.6" "@types/kind-of@ts3.6" "@types/language-tags@ts3.6" "@types/loader-runner@ts3.6" "@types/loader-utils@ts3.6" "@types/lodash.memoize@ts3.6" "@types/lodash.merge@ts3.6" "@types/lodash.template@ts3.6" "@types/lodash.truncate@ts3.6" "@types/lodash.uniq@ts3.6" "@types/lz-string@ts3.6" "@types/memory-fs@ts3.6" "--save-dev" "--user-agent=typesInstaller/3.6.3"
364 verbose node v12.18.3
365 verbose npm  v6.14.6
366 error code ETARGET
367 error notarget No matching version found for @types/call-bind@ts3.6.
368 error notarget In most cases you or one of your dependencies are requesting
368 error notarget a package version that doesn't exist.
369 verbose exit [ 1, true ]
