0 info it worked if it ends with ok
1 verbose cli [
1 verbose cli   '/usr/local/bin/node',
1 verbose cli   '/usr/local/bin/npm',
1 verbose cli   'install',
1 verbose cli   '--ignore-scripts',
1 verbose cli   '@types/memorystream@ts3.6',
1 verbose cli   '@types/merge-stream@ts3.6',
1 verbose cli   '@types/merge2@ts3.6',
1 verbose cli   '@types/micromatch@ts3.6',
1 verbose cli   '@types/min-indent@ts3.6',
1 verbose cli   '@types/minimalistic-assert@ts3.6',
1 verbose cli   '@types/minimist@ts3.6',
1 verbose cli   '@types/minizlib@ts3.6',
1 verbose cli   '@types/mkdirp@ts3.6',
1 verbose cli   '@types/move-concurrently@ts3.6',
1 verbose cli   '@types/multicast-dns@ts3.6',
1 verbose cli   '@types/natural-compare@ts3.6',
1 verbose cli   '@types/next-tick@ts3.6',
1 verbose cli   '@types/nice-try@ts3.6',
1 verbose cli   '@types/node-forge@ts3.6',
1 verbose cli   '@types/node-int64@ts3.6',
1 verbose cli   '@types/node-notifier@ts3.6',
1 verbose cli   '@types/normalize-package-data@ts3.6',
1 verbose cli   '@types/normalize-path@ts3.6',
1 verbose cli   '@types/num2fraction@ts3.6',
1 verbose cli   '@types/nwsapi@ts3.6',
1 verbose cli   '@types/object-assign@ts3.6',
1 verbose cli   '@types/object-inspect@ts3.6',
1 verbose cli   '@types/object-keys@ts3.6',
1 verbose cli   '@types/object.fromentries@ts3.6',
1 verbose cli   '@types/object.getownpropertydescriptors@ts3.6',
1 verbose cli   '@types/object.pick@ts3.6',
1 verbose cli   '@types/on-headers@ts3.6',
1 verbose cli   '@types/once@ts3.6',
1 verbose cli   '@types/optimize-css-assets-webpack-plugin@ts3.6',
1 verbose cli   '@types/pako@ts3.6',
1 verbose cli   '@types/parallel-transform@ts3.6',
1 verbose cli   '@types/parse-json@ts3.6',
1 verbose cli   '@types/pascalcase@ts3.6',
1 verbose cli   '@types/path-browserify@ts3.6',
1 verbose cli   '@types/path-is-absolute@ts3.6',
1 verbose cli   '@types/path-is-inside@ts3.6',
1 verbose cli   '@types/path-parse@ts3.6',
1 verbose cli   '@types/pbkdf2@ts3.6',
1 verbose cli   '@types/picomatch@ts3.6',
1 verbose cli   '@types/pify@ts3.6',
1 verbose cli   '@types/postcss-flexbugs-fixes@ts3.6',
1 verbose cli   '@types/postcss-gap-properties@ts3.6',
1 verbose cli   '@types/postcss-modules-extract-imports@ts3.6',
1 verbose cli   '@types/postcss-modules-local-by-default@ts3.6',
1 verbose cli   '@types/postcss-modules-scope@ts3.6',
1 verbose cli   '@types/postcss-modules-values@ts3.6',
1 verbose cli   '@types/postcss-normalize@ts3.6',
1 verbose cli   '@types/postcss-preset-env@ts3.6',
1 verbose cli   '@types/postcss-safe-parser@ts3.6',
1 verbose cli   '@types/prelude-ls@ts3.6',
1 verbose cli   '@types/prettier-linter-helpers@ts3.6',
1 verbose cli   '@types/progress@ts3.6',
1 verbose cli   '@types/promise-inflight@ts3.6',
1 verbose cli   '@types/prompts@ts3.6',
1 verbose cli   '@types/prop-types@ts3.6',
1 verbose cli   '@types/psl@ts3.6',
1 verbose cli   '@types/pump@ts3.6',
1 verbose cli   '@types/pumpify@ts3.6',
1 verbose cli   '@types/punycode@ts3.6',
1 verbose cli   '@types/q@ts3.6',
1 verbose cli   '@types/querystringify@ts3.6',
1 verbose cli   '@types/raf@ts3.6',
1 verbose cli   '@types/randombytes@ts3.6',
1 verbose cli   '@types/react-dev-utils@ts3.6',
1 verbose cli   '@types/react-is@ts3.6',
1 verbose cli   '@types/react-refresh@ts3.6',
1 verbose cli   '@types/readable-stream@ts3.6',
1 verbose cli   '@types/recursive-readdir@ts3.6',
1 verbose cli   '@types/regenerate@ts3.6',
1 verbose cli   '@types/regenerator-runtime@ts3.6',
1 verbose cli   '@types/regex-not@ts3.6',
1 verbose cli   '@types/relateurl@ts3.6',
1 verbose cli   '@types/repeat-element@ts3.6',
1 verbose cli   '@types/repeat-string@ts3.6',
1 verbose cli   '@types/require-directory@ts3.6',
1 verbose cli   '@types/require-from-string@ts3.6',
1 verbose cli   '@types/requires-port@ts3.6',
1 verbose cli   '@types/resolve@ts3.6',
1 verbose cli   '@types/retry@ts3.6',
1 verbose cli   '@types/rimraf@ts3.6',
1 verbose cli   '@types/ripemd160@ts3.6',
1 verbose cli   '@types/rsvp@ts3.6',
1 verbose cli   '@types/run-parallel@ts3.6',
1 verbose cli   '@types/safe-regex@ts3.6',
1 verbose cli   '@types/sane@ts3.6',
1 verbose cli   '@types/sass-loader@ts3.6',
1 verbose cli   '@types/sax@ts3.6',
1 verbose cli   '@types/scheduler@ts3.6',
1 verbose cli   '@types/selfsigned@ts3.6',
1 verbose cli   '@types/semver-compare@ts3.6',
1 verbose cli   '@types/serialize-javascript@ts3.6',
1 verbose cli   '@types/serve-index@ts3.6',
1 verbose cli   '@types/set-value@ts3.6',
1 verbose cli   '@types/setimmediate@ts3.6',
1 verbose cli   '@types/sha.js@ts3.6',
1 verbose cli   ... 76 more items
1 verbose cli ]
2 info using npm@6.14.6
3 info using node@v12.18.3
4 verbose npm-session 1d86ab515a9b6d4c
5 silly install loadCurrentTree
6 silly install readLocalPackageData
7 http fetch GET 304 https://registry.npmjs.org/@types%2fminimist 996ms (from cache)
8 silly pacote tag manifest for @types/minimist@ts3.6 fetched in 1006ms
9 http fetch GET 304 https://registry.npmjs.org/@types%2fminimalistic-assert 1085ms (from cache)
10 http fetch GET 304 https://registry.npmjs.org/@types%2fmove-concurrently 1087ms (from cache)
11 http fetch GET 304 https://registry.npmjs.org/@types%2fmicromatch 1094ms (from cache)
12 silly pacote tag manifest for @types/minimalistic-assert@ts3.6 fetched in 1092ms
13 silly pacote tag manifest for @types/move-concurrently@ts3.6 fetched in 1095ms
14 silly pacote tag manifest for @types/micromatch@ts3.6 fetched in 1105ms
15 http fetch GET 304 https://registry.npmjs.org/@types%2fmulticast-dns 373ms (from cache)
16 silly pacote tag manifest for @types/multicast-dns@ts3.6 fetched in 378ms
17 http fetch GET 304 https://registry.npmjs.org/@types%2fmemorystream 1397ms (from cache)
18 silly pacote tag manifest for @types/memorystream@ts3.6 fetched in 1413ms
19 http fetch GET 304 https://registry.npmjs.org/@types%2fmkdirp 1565ms (from cache)
20 silly pacote tag manifest for @types/mkdirp@ts3.6 fetched in 1570ms
21 http fetch GET 304 https://registry.npmjs.org/@types%2fnatural-compare 594ms (from cache)
22 http fetch GET 304 https://registry.npmjs.org/@types%2fnext-tick 589ms (from cache)
23 http fetch GET 304 https://registry.npmjs.org/@types%2fnice-try 585ms (from cache)
24 http fetch GET 304 https://registry.npmjs.org/@types%2fmerge-stream 1695ms (from cache)
25 silly pacote tag manifest for @types/natural-compare@ts3.6 fetched in 598ms
26 silly pacote tag manifest for @types/next-tick@ts3.6 fetched in 595ms
27 silly pacote tag manifest for @types/nice-try@ts3.6 fetched in 591ms
28 silly pacote tag manifest for @types/merge-stream@ts3.6 fetched in 1704ms
29 http fetch GET 304 https://registry.npmjs.org/@types%2fmin-indent 2118ms (from cache)
30 http fetch GET 304 https://registry.npmjs.org/@types%2fmerge2 2122ms (from cache)
31 silly pacote tag manifest for @types/min-indent@ts3.6 fetched in 2122ms
32 silly pacote tag manifest for @types/merge2@ts3.6 fetched in 2126ms
33 http fetch GET 304 https://registry.npmjs.org/@types%2fminizlib 2258ms (from cache)
34 http fetch GET 304 https://registry.npmjs.org/@types%2fnormalize-path 569ms (from cache)
35 http fetch GET 304 https://registry.npmjs.org/@types%2fnode-notifier 691ms (from cache)
36 http fetch GET 304 https://registry.npmjs.org/@types%2fnormalize-package-data 574ms (from cache)
37 silly pacote tag manifest for @types/minizlib@ts3.6 fetched in 2268ms
38 silly pacote tag manifest for @types/normalize-path@ts3.6 fetched in 578ms
39 silly pacote tag manifest for @types/node-notifier@ts3.6 fetched in 701ms
40 silly pacote tag manifest for @types/normalize-package-data@ts3.6 fetched in 580ms
41 http fetch GET 304 https://registry.npmjs.org/@types%2fnode-forge 910ms (from cache)
42 silly pacote tag manifest for @types/node-forge@ts3.6 fetched in 917ms
43 http fetch GET 304 https://registry.npmjs.org/@types%2fnode-int64 909ms (from cache)
44 http fetch GET 304 https://registry.npmjs.org/@types%2fnwsapi 616ms (from cache)
45 silly pacote tag manifest for @types/node-int64@ts3.6 fetched in 914ms
46 silly pacote tag manifest for @types/nwsapi@ts3.6 fetched in 620ms
47 http fetch GET 304 https://registry.npmjs.org/@types%2fobject-keys 277ms (from cache)
48 silly pacote tag manifest for @types/object-keys@ts3.6 fetched in 283ms
49 http fetch GET 304 https://registry.npmjs.org/@types%2fobject.pick 378ms (from cache)
50 silly pacote tag manifest for @types/object.pick@ts3.6 fetched in 381ms
51 http fetch GET 304 https://registry.npmjs.org/@types%2fon-headers 354ms (from cache)
52 silly pacote tag manifest for @types/on-headers@ts3.6 fetched in 365ms
53 http fetch GET 304 https://registry.npmjs.org/@types%2fonce 567ms (from cache)
54 http fetch GET 304 https://registry.npmjs.org/@types%2fpako 332ms (from cache)
55 http fetch GET 304 https://registry.npmjs.org/@types%2fobject.fromentries 616ms (from cache)
56 silly pacote tag manifest for @types/once@ts3.6 fetched in 571ms
57 silly pacote tag manifest for @types/pako@ts3.6 fetched in 337ms
58 silly pacote tag manifest for @types/object.fromentries@ts3.6 fetched in 621ms
59 http fetch GET 304 https://registry.npmjs.org/@types%2fparallel-transform 239ms (from cache)
60 http fetch GET 304 https://registry.npmjs.org/@types%2fobject-assign 775ms (from cache)
61 silly pacote tag manifest for @types/parallel-transform@ts3.6 fetched in 256ms
62 silly pacote tag manifest for @types/object-assign@ts3.6 fetched in 792ms
63 http fetch GET 304 https://registry.npmjs.org/@types%2fparse-json 255ms (from cache)
64 silly pacote tag manifest for @types/parse-json@ts3.6 fetched in 256ms
65 http fetch GET 304 https://registry.npmjs.org/@types%2fobject.getownpropertydescriptors 838ms (from cache)
66 silly pacote tag manifest for @types/object.getownpropertydescriptors@ts3.6 fetched in 841ms
67 http fetch GET 304 https://registry.npmjs.org/@types%2fpath-is-absolute 362ms (from cache)
68 silly pacote tag manifest for @types/path-is-absolute@ts3.6 fetched in 366ms
69 http fetch GET 200 https://registry.npmjs.org/@types%2fpath-browserify 608ms
70 silly fetchPackageMetaData error for @types/path-browserify@ts3.6 No matching version found for @types/path-browserify@ts3.6.
71 http fetch GET 304 https://registry.npmjs.org/@types%2fpicomatch 392ms (from cache)
72 http fetch GET 304 https://registry.npmjs.org/@types%2fnum2fraction 1817ms (from cache)
73 http fetch GET 304 https://registry.npmjs.org/@types%2fpath-is-inside 602ms (from cache)
74 silly pacote tag manifest for @types/picomatch@ts3.6 fetched in 404ms
75 silly pacote tag manifest for @types/num2fraction@ts3.6 fetched in 1833ms
76 silly pacote tag manifest for @types/path-is-inside@ts3.6 fetched in 619ms
77 http fetch GET 304 https://registry.npmjs.org/@types%2fpify 320ms (from cache)
78 silly pacote tag manifest for @types/pify@ts3.6 fetched in 328ms
79 http fetch GET 304 https://registry.npmjs.org/@types%2foptimize-css-assets-webpack-plugin 1291ms (from cache)
80 silly pacote tag manifest for @types/optimize-css-assets-webpack-plugin@ts3.6 fetched in 1299ms
81 http fetch GET 304 https://registry.npmjs.org/@types%2fpbkdf2 703ms (from cache)
82 silly pacote tag manifest for @types/pbkdf2@ts3.6 fetched in 707ms
83 http fetch GET 304 https://registry.npmjs.org/@types%2fpostcss-modules-extract-imports 282ms (from cache)
84 silly pacote tag manifest for @types/postcss-modules-extract-imports@ts3.6 fetched in 287ms
85 http fetch GET 304 https://registry.npmjs.org/@types%2fpostcss-modules-local-by-default 329ms (from cache)
86 silly pacote tag manifest for @types/postcss-modules-local-by-default@ts3.6 fetched in 335ms
87 http fetch GET 304 https://registry.npmjs.org/@types%2fpostcss-modules-scope 298ms (from cache)
88 silly pacote tag manifest for @types/postcss-modules-scope@ts3.6 fetched in 302ms
89 http fetch GET 304 https://registry.npmjs.org/@types%2fpostcss-normalize 368ms (from cache)
90 silly pacote tag manifest for @types/postcss-normalize@ts3.6 fetched in 371ms
91 http fetch GET 304 https://registry.npmjs.org/@types%2fpostcss-gap-properties 901ms (from cache)
92 http fetch GET 304 https://registry.npmjs.org/@types%2fobject-inspect 2305ms (from cache)
93 silly pacote tag manifest for @types/postcss-gap-properties@ts3.6 fetched in 906ms
94 silly pacote tag manifest for @types/object-inspect@ts3.6 fetched in 2310ms
95 http fetch GET 304 https://registry.npmjs.org/@types%2fpostcss-safe-parser 651ms (from cache)
96 silly pacote tag manifest for @types/postcss-safe-parser@ts3.6 fetched in 654ms
97 http fetch GET 304 https://registry.npmjs.org/@types%2fprelude-ls 731ms (from cache)
98 silly pacote tag manifest for @types/prelude-ls@ts3.6 fetched in 735ms
99 http fetch GET 304 https://registry.npmjs.org/@types%2fpromise-inflight 435ms (from cache)
100 http fetch GET 304 https://registry.npmjs.org/@types%2fprompts 344ms (from cache)
101 silly pacote tag manifest for @types/promise-inflight@ts3.6 fetched in 439ms
102 silly pacote tag manifest for @types/prompts@ts3.6 fetched in 349ms
103 http fetch GET 304 https://registry.npmjs.org/@types%2fpath-parse 1983ms (from cache)
104 silly pacote tag manifest for @types/path-parse@ts3.6 fetched in 1987ms
105 http fetch GET 200 https://registry.npmjs.org/@types%2fpostcss-preset-env 1452ms
106 silly fetchPackageMetaData error for @types/postcss-preset-env@ts3.6 No matching version found for @types/postcss-preset-env@ts3.6.
107 http fetch GET 304 https://registry.npmjs.org/@types%2fpostcss-modules-values 1661ms (from cache)
108 http fetch GET 304 https://registry.npmjs.org/@types%2fprettier-linter-helpers 1275ms (from cache)
109 http fetch GET 304 https://registry.npmjs.org/@types%2fpsl 412ms (from cache)
110 silly pacote tag manifest for @types/postcss-modules-values@ts3.6 fetched in 1673ms
111 silly pacote tag manifest for @types/psl@ts3.6 fetched in 426ms
112 silly pacote tag manifest for @types/prettier-linter-helpers@ts3.6 fetched in 1293ms
113 http fetch GET 304 https://registry.npmjs.org/@types%2fpostcss-flexbugs-fixes 1826ms (from cache)
114 silly pacote tag manifest for @types/postcss-flexbugs-fixes@ts3.6 fetched in 1829ms
115 http fetch GET 304 https://registry.npmjs.org/@types%2fpascalcase 2450ms (from cache)
116 silly pacote tag manifest for @types/pascalcase@ts3.6 fetched in 2454ms
117 http fetch GET 304 https://registry.npmjs.org/@types%2fpunycode 196ms (from cache)
118 silly pacote tag manifest for @types/punycode@ts3.6 fetched in 200ms
119 http fetch GET 304 https://registry.npmjs.org/@types%2fraf 484ms (from cache)
120 http fetch GET 304 https://registry.npmjs.org/@types%2fq 494ms (from cache)
121 http fetch GET 304 https://registry.npmjs.org/@types%2fpump 913ms (from cache)
122 silly pacote tag manifest for @types/raf@ts3.6 fetched in 488ms
123 http fetch GET 304 https://registry.npmjs.org/@types%2fquerystringify 488ms (from cache)
124 silly pacote tag manifest for @types/q@ts3.6 fetched in 499ms
125 silly pacote tag manifest for @types/pump@ts3.6 fetched in 916ms
126 silly pacote tag manifest for @types/querystringify@ts3.6 fetched in 495ms
127 http fetch GET 304 https://registry.npmjs.org/@types%2fprogress 1446ms (from cache)
128 http fetch GET 304 https://registry.npmjs.org/@types%2freact-is 401ms (from cache)
129 silly pacote tag manifest for @types/progress@ts3.6 fetched in 1450ms
130 silly pacote tag manifest for @types/react-is@ts3.6 fetched in 408ms
131 http fetch GET 304 https://registry.npmjs.org/@types%2freadable-stream 393ms (from cache)
132 silly pacote tag manifest for @types/readable-stream@ts3.6 fetched in 396ms
133 http fetch GET 304 https://registry.npmjs.org/@types%2fpumpify 1652ms (from cache)
134 http fetch GET 304 https://registry.npmjs.org/@types%2frelateurl 367ms (from cache)
135 http fetch GET 304 https://registry.npmjs.org/@types%2freact-dev-utils 1214ms (from cache)
136 http fetch GET 304 https://registry.npmjs.org/@types%2fprop-types 1934ms (from cache)
137 http fetch GET 304 https://registry.npmjs.org/@types%2frecursive-readdir 770ms (from cache)
138 silly pacote tag manifest for @types/relateurl@ts3.6 fetched in 376ms
139 silly pacote tag manifest for @types/pumpify@ts3.6 fetched in 1665ms
140 silly pacote tag manifest for @types/react-dev-utils@ts3.6 fetched in 1226ms
141 silly pacote tag manifest for @types/prop-types@ts3.6 fetched in 1947ms
142 silly pacote tag manifest for @types/recursive-readdir@ts3.6 fetched in 783ms
143 http fetch GET 200 https://registry.npmjs.org/@types%2fregex-not 748ms
144 silly fetchPackageMetaData error for @types/regex-not@ts3.6 No matching version found for @types/regex-not@ts3.6.
145 http fetch GET 304 https://registry.npmjs.org/@types%2frequire-directory 430ms (from cache)
146 silly pacote tag manifest for @types/require-directory@ts3.6 fetched in 434ms
147 http fetch GET 304 https://registry.npmjs.org/@types%2frequires-port 530ms (from cache)
148 silly pacote tag manifest for @types/requires-port@ts3.6 fetched in 534ms
149 http fetch GET 200 https://registry.npmjs.org/@types%2fregenerate 1565ms
150 http fetch GET 200 https://registry.npmjs.org/@types%2freact-refresh 1572ms
151 silly fetchPackageMetaData error for @types/regenerate@ts3.6 No matching version found for @types/regenerate@ts3.6.
152 silly fetchPackageMetaData error for @types/react-refresh@ts3.6 No matching version found for @types/react-refresh@ts3.6.
153 http fetch GET 304 https://registry.npmjs.org/@types%2frepeat-string 811ms (from cache)
154 http fetch GET 304 https://registry.npmjs.org/@types%2fregenerator-runtime 1504ms (from cache)
155 silly pacote tag manifest for @types/repeat-string@ts3.6 fetched in 816ms
156 http fetch GET 304 https://registry.npmjs.org/@types%2fretry 379ms (from cache)
157 http fetch GET 304 https://registry.npmjs.org/@types%2frandombytes 2049ms (from cache)
158 http fetch GET 304 https://registry.npmjs.org/@types%2frimraf 279ms (from cache)
159 silly pacote tag manifest for @types/retry@ts3.6 fetched in 387ms
160 silly pacote tag manifest for @types/randombytes@ts3.6 fetched in 2058ms
161 silly pacote tag manifest for @types/regenerator-runtime@ts3.6 fetched in 1517ms
162 silly pacote tag manifest for @types/rimraf@ts3.6 fetched in 289ms
163 http fetch GET 304 https://registry.npmjs.org/@types%2frequire-from-string 855ms (from cache)
164 silly pacote tag manifest for @types/require-from-string@ts3.6 fetched in 857ms
165 http fetch GET 304 https://registry.npmjs.org/@types%2fripemd160 476ms (from cache)
166 silly pacote tag manifest for @types/ripemd160@ts3.6 fetched in 480ms
167 http fetch GET 304 https://registry.npmjs.org/@types%2fscheduler 526ms (from cache)
168 http fetch GET 304 https://registry.npmjs.org/@types%2fsafe-regex 566ms (from cache)
169 silly pacote tag manifest for @types/scheduler@ts3.6 fetched in 531ms
170 silly pacote tag manifest for @types/safe-regex@ts3.6 fetched in 573ms
171 http fetch GET 304 https://registry.npmjs.org/@types%2fresolve 1371ms (from cache)
172 silly pacote tag manifest for @types/resolve@ts3.6 fetched in 1374ms
173 http fetch GET 304 https://registry.npmjs.org/@types%2frsvp 675ms (from cache)
174 silly pacote tag manifest for @types/rsvp@ts3.6 fetched in 677ms
175 http fetch GET 304 https://registry.npmjs.org/@types%2fsass-loader 835ms (from cache)
176 http fetch GET 304 https://registry.npmjs.org/@types%2frepeat-element 1673ms (from cache)
177 http fetch GET 304 https://registry.npmjs.org/@types%2fsane 840ms (from cache)
178 silly pacote tag manifest for @types/repeat-element@ts3.6 fetched in 1677ms
179 silly pacote tag manifest for @types/sass-loader@ts3.6 fetched in 844ms
180 silly pacote tag manifest for @types/sane@ts3.6 fetched in 849ms
181 http fetch GET 304 https://registry.npmjs.org/@types%2fserve-index 453ms (from cache)
182 silly pacote tag manifest for @types/serve-index@ts3.6 fetched in 461ms
183 http fetch GET 304 https://registry.npmjs.org/@types%2fsetimmediate 461ms (from cache)
184 silly pacote tag manifest for @types/setimmediate@ts3.6 fetched in 465ms
185 http fetch GET 304 https://registry.npmjs.org/@types%2fshebang-command 522ms (from cache)
186 silly pacote tag manifest for @types/shebang-command@ts3.6 fetched in 525ms
187 http fetch GET 304 https://registry.npmjs.org/@types%2fsignal-exit 401ms (from cache)
188 http fetch GET 304 https://registry.npmjs.org/@types%2fserialize-javascript 1144ms (from cache)
189 silly pacote tag manifest for @types/signal-exit@ts3.6 fetched in 408ms
190 silly pacote tag manifest for @types/serialize-javascript@ts3.6 fetched in 1153ms
191 http fetch GET 304 https://registry.npmjs.org/@types%2fsax 2379ms (from cache)
192 http fetch GET 304 https://registry.npmjs.org/@types%2fsockjs 664ms (from cache)
193 http fetch GET 304 https://registry.npmjs.org/@types%2fslice-ansi 669ms (from cache)
194 silly pacote tag manifest for @types/sax@ts3.6 fetched in 2387ms
195 silly pacote tag manifest for @types/sockjs@ts3.6 fetched in 671ms
196 silly pacote tag manifest for @types/slice-ansi@ts3.6 fetched in 675ms
197 http fetch GET 304 https://registry.npmjs.org/@types%2frun-parallel 2543ms (from cache)
198 http fetch GET 304 https://registry.npmjs.org/@types%2fsemver-compare 1967ms (from cache)
199 silly pacote tag manifest for @types/run-parallel@ts3.6 fetched in 2549ms
200 silly pacote tag manifest for @types/semver-compare@ts3.6 fetched in 1975ms
201 http fetch GET 200 https://registry.npmjs.org/@types%2fselfsigned 2258ms
202 silly fetchPackageMetaData error for @types/selfsigned@ts3.6 No matching version found for @types/selfsigned@ts3.6.
203 http fetch GET 304 https://registry.npmjs.org/@types%2fset-value 2086ms (from cache)
204 http fetch GET 304 https://registry.npmjs.org/@types%2fsource-list-map 338ms (from cache)
205 http fetch GET 304 https://registry.npmjs.org/@types%2fsockjs-client 344ms (from cache)
206 silly pacote tag manifest for @types/set-value@ts3.6 fetched in 2092ms
207 silly pacote tag manifest for @types/source-list-map@ts3.6 fetched in 343ms
208 silly pacote tag manifest for @types/sockjs-client@ts3.6 fetched in 348ms
209 http fetch GET 304 https://registry.npmjs.org/@types%2fsource-map-support 363ms (from cache)
210 silly pacote tag manifest for @types/source-map-support@ts3.6 fetched in 364ms
211 http fetch GET 304 https://registry.npmjs.org/@types%2fshell-quote 1711ms (from cache)
212 silly pacote tag manifest for @types/shell-quote@ts3.6 fetched in 1713ms
213 http fetch GET 304 https://registry.npmjs.org/@types%2fspdx-expression-parse 446ms (from cache)
214 silly pacote tag manifest for @types/spdx-expression-parse@ts3.6 fetched in 450ms
215 http fetch GET 304 https://registry.npmjs.org/@types%2fspdy 328ms (from cache)
216 silly pacote tag manifest for @types/spdy@ts3.6 fetched in 332ms
217 http fetch GET 304 https://registry.npmjs.org/@types%2fstack-utils 514ms (from cache)
218 http fetch GET 304 https://registry.npmjs.org/@types%2fsprintf-js 538ms (from cache)
219 http fetch GET 304 https://registry.npmjs.org/@types%2fstream-each 492ms (from cache)
220 silly pacote tag manifest for @types/stack-utils@ts3.6 fetched in 519ms
221 silly pacote tag manifest for @types/sprintf-js@ts3.6 fetched in 540ms
222 silly pacote tag manifest for @types/stream-each@ts3.6 fetched in 497ms
223 http fetch GET 304 https://registry.npmjs.org/@types%2fsha.js 2722ms (from cache)
224 http fetch GET 304 https://registry.npmjs.org/@types%2fstrict-uri-encode 529ms (from cache)
225 silly pacote tag manifest for @types/sha.js@ts3.6 fetched in 2728ms
226 silly pacote tag manifest for @types/strict-uri-encode@ts3.6 fetched in 533ms
227 http fetch GET 200 https://registry.npmjs.org/@types%2fsimple-swizzle 2301ms
228 silly fetchPackageMetaData error for @types/simple-swizzle@ts3.6 No matching version found for @types/simple-swizzle@ts3.6.
229 http fetch GET 304 https://registry.npmjs.org/@types%2fstrip-comments 412ms (from cache)
230 silly pacote tag manifest for @types/strip-comments@ts3.6 fetched in 417ms
231 http fetch GET 304 https://registry.npmjs.org/@types%2fspdx-correct 1556ms (from cache)
232 http fetch GET 304 https://registry.npmjs.org/@types%2fsupports-color 414ms (from cache)
233 http fetch GET 304 https://registry.npmjs.org/@types%2fstream-shift 1105ms (from cache)
234 silly pacote tag manifest for @types/spdx-correct@ts3.6 fetched in 1565ms
235 silly pacote tag manifest for @types/supports-color@ts3.6 fetched in 425ms
236 silly pacote tag manifest for @types/stream-shift@ts3.6 fetched in 1119ms
237 http fetch GET 304 https://registry.npmjs.org/@types%2fsprintf 1416ms (from cache)
238 silly pacote tag manifest for @types/sprintf@ts3.6 fetched in 1419ms
239 http fetch GET 304 https://registry.npmjs.org/@types%2fstring-natural-compare 878ms (from cache)
240 silly pacote tag manifest for @types/string-natural-compare@ts3.6 fetched in 888ms
241 http fetch GET 304 https://registry.npmjs.org/@types%2fsymbol-tree 417ms (from cache)
242 http fetch GET 304 https://registry.npmjs.org/@types%2fstrip-final-newline 945ms (from cache)
243 http fetch GET 304 https://registry.npmjs.org/@types%2fsvgo 424ms (from cache)
244 silly pacote tag manifest for @types/symbol-tree@ts3.6 fetched in 424ms
245 silly pacote tag manifest for @types/strip-final-newline@ts3.6 fetched in 956ms
246 silly pacote tag manifest for @types/svgo@ts3.6 fetched in 437ms
247 http fetch GET 304 https://registry.npmjs.org/@types%2ftext-table 428ms (from cache)
248 silly pacote tag manifest for @types/text-table@ts3.6 fetched in 432ms
249 http fetch GET 304 https://registry.npmjs.org/@types%2fstring.prototype.matchall 1427ms (from cache)
250 silly pacote tag manifest for @types/string.prototype.matchall@ts3.6 fetched in 1430ms
251 http fetch GET 304 https://registry.npmjs.org/@types%2fthrough 402ms (from cache)
252 silly pacote tag manifest for @types/through@ts3.6 fetched in 409ms
253 http fetch GET 304 https://registry.npmjs.org/@types%2fsvg-parser 965ms (from cache)
254 silly pacote tag manifest for @types/svg-parser@ts3.6 fetched in 970ms
255 http fetch GET 304 https://registry.npmjs.org/@types%2ftar 816ms (from cache)
256 http fetch GET 304 https://registry.npmjs.org/@types%2fthrough2 438ms (from cache)
257 silly pacote tag manifest for @types/tar@ts3.6 fetched in 819ms
258 silly pacote tag manifest for @types/through2@ts3.6 fetched in 441ms
259 http fetch GET 304 https://registry.npmjs.org/@types%2fthunky 463ms (from cache)
260 http fetch GET 304 https://registry.npmjs.org/@types%2fstringify-object 1720ms (from cache)
261 silly pacote tag manifest for @types/thunky@ts3.6 fetched in 466ms
262 silly pacote tag manifest for @types/stringify-object@ts3.6 fetched in 1723ms
263 http fetch GET 304 https://registry.npmjs.org/@types%2ftimsort 459ms (from cache)
264 silly pacote tag manifest for @types/timsort@ts3.6 fetched in 462ms
265 http fetch GET 304 https://registry.npmjs.org/@types%2ftapable 1341ms (from cache)
266 http fetch GET 304 https://registry.npmjs.org/@types%2fssri 2715ms (from cache)
267 silly pacote tag manifest for @types/tapable@ts3.6 fetched in 1347ms
268 silly pacote tag manifest for @types/ssri@ts3.6 fetched in 2721ms
269 http fetch GET 200 https://registry.npmjs.org/@types%2fto-regex 622ms
270 silly fetchPackageMetaData error for @types/to-regex@ts3.6 No matching version found for @types/to-regex@ts3.6.
271 http fetch GET 304 https://registry.npmjs.org/@types%2ftype-check 565ms (from cache)
272 http fetch GET 304 https://registry.npmjs.org/@types%2ftryer 568ms (from cache)
273 http fetch GET 304 https://registry.npmjs.org/@types%2ftype-detect 512ms (from cache)
274 silly pacote tag manifest for @types/type-check@ts3.6 fetched in 573ms
275 silly pacote tag manifest for @types/tryer@ts3.6 fetched in 576ms
276 silly pacote tag manifest for @types/type-detect@ts3.6 fetched in 520ms
277 http fetch GET 200 https://registry.npmjs.org/@types%2fto-regex-range 860ms
278 silly fetchPackageMetaData error for @types/to-regex-range@ts3.6 No matching version found for @types/to-regex-range@ts3.6.
279 http fetch GET 304 https://registry.npmjs.org/@types%2funiversalify 311ms (from cache)
280 http fetch GET 304 https://registry.npmjs.org/@types%2futil-deprecate 293ms (from cache)
281 silly pacote tag manifest for @types/universalify@ts3.6 fetched in 315ms
282 silly pacote tag manifest for @types/util-deprecate@ts3.6 fetched in 300ms
283 http fetch GET 304 https://registry.npmjs.org/@types%2furl-parse 330ms (from cache)
284 silly pacote tag manifest for @types/url-parse@ts3.6 fetched in 333ms
285 http fetch GET 200 https://registry.npmjs.org/@types%2ftmpl 1585ms
286 silly fetchPackageMetaData error for @types/tmpl@ts3.6 No matching version found for @types/tmpl@ts3.6.
287 http fetch GET 304 https://registry.npmjs.org/@types%2ftough-cookie 1333ms (from cache)
288 http fetch GET 304 https://registry.npmjs.org/@types%2fw3c-xmlserializer 394ms (from cache)
289 http fetch GET 304 https://registry.npmjs.org/@types%2futil.promisify 485ms (from cache)
290 http fetch GET 304 https://registry.npmjs.org/@types%2fvalidate-npm-package-license 432ms (from cache)
291 http fetch GET 304 https://registry.npmjs.org/@types%2fw3c-hr-time 428ms (from cache)
292 silly pacote tag manifest for @types/tough-cookie@ts3.6 fetched in 1340ms
293 silly pacote tag manifest for @types/w3c-xmlserializer@ts3.6 fetched in 404ms
294 silly pacote tag manifest for @types/util.promisify@ts3.6 fetched in 492ms
295 silly pacote tag manifest for @types/validate-npm-package-license@ts3.6 fetched in 441ms
296 silly pacote tag manifest for @types/w3c-hr-time@ts3.6 fetched in 439ms
297 http fetch GET 304 https://registry.npmjs.org/@types%2furix 782ms (from cache)
298 silly pacote tag manifest for @types/urix@ts3.6 fetched in 784ms
299 http fetch GET 200 https://registry.npmjs.org/@types%2ftr46 1711ms
300 silly fetchPackageMetaData error for @types/tr46@ts3.6 No matching version found for @types/tr46@ts3.6.
301 http fetch GET 304 https://registry.npmjs.org/@types%2fwebidl-conversions 383ms (from cache)
302 http fetch GET 304 https://registry.npmjs.org/@types%2fwebpack-manifest-plugin 382ms (from cache)
303 http fetch GET 304 https://registry.npmjs.org/@types%2funiq 1243ms (from cache)
304 http fetch GET 304 https://registry.npmjs.org/@types%2fwebpack-sources 388ms (from cache)
305 silly pacote tag manifest for @types/webidl-conversions@ts3.6 fetched in 397ms
306 silly pacote tag manifest for @types/webpack-manifest-plugin@ts3.6 fetched in 395ms
307 silly pacote tag manifest for @types/uniq@ts3.6 fetched in 1258ms
308 silly pacote tag manifest for @types/webpack-sources@ts3.6 fetched in 399ms
309 http fetch GET 304 https://registry.npmjs.org/@types%2fwebpack 469ms (from cache)
310 silly pacote tag manifest for @types/webpack@ts3.6 fetched in 472ms
311 http fetch GET 304 https://registry.npmjs.org/@types%2fwhatwg-url 467ms (from cache)
312 silly pacote tag manifest for @types/whatwg-url@ts3.6 fetched in 470ms
313 http fetch GET 304 https://registry.npmjs.org/@types%2fwhich-pm-runs 593ms (from cache)
314 http fetch GET 304 https://registry.npmjs.org/@types%2fworkbox-build 594ms (from cache)
315 silly pacote tag manifest for @types/which-pm-runs@ts3.6 fetched in 598ms
316 silly pacote tag manifest for @types/workbox-build@ts3.6 fetched in 599ms
317 http fetch GET 304 https://registry.npmjs.org/@types%2fwhatwg-encoding 1146ms (from cache)
318 http fetch GET 304 https://registry.npmjs.org/@types%2fwrap-ansi 309ms (from cache)
319 silly pacote tag manifest for @types/whatwg-encoding@ts3.6 fetched in 1149ms
320 silly pacote tag manifest for @types/wrap-ansi@ts3.6 fetched in 315ms
321 http fetch GET 304 https://registry.npmjs.org/@types%2fwatchpack 1231ms (from cache)
322 silly pacote tag manifest for @types/watchpack@ts3.6 fetched in 1240ms
323 http fetch GET 304 https://registry.npmjs.org/@types%2fwrite-file-atomic 241ms (from cache)
324 silly pacote tag manifest for @types/write-file-atomic@ts3.6 fetched in 243ms
325 http fetch GET 304 https://registry.npmjs.org/@types%2fws 242ms (from cache)
326 silly pacote tag manifest for @types/ws@ts3.6 fetched in 245ms
327 http fetch GET 200 https://registry.npmjs.org/@types%2fxml-name-validator 534ms
328 silly fetchPackageMetaData error for @types/xml-name-validator@ts3.6 No matching version found for @types/xml-name-validator@ts3.6.
329 http fetch GET 304 https://registry.npmjs.org/@types%2fwhich 1299ms (from cache)
330 http fetch GET 304 https://registry.npmjs.org/@types%2fwhatwg-mimetype 1650ms (from cache)
331 http fetch GET 304 https://registry.npmjs.org/@types%2fyargs-parser 450ms (from cache)
332 http fetch GET 304 https://registry.npmjs.org/@types%2fyargs 457ms (from cache)
333 silly pacote tag manifest for @types/which@ts3.6 fetched in 1305ms
334 silly pacote tag manifest for @types/whatwg-mimetype@ts3.6 fetched in 1654ms
335 silly pacote tag manifest for @types/yargs-parser@ts3.6 fetched in 454ms
336 silly pacote tag manifest for @types/yargs@ts3.6 fetched in 462ms
337 http fetch GET 200 https://registry.npmjs.org/@types%2ftypedarray-to-buffer 2830ms
338 silly fetchPackageMetaData error for @types/typedarray-to-buffer@ts3.6 No matching version found for @types/typedarray-to-buffer@ts3.6.
339 http fetch GET 304 https://registry.npmjs.org/@types%2fworkbox-sw 1572ms (from cache)
340 silly pacote tag manifest for @types/workbox-sw@ts3.6 fetched in 1576ms
341 http fetch GET 304 https://registry.npmjs.org/@types%2fworkbox-webpack-plugin 1546ms (from cache)
342 silly pacote tag manifest for @types/workbox-webpack-plugin@ts3.6 fetched in 1548ms
343 http fetch GET 304 https://registry.npmjs.org/@types%2fxtend 1021ms (from cache)
344 silly pacote tag manifest for @types/xtend@ts3.6 fetched in 1025ms
345 http fetch GET 304 https://registry.npmjs.org/@types%2fyallist 1445ms (from cache)
346 silly pacote tag manifest for @types/yallist@ts3.6 fetched in 1456ms
347 timing stage:rollbackFailedOptional Completed in 2ms
348 timing stage:runTopLevelLifecycles Completed in 16806ms
349 verbose type tag
350 verbose stack @types/path-browserify: No matching version found for @types/path-browserify@ts3.6.
350 verbose stack     at pickManifest (/usr/local/lib/node_modules/npm/node_modules/npm-pick-manifest/index.js:122:13)
350 verbose stack     at /usr/local/lib/node_modules/npm/node_modules/pacote/lib/fetchers/registry/manifest.js:24:14
350 verbose stack     at tryCatcher (/usr/local/lib/node_modules/npm/node_modules/bluebird/js/release/util.js:16:23)
350 verbose stack     at Promise._settlePromiseFromHandler (/usr/local/lib/node_modules/npm/node_modules/bluebird/js/release/promise.js:517:31)
350 verbose stack     at Promise._settlePromise (/usr/local/lib/node_modules/npm/node_modules/bluebird/js/release/promise.js:574:18)
350 verbose stack     at Promise._settlePromise0 (/usr/local/lib/node_modules/npm/node_modules/bluebird/js/release/promise.js:619:10)
350 verbose stack     at Promise._settlePromises (/usr/local/lib/node_modules/npm/node_modules/bluebird/js/release/promise.js:699:18)
350 verbose stack     at _drainQueueStep (/usr/local/lib/node_modules/npm/node_modules/bluebird/js/release/async.js:138:12)
350 verbose stack     at _drainQueue (/usr/local/lib/node_modules/npm/node_modules/bluebird/js/release/async.js:131:9)
350 verbose stack     at Async._drainQueues (/usr/local/lib/node_modules/npm/node_modules/bluebird/js/release/async.js:147:5)
350 verbose stack     at Immediate.Async.drainQueues [as _onImmediate] (/usr/local/lib/node_modules/npm/node_modules/bluebird/js/release/async.js:17:14)
350 verbose stack     at processImmediate (internal/timers.js:456:21)
351 verbose cwd /home/theia/.cache/typescript/3.6
352 verbose Linux 5.10.16.3-microsoft-standard-WSL2
353 verbose argv "/usr/local/bin/node" "/usr/local/bin/npm" "install" "--ignore-scripts" "@types/memorystream@ts3.6" "@types/merge-stream@ts3.6" "@types/merge2@ts3.6" "@types/micromatch@ts3.6" "@types/min-indent@ts3.6" "@types/minimalistic-assert@ts3.6" "@types/minimist@ts3.6" "@types/minizlib@ts3.6" "@types/mkdirp@ts3.6" "@types/move-concurrently@ts3.6" "@types/multicast-dns@ts3.6" "@types/natural-compare@ts3.6" "@types/next-tick@ts3.6" "@types/nice-try@ts3.6" "@types/node-forge@ts3.6" "@types/node-int64@ts3.6" "@types/node-notifier@ts3.6" "@types/normalize-package-data@ts3.6" "@types/normalize-path@ts3.6" "@types/num2fraction@ts3.6" "@types/nwsapi@ts3.6" "@types/object-assign@ts3.6" "@types/object-inspect@ts3.6" "@types/object-keys@ts3.6" "@types/object.fromentries@ts3.6" "@types/object.getownpropertydescriptors@ts3.6" "@types/object.pick@ts3.6" "@types/on-headers@ts3.6" "@types/once@ts3.6" "@types/optimize-css-assets-webpack-plugin@ts3.6" "@types/pako@ts3.6" "@types/parallel-transform@ts3.6" "@types/parse-json@ts3.6" "@types/pascalcase@ts3.6" "@types/path-browserify@ts3.6" "@types/path-is-absolute@ts3.6" "@types/path-is-inside@ts3.6" "@types/path-parse@ts3.6" "@types/pbkdf2@ts3.6" "@types/picomatch@ts3.6" "@types/pify@ts3.6" "@types/postcss-flexbugs-fixes@ts3.6" "@types/postcss-gap-properties@ts3.6" "@types/postcss-modules-extract-imports@ts3.6" "@types/postcss-modules-local-by-default@ts3.6" "@types/postcss-modules-scope@ts3.6" "@types/postcss-modules-values@ts3.6" "@types/postcss-normalize@ts3.6" "@types/postcss-preset-env@ts3.6" "@types/postcss-safe-parser@ts3.6" "@types/prelude-ls@ts3.6" "@types/prettier-linter-helpers@ts3.6" "@types/progress@ts3.6" "@types/promise-inflight@ts3.6" "@types/prompts@ts3.6" "@types/prop-types@ts3.6" "@types/psl@ts3.6" "@types/pump@ts3.6" "@types/pumpify@ts3.6" "@types/punycode@ts3.6" "@types/q@ts3.6" "@types/querystringify@ts3.6" "@types/raf@ts3.6" "@types/randombytes@ts3.6" "@types/react-dev-utils@ts3.6" "@types/react-is@ts3.6" "@types/react-refresh@ts3.6" "@types/readable-stream@ts3.6" "@types/recursive-readdir@ts3.6" "@types/regenerate@ts3.6" "@types/regenerator-runtime@ts3.6" "@types/regex-not@ts3.6" "@types/relateurl@ts3.6" "@types/repeat-element@ts3.6" "@types/repeat-string@ts3.6" "@types/require-directory@ts3.6" "@types/require-from-string@ts3.6" "@types/requires-port@ts3.6" "@types/resolve@ts3.6" "@types/retry@ts3.6" "@types/rimraf@ts3.6" "@types/ripemd160@ts3.6" "@types/rsvp@ts3.6" "@types/run-parallel@ts3.6" "@types/safe-regex@ts3.6" "@types/sane@ts3.6" "@types/sass-loader@ts3.6" "@types/sax@ts3.6" "@types/scheduler@ts3.6" "@types/selfsigned@ts3.6" "@types/semver-compare@ts3.6" "@types/serialize-javascript@ts3.6" "@types/serve-index@ts3.6" "@types/set-value@ts3.6" "@types/setimmediate@ts3.6" "@types/sha.js@ts3.6" "@types/shebang-command@ts3.6" "@types/shell-quote@ts3.6" "@types/signal-exit@ts3.6" "@types/simple-swizzle@ts3.6" "@types/slice-ansi@ts3.6" "@types/sockjs@ts3.6" "@types/sockjs-client@ts3.6" "@types/source-list-map@ts3.6" "@types/source-map-support@ts3.6" "@types/spdx-correct@ts3.6" "@types/spdx-expression-parse@ts3.6" "@types/spdy@ts3.6" "@types/sprintf@ts3.6" "@types/sprintf-js@ts3.6" "@types/ssri@ts3.6" "@types/stack-utils@ts3.6" "@types/stream-each@ts3.6" "@types/stream-shift@ts3.6" "@types/strict-uri-encode@ts3.6" "@types/string-natural-compare@ts3.6" "@types/string.prototype.matchall@ts3.6" "@types/stringify-object@ts3.6" "@types/strip-comments@ts3.6" "@types/strip-final-newline@ts3.6" "@types/supports-color@ts3.6" "@types/svg-parser@ts3.6" "@types/svgo@ts3.6" "@types/symbol-tree@ts3.6" "@types/tapable@ts3.6" "@types/tar@ts3.6" "@types/text-table@ts3.6" "@types/through@ts3.6" "@types/through2@ts3.6" "@types/thunky@ts3.6" "@types/timsort@ts3.6" "@types/tmpl@ts3.6" "@types/to-regex@ts3.6" "@types/to-regex-range@ts3.6" "@types/tough-cookie@ts3.6" "@types/tr46@ts3.6" "@types/tryer@ts3.6" "@types/type-check@ts3.6" "@types/type-detect@ts3.6" "@types/typedarray-to-buffer@ts3.6" "@types/uniq@ts3.6" "@types/universalify@ts3.6" "@types/urix@ts3.6" "@types/url-parse@ts3.6" "@types/util-deprecate@ts3.6" "@types/util.promisify@ts3.6" "@types/validate-npm-package-license@ts3.6" "@types/w3c-hr-time@ts3.6" "@types/w3c-xmlserializer@ts3.6" "@types/watchpack@ts3.6" "@types/webidl-conversions@ts3.6" "@types/webpack@ts3.6" "@types/webpack-manifest-plugin@ts3.6" "@types/webpack-sources@ts3.6" "@types/whatwg-encoding@ts3.6" "@types/whatwg-mimetype@ts3.6" "@types/whatwg-url@ts3.6" "@types/which@ts3.6" "@types/which-pm-runs@ts3.6" "@types/workbox-build@ts3.6" "@types/workbox-sw@ts3.6" "@types/workbox-webpack-plugin@ts3.6" "@types/wrap-ansi@ts3.6" "@types/write-file-atomic@ts3.6" "@types/ws@ts3.6" "@types/xml-name-validator@ts3.6" "@types/xtend@ts3.6" "@types/yallist@ts3.6" "@types/yargs@ts3.6" "@types/yargs-parser@ts3.6" "--save-dev" "--user-agent=typesInstaller/3.6.3"
354 verbose node v12.18.3
355 verbose npm  v6.14.6
356 error code ETARGET
357 error notarget No matching version found for @types/path-browserify@ts3.6.
358 error notarget In most cases you or one of your dependencies are requesting
358 error notarget a package version that doesn't exist.
359 verbose exit [ 1, true ]
