0 info it worked if it ends with ok
1 verbose cli [
1 verbose cli   '/usr/local/bin/node',
1 verbose cli   '/usr/local/bin/npm',
1 verbose cli   'install',
1 verbose cli   '--ignore-scripts',
1 verbose cli   '@types/argparse@ts3.6',
1 verbose cli   '@types/aria-query@ts3.6',
1 verbose cli   '@types/arr-diff@ts3.6',
1 verbose cli   '@types/arr-union@ts3.6',
1 verbose cli   '@types/array-unique@ts3.6',
1 verbose cli   '@types/array.prototype.flat@ts3.6',
1 verbose cli   '@types/array.prototype.flatmap@ts3.6',
1 verbose cli   '@types/asap@ts3.6',
1 verbose cli   '@types/assert@ts3.6',
1 verbose cli   '@types/async@ts3.6',
1 verbose cli   '@types/atob@ts3.6',
1 verbose cli   '@types/babel-plugin-macros@ts3.6',
1 verbose cli   '@types/babylon@ts3.6',
1 verbose cli   '@types/balanced-match@ts3.6',
1 verbose cli   '@types/big.js@ts3.6',
1 verbose cli   '@types/bluebird@ts3.6',
1 verbose cli   '@types/bn.js@ts3.6',
1 verbose cli   '@types/bonjour@ts3.6',
1 verbose cli   '@types/boolbase@ts3.6',
1 verbose cli   '@types/brace-expansion@ts3.6',
1 verbose cli   '@types/braces@ts3.6',
1 verbose cli   '@types/brorand@ts3.6',
1 verbose cli   '@types/bser@ts3.6',
1 verbose cli   '@types/buffer-from@ts3.6',
1 verbose cli   '@types/buffer-xor@ts3.6',
1 verbose cli   '@types/cacache@ts3.6',
1 verbose cli   '@types/call-bind@ts3.6',
1 verbose cli   '@types/caniuse-api@ts3.6',
1 verbose cli   '@types/caniuse-lite@ts3.6',
1 verbose cli   '@types/case-sensitive-paths-webpack-plugin@ts3.6',
1 verbose cli   '@types/check-types@ts3.6',
1 verbose cli   '@types/chownr@ts3.6',
1 verbose cli   '@types/cipher-base@ts3.6',
1 verbose cli   '@types/clean-css@ts3.6',
1 verbose cli   '@types/co@ts3.6',
1 verbose cli   '@types/color@ts3.6',
1 verbose cli   '@types/color-convert@ts3.6',
1 verbose cli   '@types/color-name@ts3.6',
1 verbose cli   '@types/color-string@ts3.6',
1 verbose cli   '@types/combined-stream@ts3.6',
1 verbose cli   '@types/common-tags@ts3.6',
1 verbose cli   '@types/commondir@ts3.6',
1 verbose cli   '@types/component-emitter@ts3.6',
1 verbose cli   '@types/compose-function@ts3.6',
1 verbose cli   '@types/compressible@ts3.6',
1 verbose cli   '@types/compression@ts3.6',
1 verbose cli   '@types/concat-map@ts3.6',
1 verbose cli   '@types/concat-stream@ts3.6',
1 verbose cli   '@types/confusing-browser-globals@ts3.6',
1 verbose cli   '@types/connect-history-api-fallback@ts3.6',
1 verbose cli   '@types/convert-source-map@ts3.6',
1 verbose cli   '@types/core-js@ts3.6',
1 verbose cli   '@types/create-hash@ts3.6',
1 verbose cli   '@types/create-hmac@ts3.6',
1 verbose cli   '@types/cross-spawn@ts3.6',
1 verbose cli   '@types/css@ts3.6',
1 verbose cli   '@types/css-declaration-sorter@ts3.6',
1 verbose cli   '@types/css-tree@ts3.6',
1 verbose cli   '@types/css.escape@ts3.6',
1 verbose cli   '@types/cssesc@ts3.6',
1 verbose cli   '@types/csso@ts3.6',
1 verbose cli   '@types/cssom@ts3.6',
1 verbose cli   '@types/cssstyle@ts3.6',
1 verbose cli   '@types/d@ts3.6',
1 verbose cli   '@types/damerau-levenshtein@ts3.6',
1 verbose cli   '@types/data-urls@ts3.6',
1 verbose cli   '@types/decode-uri-component@ts3.6',
1 verbose cli   '@types/dedent@ts3.6',
1 verbose cli   '@types/deep-equal@ts3.6',
1 verbose cli   '@types/default-gateway@ts3.6',
1 verbose cli   '@types/define-properties@ts3.6',
1 verbose cli   '@types/detect-node@ts3.6',
1 verbose cli   '@types/diffie-hellman@ts3.6',
1 verbose cli   '@types/dir-glob@ts3.6',
1 verbose cli   '@types/dns-packet@ts3.6',
1 verbose cli   '@types/doctrine@ts3.6',
1 verbose cli   '@types/domexception@ts3.6',
1 verbose cli   '@types/domutils@ts3.6',
1 verbose cli   '@types/duplexify@ts3.6',
1 verbose cli   '@types/ejs@ts3.6',
1 verbose cli   '@types/elliptic@ts3.6',
1 verbose cli   '@types/end-of-stream@ts3.6',
1 verbose cli   '@types/enhanced-resolve@ts3.6',
1 verbose cli   '@types/es-abstract@ts3.6',
1 verbose cli   '@types/es-to-primitive@ts3.6',
1 verbose cli   '@types/escodegen@ts3.6',
1 verbose cli   '@types/eslint@ts3.6',
1 verbose cli   '@types/eslint-scope@ts3.6',
1 verbose cli   '@types/eslint-utils@ts3.6',
1 verbose cli   '@types/eslint-visitor-keys@ts3.6',
1 verbose cli   '@types/esprima@ts3.6',
1 verbose cli   '@types/esquery@ts3.6',
1 verbose cli   '@types/estraverse@ts3.6',
1 verbose cli   '@types/esutils@ts3.6',
1 verbose cli   '@types/events@ts3.6',
1 verbose cli   '@types/eventsource@ts3.6',
1 verbose cli   ... 76 more items
1 verbose cli ]
2 info using npm@6.14.6
3 info using node@v12.18.3
4 verbose npm-session 8ce6e36ac4e4f447
5 silly install loadCurrentTree
6 silly install readLocalPackageData
7 http fetch GET 304 https://registry.npmjs.org/@types%2faria-query 247ms (from cache)
8 silly pacote tag manifest for @types/aria-query@ts3.6 fetched in 251ms
9 http fetch GET 304 https://registry.npmjs.org/@types%2fasync 285ms (from cache)
10 http fetch GET 304 https://registry.npmjs.org/@types%2fargparse 295ms (from cache)
11 silly pacote tag manifest for @types/async@ts3.6 fetched in 290ms
12 silly pacote tag manifest for @types/argparse@ts3.6 fetched in 311ms
13 http fetch GET 304 https://registry.npmjs.org/@types%2farr-diff 347ms (from cache)
14 silly pacote tag manifest for @types/arr-diff@ts3.6 fetched in 349ms
15 http fetch GET 304 https://registry.npmjs.org/@types%2farr-union 357ms (from cache)
16 http fetch GET 304 https://registry.npmjs.org/@types%2farray.prototype.flat 356ms (from cache)
17 silly pacote tag manifest for @types/arr-union@ts3.6 fetched in 361ms
18 http fetch GET 304 https://registry.npmjs.org/@types%2farray-unique 360ms (from cache)
19 silly pacote tag manifest for @types/array.prototype.flat@ts3.6 fetched in 361ms
20 silly pacote tag manifest for @types/array-unique@ts3.6 fetched in 365ms
21 http fetch GET 304 https://registry.npmjs.org/@types%2fbabylon 85ms (from cache)
22 silly pacote tag manifest for @types/babylon@ts3.6 fetched in 88ms
23 http fetch GET 304 https://registry.npmjs.org/@types%2fassert 412ms (from cache)
24 silly pacote tag manifest for @types/assert@ts3.6 fetched in 417ms
25 http fetch GET 304 https://registry.npmjs.org/@types%2fatob 173ms (from cache)
26 silly pacote tag manifest for @types/atob@ts3.6 fetched in 176ms
27 http fetch GET 304 https://registry.npmjs.org/@types%2fbluebird 92ms (from cache)
28 silly pacote tag manifest for @types/bluebird@ts3.6 fetched in 95ms
29 http fetch GET 304 https://registry.npmjs.org/@types%2fbabel-plugin-macros 189ms (from cache)
30 silly pacote tag manifest for @types/babel-plugin-macros@ts3.6 fetched in 190ms
31 http fetch GET 304 https://registry.npmjs.org/@types%2fbonjour 131ms (from cache)
32 silly pacote tag manifest for @types/bonjour@ts3.6 fetched in 135ms
33 http fetch GET 304 https://registry.npmjs.org/@types%2fbalanced-match 191ms (from cache)
34 http fetch GET 304 https://registry.npmjs.org/@types%2fbig.js 179ms (from cache)
35 http fetch GET 304 https://registry.npmjs.org/@types%2fbn.js 178ms (from cache)
36 silly pacote tag manifest for @types/balanced-match@ts3.6 fetched in 196ms
37 silly pacote tag manifest for @types/big.js@ts3.6 fetched in 186ms
38 silly pacote tag manifest for @types/bn.js@ts3.6 fetched in 185ms
39 http fetch GET 304 https://registry.npmjs.org/@types%2fbrace-expansion 135ms (from cache)
40 silly pacote tag manifest for @types/brace-expansion@ts3.6 fetched in 137ms
41 http fetch GET 304 https://registry.npmjs.org/@types%2fboolbase 160ms (from cache)
42 silly pacote tag manifest for @types/boolbase@ts3.6 fetched in 163ms
43 http fetch GET 304 https://registry.npmjs.org/@types%2fbraces 162ms (from cache)
44 silly pacote tag manifest for @types/braces@ts3.6 fetched in 165ms
45 http fetch GET 304 https://registry.npmjs.org/@types%2fbrorand 181ms (from cache)
46 http fetch GET 304 https://registry.npmjs.org/@types%2fcall-bind 108ms (from cache)
47 silly registry:manifest no matching version for @types/call-bind@ts3.6 in the cache. Forcing revalidation.
48 silly pacote tag manifest for @types/brorand@ts3.6 fetched in 200ms
49 http fetch GET 304 https://registry.npmjs.org/@types%2fbuffer-from 158ms (from cache)
50 silly pacote tag manifest for @types/buffer-from@ts3.6 fetched in 161ms
51 http fetch GET 304 https://registry.npmjs.org/@types%2fcacache 159ms (from cache)
52 silly pacote tag manifest for @types/cacache@ts3.6 fetched in 170ms
53 http fetch GET 304 https://registry.npmjs.org/@types%2fbser 210ms (from cache)
54 http fetch GET 304 https://registry.npmjs.org/@types%2fcaniuse-api 152ms (from cache)
55 silly pacote tag manifest for @types/bser@ts3.6 fetched in 214ms
56 silly pacote tag manifest for @types/caniuse-api@ts3.6 fetched in 156ms
57 http fetch GET 304 https://registry.npmjs.org/@types%2fcaniuse-lite 135ms (from cache)
58 silly pacote tag manifest for @types/caniuse-lite@ts3.6 fetched in 137ms
59 http fetch GET 304 https://registry.npmjs.org/@types%2fcase-sensitive-paths-webpack-plugin 134ms (from cache)
60 silly pacote tag manifest for @types/case-sensitive-paths-webpack-plugin@ts3.6 fetched in 136ms
61 http fetch GET 304 https://registry.npmjs.org/@types%2fclean-css 128ms (from cache)
62 silly pacote tag manifest for @types/clean-css@ts3.6 fetched in 133ms
63 http fetch GET 304 https://registry.npmjs.org/@types%2fcheck-types 195ms (from cache)
64 silly pacote tag manifest for @types/check-types@ts3.6 fetched in 199ms
65 http fetch GET 304 https://registry.npmjs.org/@types%2fchownr 186ms (from cache)
66 http fetch GET 304 https://registry.npmjs.org/@types%2fco 150ms (from cache)
67 silly pacote tag manifest for @types/chownr@ts3.6 fetched in 197ms
68 silly pacote tag manifest for @types/co@ts3.6 fetched in 160ms
69 http fetch GET 304 https://registry.npmjs.org/@types%2fcipher-base 195ms (from cache)
70 silly pacote tag manifest for @types/cipher-base@ts3.6 fetched in 198ms
71 http fetch GET 304 https://registry.npmjs.org/@types%2fcolor 163ms (from cache)
72 http fetch GET 304 https://registry.npmjs.org/@types%2fcolor-name 81ms (from cache)
73 silly pacote tag manifest for @types/color@ts3.6 fetched in 167ms
74 silly pacote tag manifest for @types/color-name@ts3.6 fetched in 85ms
75 http fetch GET 304 https://registry.npmjs.org/@types%2fcolor-convert 166ms (from cache)
76 silly pacote tag manifest for @types/color-convert@ts3.6 fetched in 168ms
77 http fetch GET 304 https://registry.npmjs.org/@types%2fcombined-stream 139ms (from cache)
78 silly pacote tag manifest for @types/combined-stream@ts3.6 fetched in 141ms
79 http fetch GET 304 https://registry.npmjs.org/@types%2fcolor-string 166ms (from cache)
80 http fetch GET 304 https://registry.npmjs.org/@types%2fcommon-tags 147ms (from cache)
81 silly pacote tag manifest for @types/color-string@ts3.6 fetched in 172ms
82 silly pacote tag manifest for @types/common-tags@ts3.6 fetched in 155ms
83 http fetch GET 304 https://registry.npmjs.org/@types%2fcomponent-emitter 116ms (from cache)
84 silly pacote tag manifest for @types/component-emitter@ts3.6 fetched in 119ms
85 http fetch GET 304 https://registry.npmjs.org/@types%2fcommondir 122ms (from cache)
86 silly pacote tag manifest for @types/commondir@ts3.6 fetched in 126ms
87 http fetch GET 304 https://registry.npmjs.org/@types%2fcompressible 80ms (from cache)
88 silly pacote tag manifest for @types/compressible@ts3.6 fetched in 83ms
89 http fetch GET 304 https://registry.npmjs.org/@types%2fcompression 86ms (from cache)
90 silly pacote tag manifest for @types/compression@ts3.6 fetched in 91ms
91 http fetch GET 304 https://registry.npmjs.org/@types%2fconcat-map 99ms (from cache)
92 silly pacote tag manifest for @types/concat-map@ts3.6 fetched in 101ms
93 http fetch GET 304 https://registry.npmjs.org/@types%2fconnect-history-api-fallback 100ms (from cache)
94 silly pacote tag manifest for @types/connect-history-api-fallback@ts3.6 fetched in 104ms
95 http fetch GET 304 https://registry.npmjs.org/@types%2fconfusing-browser-globals 158ms (from cache)
96 silly pacote tag manifest for @types/confusing-browser-globals@ts3.6 fetched in 162ms
97 http fetch GET 304 https://registry.npmjs.org/@types%2fcore-js 90ms (from cache)
98 silly pacote tag manifest for @types/core-js@ts3.6 fetched in 96ms
99 http fetch GET 304 https://registry.npmjs.org/@types%2fconvert-source-map 153ms (from cache)
100 silly pacote tag manifest for @types/convert-source-map@ts3.6 fetched in 155ms
101 http fetch GET 304 https://registry.npmjs.org/@types%2fcreate-hash 125ms (from cache)
102 silly pacote tag manifest for @types/create-hash@ts3.6 fetched in 128ms
103 http fetch GET 304 https://registry.npmjs.org/@types%2fcross-spawn 143ms (from cache)
104 silly pacote tag manifest for @types/cross-spawn@ts3.6 fetched in 145ms
105 http fetch GET 304 https://registry.npmjs.org/@types%2fcreate-hmac 183ms (from cache)
106 silly pacote tag manifest for @types/create-hmac@ts3.6 fetched in 187ms
107 http fetch GET 304 https://registry.npmjs.org/@types%2fcss-tree 143ms (from cache)
108 silly pacote tag manifest for @types/css-tree@ts3.6 fetched in 145ms
109 http fetch GET 304 https://registry.npmjs.org/@types%2farray.prototype.flatmap 2503ms (from cache)
110 silly pacote tag manifest for @types/array.prototype.flatmap@ts3.6 fetched in 2506ms
111 http fetch GET 304 https://registry.npmjs.org/@types%2fcss-declaration-sorter 1215ms (from cache)
112 silly pacote tag manifest for @types/css-declaration-sorter@ts3.6 fetched in 1217ms
113 http fetch GET 304 https://registry.npmjs.org/@types%2fasap 2635ms (from cache)
114 silly pacote tag manifest for @types/asap@ts3.6 fetched in 2637ms
115 http fetch GET 304 https://registry.npmjs.org/@types%2fcsso 136ms (from cache)
116 silly pacote tag manifest for @types/csso@ts3.6 fetched in 143ms
117 http fetch GET 304 https://registry.npmjs.org/@types%2fcss.escape 1224ms (from cache)
118 silly registry:manifest no matching version for @types/css.escape@ts3.6 in the cache. Forcing revalidation.
119 http fetch GET 304 https://registry.npmjs.org/@types%2fd 67ms (from cache)
120 silly pacote tag manifest for @types/d@ts3.6 fetched in 70ms
121 http fetch GET 304 https://registry.npmjs.org/@types%2fcssom 190ms (from cache)
122 http fetch GET 304 https://registry.npmjs.org/@types%2fcssstyle 148ms (from cache)
123 silly pacote tag manifest for @types/cssom@ts3.6 fetched in 194ms
124 silly pacote tag manifest for @types/cssstyle@ts3.6 fetched in 152ms
125 http fetch GET 304 https://registry.npmjs.org/@types%2fcssesc 1243ms (from cache)
126 silly pacote tag manifest for @types/cssesc@ts3.6 fetched in 1247ms
127 http fetch GET 304 https://registry.npmjs.org/@types%2fbuffer-xor 2325ms (from cache)
128 silly pacote tag manifest for @types/buffer-xor@ts3.6 fetched in 2327ms
129 http fetch GET 200 https://registry.npmjs.org/@types%2fcall-bind 2301ms
130 silly fetchPackageMetaData error for @types/call-bind@ts3.6 No matching version found for @types/call-bind@ts3.6.
131 http fetch GET 304 https://registry.npmjs.org/@types%2fdata-urls 199ms (from cache)
132 http fetch GET 304 https://registry.npmjs.org/@types%2fdedent 164ms (from cache)
133 silly pacote tag manifest for @types/data-urls@ts3.6 fetched in 202ms
134 silly pacote tag manifest for @types/dedent@ts3.6 fetched in 167ms
135 http fetch GET 304 https://registry.npmjs.org/@types%2fdeep-equal 155ms (from cache)
136 silly pacote tag manifest for @types/deep-equal@ts3.6 fetched in 159ms
137 http fetch GET 304 https://registry.npmjs.org/@types%2fdetect-node 153ms (from cache)
138 silly pacote tag manifest for @types/detect-node@ts3.6 fetched in 160ms
139 http fetch GET 304 https://registry.npmjs.org/@types%2fdefault-gateway 185ms (from cache)
140 silly pacote tag manifest for @types/default-gateway@ts3.6 fetched in 187ms
141 http fetch GET 304 https://registry.npmjs.org/@types%2fdiffie-hellman 163ms (from cache)
142 http fetch GET 304 https://registry.npmjs.org/@types%2fdamerau-levenshtein 478ms (from cache)
143 silly pacote tag manifest for @types/diffie-hellman@ts3.6 fetched in 167ms
144 silly pacote tag manifest for @types/damerau-levenshtein@ts3.6 fetched in 483ms
145 http fetch GET 304 https://registry.npmjs.org/@types%2fdir-glob 128ms (from cache)
146 silly pacote tag manifest for @types/dir-glob@ts3.6 fetched in 130ms
147 http fetch GET 304 https://registry.npmjs.org/@types%2fdns-packet 137ms (from cache)
148 silly pacote tag manifest for @types/dns-packet@ts3.6 fetched in 141ms
149 http fetch GET 304 https://registry.npmjs.org/@types%2fdoctrine 157ms (from cache)
150 silly pacote tag manifest for @types/doctrine@ts3.6 fetched in 160ms
151 http fetch GET 304 https://registry.npmjs.org/@types%2fconcat-stream 2303ms (from cache)
152 http fetch GET 304 https://registry.npmjs.org/@types%2fcompose-function 2372ms (from cache)
153 silly pacote tag manifest for @types/concat-stream@ts3.6 fetched in 2308ms
154 silly pacote tag manifest for @types/compose-function@ts3.6 fetched in 2376ms
155 http fetch GET 304 https://registry.npmjs.org/@types%2fduplexify 143ms (from cache)
156 http fetch GET 304 https://registry.npmjs.org/@types%2fejs 92ms (from cache)
157 silly pacote tag manifest for @types/duplexify@ts3.6 fetched in 151ms
158 silly pacote tag manifest for @types/ejs@ts3.6 fetched in 98ms
159 http fetch GET 304 https://registry.npmjs.org/@types%2fdomexception 267ms (from cache)
160 silly pacote tag manifest for @types/domexception@ts3.6 fetched in 269ms
161 http fetch GET 304 https://registry.npmjs.org/@types%2fend-of-stream 155ms (from cache)
162 silly pacote tag manifest for @types/end-of-stream@ts3.6 fetched in 157ms
163 http fetch GET 304 https://registry.npmjs.org/@types%2fcss 2262ms (from cache)
164 silly pacote tag manifest for @types/css@ts3.6 fetched in 2264ms
165 http fetch GET 304 https://registry.npmjs.org/@types%2feslint 83ms (from cache)
166 http fetch GET 304 https://registry.npmjs.org/@types%2fenhanced-resolve 228ms (from cache)
167 silly pacote tag manifest for @types/eslint@ts3.6 fetched in 88ms
168 silly pacote tag manifest for @types/enhanced-resolve@ts3.6 fetched in 233ms
169 http fetch GET 304 https://registry.npmjs.org/@types%2feslint-scope 80ms (from cache)
170 silly pacote tag manifest for @types/eslint-scope@ts3.6 fetched in 82ms
171 http fetch GET 304 https://registry.npmjs.org/@types%2feslint-visitor-keys 139ms (from cache)
172 silly pacote tag manifest for @types/eslint-visitor-keys@ts3.6 fetched in 141ms
173 http fetch GET 304 https://registry.npmjs.org/@types%2fdecode-uri-component 1286ms (from cache)
174 silly pacote tag manifest for @types/decode-uri-component@ts3.6 fetched in 1289ms
175 http fetch GET 304 https://registry.npmjs.org/@types%2fesprima 190ms (from cache)
176 silly pacote tag manifest for @types/esprima@ts3.6 fetched in 195ms
177 http fetch GET 304 https://registry.npmjs.org/@types%2felliptic 1653ms (from cache)
178 silly pacote tag manifest for @types/elliptic@ts3.6 fetched in 1657ms
179 http fetch GET 200 https://registry.npmjs.org/@types%2fcss.escape 2385ms
180 silly fetchPackageMetaData error for @types/css.escape@ts3.6 No matching version found for @types/css.escape@ts3.6.
181 http fetch GET 304 https://registry.npmjs.org/@types%2fes-to-primitive 1608ms (from cache)
182 silly pacote tag manifest for @types/es-to-primitive@ts3.6 fetched in 1613ms
183 http fetch GET 304 https://registry.npmjs.org/@types%2fesutils 237ms (from cache)
184 silly pacote tag manifest for @types/esutils@ts3.6 fetched in 239ms
185 http fetch GET 304 https://registry.npmjs.org/@types%2fdefine-properties 2377ms (from cache)
186 silly pacote tag manifest for @types/define-properties@ts3.6 fetched in 2382ms
187 http fetch GET 304 https://registry.npmjs.org/@types%2festraverse 1346ms (from cache)
188 silly pacote tag manifest for @types/estraverse@ts3.6 fetched in 1349ms
189 http fetch GET 304 https://registry.npmjs.org/@types%2fexit 175ms (from cache)
190 silly pacote tag manifest for @types/exit@ts3.6 fetched in 177ms
191 http fetch GET 304 https://registry.npmjs.org/@types%2ffast-levenshtein 161ms (from cache)
192 silly pacote tag manifest for @types/fast-levenshtein@ts3.6 fetched in 163ms
193 http fetch GET 304 https://registry.npmjs.org/@types%2fdomutils 2300ms (from cache)
194 silly pacote tag manifest for @types/domutils@ts3.6 fetched in 2302ms
195 http fetch GET 304 https://registry.npmjs.org/@types%2ffb-watchman 154ms (from cache)
196 silly pacote tag manifest for @types/fb-watchman@ts3.6 fetched in 158ms
197 http fetch GET 304 https://registry.npmjs.org/@types%2ffile-loader 89ms (from cache)
198 silly pacote tag manifest for @types/file-loader@ts3.6 fetched in 93ms
199 http fetch GET 304 https://registry.npmjs.org/@types%2ffill-range 161ms (from cache)
200 silly registry:manifest no matching version for @types/fill-range@ts3.6 in the cache. Forcing revalidation.
201 http fetch GET 304 https://registry.npmjs.org/@types%2ffind-cache-dir 159ms (from cache)
202 http fetch GET 304 https://registry.npmjs.org/@types%2fflat-cache 148ms (from cache)
203 silly pacote tag manifest for @types/find-cache-dir@ts3.6 fetched in 165ms
204 silly pacote tag manifest for @types/flat-cache@ts3.6 fetched in 152ms
205 http fetch GET 304 https://registry.npmjs.org/@types%2fes-abstract 2342ms (from cache)
206 silly pacote tag manifest for @types/es-abstract@ts3.6 fetched in 2346ms
207 http fetch GET 304 https://registry.npmjs.org/@types%2fflush-write-stream 132ms (from cache)
208 silly pacote tag manifest for @types/flush-write-stream@ts3.6 fetched in 135ms
209 http fetch GET 304 https://registry.npmjs.org/@types%2fescodegen 2377ms (from cache)
210 http fetch GET 304 https://registry.npmjs.org/@types%2ffollow-redirects 174ms (from cache)
211 silly pacote tag manifest for @types/escodegen@ts3.6 fetched in 2385ms
212 silly pacote tag manifest for @types/follow-redirects@ts3.6 fetched in 178ms
213 http fetch GET 304 https://registry.npmjs.org/@types%2ffrom2 162ms (from cache)
214 silly pacote tag manifest for @types/from2@ts3.6 fetched in 166ms
215 http fetch GET 304 https://registry.npmjs.org/@types%2fgensync 72ms (from cache)
216 silly registry:manifest no matching version for @types/gensync@ts3.6 in the cache. Forcing revalidation.
217 http fetch GET 304 https://registry.npmjs.org/@types%2feslint-utils 2404ms (from cache)
218 silly pacote tag manifest for @types/eslint-utils@ts3.6 fetched in 2405ms
219 http fetch GET 304 https://registry.npmjs.org/@types%2ffunctional-red-black-tree 152ms (from cache)
220 silly pacote tag manifest for @types/functional-red-black-tree@ts3.6 fetched in 154ms
221 http fetch GET 304 https://registry.npmjs.org/@types%2fget-intrinsic 176ms (from cache)
222 silly registry:manifest no matching version for @types/get-intrinsic@ts3.6 in the cache. Forcing revalidation.
223 http fetch GET 200 https://registry.npmjs.org/@types%2fgensync 171ms
224 silly fetchPackageMetaData error for @types/gensync@ts3.6 No matching version found for @types/gensync@ts3.6.
225 http fetch GET 304 https://registry.npmjs.org/@types%2fglob 93ms (from cache)
226 silly pacote tag manifest for @types/glob@ts3.6 fetched in 98ms
227 http fetch GET 304 https://registry.npmjs.org/@types%2fget-value 159ms (from cache)
228 silly pacote tag manifest for @types/get-value@ts3.6 fetched in 161ms
229 http fetch GET 304 https://registry.npmjs.org/@types%2fevents 1279ms (from cache)
230 silly pacote tag manifest for @types/events@ts3.6 fetched in 1281ms
231 http fetch GET 200 https://registry.npmjs.org/@types%2fget-intrinsic 222ms
232 silly fetchPackageMetaData error for @types/get-intrinsic@ts3.6 No matching version found for @types/get-intrinsic@ts3.6.
233 http fetch GET 304 https://registry.npmjs.org/@types%2fglobal-modules 222ms (from cache)
234 silly pacote tag manifest for @types/global-modules@ts3.6 fetched in 228ms
235 http fetch GET 304 https://registry.npmjs.org/@types%2fglob-parent 245ms (from cache)
236 silly pacote tag manifest for @types/glob-parent@ts3.6 fetched in 247ms
237 http fetch GET 304 https://registry.npmjs.org/@types%2fesquery 2385ms (from cache)
238 silly pacote tag manifest for @types/esquery@ts3.6 fetched in 2387ms
239 http fetch GET 304 https://registry.npmjs.org/@types%2fglobal-prefix 227ms (from cache)
240 silly pacote tag manifest for @types/global-prefix@ts3.6 fetched in 228ms
241 http fetch GET 304 https://registry.npmjs.org/@types%2fgraceful-fs 131ms (from cache)
242 silly pacote tag manifest for @types/graceful-fs@ts3.6 fetched in 134ms
243 http fetch GET 304 https://registry.npmjs.org/@types%2fhex-color-regex 209ms (from cache)
244 silly pacote tag manifest for @types/hex-color-regex@ts3.6 fetched in 212ms
245 http fetch GET 304 https://registry.npmjs.org/@types%2fhe 245ms (from cache)
246 silly pacote tag manifest for @types/he@ts3.6 fetched in 247ms
247 http fetch GET 304 https://registry.npmjs.org/@types%2fhosted-git-info 237ms (from cache)
248 http fetch GET 304 https://registry.npmjs.org/@types%2fhtml-encoding-sniffer 234ms (from cache)
249 silly pacote tag manifest for @types/hosted-git-info@ts3.6 fetched in 240ms
250 silly pacote tag manifest for @types/html-encoding-sniffer@ts3.6 fetched in 237ms
251 http fetch GET 304 https://registry.npmjs.org/@types%2fhtml-minifier-terser 86ms (from cache)
252 silly pacote tag manifest for @types/html-minifier-terser@ts3.6 fetched in 90ms
253 http fetch GET 304 https://registry.npmjs.org/@types%2fhttp-proxy 90ms (from cache)
254 silly pacote tag manifest for @types/http-proxy@ts3.6 fetched in 93ms
255 http fetch GET 304 https://registry.npmjs.org/@types%2fhtml-escaper 149ms (from cache)
256 silly pacote tag manifest for @types/html-escaper@ts3.6 fetched in 151ms
257 http fetch GET 304 https://registry.npmjs.org/@types%2ficss-utils 150ms (from cache)
258 silly pacote tag manifest for @types/icss-utils@ts3.6 fetched in 153ms
259 http fetch GET 304 https://registry.npmjs.org/@types%2fini 83ms (from cache)
260 silly pacote tag manifest for @types/ini@ts3.6 fetched in 86ms
261 http fetch GET 304 https://registry.npmjs.org/@types%2fiferr 161ms (from cache)
262 http fetch GET 304 https://registry.npmjs.org/@types%2fimurmurhash 136ms (from cache)
263 silly pacote tag manifest for @types/iferr@ts3.6 fetched in 167ms
264 silly pacote tag manifest for @types/imurmurhash@ts3.6 fetched in 140ms
265 http fetch GET 304 https://registry.npmjs.org/@types%2fip 180ms (from cache)
266 silly pacote tag manifest for @types/ip@ts3.6 fetched in 183ms
267 http fetch GET 200 https://registry.npmjs.org/@types%2fis-bigint 173ms
268 silly fetchPackageMetaData error for @types/is-bigint@ts3.6 No matching version found for @types/is-bigint@ts3.6.
269 http fetch GET 304 https://registry.npmjs.org/@types%2fis-arguments 179ms (from cache)
270 silly pacote tag manifest for @types/is-arguments@ts3.6 fetched in 183ms
271 http fetch GET 200 https://registry.npmjs.org/@types%2fis-boolean-object 188ms
272 silly fetchPackageMetaData error for @types/is-boolean-object@ts3.6 No matching version found for @types/is-boolean-object@ts3.6.
273 http fetch GET 304 https://registry.npmjs.org/@types%2fis-callable 254ms (from cache)
274 silly pacote tag manifest for @types/is-callable@ts3.6 fetched in 256ms
275 http fetch GET 304 https://registry.npmjs.org/@types%2feventsource 2338ms (from cache)
276 silly pacote tag manifest for @types/eventsource@ts3.6 fetched in 2340ms
277 http fetch GET 304 https://registry.npmjs.org/@types%2fis-ci 149ms (from cache)
278 silly pacote tag manifest for @types/is-ci@ts3.6 fetched in 151ms
279 http fetch GET 304 https://registry.npmjs.org/@types%2fis-core-module 207ms (from cache)
280 silly pacote tag manifest for @types/is-core-module@ts3.6 fetched in 210ms
281 http fetch GET 304 https://registry.npmjs.org/@types%2fis-date-object 206ms (from cache)
282 silly pacote tag manifest for @types/is-date-object@ts3.6 fetched in 208ms
283 http fetch GET 304 https://registry.npmjs.org/@types%2fis-number 90ms (from cache)
284 silly pacote tag manifest for @types/is-number@ts3.6 fetched in 91ms
285 http fetch GET 304 https://registry.npmjs.org/@types%2ffile-entry-cache 2380ms (from cache)
286 http fetch GET 304 https://registry.npmjs.org/@types%2fhas 1497ms (from cache)
287 silly pacote tag manifest for @types/file-entry-cache@ts3.6 fetched in 2384ms
288 silly pacote tag manifest for @types/has@ts3.6 fetched in 1500ms
289 http fetch GET 304 https://registry.npmjs.org/@types%2fis-typedarray 92ms (from cache)
290 silly pacote tag manifest for @types/is-typedarray@ts3.6 fetched in 94ms
291 http fetch GET 200 https://registry.npmjs.org/@types%2ffill-range 2345ms
292 silly fetchPackageMetaData error for @types/fill-range@ts3.6 No matching version found for @types/fill-range@ts3.6.
293 http fetch GET 304 https://registry.npmjs.org/@types%2fis-windows 148ms (from cache)
294 silly pacote tag manifest for @types/is-windows@ts3.6 fetched in 151ms
295 http fetch GET 304 https://registry.npmjs.org/@types%2ffunction-bind 2313ms (from cache)
296 silly pacote tag manifest for @types/function-bind@ts3.6 fetched in 2318ms
297 http fetch GET 304 https://registry.npmjs.org/@types%2fisexe 173ms (from cache)
298 silly pacote tag manifest for @types/isexe@ts3.6 fetched in 176ms
299 http fetch GET 304 https://registry.npmjs.org/@types%2fistanbul-lib-coverage 90ms (from cache)
300 silly pacote tag manifest for @types/istanbul-lib-coverage@ts3.6 fetched in 93ms
301 http fetch GET 304 https://registry.npmjs.org/@types%2fisarray 287ms (from cache)
302 silly pacote tag manifest for @types/isarray@ts3.6 fetched in 289ms
303 http fetch GET 304 https://registry.npmjs.org/@types%2fistanbul-lib-report 88ms (from cache)
304 silly pacote tag manifest for @types/istanbul-lib-report@ts3.6 fetched in 91ms
305 http fetch GET 304 https://registry.npmjs.org/@types%2fistanbul-lib-instrument 183ms (from cache)
306 silly pacote tag manifest for @types/istanbul-lib-instrument@ts3.6 fetched in 187ms
307 http fetch GET 304 https://registry.npmjs.org/@types%2fistanbul-reports 114ms (from cache)
308 silly pacote tag manifest for @types/istanbul-reports@ts3.6 fetched in 116ms
309 http fetch GET 304 https://registry.npmjs.org/@types%2fjsdom 180ms (from cache)
310 silly pacote tag manifest for @types/jsdom@ts3.6 fetched in 183ms
311 http fetch GET 304 https://registry.npmjs.org/@types%2fistanbul-lib-source-maps 381ms (from cache)
312 silly pacote tag manifest for @types/istanbul-lib-source-maps@ts3.6 fetched in 385ms
313 http fetch GET 304 https://registry.npmjs.org/@types%2fhas-symbols 2461ms (from cache)
314 silly pacote tag manifest for @types/has-symbols@ts3.6 fetched in 2463ms
315 http fetch GET 304 https://registry.npmjs.org/@types%2fjson-parse-better-errors 365ms (from cache)
316 silly pacote tag manifest for @types/json-parse-better-errors@ts3.6 fetched in 369ms
317 http fetch GET 304 https://registry.npmjs.org/@types%2fjsonfile 288ms (from cache)
318 silly pacote tag manifest for @types/jsonfile@ts3.6 fetched in 291ms
319 http fetch GET 304 https://registry.npmjs.org/@types%2fis-regex 1613ms (from cache)
320 http fetch GET 304 https://registry.npmjs.org/@types%2finternal-slot 2476ms (from cache)
321 silly pacote tag manifest for @types/is-regex@ts3.6 fetched in 1618ms
322 silly pacote tag manifest for @types/internal-slot@ts3.6 fetched in 2481ms
323 http fetch GET 200 https://registry.npmjs.org/@types%2flanguage-tags 191ms
324 silly fetchPackageMetaData error for @types/language-tags@ts3.6 No matching version found for @types/language-tags@ts3.6.
325 http fetch GET 200 https://registry.npmjs.org/@types%2fis-string 1526ms
326 silly fetchPackageMetaData error for @types/is-string@ts3.6 No matching version found for @types/is-string@ts3.6.
327 http fetch GET 304 https://registry.npmjs.org/@types%2flodash.memoize 132ms (from cache)
328 silly pacote tag manifest for @types/lodash.memoize@ts3.6 fetched in 135ms
329 http fetch GET 304 https://registry.npmjs.org/@types%2fis-buffer 2408ms (from cache)
330 silly pacote tag manifest for @types/is-buffer@ts3.6 fetched in 2411ms
331 http fetch GET 304 https://registry.npmjs.org/@types%2flodash.merge 157ms (from cache)
332 silly pacote tag manifest for @types/lodash.merge@ts3.6 fetched in 160ms
333 http fetch GET 304 https://registry.npmjs.org/@types%2floader-runner 223ms (from cache)
334 silly pacote tag manifest for @types/loader-runner@ts3.6 fetched in 226ms
335 http fetch GET 304 https://registry.npmjs.org/@types%2flodash.uniq 144ms (from cache)
336 silly pacote tag manifest for @types/lodash.uniq@ts3.6 fetched in 147ms
337 http fetch GET 304 https://registry.npmjs.org/@types%2flodash.truncate 174ms (from cache)
338 silly pacote tag manifest for @types/lodash.truncate@ts3.6 fetched in 176ms
339 http fetch GET 304 https://registry.npmjs.org/@types%2fmemory-fs 144ms (from cache)
340 silly pacote tag manifest for @types/memory-fs@ts3.6 fetched in 148ms
341 http fetch GET 304 https://registry.npmjs.org/@types%2fis-glob 2345ms (from cache)
342 silly pacote tag manifest for @types/is-glob@ts3.6 fetched in 2348ms
343 http fetch GET 304 https://registry.npmjs.org/@types%2fjs-yaml 1472ms (from cache)
344 silly pacote tag manifest for @types/js-yaml@ts3.6 fetched in 1474ms
345 http fetch GET 304 https://registry.npmjs.org/@types%2floader-utils 1298ms (from cache)
346 silly pacote tag manifest for @types/loader-utils@ts3.6 fetched in 1301ms
347 http fetch GET 304 https://registry.npmjs.org/@types%2fjsesc 2315ms (from cache)
348 silly pacote tag manifest for @types/jsesc@ts3.6 fetched in 2319ms
349 http fetch GET 304 https://registry.npmjs.org/@types%2fkind-of 2318ms (from cache)
350 silly pacote tag manifest for @types/kind-of@ts3.6 fetched in 2320ms
351 http fetch GET 304 https://registry.npmjs.org/@types%2flodash.template 2311ms (from cache)
352 silly pacote tag manifest for @types/lodash.template@ts3.6 fetched in 2314ms
353 http fetch GET 304 https://registry.npmjs.org/@types%2flz-string 2363ms (from cache)
354 silly pacote tag manifest for @types/lz-string@ts3.6 fetched in 2365ms
355 http fetch GET 200 https://registry.npmjs.org/@types%2fis-data-descriptor 5136ms
356 silly fetchPackageMetaData error for @types/is-data-descriptor@ts3.6 No matching version found for @types/is-data-descriptor@ts3.6.
357 timing stage:rollbackFailedOptional Completed in 1ms
358 timing stage:runTopLevelLifecycles Completed in 12974ms
359 verbose type tag
360 verbose stack @types/call-bind: No matching version found for @types/call-bind@ts3.6.
360 verbose stack     at pickManifest (/usr/local/lib/node_modules/npm/node_modules/npm-pick-manifest/index.js:122:13)
360 verbose stack     at /usr/local/lib/node_modules/npm/node_modules/pacote/lib/fetchers/registry/manifest.js:43:18
360 verbose stack     at tryCatcher (/usr/local/lib/node_modules/npm/node_modules/bluebird/js/release/util.js:16:23)
360 verbose stack     at Promise._settlePromiseFromHandler (/usr/local/lib/node_modules/npm/node_modules/bluebird/js/release/promise.js:517:31)
360 verbose stack     at Promise._settlePromise (/usr/local/lib/node_modules/npm/node_modules/bluebird/js/release/promise.js:574:18)
360 verbose stack     at Promise._settlePromise0 (/usr/local/lib/node_modules/npm/node_modules/bluebird/js/release/promise.js:619:10)
360 verbose stack     at Promise._settlePromises (/usr/local/lib/node_modules/npm/node_modules/bluebird/js/release/promise.js:699:18)
360 verbose stack     at _drainQueueStep (/usr/local/lib/node_modules/npm/node_modules/bluebird/js/release/async.js:138:12)
360 verbose stack     at _drainQueue (/usr/local/lib/node_modules/npm/node_modules/bluebird/js/release/async.js:131:9)
360 verbose stack     at Async._drainQueues (/usr/local/lib/node_modules/npm/node_modules/bluebird/js/release/async.js:147:5)
360 verbose stack     at Immediate.Async.drainQueues [as _onImmediate] (/usr/local/lib/node_modules/npm/node_modules/bluebird/js/release/async.js:17:14)
360 verbose stack     at processImmediate (internal/timers.js:456:21)
361 verbose cwd /home/theia/.cache/typescript/3.6
362 verbose Linux 5.10.16.3-microsoft-standard-WSL2
363 verbose argv "/usr/local/bin/node" "/usr/local/bin/npm" "install" "--ignore-scripts" "@types/argparse@ts3.6" "@types/aria-query@ts3.6" "@types/arr-diff@ts3.6" "@types/arr-union@ts3.6" "@types/array-unique@ts3.6" "@types/array.prototype.flat@ts3.6" "@types/array.prototype.flatmap@ts3.6" "@types/asap@ts3.6" "@types/assert@ts3.6" "@types/async@ts3.6" "@types/atob@ts3.6" "@types/babel-plugin-macros@ts3.6" "@types/babylon@ts3.6" "@types/balanced-match@ts3.6" "@types/big.js@ts3.6" "@types/bluebird@ts3.6" "@types/bn.js@ts3.6" "@types/bonjour@ts3.6" "@types/boolbase@ts3.6" "@types/brace-expansion@ts3.6" "@types/braces@ts3.6" "@types/brorand@ts3.6" "@types/bser@ts3.6" "@types/buffer-from@ts3.6" "@types/buffer-xor@ts3.6" "@types/cacache@ts3.6" "@types/call-bind@ts3.6" "@types/caniuse-api@ts3.6" "@types/caniuse-lite@ts3.6" "@types/case-sensitive-paths-webpack-plugin@ts3.6" "@types/check-types@ts3.6" "@types/chownr@ts3.6" "@types/cipher-base@ts3.6" "@types/clean-css@ts3.6" "@types/co@ts3.6" "@types/color@ts3.6" "@types/color-convert@ts3.6" "@types/color-name@ts3.6" "@types/color-string@ts3.6" "@types/combined-stream@ts3.6" "@types/common-tags@ts3.6" "@types/commondir@ts3.6" "@types/component-emitter@ts3.6" "@types/compose-function@ts3.6" "@types/compressible@ts3.6" "@types/compression@ts3.6" "@types/concat-map@ts3.6" "@types/concat-stream@ts3.6" "@types/confusing-browser-globals@ts3.6" "@types/connect-history-api-fallback@ts3.6" "@types/convert-source-map@ts3.6" "@types/core-js@ts3.6" "@types/create-hash@ts3.6" "@types/create-hmac@ts3.6" "@types/cross-spawn@ts3.6" "@types/css@ts3.6" "@types/css-declaration-sorter@ts3.6" "@types/css-tree@ts3.6" "@types/css.escape@ts3.6" "@types/cssesc@ts3.6" "@types/csso@ts3.6" "@types/cssom@ts3.6" "@types/cssstyle@ts3.6" "@types/d@ts3.6" "@types/damerau-levenshtein@ts3.6" "@types/data-urls@ts3.6" "@types/decode-uri-component@ts3.6" "@types/dedent@ts3.6" "@types/deep-equal@ts3.6" "@types/default-gateway@ts3.6" "@types/define-properties@ts3.6" "@types/detect-node@ts3.6" "@types/diffie-hellman@ts3.6" "@types/dir-glob@ts3.6" "@types/dns-packet@ts3.6" "@types/doctrine@ts3.6" "@types/domexception@ts3.6" "@types/domutils@ts3.6" "@types/duplexify@ts3.6" "@types/ejs@ts3.6" "@types/elliptic@ts3.6" "@types/end-of-stream@ts3.6" "@types/enhanced-resolve@ts3.6" "@types/es-abstract@ts3.6" "@types/es-to-primitive@ts3.6" "@types/escodegen@ts3.6" "@types/eslint@ts3.6" "@types/eslint-scope@ts3.6" "@types/eslint-utils@ts3.6" "@types/eslint-visitor-keys@ts3.6" "@types/esprima@ts3.6" "@types/esquery@ts3.6" "@types/estraverse@ts3.6" "@types/esutils@ts3.6" "@types/events@ts3.6" "@types/eventsource@ts3.6" "@types/exit@ts3.6" "@types/fast-levenshtein@ts3.6" "@types/fb-watchman@ts3.6" "@types/file-entry-cache@ts3.6" "@types/file-loader@ts3.6" "@types/fill-range@ts3.6" "@types/find-cache-dir@ts3.6" "@types/flat-cache@ts3.6" "@types/flush-write-stream@ts3.6" "@types/follow-redirects@ts3.6" "@types/from2@ts3.6" "@types/function-bind@ts3.6" "@types/functional-red-black-tree@ts3.6" "@types/gensync@ts3.6" "@types/get-intrinsic@ts3.6" "@types/get-value@ts3.6" "@types/glob@ts3.6" "@types/glob-parent@ts3.6" "@types/global-modules@ts3.6" "@types/global-prefix@ts3.6" "@types/graceful-fs@ts3.6" "@types/has@ts3.6" "@types/has-symbols@ts3.6" "@types/he@ts3.6" "@types/hex-color-regex@ts3.6" "@types/hosted-git-info@ts3.6" "@types/html-encoding-sniffer@ts3.6" "@types/html-escaper@ts3.6" "@types/html-minifier-terser@ts3.6" "@types/http-proxy@ts3.6" "@types/icss-utils@ts3.6" "@types/iferr@ts3.6" "@types/imurmurhash@ts3.6" "@types/ini@ts3.6" "@types/internal-slot@ts3.6" "@types/ip@ts3.6" "@types/is-arguments@ts3.6" "@types/is-bigint@ts3.6" "@types/is-boolean-object@ts3.6" "@types/is-buffer@ts3.6" "@types/is-callable@ts3.6" "@types/is-ci@ts3.6" "@types/is-core-module@ts3.6" "@types/is-data-descriptor@ts3.6" "@types/is-date-object@ts3.6" "@types/is-glob@ts3.6" "@types/is-number@ts3.6" "@types/is-regex@ts3.6" "@types/is-string@ts3.6" "@types/is-typedarray@ts3.6" "@types/is-windows@ts3.6" "@types/isarray@ts3.6" "@types/isexe@ts3.6" "@types/istanbul-lib-coverage@ts3.6" "@types/istanbul-lib-instrument@ts3.6" "@types/istanbul-lib-report@ts3.6" "@types/istanbul-lib-source-maps@ts3.6" "@types/istanbul-reports@ts3.6" "@types/js-yaml@ts3.6" "@types/jsdom@ts3.6" "@types/jsesc@ts3.6" "@types/json-parse-better-errors@ts3.6" "@types/jsonfile@ts3.6" "@types/kind-of@ts3.6" "@types/language-tags@ts3.6" "@types/loader-runner@ts3.6" "@types/loader-utils@ts3.6" "@types/lodash.memoize@ts3.6" "@types/lodash.merge@ts3.6" "@types/lodash.template@ts3.6" "@types/lodash.truncate@ts3.6" "@types/lodash.uniq@ts3.6" "@types/lz-string@ts3.6" "@types/memory-fs@ts3.6" "--save-dev" "--user-agent=typesInstaller/3.6.3"
364 verbose node v12.18.3
365 verbose npm  v6.14.6
366 error code ETARGET
367 error notarget No matching version found for @types/call-bind@ts3.6.
368 error notarget In most cases you or one of your dependencies are requesting
368 error notarget a package version that doesn't exist.
369 verbose exit [ 1, true ]
