0 info it worked if it ends with ok
1 verbose cli [
1 verbose cli   '/usr/local/bin/node',
1 verbose cli   '/usr/local/bin/npm',
1 verbose cli   'install',
1 verbose cli   '--ignore-scripts',
1 verbose cli   '@types/argparse@ts3.6',
1 verbose cli   '@types/aria-query@ts3.6',
1 verbose cli   '@types/arr-diff@ts3.6',
1 verbose cli   '@types/arr-union@ts3.6',
1 verbose cli   '@types/array-unique@ts3.6',
1 verbose cli   '@types/array.prototype.flat@ts3.6',
1 verbose cli   '@types/array.prototype.flatmap@ts3.6',
1 verbose cli   '@types/asap@ts3.6',
1 verbose cli   '@types/assert@ts3.6',
1 verbose cli   '@types/async@ts3.6',
1 verbose cli   '@types/atob@ts3.6',
1 verbose cli   '@types/babel-plugin-macros@ts3.6',
1 verbose cli   '@types/babylon@ts3.6',
1 verbose cli   '@types/balanced-match@ts3.6',
1 verbose cli   '@types/big.js@ts3.6',
1 verbose cli   '@types/bluebird@ts3.6',
1 verbose cli   '@types/bn.js@ts3.6',
1 verbose cli   '@types/bonjour@ts3.6',
1 verbose cli   '@types/boolbase@ts3.6',
1 verbose cli   '@types/brace-expansion@ts3.6',
1 verbose cli   '@types/braces@ts3.6',
1 verbose cli   '@types/brorand@ts3.6',
1 verbose cli   '@types/bser@ts3.6',
1 verbose cli   '@types/buffer-from@ts3.6',
1 verbose cli   '@types/buffer-xor@ts3.6',
1 verbose cli   '@types/cacache@ts3.6',
1 verbose cli   '@types/call-bind@ts3.6',
1 verbose cli   '@types/caniuse-api@ts3.6',
1 verbose cli   '@types/caniuse-lite@ts3.6',
1 verbose cli   '@types/case-sensitive-paths-webpack-plugin@ts3.6',
1 verbose cli   '@types/check-types@ts3.6',
1 verbose cli   '@types/chownr@ts3.6',
1 verbose cli   '@types/cipher-base@ts3.6',
1 verbose cli   '@types/clean-css@ts3.6',
1 verbose cli   '@types/co@ts3.6',
1 verbose cli   '@types/color@ts3.6',
1 verbose cli   '@types/color-convert@ts3.6',
1 verbose cli   '@types/color-name@ts3.6',
1 verbose cli   '@types/color-string@ts3.6',
1 verbose cli   '@types/combined-stream@ts3.6',
1 verbose cli   '@types/common-tags@ts3.6',
1 verbose cli   '@types/commondir@ts3.6',
1 verbose cli   '@types/component-emitter@ts3.6',
1 verbose cli   '@types/compose-function@ts3.6',
1 verbose cli   '@types/compressible@ts3.6',
1 verbose cli   '@types/compression@ts3.6',
1 verbose cli   '@types/concat-map@ts3.6',
1 verbose cli   '@types/concat-stream@ts3.6',
1 verbose cli   '@types/confusing-browser-globals@ts3.6',
1 verbose cli   '@types/connect-history-api-fallback@ts3.6',
1 verbose cli   '@types/convert-source-map@ts3.6',
1 verbose cli   '@types/core-js@ts3.6',
1 verbose cli   '@types/create-hash@ts3.6',
1 verbose cli   '@types/create-hmac@ts3.6',
1 verbose cli   '@types/cross-spawn@ts3.6',
1 verbose cli   '@types/css@ts3.6',
1 verbose cli   '@types/css-declaration-sorter@ts3.6',
1 verbose cli   '@types/css-tree@ts3.6',
1 verbose cli   '@types/css.escape@ts3.6',
1 verbose cli   '@types/cssesc@ts3.6',
1 verbose cli   '@types/csso@ts3.6',
1 verbose cli   '@types/cssom@ts3.6',
1 verbose cli   '@types/cssstyle@ts3.6',
1 verbose cli   '@types/d@ts3.6',
1 verbose cli   '@types/damerau-levenshtein@ts3.6',
1 verbose cli   '@types/data-urls@ts3.6',
1 verbose cli   '@types/decode-uri-component@ts3.6',
1 verbose cli   '@types/dedent@ts3.6',
1 verbose cli   '@types/deep-equal@ts3.6',
1 verbose cli   '@types/default-gateway@ts3.6',
1 verbose cli   '@types/define-properties@ts3.6',
1 verbose cli   '@types/detect-node@ts3.6',
1 verbose cli   '@types/diffie-hellman@ts3.6',
1 verbose cli   '@types/dir-glob@ts3.6',
1 verbose cli   '@types/dns-packet@ts3.6',
1 verbose cli   '@types/doctrine@ts3.6',
1 verbose cli   '@types/domexception@ts3.6',
1 verbose cli   '@types/domutils@ts3.6',
1 verbose cli   '@types/duplexify@ts3.6',
1 verbose cli   '@types/ejs@ts3.6',
1 verbose cli   '@types/elliptic@ts3.6',
1 verbose cli   '@types/end-of-stream@ts3.6',
1 verbose cli   '@types/enhanced-resolve@ts3.6',
1 verbose cli   '@types/es-abstract@ts3.6',
1 verbose cli   '@types/es-to-primitive@ts3.6',
1 verbose cli   '@types/escodegen@ts3.6',
1 verbose cli   '@types/eslint@ts3.6',
1 verbose cli   '@types/eslint-scope@ts3.6',
1 verbose cli   '@types/eslint-utils@ts3.6',
1 verbose cli   '@types/eslint-visitor-keys@ts3.6',
1 verbose cli   '@types/esprima@ts3.6',
1 verbose cli   '@types/esquery@ts3.6',
1 verbose cli   '@types/estraverse@ts3.6',
1 verbose cli   '@types/esutils@ts3.6',
1 verbose cli   '@types/events@ts3.6',
1 verbose cli   '@types/eventsource@ts3.6',
1 verbose cli   ... 76 more items
1 verbose cli ]
2 info using npm@6.14.6
3 info using node@v12.18.3
4 verbose npm-session 1294bbf05b3a883f
5 silly install loadCurrentTree
6 silly install readLocalPackageData
7 http fetch GET 304 https://registry.npmjs.org/@types%2faria-query 1802ms (from cache)
8 silly pacote tag manifest for @types/aria-query@ts3.6 fetched in 1810ms
9 http fetch GET 304 https://registry.npmjs.org/@types%2fasap 1854ms (from cache)
10 silly pacote tag manifest for @types/asap@ts3.6 fetched in 1858ms
11 http fetch GET 304 https://registry.npmjs.org/@types%2farray.prototype.flat 1912ms (from cache)
12 silly pacote tag manifest for @types/array.prototype.flat@ts3.6 fetched in 1917ms
13 http fetch GET 304 https://registry.npmjs.org/@types%2fargparse 1969ms (from cache)
14 silly pacote tag manifest for @types/argparse@ts3.6 fetched in 1980ms
15 http fetch GET 304 https://registry.npmjs.org/@types%2farr-diff 2126ms (from cache)
16 http fetch GET 304 https://registry.npmjs.org/@types%2fatob 318ms (from cache)
17 silly pacote tag manifest for @types/arr-diff@ts3.6 fetched in 2130ms
18 silly pacote tag manifest for @types/atob@ts3.6 fetched in 322ms
19 http fetch GET 304 https://registry.npmjs.org/@types%2fasync 2371ms (from cache)
20 silly pacote tag manifest for @types/async@ts3.6 fetched in 2378ms
21 http fetch GET 304 https://registry.npmjs.org/@types%2fbabel-plugin-macros 641ms (from cache)
22 http fetch GET 304 https://registry.npmjs.org/@types%2fbabylon 585ms (from cache)
23 silly pacote tag manifest for @types/babel-plugin-macros@ts3.6 fetched in 645ms
24 silly pacote tag manifest for @types/babylon@ts3.6 fetched in 592ms
25 http fetch GET 304 https://registry.npmjs.org/@types%2fbalanced-match 543ms (from cache)
26 silly pacote tag manifest for @types/balanced-match@ts3.6 fetched in 558ms
27 http fetch GET 304 https://registry.npmjs.org/@types%2fbluebird 458ms (from cache)
28 http fetch GET 304 https://registry.npmjs.org/@types%2fbig.js 463ms (from cache)
29 silly pacote tag manifest for @types/bluebird@ts3.6 fetched in 464ms
30 silly pacote tag manifest for @types/big.js@ts3.6 fetched in 468ms
31 http fetch GET 304 https://registry.npmjs.org/@types%2fbn.js 271ms (from cache)
32 silly pacote tag manifest for @types/bn.js@ts3.6 fetched in 274ms
33 http fetch GET 304 https://registry.npmjs.org/@types%2farray.prototype.flatmap 2658ms (from cache)
34 silly pacote tag manifest for @types/array.prototype.flatmap@ts3.6 fetched in 2669ms
35 http fetch GET 304 https://registry.npmjs.org/@types%2fbonjour 340ms (from cache)
36 http fetch GET 304 https://registry.npmjs.org/@types%2fboolbase 337ms (from cache)
37 silly pacote tag manifest for @types/bonjour@ts3.6 fetched in 343ms
38 http fetch GET 304 https://registry.npmjs.org/@types%2fbrace-expansion 320ms (from cache)
39 silly pacote tag manifest for @types/boolbase@ts3.6 fetched in 341ms
40 silly pacote tag manifest for @types/brace-expansion@ts3.6 fetched in 323ms
41 http fetch GET 304 https://registry.npmjs.org/@types%2fbser 528ms (from cache)
42 http fetch GET 304 https://registry.npmjs.org/@types%2fbraces 592ms (from cache)
43 http fetch GET 304 https://registry.npmjs.org/@types%2fbrorand 591ms (from cache)
44 silly pacote tag manifest for @types/bser@ts3.6 fetched in 531ms
45 silly pacote tag manifest for @types/braces@ts3.6 fetched in 596ms
46 silly pacote tag manifest for @types/brorand@ts3.6 fetched in 593ms
47 http fetch GET 304 https://registry.npmjs.org/@types%2fbuffer-from 610ms (from cache)
48 http fetch GET 304 https://registry.npmjs.org/@types%2fcacache 431ms (from cache)
49 silly pacote tag manifest for @types/buffer-from@ts3.6 fetched in 614ms
50 silly pacote tag manifest for @types/cacache@ts3.6 fetched in 433ms
51 http fetch GET 304 https://registry.npmjs.org/@types%2fcall-bind 454ms (from cache)
52 silly registry:manifest no matching version for @types/call-bind@ts3.6 in the cache. Forcing revalidation.
53 http fetch GET 304 https://registry.npmjs.org/@types%2fcaniuse-lite 188ms (from cache)
54 silly pacote tag manifest for @types/caniuse-lite@ts3.6 fetched in 193ms
55 http fetch GET 304 https://registry.npmjs.org/@types%2fcaniuse-api 205ms (from cache)
56 silly pacote tag manifest for @types/caniuse-api@ts3.6 fetched in 210ms
57 http fetch GET 304 https://registry.npmjs.org/@types%2fcase-sensitive-paths-webpack-plugin 387ms (from cache)
58 http fetch GET 304 https://registry.npmjs.org/@types%2fassert 3577ms (from cache)
59 http fetch GET 304 https://registry.npmjs.org/@types%2fcheck-types 296ms (from cache)
60 silly pacote tag manifest for @types/case-sensitive-paths-webpack-plugin@ts3.6 fetched in 393ms
61 silly pacote tag manifest for @types/assert@ts3.6 fetched in 3583ms
62 silly pacote tag manifest for @types/check-types@ts3.6 fetched in 301ms
63 http fetch GET 304 https://registry.npmjs.org/@types%2fchownr 343ms (from cache)
64 silly pacote tag manifest for @types/chownr@ts3.6 fetched in 348ms
65 http fetch GET 304 https://registry.npmjs.org/@types%2farr-union 3659ms (from cache)
66 silly pacote tag manifest for @types/arr-union@ts3.6 fetched in 3668ms
67 http fetch GET 304 https://registry.npmjs.org/@types%2farray-unique 3871ms (from cache)
68 http fetch GET 304 https://registry.npmjs.org/@types%2fco 288ms (from cache)
69 http fetch GET 304 https://registry.npmjs.org/@types%2fcipher-base 487ms (from cache)
70 http fetch GET 304 https://registry.npmjs.org/@types%2fclean-css 473ms (from cache)
71 silly pacote tag manifest for @types/co@ts3.6 fetched in 292ms
72 silly pacote tag manifest for @types/array-unique@ts3.6 fetched in 3875ms
73 silly pacote tag manifest for @types/cipher-base@ts3.6 fetched in 492ms
74 silly pacote tag manifest for @types/clean-css@ts3.6 fetched in 477ms
75 http fetch GET 200 https://registry.npmjs.org/@types%2fcall-bind 671ms
76 silly fetchPackageMetaData error for @types/call-bind@ts3.6 No matching version found for @types/call-bind@ts3.6.
77 http fetch GET 304 https://registry.npmjs.org/@types%2fcolor-convert 407ms (from cache)
78 http fetch GET 304 https://registry.npmjs.org/@types%2fcolor-name 364ms (from cache)
79 silly pacote tag manifest for @types/color-convert@ts3.6 fetched in 415ms
80 silly pacote tag manifest for @types/color-name@ts3.6 fetched in 369ms
81 http fetch GET 304 https://registry.npmjs.org/@types%2fcombined-stream 424ms (from cache)
82 http fetch GET 304 https://registry.npmjs.org/@types%2fcommon-tags 425ms (from cache)
83 silly pacote tag manifest for @types/combined-stream@ts3.6 fetched in 427ms
84 silly pacote tag manifest for @types/common-tags@ts3.6 fetched in 428ms
85 http fetch GET 304 https://registry.npmjs.org/@types%2fcompressible 429ms (from cache)
86 http fetch GET 304 https://registry.npmjs.org/@types%2fcomponent-emitter 554ms (from cache)
87 http fetch GET 304 https://registry.npmjs.org/@types%2fcompose-function 444ms (from cache)
88 http fetch GET 304 https://registry.npmjs.org/@types%2fcompression 430ms (from cache)
89 silly pacote tag manifest for @types/compressible@ts3.6 fetched in 434ms
90 silly pacote tag manifest for @types/component-emitter@ts3.6 fetched in 558ms
91 silly pacote tag manifest for @types/compose-function@ts3.6 fetched in 449ms
92 silly pacote tag manifest for @types/compression@ts3.6 fetched in 436ms
93 http fetch GET 304 https://registry.npmjs.org/@types%2fcolor-string 801ms (from cache)
94 silly pacote tag manifest for @types/color-string@ts3.6 fetched in 802ms
95 http fetch GET 304 https://registry.npmjs.org/@types%2fconcat-map 342ms (from cache)
96 http fetch GET 304 https://registry.npmjs.org/@types%2fbuffer-xor 1797ms (from cache)
97 silly pacote tag manifest for @types/concat-map@ts3.6 fetched in 347ms
98 http fetch GET 304 https://registry.npmjs.org/@types%2fconfusing-browser-globals 222ms (from cache)
99 silly pacote tag manifest for @types/buffer-xor@ts3.6 fetched in 1812ms
100 silly pacote tag manifest for @types/confusing-browser-globals@ts3.6 fetched in 243ms
101 http fetch GET 304 https://registry.npmjs.org/@types%2fconnect-history-api-fallback 286ms (from cache)
102 silly pacote tag manifest for @types/connect-history-api-fallback@ts3.6 fetched in 288ms
103 http fetch GET 304 https://registry.npmjs.org/@types%2fconvert-source-map 287ms (from cache)
104 silly pacote tag manifest for @types/convert-source-map@ts3.6 fetched in 288ms
105 http fetch GET 304 https://registry.npmjs.org/@types%2fcolor 1156ms (from cache)
106 silly pacote tag manifest for @types/color@ts3.6 fetched in 1157ms
107 http fetch GET 304 https://registry.npmjs.org/@types%2fcore-js 365ms (from cache)
108 silly pacote tag manifest for @types/core-js@ts3.6 fetched in 367ms
109 http fetch GET 304 https://registry.npmjs.org/@types%2fcross-spawn 389ms (from cache)
110 http fetch GET 304 https://registry.npmjs.org/@types%2fcreate-hmac 413ms (from cache)
111 http fetch GET 304 https://registry.npmjs.org/@types%2fcss-declaration-sorter 341ms (from cache)
112 http fetch GET 304 https://registry.npmjs.org/@types%2fcss 382ms (from cache)
113 http fetch GET 304 https://registry.npmjs.org/@types%2fcss-tree 342ms (from cache)
114 http fetch GET 304 https://registry.npmjs.org/@types%2fcss.escape 328ms (from cache)
115 silly registry:manifest no matching version for @types/css.escape@ts3.6 in the cache. Forcing revalidation.
116 silly pacote tag manifest for @types/cross-spawn@ts3.6 fetched in 399ms
117 silly pacote tag manifest for @types/create-hmac@ts3.6 fetched in 424ms
118 silly pacote tag manifest for @types/css-declaration-sorter@ts3.6 fetched in 350ms
119 silly pacote tag manifest for @types/css@ts3.6 fetched in 392ms
120 silly pacote tag manifest for @types/css-tree@ts3.6 fetched in 351ms
121 http fetch GET 304 https://registry.npmjs.org/@types%2fcssesc 311ms (from cache)
122 silly pacote tag manifest for @types/cssesc@ts3.6 fetched in 312ms
123 http fetch GET 304 https://registry.npmjs.org/@types%2fcommondir 1243ms (from cache)
124 silly pacote tag manifest for @types/commondir@ts3.6 fetched in 1245ms
125 http fetch GET 304 https://registry.npmjs.org/@types%2fdata-urls 558ms (from cache)
126 http fetch GET 304 https://registry.npmjs.org/@types%2fdamerau-levenshtein 599ms (from cache)
127 http fetch GET 304 https://registry.npmjs.org/@types%2fd 602ms (from cache)
128 http fetch GET 304 https://registry.npmjs.org/@types%2fcsso 606ms (from cache)
129 silly pacote tag manifest for @types/data-urls@ts3.6 fetched in 561ms
130 silly pacote tag manifest for @types/damerau-levenshtein@ts3.6 fetched in 605ms
131 silly pacote tag manifest for @types/d@ts3.6 fetched in 609ms
132 silly pacote tag manifest for @types/csso@ts3.6 fetched in 613ms
133 http fetch GET 304 https://registry.npmjs.org/@types%2fdedent 296ms (from cache)
134 silly pacote tag manifest for @types/dedent@ts3.6 fetched in 298ms
135 http fetch GET 304 https://registry.npmjs.org/@types%2fdecode-uri-component 975ms (from cache)
136 silly pacote tag manifest for @types/decode-uri-component@ts3.6 fetched in 984ms
137 http fetch GET 304 https://registry.npmjs.org/@types%2fcssom 1065ms (from cache)
138 silly pacote tag manifest for @types/cssom@ts3.6 fetched in 1066ms
139 http fetch GET 304 https://registry.npmjs.org/@types%2fdetect-node 191ms (from cache)
140 silly pacote tag manifest for @types/detect-node@ts3.6 fetched in 193ms
141 http fetch GET 304 https://registry.npmjs.org/@types%2fcssstyle 1386ms (from cache)
142 silly pacote tag manifest for @types/cssstyle@ts3.6 fetched in 1390ms
143 http fetch GET 304 https://registry.npmjs.org/@types%2fcreate-hash 2109ms (from cache)
144 http fetch GET 304 https://registry.npmjs.org/@types%2fdefine-properties 896ms (from cache)
145 http fetch GET 304 https://registry.npmjs.org/@types%2fdns-packet 410ms (from cache)
146 silly pacote tag manifest for @types/create-hash@ts3.6 fetched in 2116ms
147 silly pacote tag manifest for @types/define-properties@ts3.6 fetched in 901ms
148 silly pacote tag manifest for @types/dns-packet@ts3.6 fetched in 416ms
149 http fetch GET 304 https://registry.npmjs.org/@types%2fdefault-gateway 1061ms (from cache)
150 silly pacote tag manifest for @types/default-gateway@ts3.6 fetched in 1066ms
151 http fetch GET 304 https://registry.npmjs.org/@types%2fduplexify 524ms (from cache)
152 http fetch GET 304 https://registry.npmjs.org/@types%2fdomutils 528ms (from cache)
153 http fetch GET 304 https://registry.npmjs.org/@types%2fejs 369ms (from cache)
154 http fetch GET 304 https://registry.npmjs.org/@types%2fdeep-equal 1438ms (from cache)
155 silly pacote tag manifest for @types/duplexify@ts3.6 fetched in 533ms
156 silly pacote tag manifest for @types/domutils@ts3.6 fetched in 537ms
157 silly pacote tag manifest for @types/ejs@ts3.6 fetched in 377ms
158 silly pacote tag manifest for @types/deep-equal@ts3.6 fetched in 1447ms
159 http fetch GET 304 https://registry.npmjs.org/@types%2fdiffie-hellman 1080ms (from cache)
160 http fetch GET 304 https://registry.npmjs.org/@types%2fdoctrine 723ms (from cache)
161 silly pacote tag manifest for @types/diffie-hellman@ts3.6 fetched in 1084ms
162 silly pacote tag manifest for @types/doctrine@ts3.6 fetched in 725ms
163 http fetch GET 304 https://registry.npmjs.org/@types%2fconcat-stream 3006ms (from cache)
164 silly pacote tag manifest for @types/concat-stream@ts3.6 fetched in 3011ms
165 http fetch GET 200 https://registry.npmjs.org/@types%2fcss.escape 2756ms
166 silly fetchPackageMetaData error for @types/css.escape@ts3.6 No matching version found for @types/css.escape@ts3.6.
167 http fetch GET 304 https://registry.npmjs.org/@types%2fes-abstract 709ms (from cache)
168 http fetch GET 304 https://registry.npmjs.org/@types%2fescodegen 649ms (from cache)
169 http fetch GET 304 https://registry.npmjs.org/@types%2fenhanced-resolve 715ms (from cache)
170 silly pacote tag manifest for @types/es-abstract@ts3.6 fetched in 713ms
171 silly pacote tag manifest for @types/escodegen@ts3.6 fetched in 653ms
172 silly pacote tag manifest for @types/enhanced-resolve@ts3.6 fetched in 719ms
173 http fetch GET 304 https://registry.npmjs.org/@types%2feslint 533ms (from cache)
174 silly pacote tag manifest for @types/eslint@ts3.6 fetched in 537ms
175 http fetch GET 304 https://registry.npmjs.org/@types%2feslint-scope 610ms (from cache)
176 http fetch GET 304 https://registry.npmjs.org/@types%2feslint-utils 597ms (from cache)
177 http fetch GET 304 https://registry.npmjs.org/@types%2feslint-visitor-keys 595ms (from cache)
178 silly pacote tag manifest for @types/eslint-scope@ts3.6 fetched in 615ms
179 silly pacote tag manifest for @types/eslint-utils@ts3.6 fetched in 604ms
180 silly pacote tag manifest for @types/eslint-visitor-keys@ts3.6 fetched in 602ms
181 http fetch GET 304 https://registry.npmjs.org/@types%2fesquery 657ms (from cache)
182 silly pacote tag manifest for @types/esquery@ts3.6 fetched in 661ms
183 http fetch GET 304 https://registry.npmjs.org/@types%2fend-of-stream 1559ms (from cache)
184 silly pacote tag manifest for @types/end-of-stream@ts3.6 fetched in 1564ms
185 http fetch GET 304 https://registry.npmjs.org/@types%2fdomexception 2107ms (from cache)
186 http fetch GET 304 https://registry.npmjs.org/@types%2festraverse 249ms (from cache)
187 silly pacote tag manifest for @types/domexception@ts3.6 fetched in 2121ms
188 silly pacote tag manifest for @types/estraverse@ts3.6 fetched in 278ms
189 http fetch GET 304 https://registry.npmjs.org/@types%2fevents 310ms (from cache)
190 silly pacote tag manifest for @types/events@ts3.6 fetched in 317ms
191 http fetch GET 304 https://registry.npmjs.org/@types%2fesutils 337ms (from cache)
192 silly pacote tag manifest for @types/esutils@ts3.6 fetched in 342ms
193 http fetch GET 304 https://registry.npmjs.org/@types%2fexit 219ms (from cache)
194 silly pacote tag manifest for @types/exit@ts3.6 fetched in 221ms
195 http fetch GET 304 https://registry.npmjs.org/@types%2ffb-watchman 609ms (from cache)
196 silly pacote tag manifest for @types/fb-watchman@ts3.6 fetched in 612ms
197 http fetch GET 304 https://registry.npmjs.org/@types%2fes-to-primitive 2261ms (from cache)
198 http fetch GET 304 https://registry.npmjs.org/@types%2ffile-loader 661ms (from cache)
199 http fetch GET 304 https://registry.npmjs.org/@types%2ffill-range 543ms (from cache)
200 silly pacote tag manifest for @types/es-to-primitive@ts3.6 fetched in 2264ms
201 silly registry:manifest no matching version for @types/fill-range@ts3.6 in the cache. Forcing revalidation.
202 silly pacote tag manifest for @types/file-loader@ts3.6 fetched in 665ms
203 http fetch GET 304 https://registry.npmjs.org/@types%2ffind-cache-dir 292ms (from cache)
204 silly pacote tag manifest for @types/find-cache-dir@ts3.6 fetched in 297ms
205 http fetch GET 304 https://registry.npmjs.org/@types%2felliptic 2559ms (from cache)
206 silly pacote tag manifest for @types/elliptic@ts3.6 fetched in 2563ms
207 http fetch GET 304 https://registry.npmjs.org/@types%2fdir-glob 3570ms (from cache)
208 silly pacote tag manifest for @types/dir-glob@ts3.6 fetched in 3574ms
209 http fetch GET 304 https://registry.npmjs.org/@types%2feventsource 1304ms (from cache)
210 silly pacote tag manifest for @types/eventsource@ts3.6 fetched in 1307ms
211 http fetch GET 304 https://registry.npmjs.org/@types%2fflat-cache 639ms (from cache)
212 http fetch GET 304 https://registry.npmjs.org/@types%2fflush-write-stream 638ms (from cache)
213 silly pacote tag manifest for @types/flat-cache@ts3.6 fetched in 644ms
214 silly pacote tag manifest for @types/flush-write-stream@ts3.6 fetched in 643ms
215 http fetch GET 304 https://registry.npmjs.org/@types%2ffollow-redirects 553ms (from cache)
216 silly pacote tag manifest for @types/follow-redirects@ts3.6 fetched in 556ms
217 http fetch GET 304 https://registry.npmjs.org/@types%2ffast-levenshtein 1594ms (from cache)
218 http fetch GET 304 https://registry.npmjs.org/@types%2ffrom2 626ms (from cache)
219 http fetch GET 304 https://registry.npmjs.org/@types%2ffunction-bind 599ms (from cache)
220 silly pacote tag manifest for @types/fast-levenshtein@ts3.6 fetched in 1601ms
221 silly pacote tag manifest for @types/from2@ts3.6 fetched in 634ms
222 silly pacote tag manifest for @types/function-bind@ts3.6 fetched in 606ms
223 http fetch GET 304 https://registry.npmjs.org/@types%2fgensync 260ms (from cache)
224 silly registry:manifest no matching version for @types/gensync@ts3.6 in the cache. Forcing revalidation.
225 http fetch GET 304 https://registry.npmjs.org/@types%2fesprima 2562ms (from cache)
226 silly pacote tag manifest for @types/esprima@ts3.6 fetched in 2565ms
227 http fetch GET 304 https://registry.npmjs.org/@types%2fget-intrinsic 316ms (from cache)
228 silly registry:manifest no matching version for @types/get-intrinsic@ts3.6 in the cache. Forcing revalidation.
229 http fetch GET 304 https://registry.npmjs.org/@types%2fget-value 339ms (from cache)
230 silly pacote tag manifest for @types/get-value@ts3.6 fetched in 343ms
231 http fetch GET 304 https://registry.npmjs.org/@types%2fglobal-modules 239ms (from cache)
232 silly pacote tag manifest for @types/global-modules@ts3.6 fetched in 240ms
233 http fetch GET 304 https://registry.npmjs.org/@types%2fglob-parent 482ms (from cache)
234 silly pacote tag manifest for @types/glob-parent@ts3.6 fetched in 485ms
235 http fetch GET 200 https://registry.npmjs.org/@types%2ffill-range 1566ms
236 silly fetchPackageMetaData error for @types/fill-range@ts3.6 No matching version found for @types/fill-range@ts3.6.
237 http fetch GET 304 https://registry.npmjs.org/@types%2ffile-entry-cache 2261ms (from cache)
238 http fetch GET 304 https://registry.npmjs.org/@types%2fglobal-prefix 626ms (from cache)
239 silly pacote tag manifest for @types/file-entry-cache@ts3.6 fetched in 2274ms
240 silly pacote tag manifest for @types/global-prefix@ts3.6 fetched in 636ms
241 http fetch GET 200 https://registry.npmjs.org/@types%2fgensync 779ms
242 silly fetchPackageMetaData error for @types/gensync@ts3.6 No matching version found for @types/gensync@ts3.6.
243 http fetch GET 304 https://registry.npmjs.org/@types%2fhas-symbols 348ms (from cache)
244 http fetch GET 304 https://registry.npmjs.org/@types%2fhas 595ms (from cache)
245 http fetch GET 304 https://registry.npmjs.org/@types%2ffunctional-red-black-tree 1337ms (from cache)
246 silly pacote tag manifest for @types/has-symbols@ts3.6 fetched in 353ms
247 silly pacote tag manifest for @types/has@ts3.6 fetched in 599ms
248 silly pacote tag manifest for @types/functional-red-black-tree@ts3.6 fetched in 1341ms
249 http fetch GET 304 https://registry.npmjs.org/@types%2fhosted-git-info 439ms (from cache)
250 http fetch GET 304 https://registry.npmjs.org/@types%2fhtml-encoding-sniffer 349ms (from cache)
251 silly pacote tag manifest for @types/hosted-git-info@ts3.6 fetched in 442ms
252 silly pacote tag manifest for @types/html-encoding-sniffer@ts3.6 fetched in 354ms
253 http fetch GET 304 https://registry.npmjs.org/@types%2fhtml-escaper 444ms (from cache)
254 http fetch GET 304 https://registry.npmjs.org/@types%2fhtml-minifier-terser 445ms (from cache)
255 http fetch GET 304 https://registry.npmjs.org/@types%2fgraceful-fs 1074ms (from cache)
256 silly pacote tag manifest for @types/html-escaper@ts3.6 fetched in 450ms
257 silly pacote tag manifest for @types/html-minifier-terser@ts3.6 fetched in 453ms
258 silly pacote tag manifest for @types/graceful-fs@ts3.6 fetched in 1084ms
259 http fetch GET 304 https://registry.npmjs.org/@types%2fhttp-proxy 525ms (from cache)
260 silly pacote tag manifest for @types/http-proxy@ts3.6 fetched in 529ms
261 http fetch GET 304 https://registry.npmjs.org/@types%2fimurmurhash 514ms (from cache)
262 http fetch GET 304 https://registry.npmjs.org/@types%2fiferr 629ms (from cache)
263 silly pacote tag manifest for @types/imurmurhash@ts3.6 fetched in 518ms
264 silly pacote tag manifest for @types/iferr@ts3.6 fetched in 637ms
265 http fetch GET 304 https://registry.npmjs.org/@types%2finternal-slot 595ms (from cache)
266 http fetch GET 304 https://registry.npmjs.org/@types%2fip 521ms (from cache)
267 silly pacote tag manifest for @types/internal-slot@ts3.6 fetched in 601ms
268 silly pacote tag manifest for @types/ip@ts3.6 fetched in 527ms
269 http fetch GET 304 https://registry.npmjs.org/@types%2fhex-color-regex 1283ms (from cache)
270 http fetch GET 304 https://registry.npmjs.org/@types%2fhe 1304ms (from cache)
271 silly pacote tag manifest for @types/hex-color-regex@ts3.6 fetched in 1289ms
272 silly pacote tag manifest for @types/he@ts3.6 fetched in 1311ms
273 http fetch GET 304 https://registry.npmjs.org/@types%2fis-arguments 259ms (from cache)
274 silly pacote tag manifest for @types/is-arguments@ts3.6 fetched in 262ms
275 http fetch GET 200 https://registry.npmjs.org/@types%2fget-intrinsic 2173ms
276 silly fetchPackageMetaData error for @types/get-intrinsic@ts3.6 No matching version found for @types/get-intrinsic@ts3.6.
277 http fetch GET 200 https://registry.npmjs.org/@types%2fis-bigint 486ms
278 silly fetchPackageMetaData error for @types/is-bigint@ts3.6 No matching version found for @types/is-bigint@ts3.6.
279 http fetch GET 200 https://registry.npmjs.org/@types%2fis-data-descriptor 366ms
280 silly fetchPackageMetaData error for @types/is-data-descriptor@ts3.6 No matching version found for @types/is-data-descriptor@ts3.6.
281 http fetch GET 304 https://registry.npmjs.org/@types%2fis-callable 635ms (from cache)
282 http fetch GET 304 https://registry.npmjs.org/@types%2fis-core-module 578ms (from cache)
283 http fetch GET 304 https://registry.npmjs.org/@types%2fis-date-object 350ms (from cache)
284 http fetch GET 304 https://registry.npmjs.org/@types%2fis-ci 639ms (from cache)
285 silly pacote tag manifest for @types/is-callable@ts3.6 fetched in 645ms
286 silly pacote tag manifest for @types/is-core-module@ts3.6 fetched in 588ms
287 silly pacote tag manifest for @types/is-date-object@ts3.6 fetched in 360ms
288 silly pacote tag manifest for @types/is-ci@ts3.6 fetched in 648ms
289 http fetch GET 200 https://registry.npmjs.org/@types%2fis-boolean-object 792ms
290 silly fetchPackageMetaData error for @types/is-boolean-object@ts3.6 No matching version found for @types/is-boolean-object@ts3.6.
291 http fetch GET 304 https://registry.npmjs.org/@types%2fis-buffer 914ms (from cache)
292 silly pacote tag manifest for @types/is-buffer@ts3.6 fetched in 916ms
293 http fetch GET 304 https://registry.npmjs.org/@types%2fis-glob 473ms (from cache)
294 silly pacote tag manifest for @types/is-glob@ts3.6 fetched in 477ms
295 http fetch GET 304 https://registry.npmjs.org/@types%2fis-number 472ms (from cache)
296 silly pacote tag manifest for @types/is-number@ts3.6 fetched in 480ms
297 http fetch GET 304 https://registry.npmjs.org/@types%2fis-regex 535ms (from cache)
298 http fetch GET 200 https://registry.npmjs.org/@types%2fis-string 539ms
299 silly pacote tag manifest for @types/is-regex@ts3.6 fetched in 542ms
300 silly fetchPackageMetaData error for @types/is-string@ts3.6 No matching version found for @types/is-string@ts3.6.
301 http fetch GET 304 https://registry.npmjs.org/@types%2fis-typedarray 555ms (from cache)
302 silly pacote tag manifest for @types/is-typedarray@ts3.6 fetched in 556ms
303 http fetch GET 304 https://registry.npmjs.org/@types%2fis-windows 530ms (from cache)
304 silly pacote tag manifest for @types/is-windows@ts3.6 fetched in 534ms
305 http fetch GET 304 https://registry.npmjs.org/@types%2fistanbul-lib-instrument 584ms (from cache)
306 http fetch GET 304 https://registry.npmjs.org/@types%2fisexe 668ms (from cache)
307 http fetch GET 304 https://registry.npmjs.org/@types%2fini 2499ms (from cache)
308 http fetch GET 304 https://registry.npmjs.org/@types%2ficss-utils 2621ms (from cache)
309 http fetch GET 304 https://registry.npmjs.org/@types%2fistanbul-lib-report 589ms (from cache)
310 http fetch GET 304 https://registry.npmjs.org/@types%2fistanbul-lib-coverage 660ms (from cache)
311 silly pacote tag manifest for @types/istanbul-lib-instrument@ts3.6 fetched in 594ms
312 silly pacote tag manifest for @types/isexe@ts3.6 fetched in 678ms
313 silly pacote tag manifest for @types/ini@ts3.6 fetched in 2507ms
314 silly pacote tag manifest for @types/icss-utils@ts3.6 fetched in 2631ms
315 silly pacote tag manifest for @types/istanbul-lib-report@ts3.6 fetched in 598ms
316 silly pacote tag manifest for @types/istanbul-lib-coverage@ts3.6 fetched in 670ms
317 http fetch GET 304 https://registry.npmjs.org/@types%2fistanbul-reports 641ms (from cache)
318 http fetch GET 304 https://registry.npmjs.org/@types%2fglob 3870ms (from cache)
319 silly pacote tag manifest for @types/istanbul-reports@ts3.6 fetched in 645ms
320 silly pacote tag manifest for @types/glob@ts3.6 fetched in 3873ms
321 http fetch GET 304 https://registry.npmjs.org/@types%2fjs-yaml 233ms (from cache)
322 silly pacote tag manifest for @types/js-yaml@ts3.6 fetched in 242ms
323 http fetch GET 304 https://registry.npmjs.org/@types%2fjsdom 257ms (from cache)
324 silly pacote tag manifest for @types/jsdom@ts3.6 fetched in 266ms
325 http fetch GET 304 https://registry.npmjs.org/@types%2fjson-parse-better-errors 387ms (from cache)
326 http fetch GET 304 https://registry.npmjs.org/@types%2fjsesc 393ms (from cache)
327 silly pacote tag manifest for @types/json-parse-better-errors@ts3.6 fetched in 394ms
328 silly pacote tag manifest for @types/jsesc@ts3.6 fetched in 396ms
329 http fetch GET 304 https://registry.npmjs.org/@types%2fjsonfile 396ms (from cache)
330 http fetch GET 304 https://registry.npmjs.org/@types%2fkind-of 403ms (from cache)
331 silly pacote tag manifest for @types/jsonfile@ts3.6 fetched in 417ms
332 silly pacote tag manifest for @types/kind-of@ts3.6 fetched in 410ms
333 http fetch GET 304 https://registry.npmjs.org/@types%2fisarray 1444ms (from cache)
334 silly pacote tag manifest for @types/isarray@ts3.6 fetched in 1446ms
335 http fetch GET 304 https://registry.npmjs.org/@types%2floader-utils 481ms (from cache)
336 silly pacote tag manifest for @types/loader-utils@ts3.6 fetched in 485ms
337 http fetch GET 304 https://registry.npmjs.org/@types%2fistanbul-lib-source-maps 1466ms (from cache)
338 http fetch GET 304 https://registry.npmjs.org/@types%2flodash.template 489ms (from cache)
339 http fetch GET 304 https://registry.npmjs.org/@types%2flodash.merge 491ms (from cache)
340 silly pacote tag manifest for @types/istanbul-lib-source-maps@ts3.6 fetched in 1471ms
341 silly pacote tag manifest for @types/lodash.template@ts3.6 fetched in 494ms
342 silly pacote tag manifest for @types/lodash.merge@ts3.6 fetched in 496ms
343 http fetch GET 304 https://registry.npmjs.org/@types%2flodash.truncate 672ms (from cache)
344 http fetch GET 304 https://registry.npmjs.org/@types%2flodash.uniq 667ms (from cache)
345 http fetch GET 304 https://registry.npmjs.org/@types%2fmemory-fs 369ms (from cache)
346 silly pacote tag manifest for @types/lodash.uniq@ts3.6 fetched in 670ms
347 silly pacote tag manifest for @types/memory-fs@ts3.6 fetched in 370ms
348 silly pacote tag manifest for @types/lodash.truncate@ts3.6 fetched in 677ms
349 http fetch GET 200 https://registry.npmjs.org/@types%2flanguage-tags 1454ms
350 silly fetchPackageMetaData error for @types/language-tags@ts3.6 No matching version found for @types/language-tags@ts3.6.
351 http fetch GET 304 https://registry.npmjs.org/@types%2floader-runner 1764ms (from cache)
352 http fetch GET 304 https://registry.npmjs.org/@types%2flodash.memoize 1571ms (from cache)
353 silly pacote tag manifest for @types/loader-runner@ts3.6 fetched in 1772ms
354 silly pacote tag manifest for @types/lodash.memoize@ts3.6 fetched in 1578ms
355 http fetch GET 304 https://registry.npmjs.org/@types%2flz-string 1590ms (from cache)
356 silly pacote tag manifest for @types/lz-string@ts3.6 fetched in 1592ms
357 timing stage:rollbackFailedOptional Completed in 0ms
358 timing stage:runTopLevelLifecycles Completed in 16472ms
359 verbose type tag
360 verbose stack @types/call-bind: No matching version found for @types/call-bind@ts3.6.
360 verbose stack     at pickManifest (/usr/local/lib/node_modules/npm/node_modules/npm-pick-manifest/index.js:122:13)
360 verbose stack     at /usr/local/lib/node_modules/npm/node_modules/pacote/lib/fetchers/registry/manifest.js:43:18
360 verbose stack     at tryCatcher (/usr/local/lib/node_modules/npm/node_modules/bluebird/js/release/util.js:16:23)
360 verbose stack     at Promise._settlePromiseFromHandler (/usr/local/lib/node_modules/npm/node_modules/bluebird/js/release/promise.js:517:31)
360 verbose stack     at Promise._settlePromise (/usr/local/lib/node_modules/npm/node_modules/bluebird/js/release/promise.js:574:18)
360 verbose stack     at Promise._settlePromise0 (/usr/local/lib/node_modules/npm/node_modules/bluebird/js/release/promise.js:619:10)
360 verbose stack     at Promise._settlePromises (/usr/local/lib/node_modules/npm/node_modules/bluebird/js/release/promise.js:699:18)
360 verbose stack     at _drainQueueStep (/usr/local/lib/node_modules/npm/node_modules/bluebird/js/release/async.js:138:12)
360 verbose stack     at _drainQueue (/usr/local/lib/node_modules/npm/node_modules/bluebird/js/release/async.js:131:9)
360 verbose stack     at Async._drainQueues (/usr/local/lib/node_modules/npm/node_modules/bluebird/js/release/async.js:147:5)
360 verbose stack     at Immediate.Async.drainQueues [as _onImmediate] (/usr/local/lib/node_modules/npm/node_modules/bluebird/js/release/async.js:17:14)
360 verbose stack     at processImmediate (internal/timers.js:456:21)
361 verbose cwd /home/theia/.cache/typescript/3.6
362 verbose Linux 5.10.16.3-microsoft-standard-WSL2
363 verbose argv "/usr/local/bin/node" "/usr/local/bin/npm" "install" "--ignore-scripts" "@types/argparse@ts3.6" "@types/aria-query@ts3.6" "@types/arr-diff@ts3.6" "@types/arr-union@ts3.6" "@types/array-unique@ts3.6" "@types/array.prototype.flat@ts3.6" "@types/array.prototype.flatmap@ts3.6" "@types/asap@ts3.6" "@types/assert@ts3.6" "@types/async@ts3.6" "@types/atob@ts3.6" "@types/babel-plugin-macros@ts3.6" "@types/babylon@ts3.6" "@types/balanced-match@ts3.6" "@types/big.js@ts3.6" "@types/bluebird@ts3.6" "@types/bn.js@ts3.6" "@types/bonjour@ts3.6" "@types/boolbase@ts3.6" "@types/brace-expansion@ts3.6" "@types/braces@ts3.6" "@types/brorand@ts3.6" "@types/bser@ts3.6" "@types/buffer-from@ts3.6" "@types/buffer-xor@ts3.6" "@types/cacache@ts3.6" "@types/call-bind@ts3.6" "@types/caniuse-api@ts3.6" "@types/caniuse-lite@ts3.6" "@types/case-sensitive-paths-webpack-plugin@ts3.6" "@types/check-types@ts3.6" "@types/chownr@ts3.6" "@types/cipher-base@ts3.6" "@types/clean-css@ts3.6" "@types/co@ts3.6" "@types/color@ts3.6" "@types/color-convert@ts3.6" "@types/color-name@ts3.6" "@types/color-string@ts3.6" "@types/combined-stream@ts3.6" "@types/common-tags@ts3.6" "@types/commondir@ts3.6" "@types/component-emitter@ts3.6" "@types/compose-function@ts3.6" "@types/compressible@ts3.6" "@types/compression@ts3.6" "@types/concat-map@ts3.6" "@types/concat-stream@ts3.6" "@types/confusing-browser-globals@ts3.6" "@types/connect-history-api-fallback@ts3.6" "@types/convert-source-map@ts3.6" "@types/core-js@ts3.6" "@types/create-hash@ts3.6" "@types/create-hmac@ts3.6" "@types/cross-spawn@ts3.6" "@types/css@ts3.6" "@types/css-declaration-sorter@ts3.6" "@types/css-tree@ts3.6" "@types/css.escape@ts3.6" "@types/cssesc@ts3.6" "@types/csso@ts3.6" "@types/cssom@ts3.6" "@types/cssstyle@ts3.6" "@types/d@ts3.6" "@types/damerau-levenshtein@ts3.6" "@types/data-urls@ts3.6" "@types/decode-uri-component@ts3.6" "@types/dedent@ts3.6" "@types/deep-equal@ts3.6" "@types/default-gateway@ts3.6" "@types/define-properties@ts3.6" "@types/detect-node@ts3.6" "@types/diffie-hellman@ts3.6" "@types/dir-glob@ts3.6" "@types/dns-packet@ts3.6" "@types/doctrine@ts3.6" "@types/domexception@ts3.6" "@types/domutils@ts3.6" "@types/duplexify@ts3.6" "@types/ejs@ts3.6" "@types/elliptic@ts3.6" "@types/end-of-stream@ts3.6" "@types/enhanced-resolve@ts3.6" "@types/es-abstract@ts3.6" "@types/es-to-primitive@ts3.6" "@types/escodegen@ts3.6" "@types/eslint@ts3.6" "@types/eslint-scope@ts3.6" "@types/eslint-utils@ts3.6" "@types/eslint-visitor-keys@ts3.6" "@types/esprima@ts3.6" "@types/esquery@ts3.6" "@types/estraverse@ts3.6" "@types/esutils@ts3.6" "@types/events@ts3.6" "@types/eventsource@ts3.6" "@types/exit@ts3.6" "@types/fast-levenshtein@ts3.6" "@types/fb-watchman@ts3.6" "@types/file-entry-cache@ts3.6" "@types/file-loader@ts3.6" "@types/fill-range@ts3.6" "@types/find-cache-dir@ts3.6" "@types/flat-cache@ts3.6" "@types/flush-write-stream@ts3.6" "@types/follow-redirects@ts3.6" "@types/from2@ts3.6" "@types/function-bind@ts3.6" "@types/functional-red-black-tree@ts3.6" "@types/gensync@ts3.6" "@types/get-intrinsic@ts3.6" "@types/get-value@ts3.6" "@types/glob@ts3.6" "@types/glob-parent@ts3.6" "@types/global-modules@ts3.6" "@types/global-prefix@ts3.6" "@types/graceful-fs@ts3.6" "@types/has@ts3.6" "@types/has-symbols@ts3.6" "@types/he@ts3.6" "@types/hex-color-regex@ts3.6" "@types/hosted-git-info@ts3.6" "@types/html-encoding-sniffer@ts3.6" "@types/html-escaper@ts3.6" "@types/html-minifier-terser@ts3.6" "@types/http-proxy@ts3.6" "@types/icss-utils@ts3.6" "@types/iferr@ts3.6" "@types/imurmurhash@ts3.6" "@types/ini@ts3.6" "@types/internal-slot@ts3.6" "@types/ip@ts3.6" "@types/is-arguments@ts3.6" "@types/is-bigint@ts3.6" "@types/is-boolean-object@ts3.6" "@types/is-buffer@ts3.6" "@types/is-callable@ts3.6" "@types/is-ci@ts3.6" "@types/is-core-module@ts3.6" "@types/is-data-descriptor@ts3.6" "@types/is-date-object@ts3.6" "@types/is-glob@ts3.6" "@types/is-number@ts3.6" "@types/is-regex@ts3.6" "@types/is-string@ts3.6" "@types/is-typedarray@ts3.6" "@types/is-windows@ts3.6" "@types/isarray@ts3.6" "@types/isexe@ts3.6" "@types/istanbul-lib-coverage@ts3.6" "@types/istanbul-lib-instrument@ts3.6" "@types/istanbul-lib-report@ts3.6" "@types/istanbul-lib-source-maps@ts3.6" "@types/istanbul-reports@ts3.6" "@types/js-yaml@ts3.6" "@types/jsdom@ts3.6" "@types/jsesc@ts3.6" "@types/json-parse-better-errors@ts3.6" "@types/jsonfile@ts3.6" "@types/kind-of@ts3.6" "@types/language-tags@ts3.6" "@types/loader-runner@ts3.6" "@types/loader-utils@ts3.6" "@types/lodash.memoize@ts3.6" "@types/lodash.merge@ts3.6" "@types/lodash.template@ts3.6" "@types/lodash.truncate@ts3.6" "@types/lodash.uniq@ts3.6" "@types/lz-string@ts3.6" "@types/memory-fs@ts3.6" "--save-dev" "--user-agent=typesInstaller/3.6.3"
364 verbose node v12.18.3
365 verbose npm  v6.14.6
366 error code ETARGET
367 error notarget No matching version found for @types/call-bind@ts3.6.
368 error notarget In most cases you or one of your dependencies are requesting
368 error notarget a package version that doesn't exist.
369 verbose exit [ 1, true ]
