0 info it worked if it ends with ok
1 verbose cli [
1 verbose cli   '/usr/local/bin/node',
1 verbose cli   '/usr/local/bin/npm',
1 verbose cli   'install',
1 verbose cli   '--ignore-scripts',
1 verbose cli   '@types/memorystream@ts3.6',
1 verbose cli   '@types/merge-stream@ts3.6',
1 verbose cli   '@types/merge2@ts3.6',
1 verbose cli   '@types/micromatch@ts3.6',
1 verbose cli   '@types/min-indent@ts3.6',
1 verbose cli   '@types/minimalistic-assert@ts3.6',
1 verbose cli   '@types/minimist@ts3.6',
1 verbose cli   '@types/minizlib@ts3.6',
1 verbose cli   '@types/mkdirp@ts3.6',
1 verbose cli   '@types/move-concurrently@ts3.6',
1 verbose cli   '@types/multicast-dns@ts3.6',
1 verbose cli   '@types/natural-compare@ts3.6',
1 verbose cli   '@types/next-tick@ts3.6',
1 verbose cli   '@types/nice-try@ts3.6',
1 verbose cli   '@types/node-forge@ts3.6',
1 verbose cli   '@types/node-int64@ts3.6',
1 verbose cli   '@types/node-notifier@ts3.6',
1 verbose cli   '@types/normalize-package-data@ts3.6',
1 verbose cli   '@types/normalize-path@ts3.6',
1 verbose cli   '@types/num2fraction@ts3.6',
1 verbose cli   '@types/nwsapi@ts3.6',
1 verbose cli   '@types/object-assign@ts3.6',
1 verbose cli   '@types/object-inspect@ts3.6',
1 verbose cli   '@types/object-keys@ts3.6',
1 verbose cli   '@types/object.fromentries@ts3.6',
1 verbose cli   '@types/object.getownpropertydescriptors@ts3.6',
1 verbose cli   '@types/object.pick@ts3.6',
1 verbose cli   '@types/on-headers@ts3.6',
1 verbose cli   '@types/once@ts3.6',
1 verbose cli   '@types/optimize-css-assets-webpack-plugin@ts3.6',
1 verbose cli   '@types/pako@ts3.6',
1 verbose cli   '@types/parallel-transform@ts3.6',
1 verbose cli   '@types/parse-json@ts3.6',
1 verbose cli   '@types/pascalcase@ts3.6',
1 verbose cli   '@types/path-browserify@ts3.6',
1 verbose cli   '@types/path-is-absolute@ts3.6',
1 verbose cli   '@types/path-is-inside@ts3.6',
1 verbose cli   '@types/path-parse@ts3.6',
1 verbose cli   '@types/pbkdf2@ts3.6',
1 verbose cli   '@types/picomatch@ts3.6',
1 verbose cli   '@types/pify@ts3.6',
1 verbose cli   '@types/postcss-flexbugs-fixes@ts3.6',
1 verbose cli   '@types/postcss-gap-properties@ts3.6',
1 verbose cli   '@types/postcss-modules-extract-imports@ts3.6',
1 verbose cli   '@types/postcss-modules-local-by-default@ts3.6',
1 verbose cli   '@types/postcss-modules-scope@ts3.6',
1 verbose cli   '@types/postcss-modules-values@ts3.6',
1 verbose cli   '@types/postcss-normalize@ts3.6',
1 verbose cli   '@types/postcss-preset-env@ts3.6',
1 verbose cli   '@types/postcss-safe-parser@ts3.6',
1 verbose cli   '@types/prelude-ls@ts3.6',
1 verbose cli   '@types/prettier-linter-helpers@ts3.6',
1 verbose cli   '@types/progress@ts3.6',
1 verbose cli   '@types/promise-inflight@ts3.6',
1 verbose cli   '@types/prompts@ts3.6',
1 verbose cli   '@types/prop-types@ts3.6',
1 verbose cli   '@types/psl@ts3.6',
1 verbose cli   '@types/pump@ts3.6',
1 verbose cli   '@types/pumpify@ts3.6',
1 verbose cli   '@types/punycode@ts3.6',
1 verbose cli   '@types/q@ts3.6',
1 verbose cli   '@types/querystringify@ts3.6',
1 verbose cli   '@types/raf@ts3.6',
1 verbose cli   '@types/randombytes@ts3.6',
1 verbose cli   '@types/react-dev-utils@ts3.6',
1 verbose cli   '@types/react-is@ts3.6',
1 verbose cli   '@types/react-refresh@ts3.6',
1 verbose cli   '@types/readable-stream@ts3.6',
1 verbose cli   '@types/recursive-readdir@ts3.6',
1 verbose cli   '@types/regenerate@ts3.6',
1 verbose cli   '@types/regenerator-runtime@ts3.6',
1 verbose cli   '@types/regex-not@ts3.6',
1 verbose cli   '@types/relateurl@ts3.6',
1 verbose cli   '@types/repeat-element@ts3.6',
1 verbose cli   '@types/repeat-string@ts3.6',
1 verbose cli   '@types/require-directory@ts3.6',
1 verbose cli   '@types/require-from-string@ts3.6',
1 verbose cli   '@types/requires-port@ts3.6',
1 verbose cli   '@types/resolve@ts3.6',
1 verbose cli   '@types/retry@ts3.6',
1 verbose cli   '@types/rimraf@ts3.6',
1 verbose cli   '@types/ripemd160@ts3.6',
1 verbose cli   '@types/rsvp@ts3.6',
1 verbose cli   '@types/run-parallel@ts3.6',
1 verbose cli   '@types/safe-regex@ts3.6',
1 verbose cli   '@types/sane@ts3.6',
1 verbose cli   '@types/sass-loader@ts3.6',
1 verbose cli   '@types/sax@ts3.6',
1 verbose cli   '@types/scheduler@ts3.6',
1 verbose cli   '@types/selfsigned@ts3.6',
1 verbose cli   '@types/semver-compare@ts3.6',
1 verbose cli   '@types/serialize-javascript@ts3.6',
1 verbose cli   '@types/serve-index@ts3.6',
1 verbose cli   '@types/set-value@ts3.6',
1 verbose cli   '@types/setimmediate@ts3.6',
1 verbose cli   '@types/sha.js@ts3.6',
1 verbose cli   ... 76 more items
1 verbose cli ]
2 info using npm@6.14.6
3 info using node@v12.18.3
4 verbose npm-session a1de17fe05a42144
5 silly install loadCurrentTree
6 silly install readLocalPackageData
7 http fetch GET 304 https://registry.npmjs.org/@types%2fmemorystream 541ms (from cache)
8 silly pacote tag manifest for @types/memorystream@ts3.6 fetched in 551ms
9 http fetch GET 304 https://registry.npmjs.org/@types%2fmerge-stream 690ms (from cache)
10 silly pacote tag manifest for @types/merge-stream@ts3.6 fetched in 694ms
11 http fetch GET 304 https://registry.npmjs.org/@types%2fmkdirp 891ms (from cache)
12 http fetch GET 304 https://registry.npmjs.org/@types%2fmerge2 896ms (from cache)
13 http fetch GET 304 https://registry.npmjs.org/@types%2fmicromatch 896ms (from cache)
14 http fetch GET 304 https://registry.npmjs.org/@types%2fmulticast-dns 357ms (from cache)
15 silly pacote tag manifest for @types/merge2@ts3.6 fetched in 903ms
16 silly pacote tag manifest for @types/mkdirp@ts3.6 fetched in 899ms
17 silly pacote tag manifest for @types/micromatch@ts3.6 fetched in 904ms
18 silly pacote tag manifest for @types/multicast-dns@ts3.6 fetched in 367ms
19 http fetch GET 304 https://registry.npmjs.org/@types%2fminimist 908ms (from cache)
20 silly pacote tag manifest for @types/minimist@ts3.6 fetched in 937ms
21 http fetch GET 304 https://registry.npmjs.org/@types%2fnatural-compare 289ms (from cache)
22 silly pacote tag manifest for @types/natural-compare@ts3.6 fetched in 293ms
23 http fetch GET 304 https://registry.npmjs.org/@types%2fmove-concurrently 1001ms (from cache)
24 silly pacote tag manifest for @types/move-concurrently@ts3.6 fetched in 1005ms
25 http fetch GET 304 https://registry.npmjs.org/@types%2fnice-try 325ms (from cache)
26 http fetch GET 304 https://registry.npmjs.org/@types%2fnode-forge 328ms (from cache)
27 silly pacote tag manifest for @types/nice-try@ts3.6 fetched in 335ms
28 http fetch GET 304 https://registry.npmjs.org/@types%2fnext-tick 339ms (from cache)
29 silly pacote tag manifest for @types/node-forge@ts3.6 fetched in 340ms
30 silly pacote tag manifest for @types/next-tick@ts3.6 fetched in 349ms
31 http fetch GET 304 https://registry.npmjs.org/@types%2fnode-int64 666ms (from cache)
32 http fetch GET 304 https://registry.npmjs.org/@types%2fnode-notifier 637ms (from cache)
33 http fetch GET 304 https://registry.npmjs.org/@types%2fnormalize-package-data 591ms (from cache)
34 http fetch GET 304 https://registry.npmjs.org/@types%2fminizlib 1577ms (from cache)
35 http fetch GET 304 https://registry.npmjs.org/@types%2fnormalize-path 570ms (from cache)
36 silly pacote tag manifest for @types/node-int64@ts3.6 fetched in 674ms
37 silly pacote tag manifest for @types/node-notifier@ts3.6 fetched in 645ms
38 silly pacote tag manifest for @types/normalize-package-data@ts3.6 fetched in 599ms
39 silly pacote tag manifest for @types/normalize-path@ts3.6 fetched in 579ms
40 silly pacote tag manifest for @types/minizlib@ts3.6 fetched in 1590ms
41 http fetch GET 304 https://registry.npmjs.org/@types%2fnwsapi 388ms (from cache)
42 http fetch GET 304 https://registry.npmjs.org/@types%2fobject-assign 381ms (from cache)
43 http fetch GET 304 https://registry.npmjs.org/@types%2fminimalistic-assert 1635ms (from cache)
44 silly pacote tag manifest for @types/nwsapi@ts3.6 fetched in 391ms
45 silly pacote tag manifest for @types/object-assign@ts3.6 fetched in 384ms
46 silly pacote tag manifest for @types/minimalistic-assert@ts3.6 fetched in 1638ms
47 http fetch GET 304 https://registry.npmjs.org/@types%2fobject.fromentries 257ms (from cache)
48 http fetch GET 304 https://registry.npmjs.org/@types%2fobject-inspect 263ms (from cache)
49 http fetch GET 304 https://registry.npmjs.org/@types%2fobject-keys 262ms (from cache)
50 silly pacote tag manifest for @types/object.fromentries@ts3.6 fetched in 264ms
51 silly pacote tag manifest for @types/object-inspect@ts3.6 fetched in 271ms
52 silly pacote tag manifest for @types/object-keys@ts3.6 fetched in 271ms
53 http fetch GET 304 https://registry.npmjs.org/@types%2fnum2fraction 741ms (from cache)
54 http fetch GET 304 https://registry.npmjs.org/@types%2fonce 347ms (from cache)
55 http fetch GET 304 https://registry.npmjs.org/@types%2fobject.pick 394ms (from cache)
56 http fetch GET 304 https://registry.npmjs.org/@types%2fobject.getownpropertydescriptors 397ms (from cache)
57 silly pacote tag manifest for @types/once@ts3.6 fetched in 351ms
58 silly pacote tag manifest for @types/num2fraction@ts3.6 fetched in 751ms
59 silly pacote tag manifest for @types/object.pick@ts3.6 fetched in 402ms
60 silly pacote tag manifest for @types/object.getownpropertydescriptors@ts3.6 fetched in 404ms
61 http fetch GET 304 https://registry.npmjs.org/@types%2fmin-indent 2036ms (from cache)
62 silly pacote tag manifest for @types/min-indent@ts3.6 fetched in 2040ms
63 http fetch GET 304 https://registry.npmjs.org/@types%2fparallel-transform 316ms (from cache)
64 http fetch GET 304 https://registry.npmjs.org/@types%2fpako 322ms (from cache)
65 silly pacote tag manifest for @types/parallel-transform@ts3.6 fetched in 324ms
66 silly pacote tag manifest for @types/pako@ts3.6 fetched in 330ms
67 http fetch GET 304 https://registry.npmjs.org/@types%2fparse-json 362ms (from cache)
68 silly pacote tag manifest for @types/parse-json@ts3.6 fetched in 373ms
69 http fetch GET 304 https://registry.npmjs.org/@types%2fpascalcase 255ms (from cache)
70 http fetch GET 304 https://registry.npmjs.org/@types%2fpath-browserify 253ms (from cache)
71 silly registry:manifest no matching version for @types/path-browserify@ts3.6 in the cache. Forcing revalidation.
72 silly pacote tag manifest for @types/pascalcase@ts3.6 fetched in 260ms
73 http fetch GET 304 https://registry.npmjs.org/@types%2fpath-is-inside 257ms (from cache)
74 silly pacote tag manifest for @types/path-is-inside@ts3.6 fetched in 259ms
75 http fetch GET 304 https://registry.npmjs.org/@types%2fpath-is-absolute 317ms (from cache)
76 silly pacote tag manifest for @types/path-is-absolute@ts3.6 fetched in 322ms
77 http fetch GET 200 https://registry.npmjs.org/@types%2fpath-browserify 341ms
78 silly fetchPackageMetaData error for @types/path-browserify@ts3.6 No matching version found for @types/path-browserify@ts3.6.
79 http fetch GET 304 https://registry.npmjs.org/@types%2fpicomatch 411ms (from cache)
80 http fetch GET 304 https://registry.npmjs.org/@types%2fpify 364ms (from cache)
81 http fetch GET 304 https://registry.npmjs.org/@types%2fpbkdf2 416ms (from cache)
82 http fetch GET 304 https://registry.npmjs.org/@types%2fpostcss-modules-extract-imports 281ms (from cache)
83 silly pacote tag manifest for @types/picomatch@ts3.6 fetched in 416ms
84 silly pacote tag manifest for @types/pify@ts3.6 fetched in 368ms
85 silly pacote tag manifest for @types/pbkdf2@ts3.6 fetched in 423ms
86 silly pacote tag manifest for @types/postcss-modules-extract-imports@ts3.6 fetched in 288ms
87 http fetch GET 304 https://registry.npmjs.org/@types%2fpostcss-normalize 216ms (from cache)
88 silly pacote tag manifest for @types/postcss-normalize@ts3.6 fetched in 221ms
89 http fetch GET 304 https://registry.npmjs.org/@types%2fpostcss-modules-values 281ms (from cache)
90 http fetch GET 304 https://registry.npmjs.org/@types%2fpostcss-modules-scope 291ms (from cache)
91 silly pacote tag manifest for @types/postcss-modules-values@ts3.6 fetched in 295ms
92 silly pacote tag manifest for @types/postcss-modules-scope@ts3.6 fetched in 301ms
93 http fetch GET 304 https://registry.npmjs.org/@types%2fpostcss-preset-env 320ms (from cache)
94 silly registry:manifest no matching version for @types/postcss-preset-env@ts3.6 in the cache. Forcing revalidation.
95 http fetch GET 304 https://registry.npmjs.org/@types%2fon-headers 1335ms (from cache)
96 silly pacote tag manifest for @types/on-headers@ts3.6 fetched in 1341ms
97 http fetch GET 304 https://registry.npmjs.org/@types%2fpostcss-gap-properties 730ms (from cache)
98 silly pacote tag manifest for @types/postcss-gap-properties@ts3.6 fetched in 734ms
99 http fetch GET 304 https://registry.npmjs.org/@types%2fprelude-ls 222ms (from cache)
100 silly pacote tag manifest for @types/prelude-ls@ts3.6 fetched in 228ms
101 http fetch GET 304 https://registry.npmjs.org/@types%2fprettier-linter-helpers 340ms (from cache)
102 silly pacote tag manifest for @types/prettier-linter-helpers@ts3.6 fetched in 344ms
103 http fetch GET 304 https://registry.npmjs.org/@types%2fpromise-inflight 414ms (from cache)
104 http fetch GET 304 https://registry.npmjs.org/@types%2fpath-parse 1365ms (from cache)
105 http fetch GET 304 https://registry.npmjs.org/@types%2foptimize-css-assets-webpack-plugin 1767ms (from cache)
106 silly pacote tag manifest for @types/promise-inflight@ts3.6 fetched in 420ms
107 silly pacote tag manifest for @types/path-parse@ts3.6 fetched in 1371ms
108 silly pacote tag manifest for @types/optimize-css-assets-webpack-plugin@ts3.6 fetched in 1775ms
109 http fetch GET 200 https://registry.npmjs.org/@types%2fpostcss-preset-env 657ms
110 silly fetchPackageMetaData error for @types/postcss-preset-env@ts3.6 No matching version found for @types/postcss-preset-env@ts3.6.
111 http fetch GET 304 https://registry.npmjs.org/@types%2fpsl 248ms (from cache)
112 silly pacote tag manifest for @types/psl@ts3.6 fetched in 254ms
113 http fetch GET 304 https://registry.npmjs.org/@types%2fpunycode 525ms (from cache)
114 http fetch GET 304 https://registry.npmjs.org/@types%2fprop-types 867ms (from cache)
115 http fetch GET 304 https://registry.npmjs.org/@types%2fq 451ms (from cache)
116 silly pacote tag manifest for @types/punycode@ts3.6 fetched in 528ms
117 silly pacote tag manifest for @types/prop-types@ts3.6 fetched in 872ms
118 silly pacote tag manifest for @types/q@ts3.6 fetched in 456ms
119 http fetch GET 304 https://registry.npmjs.org/@types%2fpumpify 735ms (from cache)
120 silly pacote tag manifest for @types/pumpify@ts3.6 fetched in 737ms
121 http fetch GET 304 https://registry.npmjs.org/@types%2fpump 1076ms (from cache)
122 http fetch GET 304 https://registry.npmjs.org/@types%2fraf 372ms (from cache)
123 http fetch GET 304 https://registry.npmjs.org/@types%2fpostcss-safe-parser 1666ms (from cache)
124 http fetch GET 304 https://registry.npmjs.org/@types%2frandombytes 373ms (from cache)
125 http fetch GET 304 https://registry.npmjs.org/@types%2fquerystringify 377ms (from cache)
126 silly pacote tag manifest for @types/pump@ts3.6 fetched in 1084ms
127 silly pacote tag manifest for @types/raf@ts3.6 fetched in 384ms
128 silly pacote tag manifest for @types/postcss-safe-parser@ts3.6 fetched in 1682ms
129 silly pacote tag manifest for @types/randombytes@ts3.6 fetched in 389ms
130 silly pacote tag manifest for @types/querystringify@ts3.6 fetched in 395ms
131 http fetch GET 304 https://registry.npmjs.org/@types%2fprogress 1575ms (from cache)
132 http fetch GET 304 https://registry.npmjs.org/@types%2fpostcss-flexbugs-fixes 2304ms (from cache)
133 silly pacote tag manifest for @types/progress@ts3.6 fetched in 1578ms
134 silly pacote tag manifest for @types/postcss-flexbugs-fixes@ts3.6 fetched in 2308ms
135 http fetch GET 304 https://registry.npmjs.org/@types%2frecursive-readdir 250ms (from cache)
136 http fetch GET 304 https://registry.npmjs.org/@types%2freact-is 264ms (from cache)
137 http fetch GET 304 https://registry.npmjs.org/@types%2freact-refresh 260ms (from cache)
138 silly registry:manifest no matching version for @types/react-refresh@ts3.6 in the cache. Forcing revalidation.
139 silly pacote tag manifest for @types/react-is@ts3.6 fetched in 270ms
140 silly pacote tag manifest for @types/recursive-readdir@ts3.6 fetched in 259ms
141 http fetch GET 304 https://registry.npmjs.org/@types%2fregenerate 295ms (from cache)
142 silly registry:manifest no matching version for @types/regenerate@ts3.6 in the cache. Forcing revalidation.
143 http fetch GET 304 https://registry.npmjs.org/@types%2fpostcss-modules-local-by-default 2481ms (from cache)
144 silly pacote tag manifest for @types/postcss-modules-local-by-default@ts3.6 fetched in 2485ms
145 http fetch GET 304 https://registry.npmjs.org/@types%2frelateurl 392ms (from cache)
146 silly pacote tag manifest for @types/relateurl@ts3.6 fetched in 395ms
147 http fetch GET 304 https://registry.npmjs.org/@types%2frepeat-string 211ms (from cache)
148 silly pacote tag manifest for @types/repeat-string@ts3.6 fetched in 213ms
149 http fetch GET 200 https://registry.npmjs.org/@types%2fregenerate 535ms
150 silly fetchPackageMetaData error for @types/regenerate@ts3.6 No matching version found for @types/regenerate@ts3.6.
151 http fetch GET 304 https://registry.npmjs.org/@types%2freact-dev-utils 1222ms (from cache)
152 silly pacote tag manifest for @types/react-dev-utils@ts3.6 fetched in 1225ms
153 http fetch GET 304 https://registry.npmjs.org/@types%2fprompts 2414ms (from cache)
154 silly pacote tag manifest for @types/prompts@ts3.6 fetched in 2420ms
155 http fetch GET 304 https://registry.npmjs.org/@types%2fresolve 218ms (from cache)
156 http fetch GET 304 https://registry.npmjs.org/@types%2frequires-port 252ms (from cache)
157 silly pacote tag manifest for @types/requires-port@ts3.6 fetched in 254ms
158 silly pacote tag manifest for @types/resolve@ts3.6 fetched in 224ms
159 http fetch GET 304 https://registry.npmjs.org/@types%2frimraf 322ms (from cache)
160 silly pacote tag manifest for @types/rimraf@ts3.6 fetched in 328ms
161 http fetch GET 304 https://registry.npmjs.org/@types%2fripemd160 327ms (from cache)
162 silly pacote tag manifest for @types/ripemd160@ts3.6 fetched in 333ms
163 http fetch GET 304 https://registry.npmjs.org/@types%2frequire-directory 887ms (from cache)
164 http fetch GET 304 https://registry.npmjs.org/@types%2fregenerator-runtime 1501ms (from cache)
165 silly pacote tag manifest for @types/regenerator-runtime@ts3.6 fetched in 1506ms
166 silly pacote tag manifest for @types/require-directory@ts3.6 fetched in 905ms
167 http fetch GET 304 https://registry.npmjs.org/@types%2frsvp 193ms (from cache)
168 http fetch GET 304 https://registry.npmjs.org/@types%2frepeat-element 1355ms (from cache)
169 silly pacote tag manifest for @types/rsvp@ts3.6 fetched in 196ms
170 silly pacote tag manifest for @types/repeat-element@ts3.6 fetched in 1357ms
171 http fetch GET 304 https://registry.npmjs.org/@types%2frun-parallel 225ms (from cache)
172 silly pacote tag manifest for @types/run-parallel@ts3.6 fetched in 228ms
173 http fetch GET 304 https://registry.npmjs.org/@types%2fsane 337ms (from cache)
174 http fetch GET 304 https://registry.npmjs.org/@types%2fregex-not 1853ms (from cache)
175 silly registry:manifest no matching version for @types/regex-not@ts3.6 in the cache. Forcing revalidation.
176 silly pacote tag manifest for @types/sane@ts3.6 fetched in 343ms
177 http fetch GET 304 https://registry.npmjs.org/@types%2freadable-stream 2011ms (from cache)
178 http fetch GET 304 https://registry.npmjs.org/@types%2fscheduler 359ms (from cache)
179 silly pacote tag manifest for @types/readable-stream@ts3.6 fetched in 2017ms
180 silly pacote tag manifest for @types/scheduler@ts3.6 fetched in 365ms
181 http fetch GET 200 https://registry.npmjs.org/@types%2freact-refresh 1854ms
182 silly fetchPackageMetaData error for @types/react-refresh@ts3.6 No matching version found for @types/react-refresh@ts3.6.
183 http fetch GET 304 https://registry.npmjs.org/@types%2fretry 1129ms (from cache)
184 silly pacote tag manifest for @types/retry@ts3.6 fetched in 1132ms
185 http fetch GET 304 https://registry.npmjs.org/@types%2fselfsigned 263ms (from cache)
186 silly registry:manifest no matching version for @types/selfsigned@ts3.6 in the cache. Forcing revalidation.
187 http fetch GET 304 https://registry.npmjs.org/@types%2frequire-from-string 1527ms (from cache)
188 silly pacote tag manifest for @types/require-from-string@ts3.6 fetched in 1538ms
189 http fetch GET 304 https://registry.npmjs.org/@types%2fserve-index 232ms (from cache)
190 http fetch GET 304 https://registry.npmjs.org/@types%2fserialize-javascript 326ms (from cache)
191 silly pacote tag manifest for @types/serve-index@ts3.6 fetched in 243ms
192 silly pacote tag manifest for @types/serialize-javascript@ts3.6 fetched in 336ms
193 http fetch GET 304 https://registry.npmjs.org/@types%2fsax 744ms (from cache)
194 silly pacote tag manifest for @types/sax@ts3.6 fetched in 746ms
195 http fetch GET 304 https://registry.npmjs.org/@types%2fset-value 416ms (from cache)
196 http fetch GET 304 https://registry.npmjs.org/@types%2fsetimmediate 269ms (from cache)
197 silly pacote tag manifest for @types/set-value@ts3.6 fetched in 421ms
198 silly pacote tag manifest for @types/setimmediate@ts3.6 fetched in 275ms
199 http fetch GET 304 https://registry.npmjs.org/@types%2fshebang-command 294ms (from cache)
200 silly pacote tag manifest for @types/shebang-command@ts3.6 fetched in 297ms
201 http fetch GET 200 https://registry.npmjs.org/@types%2fselfsigned 524ms
202 silly fetchPackageMetaData error for @types/selfsigned@ts3.6 No matching version found for @types/selfsigned@ts3.6.
203 http fetch GET 304 https://registry.npmjs.org/@types%2fsignal-exit 323ms (from cache)
204 http fetch GET 304 https://registry.npmjs.org/@types%2fsimple-swizzle 322ms (from cache)
205 silly registry:manifest no matching version for @types/simple-swizzle@ts3.6 in the cache. Forcing revalidation.
206 silly pacote tag manifest for @types/signal-exit@ts3.6 fetched in 334ms
207 http fetch GET 304 https://registry.npmjs.org/@types%2fsockjs 279ms (from cache)
208 http fetch GET 304 https://registry.npmjs.org/@types%2fsemver-compare 963ms (from cache)
209 http fetch GET 304 https://registry.npmjs.org/@types%2fsass-loader 1364ms (from cache)
210 silly pacote tag manifest for @types/sockjs@ts3.6 fetched in 286ms
211 silly pacote tag manifest for @types/semver-compare@ts3.6 fetched in 971ms
212 silly pacote tag manifest for @types/sass-loader@ts3.6 fetched in 1373ms
213 http fetch GET 200 https://registry.npmjs.org/@types%2fsimple-swizzle 305ms
214 silly fetchPackageMetaData error for @types/simple-swizzle@ts3.6 No matching version found for @types/simple-swizzle@ts3.6.
215 http fetch GET 304 https://registry.npmjs.org/@types%2fsockjs-client 307ms (from cache)
216 http fetch GET 304 https://registry.npmjs.org/@types%2fsource-map-support 249ms (from cache)
217 silly pacote tag manifest for @types/sockjs-client@ts3.6 fetched in 316ms
218 silly pacote tag manifest for @types/source-map-support@ts3.6 fetched in 260ms
219 http fetch GET 304 https://registry.npmjs.org/@types%2fsprintf 276ms (from cache)
220 silly pacote tag manifest for @types/sprintf@ts3.6 fetched in 281ms
221 http fetch GET 304 https://registry.npmjs.org/@types%2fspdy 290ms (from cache)
222 silly pacote tag manifest for @types/spdy@ts3.6 fetched in 295ms
223 http fetch GET 304 https://registry.npmjs.org/@types%2fsafe-regex 2288ms (from cache)
224 http fetch GET 304 https://registry.npmjs.org/@types%2fsprintf-js 321ms (from cache)
225 silly pacote tag manifest for @types/safe-regex@ts3.6 fetched in 2293ms
226 silly pacote tag manifest for @types/sprintf-js@ts3.6 fetched in 328ms
227 http fetch GET 304 https://registry.npmjs.org/@types%2fssri 394ms (from cache)
228 http fetch GET 304 https://registry.npmjs.org/@types%2fshell-quote 1570ms (from cache)
229 http fetch GET 304 https://registry.npmjs.org/@types%2fspdx-correct 945ms (from cache)
230 silly pacote tag manifest for @types/ssri@ts3.6 fetched in 398ms
231 silly pacote tag manifest for @types/shell-quote@ts3.6 fetched in 1574ms
232 silly pacote tag manifest for @types/spdx-correct@ts3.6 fetched in 950ms
233 http fetch GET 200 https://registry.npmjs.org/@types%2fregex-not 2445ms
234 silly fetchPackageMetaData error for @types/regex-not@ts3.6 No matching version found for @types/regex-not@ts3.6.
235 http fetch GET 304 https://registry.npmjs.org/@types%2fstream-shift 416ms (from cache)
236 http fetch GET 304 https://registry.npmjs.org/@types%2fstring-natural-compare 417ms (from cache)
237 silly pacote tag manifest for @types/stream-shift@ts3.6 fetched in 425ms
238 silly pacote tag manifest for @types/string-natural-compare@ts3.6 fetched in 428ms
239 http fetch GET 304 https://registry.npmjs.org/@types%2fstream-each 631ms (from cache)
240 silly pacote tag manifest for @types/stream-each@ts3.6 fetched in 637ms
241 http fetch GET 304 https://registry.npmjs.org/@types%2fslice-ansi 1930ms (from cache)
242 silly pacote tag manifest for @types/slice-ansi@ts3.6 fetched in 1933ms
243 http fetch GET 304 https://registry.npmjs.org/@types%2fstack-utils 840ms (from cache)
244 silly pacote tag manifest for @types/stack-utils@ts3.6 fetched in 843ms
245 http fetch GET 304 https://registry.npmjs.org/@types%2fstrict-uri-encode 917ms (from cache)
246 http fetch GET 304 https://registry.npmjs.org/@types%2fstringify-object 493ms (from cache)
247 http fetch GET 304 https://registry.npmjs.org/@types%2fsha.js 2504ms (from cache)
248 http fetch GET 304 https://registry.npmjs.org/@types%2fstrip-comments 489ms (from cache)
249 http fetch GET 304 https://registry.npmjs.org/@types%2fsource-list-map 1877ms (from cache)
250 http fetch GET 304 https://registry.npmjs.org/@types%2fstrip-final-newline 366ms (from cache)
251 http fetch GET 304 https://registry.npmjs.org/@types%2fspdx-expression-parse 1639ms (from cache)
252 silly pacote tag manifest for @types/stringify-object@ts3.6 fetched in 503ms
253 silly pacote tag manifest for @types/strict-uri-encode@ts3.6 fetched in 927ms
254 silly pacote tag manifest for @types/strip-comments@ts3.6 fetched in 499ms
255 silly pacote tag manifest for @types/sha.js@ts3.6 fetched in 2514ms
256 silly pacote tag manifest for @types/source-list-map@ts3.6 fetched in 1887ms
257 silly pacote tag manifest for @types/strip-final-newline@ts3.6 fetched in 381ms
258 silly pacote tag manifest for @types/spdx-expression-parse@ts3.6 fetched in 1652ms
259 http fetch GET 304 https://registry.npmjs.org/@types%2fsupports-color 319ms (from cache)
260 silly pacote tag manifest for @types/supports-color@ts3.6 fetched in 322ms
261 http fetch GET 304 https://registry.npmjs.org/@types%2fstring.prototype.matchall 837ms (from cache)
262 http fetch GET 304 https://registry.npmjs.org/@types%2ftapable 321ms (from cache)
263 http fetch GET 304 https://registry.npmjs.org/@types%2fthrough2 314ms (from cache)
264 silly pacote tag manifest for @types/tapable@ts3.6 fetched in 328ms
265 silly pacote tag manifest for @types/string.prototype.matchall@ts3.6 fetched in 847ms
266 silly pacote tag manifest for @types/through2@ts3.6 fetched in 324ms
267 http fetch GET 304 https://registry.npmjs.org/@types%2ftmpl 187ms (from cache)
268 silly registry:manifest no matching version for @types/tmpl@ts3.6 in the cache. Forcing revalidation.
269 http fetch GET 304 https://registry.npmjs.org/@types%2fsvg-parser 863ms (from cache)
270 http fetch GET 304 https://registry.npmjs.org/@types%2fto-regex 362ms (from cache)
271 silly registry:manifest no matching version for @types/to-regex@ts3.6 in the cache. Forcing revalidation.
272 silly pacote tag manifest for @types/svg-parser@ts3.6 fetched in 873ms
273 http fetch GET 304 https://registry.npmjs.org/@types%2fthrough 740ms (from cache)
274 silly pacote tag manifest for @types/through@ts3.6 fetched in 744ms
275 http fetch GET 304 https://registry.npmjs.org/@types%2fthunky 744ms (from cache)
276 silly pacote tag manifest for @types/thunky@ts3.6 fetched in 746ms
277 http fetch GET 304 https://registry.npmjs.org/@types%2ftext-table 885ms (from cache)
278 silly pacote tag manifest for @types/text-table@ts3.6 fetched in 890ms
279 http fetch GET 304 https://registry.npmjs.org/@types%2ftough-cookie 380ms (from cache)
280 silly pacote tag manifest for @types/tough-cookie@ts3.6 fetched in 387ms
281 http fetch GET 304 https://registry.npmjs.org/@types%2ftryer 252ms (from cache)
282 http fetch GET 304 https://registry.npmjs.org/@types%2ftr46 362ms (from cache)
283 silly registry:manifest no matching version for @types/tr46@ts3.6 in the cache. Forcing revalidation.
284 silly pacote tag manifest for @types/tryer@ts3.6 fetched in 263ms
285 http fetch GET 304 https://registry.npmjs.org/@types%2fsvgo 1252ms (from cache)
286 silly pacote tag manifest for @types/svgo@ts3.6 fetched in 1258ms
287 http fetch GET 304 https://registry.npmjs.org/@types%2ftype-check 292ms (from cache)
288 http fetch GET 304 https://registry.npmjs.org/@types%2fsymbol-tree 1436ms (from cache)
289 silly pacote tag manifest for @types/type-check@ts3.6 fetched in 298ms
290 silly pacote tag manifest for @types/symbol-tree@ts3.6 fetched in 1443ms
291 http fetch GET 304 https://registry.npmjs.org/@types%2ftype-detect 284ms (from cache)
292 silly pacote tag manifest for @types/type-detect@ts3.6 fetched in 292ms
293 http fetch GET 304 https://registry.npmjs.org/@types%2ftypedarray-to-buffer 393ms (from cache)
294 silly registry:manifest no matching version for @types/typedarray-to-buffer@ts3.6 in the cache. Forcing revalidation.
295 http fetch GET 304 https://registry.npmjs.org/@types%2funiq 300ms (from cache)
296 silly pacote tag manifest for @types/uniq@ts3.6 fetched in 304ms
297 http fetch GET 304 https://registry.npmjs.org/@types%2furix 324ms (from cache)
298 silly pacote tag manifest for @types/urix@ts3.6 fetched in 330ms
299 http fetch GET 200 https://registry.npmjs.org/@types%2ftr46 671ms
300 silly fetchPackageMetaData error for @types/tr46@ts3.6 No matching version found for @types/tr46@ts3.6.
301 http fetch GET 304 https://registry.npmjs.org/@types%2ftimsort 1623ms (from cache)
302 silly pacote tag manifest for @types/timsort@ts3.6 fetched in 1629ms
303 http fetch GET 304 https://registry.npmjs.org/@types%2futil-deprecate 209ms (from cache)
304 silly pacote tag manifest for @types/util-deprecate@ts3.6 fetched in 212ms
305 http fetch GET 304 https://registry.npmjs.org/@types%2furl-parse 267ms (from cache)
306 silly pacote tag manifest for @types/url-parse@ts3.6 fetched in 270ms
307 http fetch GET 304 https://registry.npmjs.org/@types%2fvalidate-npm-package-license 516ms (from cache)
308 http fetch GET 304 https://registry.npmjs.org/@types%2fto-regex-range 1772ms (from cache)
309 silly registry:manifest no matching version for @types/to-regex-range@ts3.6 in the cache. Forcing revalidation.
310 http fetch GET 304 https://registry.npmjs.org/@types%2ftar 2481ms (from cache)
311 silly pacote tag manifest for @types/validate-npm-package-license@ts3.6 fetched in 525ms
312 silly pacote tag manifest for @types/tar@ts3.6 fetched in 2493ms
313 http fetch GET 200 https://registry.npmjs.org/@types%2fto-regex-range 390ms
314 silly fetchPackageMetaData error for @types/to-regex-range@ts3.6 No matching version found for @types/to-regex-range@ts3.6.
315 http fetch GET 304 https://registry.npmjs.org/@types%2futil.promisify 1052ms (from cache)
316 http fetch GET 304 https://registry.npmjs.org/@types%2fwatchpack 396ms (from cache)
317 http fetch GET 304 https://registry.npmjs.org/@types%2fwebidl-conversions 390ms (from cache)
318 silly pacote tag manifest for @types/util.promisify@ts3.6 fetched in 1065ms
319 silly pacote tag manifest for @types/watchpack@ts3.6 fetched in 426ms
320 silly pacote tag manifest for @types/webidl-conversions@ts3.6 fetched in 417ms
321 http fetch GET 200 https://registry.npmjs.org/@types%2ftypedarray-to-buffer 1303ms
322 silly fetchPackageMetaData error for @types/typedarray-to-buffer@ts3.6 No matching version found for @types/typedarray-to-buffer@ts3.6.
323 http fetch GET 200 https://registry.npmjs.org/@types%2fto-regex 2374ms
324 silly fetchPackageMetaData error for @types/to-regex@ts3.6 No matching version found for @types/to-regex@ts3.6.
325 http fetch GET 304 https://registry.npmjs.org/@types%2fwebpack 242ms (from cache)
326 silly pacote tag manifest for @types/webpack@ts3.6 fetched in 247ms
327 http fetch GET 304 https://registry.npmjs.org/@types%2fwebpack-manifest-plugin 263ms (from cache)
328 silly pacote tag manifest for @types/webpack-manifest-plugin@ts3.6 fetched in 268ms
329 http fetch GET 200 https://registry.npmjs.org/@types%2ftmpl 2664ms
330 silly fetchPackageMetaData error for @types/tmpl@ts3.6 No matching version found for @types/tmpl@ts3.6.
331 http fetch GET 304 https://registry.npmjs.org/@types%2fwhatwg-encoding 272ms (from cache)
332 silly pacote tag manifest for @types/whatwg-encoding@ts3.6 fetched in 276ms
333 http fetch GET 304 https://registry.npmjs.org/@types%2fwhatwg-mimetype 794ms (from cache)
334 http fetch GET 304 https://registry.npmjs.org/@types%2fworkbox-build 569ms (from cache)
335 http fetch GET 304 https://registry.npmjs.org/@types%2fwhich-pm-runs 593ms (from cache)
336 http fetch GET 304 https://registry.npmjs.org/@types%2fwhich 637ms (from cache)
337 http fetch GET 304 https://registry.npmjs.org/@types%2fworkbox-sw 569ms (from cache)
338 http fetch GET 304 https://registry.npmjs.org/@types%2fw3c-xmlserializer 1743ms (from cache)
339 http fetch GET 304 https://registry.npmjs.org/@types%2fwebpack-sources 850ms (from cache)
340 http fetch GET 304 https://registry.npmjs.org/@types%2fwhatwg-url 692ms (from cache)
341 silly pacote tag manifest for @types/whatwg-mimetype@ts3.6 fetched in 808ms
342 silly pacote tag manifest for @types/workbox-build@ts3.6 fetched in 584ms
343 silly pacote tag manifest for @types/which@ts3.6 fetched in 649ms
344 silly pacote tag manifest for @types/which-pm-runs@ts3.6 fetched in 609ms
345 silly pacote tag manifest for @types/w3c-xmlserializer@ts3.6 fetched in 1756ms
346 silly pacote tag manifest for @types/workbox-sw@ts3.6 fetched in 584ms
347 silly pacote tag manifest for @types/webpack-sources@ts3.6 fetched in 863ms
348 silly pacote tag manifest for @types/whatwg-url@ts3.6 fetched in 706ms
349 http fetch GET 304 https://registry.npmjs.org/@types%2funiversalify 2540ms (from cache)
350 silly pacote tag manifest for @types/universalify@ts3.6 fetched in 2545ms
351 http fetch GET 304 https://registry.npmjs.org/@types%2fwrap-ansi 460ms (from cache)
352 http fetch GET 304 https://registry.npmjs.org/@types%2fxtend 456ms (from cache)
353 http fetch GET 304 https://registry.npmjs.org/@types%2fxml-name-validator 457ms (from cache)
354 silly registry:manifest no matching version for @types/xml-name-validator@ts3.6 in the cache. Forcing revalidation.
355 silly pacote tag manifest for @types/wrap-ansi@ts3.6 fetched in 467ms
356 silly pacote tag manifest for @types/xtend@ts3.6 fetched in 466ms
357 http fetch GET 304 https://registry.npmjs.org/@types%2fyargs 464ms (from cache)
358 silly pacote tag manifest for @types/yargs@ts3.6 fetched in 468ms
359 http fetch GET 304 https://registry.npmjs.org/@types%2fyargs-parser 381ms (from cache)
360 silly pacote tag manifest for @types/yargs-parser@ts3.6 fetched in 387ms
361 http fetch GET 304 https://registry.npmjs.org/@types%2fyallist 830ms (from cache)
362 http fetch GET 304 https://registry.npmjs.org/@types%2fwrite-file-atomic 837ms (from cache)
363 silly pacote tag manifest for @types/yallist@ts3.6 fetched in 833ms
364 silly pacote tag manifest for @types/write-file-atomic@ts3.6 fetched in 840ms
365 http fetch GET 304 https://registry.npmjs.org/@types%2fw3c-hr-time 2751ms (from cache)
366 http fetch GET 304 https://registry.npmjs.org/@types%2fws 978ms (from cache)
367 silly pacote tag manifest for @types/w3c-hr-time@ts3.6 fetched in 2759ms
368 silly pacote tag manifest for @types/ws@ts3.6 fetched in 984ms
369 http fetch GET 200 https://registry.npmjs.org/@types%2fxml-name-validator 659ms
370 silly fetchPackageMetaData error for @types/xml-name-validator@ts3.6 No matching version found for @types/xml-name-validator@ts3.6.
371 http fetch GET 304 https://registry.npmjs.org/@types%2fworkbox-webpack-plugin 1862ms (from cache)
372 silly pacote tag manifest for @types/workbox-webpack-plugin@ts3.6 fetched in 1867ms
373 timing stage:rollbackFailedOptional Completed in 1ms
374 timing stage:runTopLevelLifecycles Completed in 15414ms
375 verbose type tag
376 verbose stack @types/path-browserify: No matching version found for @types/path-browserify@ts3.6.
376 verbose stack     at pickManifest (/usr/local/lib/node_modules/npm/node_modules/npm-pick-manifest/index.js:122:13)
376 verbose stack     at /usr/local/lib/node_modules/npm/node_modules/pacote/lib/fetchers/registry/manifest.js:43:18
376 verbose stack     at tryCatcher (/usr/local/lib/node_modules/npm/node_modules/bluebird/js/release/util.js:16:23)
376 verbose stack     at Promise._settlePromiseFromHandler (/usr/local/lib/node_modules/npm/node_modules/bluebird/js/release/promise.js:517:31)
376 verbose stack     at Promise._settlePromise (/usr/local/lib/node_modules/npm/node_modules/bluebird/js/release/promise.js:574:18)
376 verbose stack     at Promise._settlePromise0 (/usr/local/lib/node_modules/npm/node_modules/bluebird/js/release/promise.js:619:10)
376 verbose stack     at Promise._settlePromises (/usr/local/lib/node_modules/npm/node_modules/bluebird/js/release/promise.js:699:18)
376 verbose stack     at _drainQueueStep (/usr/local/lib/node_modules/npm/node_modules/bluebird/js/release/async.js:138:12)
376 verbose stack     at _drainQueue (/usr/local/lib/node_modules/npm/node_modules/bluebird/js/release/async.js:131:9)
376 verbose stack     at Async._drainQueues (/usr/local/lib/node_modules/npm/node_modules/bluebird/js/release/async.js:147:5)
376 verbose stack     at Immediate.Async.drainQueues [as _onImmediate] (/usr/local/lib/node_modules/npm/node_modules/bluebird/js/release/async.js:17:14)
376 verbose stack     at processImmediate (internal/timers.js:456:21)
377 verbose cwd /home/theia/.cache/typescript/3.6
378 verbose Linux 5.10.16.3-microsoft-standard-WSL2
379 verbose argv "/usr/local/bin/node" "/usr/local/bin/npm" "install" "--ignore-scripts" "@types/memorystream@ts3.6" "@types/merge-stream@ts3.6" "@types/merge2@ts3.6" "@types/micromatch@ts3.6" "@types/min-indent@ts3.6" "@types/minimalistic-assert@ts3.6" "@types/minimist@ts3.6" "@types/minizlib@ts3.6" "@types/mkdirp@ts3.6" "@types/move-concurrently@ts3.6" "@types/multicast-dns@ts3.6" "@types/natural-compare@ts3.6" "@types/next-tick@ts3.6" "@types/nice-try@ts3.6" "@types/node-forge@ts3.6" "@types/node-int64@ts3.6" "@types/node-notifier@ts3.6" "@types/normalize-package-data@ts3.6" "@types/normalize-path@ts3.6" "@types/num2fraction@ts3.6" "@types/nwsapi@ts3.6" "@types/object-assign@ts3.6" "@types/object-inspect@ts3.6" "@types/object-keys@ts3.6" "@types/object.fromentries@ts3.6" "@types/object.getownpropertydescriptors@ts3.6" "@types/object.pick@ts3.6" "@types/on-headers@ts3.6" "@types/once@ts3.6" "@types/optimize-css-assets-webpack-plugin@ts3.6" "@types/pako@ts3.6" "@types/parallel-transform@ts3.6" "@types/parse-json@ts3.6" "@types/pascalcase@ts3.6" "@types/path-browserify@ts3.6" "@types/path-is-absolute@ts3.6" "@types/path-is-inside@ts3.6" "@types/path-parse@ts3.6" "@types/pbkdf2@ts3.6" "@types/picomatch@ts3.6" "@types/pify@ts3.6" "@types/postcss-flexbugs-fixes@ts3.6" "@types/postcss-gap-properties@ts3.6" "@types/postcss-modules-extract-imports@ts3.6" "@types/postcss-modules-local-by-default@ts3.6" "@types/postcss-modules-scope@ts3.6" "@types/postcss-modules-values@ts3.6" "@types/postcss-normalize@ts3.6" "@types/postcss-preset-env@ts3.6" "@types/postcss-safe-parser@ts3.6" "@types/prelude-ls@ts3.6" "@types/prettier-linter-helpers@ts3.6" "@types/progress@ts3.6" "@types/promise-inflight@ts3.6" "@types/prompts@ts3.6" "@types/prop-types@ts3.6" "@types/psl@ts3.6" "@types/pump@ts3.6" "@types/pumpify@ts3.6" "@types/punycode@ts3.6" "@types/q@ts3.6" "@types/querystringify@ts3.6" "@types/raf@ts3.6" "@types/randombytes@ts3.6" "@types/react-dev-utils@ts3.6" "@types/react-is@ts3.6" "@types/react-refresh@ts3.6" "@types/readable-stream@ts3.6" "@types/recursive-readdir@ts3.6" "@types/regenerate@ts3.6" "@types/regenerator-runtime@ts3.6" "@types/regex-not@ts3.6" "@types/relateurl@ts3.6" "@types/repeat-element@ts3.6" "@types/repeat-string@ts3.6" "@types/require-directory@ts3.6" "@types/require-from-string@ts3.6" "@types/requires-port@ts3.6" "@types/resolve@ts3.6" "@types/retry@ts3.6" "@types/rimraf@ts3.6" "@types/ripemd160@ts3.6" "@types/rsvp@ts3.6" "@types/run-parallel@ts3.6" "@types/safe-regex@ts3.6" "@types/sane@ts3.6" "@types/sass-loader@ts3.6" "@types/sax@ts3.6" "@types/scheduler@ts3.6" "@types/selfsigned@ts3.6" "@types/semver-compare@ts3.6" "@types/serialize-javascript@ts3.6" "@types/serve-index@ts3.6" "@types/set-value@ts3.6" "@types/setimmediate@ts3.6" "@types/sha.js@ts3.6" "@types/shebang-command@ts3.6" "@types/shell-quote@ts3.6" "@types/signal-exit@ts3.6" "@types/simple-swizzle@ts3.6" "@types/slice-ansi@ts3.6" "@types/sockjs@ts3.6" "@types/sockjs-client@ts3.6" "@types/source-list-map@ts3.6" "@types/source-map-support@ts3.6" "@types/spdx-correct@ts3.6" "@types/spdx-expression-parse@ts3.6" "@types/spdy@ts3.6" "@types/sprintf@ts3.6" "@types/sprintf-js@ts3.6" "@types/ssri@ts3.6" "@types/stack-utils@ts3.6" "@types/stream-each@ts3.6" "@types/stream-shift@ts3.6" "@types/strict-uri-encode@ts3.6" "@types/string-natural-compare@ts3.6" "@types/string.prototype.matchall@ts3.6" "@types/stringify-object@ts3.6" "@types/strip-comments@ts3.6" "@types/strip-final-newline@ts3.6" "@types/supports-color@ts3.6" "@types/svg-parser@ts3.6" "@types/svgo@ts3.6" "@types/symbol-tree@ts3.6" "@types/tapable@ts3.6" "@types/tar@ts3.6" "@types/text-table@ts3.6" "@types/through@ts3.6" "@types/through2@ts3.6" "@types/thunky@ts3.6" "@types/timsort@ts3.6" "@types/tmpl@ts3.6" "@types/to-regex@ts3.6" "@types/to-regex-range@ts3.6" "@types/tough-cookie@ts3.6" "@types/tr46@ts3.6" "@types/tryer@ts3.6" "@types/type-check@ts3.6" "@types/type-detect@ts3.6" "@types/typedarray-to-buffer@ts3.6" "@types/uniq@ts3.6" "@types/universalify@ts3.6" "@types/urix@ts3.6" "@types/url-parse@ts3.6" "@types/util-deprecate@ts3.6" "@types/util.promisify@ts3.6" "@types/validate-npm-package-license@ts3.6" "@types/w3c-hr-time@ts3.6" "@types/w3c-xmlserializer@ts3.6" "@types/watchpack@ts3.6" "@types/webidl-conversions@ts3.6" "@types/webpack@ts3.6" "@types/webpack-manifest-plugin@ts3.6" "@types/webpack-sources@ts3.6" "@types/whatwg-encoding@ts3.6" "@types/whatwg-mimetype@ts3.6" "@types/whatwg-url@ts3.6" "@types/which@ts3.6" "@types/which-pm-runs@ts3.6" "@types/workbox-build@ts3.6" "@types/workbox-sw@ts3.6" "@types/workbox-webpack-plugin@ts3.6" "@types/wrap-ansi@ts3.6" "@types/write-file-atomic@ts3.6" "@types/ws@ts3.6" "@types/xml-name-validator@ts3.6" "@types/xtend@ts3.6" "@types/yallist@ts3.6" "@types/yargs@ts3.6" "@types/yargs-parser@ts3.6" "--save-dev" "--user-agent=typesInstaller/3.6.3"
380 verbose node v12.18.3
381 verbose npm  v6.14.6
382 error code ETARGET
383 error notarget No matching version found for @types/path-browserify@ts3.6.
384 error notarget In most cases you or one of your dependencies are requesting
384 error notarget a package version that doesn't exist.
385 verbose exit [ 1, true ]
