0 info it worked if it ends with ok
1 verbose cli [
1 verbose cli   '/usr/local/bin/node',
1 verbose cli   '/usr/local/bin/npm',
1 verbose cli   'install',
1 verbose cli   '--ignore-scripts',
1 verbose cli   '@types/argparse@ts3.6',
1 verbose cli   '@types/aria-query@ts3.6',
1 verbose cli   '@types/arr-diff@ts3.6',
1 verbose cli   '@types/arr-union@ts3.6',
1 verbose cli   '@types/array-unique@ts3.6',
1 verbose cli   '@types/array.prototype.flat@ts3.6',
1 verbose cli   '@types/array.prototype.flatmap@ts3.6',
1 verbose cli   '@types/asap@ts3.6',
1 verbose cli   '@types/assert@ts3.6',
1 verbose cli   '@types/async@ts3.6',
1 verbose cli   '@types/atob@ts3.6',
1 verbose cli   '@types/babel-plugin-macros@ts3.6',
1 verbose cli   '@types/babylon@ts3.6',
1 verbose cli   '@types/balanced-match@ts3.6',
1 verbose cli   '@types/big.js@ts3.6',
1 verbose cli   '@types/bluebird@ts3.6',
1 verbose cli   '@types/bn.js@ts3.6',
1 verbose cli   '@types/bonjour@ts3.6',
1 verbose cli   '@types/boolbase@ts3.6',
1 verbose cli   '@types/brace-expansion@ts3.6',
1 verbose cli   '@types/braces@ts3.6',
1 verbose cli   '@types/brorand@ts3.6',
1 verbose cli   '@types/bser@ts3.6',
1 verbose cli   '@types/buffer-from@ts3.6',
1 verbose cli   '@types/buffer-xor@ts3.6',
1 verbose cli   '@types/cacache@ts3.6',
1 verbose cli   '@types/call-bind@ts3.6',
1 verbose cli   '@types/caniuse-api@ts3.6',
1 verbose cli   '@types/caniuse-lite@ts3.6',
1 verbose cli   '@types/case-sensitive-paths-webpack-plugin@ts3.6',
1 verbose cli   '@types/check-types@ts3.6',
1 verbose cli   '@types/chownr@ts3.6',
1 verbose cli   '@types/cipher-base@ts3.6',
1 verbose cli   '@types/clean-css@ts3.6',
1 verbose cli   '@types/co@ts3.6',
1 verbose cli   '@types/color@ts3.6',
1 verbose cli   '@types/color-convert@ts3.6',
1 verbose cli   '@types/color-name@ts3.6',
1 verbose cli   '@types/color-string@ts3.6',
1 verbose cli   '@types/combined-stream@ts3.6',
1 verbose cli   '@types/common-tags@ts3.6',
1 verbose cli   '@types/commondir@ts3.6',
1 verbose cli   '@types/component-emitter@ts3.6',
1 verbose cli   '@types/compose-function@ts3.6',
1 verbose cli   '@types/compressible@ts3.6',
1 verbose cli   '@types/compression@ts3.6',
1 verbose cli   '@types/concat-map@ts3.6',
1 verbose cli   '@types/concat-stream@ts3.6',
1 verbose cli   '@types/confusing-browser-globals@ts3.6',
1 verbose cli   '@types/connect-history-api-fallback@ts3.6',
1 verbose cli   '@types/convert-source-map@ts3.6',
1 verbose cli   '@types/core-js@ts3.6',
1 verbose cli   '@types/create-hash@ts3.6',
1 verbose cli   '@types/create-hmac@ts3.6',
1 verbose cli   '@types/cross-spawn@ts3.6',
1 verbose cli   '@types/css@ts3.6',
1 verbose cli   '@types/css-declaration-sorter@ts3.6',
1 verbose cli   '@types/css-tree@ts3.6',
1 verbose cli   '@types/css.escape@ts3.6',
1 verbose cli   '@types/cssesc@ts3.6',
1 verbose cli   '@types/csso@ts3.6',
1 verbose cli   '@types/cssom@ts3.6',
1 verbose cli   '@types/cssstyle@ts3.6',
1 verbose cli   '@types/d@ts3.6',
1 verbose cli   '@types/damerau-levenshtein@ts3.6',
1 verbose cli   '@types/data-urls@ts3.6',
1 verbose cli   '@types/decode-uri-component@ts3.6',
1 verbose cli   '@types/dedent@ts3.6',
1 verbose cli   '@types/deep-equal@ts3.6',
1 verbose cli   '@types/default-gateway@ts3.6',
1 verbose cli   '@types/define-properties@ts3.6',
1 verbose cli   '@types/detect-node@ts3.6',
1 verbose cli   '@types/diffie-hellman@ts3.6',
1 verbose cli   '@types/dir-glob@ts3.6',
1 verbose cli   '@types/dns-packet@ts3.6',
1 verbose cli   '@types/doctrine@ts3.6',
1 verbose cli   '@types/domexception@ts3.6',
1 verbose cli   '@types/domutils@ts3.6',
1 verbose cli   '@types/duplexify@ts3.6',
1 verbose cli   '@types/ejs@ts3.6',
1 verbose cli   '@types/elliptic@ts3.6',
1 verbose cli   '@types/end-of-stream@ts3.6',
1 verbose cli   '@types/enhanced-resolve@ts3.6',
1 verbose cli   '@types/es-abstract@ts3.6',
1 verbose cli   '@types/es-to-primitive@ts3.6',
1 verbose cli   '@types/escodegen@ts3.6',
1 verbose cli   '@types/eslint@ts3.6',
1 verbose cli   '@types/eslint-scope@ts3.6',
1 verbose cli   '@types/eslint-utils@ts3.6',
1 verbose cli   '@types/eslint-visitor-keys@ts3.6',
1 verbose cli   '@types/esprima@ts3.6',
1 verbose cli   '@types/esquery@ts3.6',
1 verbose cli   '@types/estraverse@ts3.6',
1 verbose cli   '@types/esutils@ts3.6',
1 verbose cli   '@types/events@ts3.6',
1 verbose cli   '@types/eventsource@ts3.6',
1 verbose cli   ... 76 more items
1 verbose cli ]
2 info using npm@6.14.6
3 info using node@v12.18.3
4 verbose npm-session e98da6e24be564f6
5 silly install loadCurrentTree
6 silly install readLocalPackageData
7 http fetch GET 304 https://registry.npmjs.org/@types%2faria-query 288ms (from cache)
8 silly pacote tag manifest for @types/aria-query@ts3.6 fetched in 294ms
9 http fetch GET 304 https://registry.npmjs.org/@types%2farr-union 371ms (from cache)
10 silly pacote tag manifest for @types/arr-union@ts3.6 fetched in 379ms
11 http fetch GET 304 https://registry.npmjs.org/@types%2fargparse 391ms (from cache)
12 http fetch GET 304 https://registry.npmjs.org/@types%2farray.prototype.flat 399ms (from cache)
13 silly pacote tag manifest for @types/argparse@ts3.6 fetched in 416ms
14 silly pacote tag manifest for @types/array.prototype.flat@ts3.6 fetched in 403ms
15 http fetch GET 304 https://registry.npmjs.org/@types%2farray.prototype.flatmap 403ms (from cache)
16 silly pacote tag manifest for @types/array.prototype.flatmap@ts3.6 fetched in 411ms
17 http fetch GET 304 https://registry.npmjs.org/@types%2fasync 417ms (from cache)
18 silly pacote tag manifest for @types/async@ts3.6 fetched in 419ms
19 http fetch GET 304 https://registry.npmjs.org/@types%2fasap 428ms (from cache)
20 silly pacote tag manifest for @types/asap@ts3.6 fetched in 437ms
21 http fetch GET 304 https://registry.npmjs.org/@types%2fatob 172ms (from cache)
22 silly pacote tag manifest for @types/atob@ts3.6 fetched in 176ms
23 http fetch GET 304 https://registry.npmjs.org/@types%2fbabylon 91ms (from cache)
24 silly pacote tag manifest for @types/babylon@ts3.6 fetched in 94ms
25 http fetch GET 304 https://registry.npmjs.org/@types%2fbluebird 96ms (from cache)
26 silly pacote tag manifest for @types/bluebird@ts3.6 fetched in 98ms
27 http fetch GET 304 https://registry.npmjs.org/@types%2fbonjour 82ms (from cache)
28 silly pacote tag manifest for @types/bonjour@ts3.6 fetched in 83ms
29 http fetch GET 304 https://registry.npmjs.org/@types%2fbig.js 164ms (from cache)
30 silly pacote tag manifest for @types/big.js@ts3.6 fetched in 166ms
31 http fetch GET 304 https://registry.npmjs.org/@types%2fbn.js 168ms (from cache)
32 silly pacote tag manifest for @types/bn.js@ts3.6 fetched in 171ms
33 http fetch GET 304 https://registry.npmjs.org/@types%2fbrace-expansion 119ms (from cache)
34 http fetch GET 304 https://registry.npmjs.org/@types%2fboolbase 146ms (from cache)
35 silly pacote tag manifest for @types/brace-expansion@ts3.6 fetched in 124ms
36 silly pacote tag manifest for @types/boolbase@ts3.6 fetched in 151ms
37 http fetch GET 304 https://registry.npmjs.org/@types%2fbuffer-from 164ms (from cache)
38 silly pacote tag manifest for @types/buffer-from@ts3.6 fetched in 167ms
39 http fetch GET 304 https://registry.npmjs.org/@types%2fbabel-plugin-macros 1285ms (from cache)
40 silly pacote tag manifest for @types/babel-plugin-macros@ts3.6 fetched in 1289ms
41 http fetch GET 200 https://registry.npmjs.org/@types%2fcall-bind 83ms
42 silly fetchPackageMetaData error for @types/call-bind@ts3.6 No matching version found for @types/call-bind@ts3.6.
43 http fetch GET 304 https://registry.npmjs.org/@types%2fcaniuse-api 157ms (from cache)
44 silly pacote tag manifest for @types/caniuse-api@ts3.6 fetched in 160ms
45 http fetch GET 304 https://registry.npmjs.org/@types%2fbser 1522ms (from cache)
46 silly pacote tag manifest for @types/bser@ts3.6 fetched in 1525ms
47 http fetch GET 304 https://registry.npmjs.org/@types%2fcase-sensitive-paths-webpack-plugin 198ms (from cache)
48 http fetch GET 304 https://registry.npmjs.org/@types%2fcacache 1524ms (from cache)
49 silly pacote tag manifest for @types/case-sensitive-paths-webpack-plugin@ts3.6 fetched in 202ms
50 silly pacote tag manifest for @types/cacache@ts3.6 fetched in 1529ms
51 http fetch GET 304 https://registry.npmjs.org/@types%2fchownr 83ms (from cache)
52 silly pacote tag manifest for @types/chownr@ts3.6 fetched in 86ms
53 http fetch GET 304 https://registry.npmjs.org/@types%2fcheck-types 182ms (from cache)
54 silly pacote tag manifest for @types/check-types@ts3.6 fetched in 185ms
55 http fetch GET 304 https://registry.npmjs.org/@types%2farray-unique 2577ms (from cache)
56 http fetch GET 304 https://registry.npmjs.org/@types%2fassert 2576ms (from cache)
57 silly pacote tag manifest for @types/array-unique@ts3.6 fetched in 2581ms
58 http fetch GET 304 https://registry.npmjs.org/@types%2farr-diff 2585ms (from cache)
59 silly pacote tag manifest for @types/assert@ts3.6 fetched in 2581ms
60 silly pacote tag manifest for @types/arr-diff@ts3.6 fetched in 2589ms
61 http fetch GET 304 https://registry.npmjs.org/@types%2fco 201ms (from cache)
62 http fetch GET 304 https://registry.npmjs.org/@types%2fcolor-convert 198ms (from cache)
63 silly pacote tag manifest for @types/co@ts3.6 fetched in 205ms
64 silly pacote tag manifest for @types/color-convert@ts3.6 fetched in 202ms
65 http fetch GET 304 https://registry.npmjs.org/@types%2fbalanced-match 2389ms (from cache)
66 silly pacote tag manifest for @types/balanced-match@ts3.6 fetched in 2404ms
67 http fetch GET 304 https://registry.npmjs.org/@types%2fbraces 2287ms (from cache)
68 silly pacote tag manifest for @types/braces@ts3.6 fetched in 2291ms
69 http fetch GET 304 https://registry.npmjs.org/@types%2fbuffer-xor 2316ms (from cache)
70 silly pacote tag manifest for @types/buffer-xor@ts3.6 fetched in 2321ms
71 http fetch GET 304 https://registry.npmjs.org/@types%2fbrorand 2417ms (from cache)
72 http fetch GET 304 https://registry.npmjs.org/@types%2fcolor-name 210ms (from cache)
73 silly pacote tag manifest for @types/color-name@ts3.6 fetched in 216ms
74 silly pacote tag manifest for @types/brorand@ts3.6 fetched in 2424ms
75 http fetch GET 304 https://registry.npmjs.org/@types%2fcombined-stream 218ms (from cache)
76 http fetch GET 304 https://registry.npmjs.org/@types%2fcommon-tags 189ms (from cache)
77 silly pacote tag manifest for @types/combined-stream@ts3.6 fetched in 223ms
78 silly pacote tag manifest for @types/common-tags@ts3.6 fetched in 194ms
79 http fetch GET 304 https://registry.npmjs.org/@types%2fcomponent-emitter 99ms (from cache)
80 silly pacote tag manifest for @types/component-emitter@ts3.6 fetched in 102ms
81 http fetch GET 304 https://registry.npmjs.org/@types%2fcompressible 102ms (from cache)
82 silly pacote tag manifest for @types/compressible@ts3.6 fetched in 104ms
83 http fetch GET 304 https://registry.npmjs.org/@types%2fcompression 142ms (from cache)
84 silly pacote tag manifest for @types/compression@ts3.6 fetched in 146ms
85 http fetch GET 304 https://registry.npmjs.org/@types%2fconcat-map 148ms (from cache)
86 silly pacote tag manifest for @types/concat-map@ts3.6 fetched in 150ms
87 http fetch GET 304 https://registry.npmjs.org/@types%2fconcat-stream 120ms (from cache)
88 silly pacote tag manifest for @types/concat-stream@ts3.6 fetched in 123ms
89 http fetch GET 304 https://registry.npmjs.org/@types%2fconnect-history-api-fallback 87ms (from cache)
90 silly pacote tag manifest for @types/connect-history-api-fallback@ts3.6 fetched in 90ms
91 http fetch GET 304 https://registry.npmjs.org/@types%2fcore-js 98ms (from cache)
92 silly pacote tag manifest for @types/core-js@ts3.6 fetched in 104ms
93 http fetch GET 304 https://registry.npmjs.org/@types%2fconvert-source-map 208ms (from cache)
94 silly pacote tag manifest for @types/convert-source-map@ts3.6 fetched in 213ms
95 http fetch GET 304 https://registry.npmjs.org/@types%2fconfusing-browser-globals 810ms (from cache)
96 silly pacote tag manifest for @types/confusing-browser-globals@ts3.6 fetched in 814ms
97 http fetch GET 304 https://registry.npmjs.org/@types%2fcross-spawn 171ms (from cache)
98 silly pacote tag manifest for @types/cross-spawn@ts3.6 fetched in 174ms
99 http fetch GET 304 https://registry.npmjs.org/@types%2fcaniuse-lite 2314ms (from cache)
100 silly pacote tag manifest for @types/caniuse-lite@ts3.6 fetched in 2317ms
101 http fetch GET 304 https://registry.npmjs.org/@types%2fcommondir 1567ms (from cache)
102 silly pacote tag manifest for @types/commondir@ts3.6 fetched in 1570ms
103 http fetch GET 304 https://registry.npmjs.org/@types%2fcss-tree 90ms (from cache)
104 silly pacote tag manifest for @types/css-tree@ts3.6 fetched in 92ms
105 http fetch GET 304 https://registry.npmjs.org/@types%2fcipher-base 2376ms (from cache)
106 silly pacote tag manifest for @types/cipher-base@ts3.6 fetched in 2379ms
107 http fetch GET 304 https://registry.npmjs.org/@types%2fclean-css 2353ms (from cache)
108 silly pacote tag manifest for @types/clean-css@ts3.6 fetched in 2355ms
109 http fetch GET 304 https://registry.npmjs.org/@types%2fcolor 2391ms (from cache)
110 silly pacote tag manifest for @types/color@ts3.6 fetched in 2395ms
111 http fetch GET 304 https://registry.npmjs.org/@types%2fcreate-hash 1561ms (from cache)
112 silly pacote tag manifest for @types/create-hash@ts3.6 fetched in 1563ms
113 http fetch GET 304 https://registry.npmjs.org/@types%2fcssstyle 82ms (from cache)
114 silly pacote tag manifest for @types/cssstyle@ts3.6 fetched in 85ms
115 http fetch GET 304 https://registry.npmjs.org/@types%2fcssom 158ms (from cache)
116 silly pacote tag manifest for @types/cssom@ts3.6 fetched in 163ms
117 http fetch GET 304 https://registry.npmjs.org/@types%2fd 96ms (from cache)
118 silly pacote tag manifest for @types/d@ts3.6 fetched in 108ms
119 http fetch GET 304 https://registry.npmjs.org/@types%2fdamerau-levenshtein 88ms (from cache)
120 silly pacote tag manifest for @types/damerau-levenshtein@ts3.6 fetched in 90ms
121 http fetch GET 304 https://registry.npmjs.org/@types%2fcolor-string 2446ms (from cache)
122 silly pacote tag manifest for @types/color-string@ts3.6 fetched in 2451ms
123 http fetch GET 304 https://registry.npmjs.org/@types%2fdata-urls 103ms (from cache)
124 silly pacote tag manifest for @types/data-urls@ts3.6 fetched in 107ms
125 http fetch GET 304 https://registry.npmjs.org/@types%2fdecode-uri-component 91ms (from cache)
126 silly pacote tag manifest for @types/decode-uri-component@ts3.6 fetched in 97ms
127 http fetch GET 304 https://registry.npmjs.org/@types%2fdedent 91ms (from cache)
128 silly pacote tag manifest for @types/dedent@ts3.6 fetched in 97ms
129 http fetch GET 304 https://registry.npmjs.org/@types%2fdeep-equal 82ms (from cache)
130 silly pacote tag manifest for @types/deep-equal@ts3.6 fetched in 93ms
131 http fetch GET 304 https://registry.npmjs.org/@types%2fdefault-gateway 105ms (from cache)
132 silly pacote tag manifest for @types/default-gateway@ts3.6 fetched in 109ms
133 http fetch GET 304 https://registry.npmjs.org/@types%2fdefine-properties 108ms (from cache)
134 http fetch GET 304 https://registry.npmjs.org/@types%2fcompose-function 2445ms (from cache)
135 silly pacote tag manifest for @types/define-properties@ts3.6 fetched in 113ms
136 silly pacote tag manifest for @types/compose-function@ts3.6 fetched in 2452ms
137 http fetch GET 304 https://registry.npmjs.org/@types%2fdetect-node 100ms (from cache)
138 silly pacote tag manifest for @types/detect-node@ts3.6 fetched in 103ms
139 http fetch GET 304 https://registry.npmjs.org/@types%2fdns-packet 91ms (from cache)
140 http fetch GET 304 https://registry.npmjs.org/@types%2fdiffie-hellman 104ms (from cache)
141 silly pacote tag manifest for @types/dns-packet@ts3.6 fetched in 94ms
142 silly pacote tag manifest for @types/diffie-hellman@ts3.6 fetched in 106ms
143 http fetch GET 304 https://registry.npmjs.org/@types%2fdir-glob 131ms (from cache)
144 silly pacote tag manifest for @types/dir-glob@ts3.6 fetched in 133ms
145 http fetch GET 304 https://registry.npmjs.org/@types%2fdoctrine 94ms (from cache)
146 silly pacote tag manifest for @types/doctrine@ts3.6 fetched in 96ms
147 http fetch GET 304 https://registry.npmjs.org/@types%2fdomexception 81ms (from cache)
148 silly pacote tag manifest for @types/domexception@ts3.6 fetched in 83ms
149 http fetch GET 304 https://registry.npmjs.org/@types%2fdomutils 96ms (from cache)
150 silly pacote tag manifest for @types/domutils@ts3.6 fetched in 97ms
151 http fetch GET 304 https://registry.npmjs.org/@types%2fduplexify 83ms (from cache)
152 silly pacote tag manifest for @types/duplexify@ts3.6 fetched in 85ms
153 http fetch GET 304 https://registry.npmjs.org/@types%2fejs 71ms (from cache)
154 silly pacote tag manifest for @types/ejs@ts3.6 fetched in 72ms
155 http fetch GET 304 https://registry.npmjs.org/@types%2felliptic 76ms (from cache)
156 silly pacote tag manifest for @types/elliptic@ts3.6 fetched in 83ms
157 http fetch GET 304 https://registry.npmjs.org/@types%2fend-of-stream 79ms (from cache)
158 silly pacote tag manifest for @types/end-of-stream@ts3.6 fetched in 80ms
159 http fetch GET 304 https://registry.npmjs.org/@types%2fcss-declaration-sorter 1523ms (from cache)
160 silly pacote tag manifest for @types/css-declaration-sorter@ts3.6 fetched in 1525ms
161 http fetch GET 304 https://registry.npmjs.org/@types%2fenhanced-resolve 90ms (from cache)
162 silly pacote tag manifest for @types/enhanced-resolve@ts3.6 fetched in 95ms
163 http fetch GET 304 https://registry.npmjs.org/@types%2fes-abstract 92ms (from cache)
164 silly pacote tag manifest for @types/es-abstract@ts3.6 fetched in 94ms
165 http fetch GET 304 https://registry.npmjs.org/@types%2fes-to-primitive 76ms (from cache)
166 http fetch GET 304 https://registry.npmjs.org/@types%2fescodegen 65ms (from cache)
167 silly pacote tag manifest for @types/es-to-primitive@ts3.6 fetched in 78ms
168 silly pacote tag manifest for @types/escodegen@ts3.6 fetched in 67ms
169 http fetch GET 304 https://registry.npmjs.org/@types%2fcreate-hmac 2339ms (from cache)
170 silly pacote tag manifest for @types/create-hmac@ts3.6 fetched in 2340ms
171 http fetch GET 304 https://registry.npmjs.org/@types%2feslint-scope 66ms (from cache)
172 silly pacote tag manifest for @types/eslint-scope@ts3.6 fetched in 68ms
173 http fetch GET 304 https://registry.npmjs.org/@types%2feslint 105ms (from cache)
174 silly pacote tag manifest for @types/eslint@ts3.6 fetched in 111ms
175 http fetch GET 304 https://registry.npmjs.org/@types%2feslint-visitor-keys 90ms (from cache)
176 silly pacote tag manifest for @types/eslint-visitor-keys@ts3.6 fetched in 94ms
177 http fetch GET 304 https://registry.npmjs.org/@types%2feslint-utils 115ms (from cache)
178 http fetch GET 304 https://registry.npmjs.org/@types%2fesprima 109ms (from cache)
179 silly pacote tag manifest for @types/eslint-utils@ts3.6 fetched in 127ms
180 http fetch GET 304 https://registry.npmjs.org/@types%2fesquery 95ms (from cache)
181 silly pacote tag manifest for @types/esprima@ts3.6 fetched in 112ms
182 silly pacote tag manifest for @types/esquery@ts3.6 fetched in 100ms
183 http fetch GET 200 https://registry.npmjs.org/@types%2fcss.escape 1285ms
184 silly fetchPackageMetaData error for @types/css.escape@ts3.6 No matching version found for @types/css.escape@ts3.6.
185 http fetch GET 304 https://registry.npmjs.org/@types%2festraverse 102ms (from cache)
186 silly pacote tag manifest for @types/estraverse@ts3.6 fetched in 106ms
187 http fetch GET 304 https://registry.npmjs.org/@types%2fesutils 83ms (from cache)
188 silly pacote tag manifest for @types/esutils@ts3.6 fetched in 86ms
189 http fetch GET 304 https://registry.npmjs.org/@types%2fexit 102ms (from cache)
190 http fetch GET 304 https://registry.npmjs.org/@types%2fevents 123ms (from cache)
191 silly pacote tag manifest for @types/exit@ts3.6 fetched in 105ms
192 http fetch GET 304 https://registry.npmjs.org/@types%2ffast-levenshtein 102ms (from cache)
193 silly pacote tag manifest for @types/events@ts3.6 fetched in 127ms
194 silly pacote tag manifest for @types/fast-levenshtein@ts3.6 fetched in 112ms
195 http fetch GET 304 https://registry.npmjs.org/@types%2feventsource 128ms (from cache)
196 http fetch GET 304 https://registry.npmjs.org/@types%2ffb-watchman 117ms (from cache)
197 silly pacote tag manifest for @types/eventsource@ts3.6 fetched in 135ms
198 silly pacote tag manifest for @types/fb-watchman@ts3.6 fetched in 121ms
199 http fetch GET 304 https://registry.npmjs.org/@types%2ffile-entry-cache 112ms (from cache)
200 silly pacote tag manifest for @types/file-entry-cache@ts3.6 fetched in 120ms
201 http fetch GET 304 https://registry.npmjs.org/@types%2ffile-loader 105ms (from cache)
202 silly pacote tag manifest for @types/file-loader@ts3.6 fetched in 111ms
203 http fetch GET 200 https://registry.npmjs.org/@types%2ffill-range 83ms
204 silly fetchPackageMetaData error for @types/fill-range@ts3.6 No matching version found for @types/fill-range@ts3.6.
205 http fetch GET 304 https://registry.npmjs.org/@types%2ffind-cache-dir 90ms (from cache)
206 silly pacote tag manifest for @types/find-cache-dir@ts3.6 fetched in 95ms
207 http fetch GET 304 https://registry.npmjs.org/@types%2fflat-cache 115ms (from cache)
208 http fetch GET 304 https://registry.npmjs.org/@types%2fflush-write-stream 100ms (from cache)
209 silly pacote tag manifest for @types/flat-cache@ts3.6 fetched in 116ms
210 http fetch GET 304 https://registry.npmjs.org/@types%2ffollow-redirects 98ms (from cache)
211 silly pacote tag manifest for @types/flush-write-stream@ts3.6 fetched in 103ms
212 http fetch GET 304 https://registry.npmjs.org/@types%2ffunction-bind 89ms (from cache)
213 silly pacote tag manifest for @types/follow-redirects@ts3.6 fetched in 106ms
214 silly pacote tag manifest for @types/function-bind@ts3.6 fetched in 100ms
215 http fetch GET 304 https://registry.npmjs.org/@types%2ffrom2 125ms (from cache)
216 http fetch GET 304 https://registry.npmjs.org/@types%2ffunctional-red-black-tree 82ms (from cache)
217 silly pacote tag manifest for @types/from2@ts3.6 fetched in 126ms
218 silly pacote tag manifest for @types/functional-red-black-tree@ts3.6 fetched in 84ms
219 http fetch GET 200 https://registry.npmjs.org/@types%2fgensync 87ms
220 silly fetchPackageMetaData error for @types/gensync@ts3.6 No matching version found for @types/gensync@ts3.6.
221 http fetch GET 200 https://registry.npmjs.org/@types%2fget-intrinsic 78ms
222 silly fetchPackageMetaData error for @types/get-intrinsic@ts3.6 No matching version found for @types/get-intrinsic@ts3.6.
223 http fetch GET 304 https://registry.npmjs.org/@types%2fget-value 96ms (from cache)
224 silly pacote tag manifest for @types/get-value@ts3.6 fetched in 97ms
225 http fetch GET 304 https://registry.npmjs.org/@types%2fglob-parent 84ms (from cache)
226 http fetch GET 304 https://registry.npmjs.org/@types%2fglobal-prefix 68ms (from cache)
227 silly pacote tag manifest for @types/glob-parent@ts3.6 fetched in 90ms
228 silly pacote tag manifest for @types/global-prefix@ts3.6 fetched in 73ms
229 http fetch GET 304 https://registry.npmjs.org/@types%2fglobal-modules 100ms (from cache)
230 silly pacote tag manifest for @types/global-modules@ts3.6 fetched in 101ms
231 http fetch GET 304 https://registry.npmjs.org/@types%2fhas 189ms (from cache)
232 http fetch GET 304 https://registry.npmjs.org/@types%2fgraceful-fs 213ms (from cache)
233 http fetch GET 304 https://registry.npmjs.org/@types%2fhe 161ms (from cache)
234 http fetch GET 304 https://registry.npmjs.org/@types%2fhex-color-regex 161ms (from cache)
235 http fetch GET 304 https://registry.npmjs.org/@types%2fhosted-git-info 133ms (from cache)
236 http fetch GET 304 https://registry.npmjs.org/@types%2fglob 266ms (from cache)
237 http fetch GET 304 https://registry.npmjs.org/@types%2fhas-symbols 175ms (from cache)
238 silly pacote tag manifest for @types/has@ts3.6 fetched in 197ms
239 silly pacote tag manifest for @types/graceful-fs@ts3.6 fetched in 221ms
240 silly pacote tag manifest for @types/he@ts3.6 fetched in 169ms
241 silly pacote tag manifest for @types/hosted-git-info@ts3.6 fetched in 142ms
242 silly pacote tag manifest for @types/hex-color-regex@ts3.6 fetched in 169ms
243 silly pacote tag manifest for @types/glob@ts3.6 fetched in 278ms
244 silly pacote tag manifest for @types/has-symbols@ts3.6 fetched in 185ms
245 http fetch GET 304 https://registry.npmjs.org/@types%2ficss-utils 115ms (from cache)
246 http fetch GET 304 https://registry.npmjs.org/@types%2fhttp-proxy 116ms (from cache)
247 http fetch GET 304 https://registry.npmjs.org/@types%2fiferr 114ms (from cache)
248 http fetch GET 304 https://registry.npmjs.org/@types%2fhtml-minifier-terser 119ms (from cache)
249 http fetch GET 304 https://registry.npmjs.org/@types%2fhtml-encoding-sniffer 125ms (from cache)
250 silly pacote tag manifest for @types/icss-utils@ts3.6 fetched in 119ms
251 silly pacote tag manifest for @types/http-proxy@ts3.6 fetched in 120ms
252 silly pacote tag manifest for @types/iferr@ts3.6 fetched in 118ms
253 silly pacote tag manifest for @types/html-minifier-terser@ts3.6 fetched in 127ms
254 silly pacote tag manifest for @types/html-encoding-sniffer@ts3.6 fetched in 133ms
255 http fetch GET 304 https://registry.npmjs.org/@types%2fcss 2426ms (from cache)
256 http fetch GET 304 https://registry.npmjs.org/@types%2fimurmurhash 164ms (from cache)
257 http fetch GET 304 https://registry.npmjs.org/@types%2fhtml-escaper 173ms (from cache)
258 silly pacote tag manifest for @types/css@ts3.6 fetched in 2428ms
259 silly pacote tag manifest for @types/imurmurhash@ts3.6 fetched in 168ms
260 silly pacote tag manifest for @types/html-escaper@ts3.6 fetched in 177ms
261 http fetch GET 304 https://registry.npmjs.org/@types%2finternal-slot 101ms (from cache)
262 http fetch GET 304 https://registry.npmjs.org/@types%2fini 102ms (from cache)
263 silly pacote tag manifest for @types/internal-slot@ts3.6 fetched in 106ms
264 silly pacote tag manifest for @types/ini@ts3.6 fetched in 108ms
265 http fetch GET 304 https://registry.npmjs.org/@types%2fis-arguments 106ms (from cache)
266 http fetch GET 304 https://registry.npmjs.org/@types%2fip 114ms (from cache)
267 silly pacote tag manifest for @types/is-arguments@ts3.6 fetched in 117ms
268 silly pacote tag manifest for @types/ip@ts3.6 fetched in 130ms
269 http fetch GET 304 https://registry.npmjs.org/@types%2fis-bigint 141ms (from cache)
270 silly registry:manifest no matching version for @types/is-bigint@ts3.6 in the cache. Forcing revalidation.
271 http fetch GET 304 https://registry.npmjs.org/@types%2fis-buffer 107ms (from cache)
272 silly pacote tag manifest for @types/is-buffer@ts3.6 fetched in 108ms
273 http fetch GET 304 https://registry.npmjs.org/@types%2fis-boolean-object 113ms (from cache)
274 silly registry:manifest no matching version for @types/is-boolean-object@ts3.6 in the cache. Forcing revalidation.
275 http fetch GET 304 https://registry.npmjs.org/@types%2fis-callable 217ms (from cache)
276 http fetch GET 304 https://registry.npmjs.org/@types%2fis-ci 164ms (from cache)
277 http fetch GET 304 https://registry.npmjs.org/@types%2fis-glob 115ms (from cache)
278 http fetch GET 304 https://registry.npmjs.org/@types%2fis-core-module 167ms (from cache)
279 silly pacote tag manifest for @types/is-callable@ts3.6 fetched in 225ms
280 silly pacote tag manifest for @types/is-ci@ts3.6 fetched in 171ms
281 http fetch GET 304 https://registry.npmjs.org/@types%2fis-date-object 146ms (from cache)
282 silly pacote tag manifest for @types/is-core-module@ts3.6 fetched in 171ms
283 silly pacote tag manifest for @types/is-glob@ts3.6 fetched in 120ms
284 http fetch GET 304 https://registry.npmjs.org/@types%2fis-data-descriptor 155ms (from cache)
285 silly registry:manifest no matching version for @types/is-data-descriptor@ts3.6 in the cache. Forcing revalidation.
286 silly pacote tag manifest for @types/is-date-object@ts3.6 fetched in 157ms
287 http fetch GET 200 https://registry.npmjs.org/@types%2fis-bigint 170ms
288 silly fetchPackageMetaData error for @types/is-bigint@ts3.6 No matching version found for @types/is-bigint@ts3.6.
289 http fetch GET 304 https://registry.npmjs.org/@types%2fis-typedarray 156ms (from cache)
290 http fetch GET 304 https://registry.npmjs.org/@types%2fis-windows 147ms (from cache)
291 http fetch GET 304 https://registry.npmjs.org/@types%2fis-number 163ms (from cache)
292 http fetch GET 304 https://registry.npmjs.org/@types%2fis-string 162ms (from cache)
293 http fetch GET 304 https://registry.npmjs.org/@types%2fis-regex 163ms (from cache)
294 silly registry:manifest no matching version for @types/is-string@ts3.6 in the cache. Forcing revalidation.
295 silly pacote tag manifest for @types/is-typedarray@ts3.6 fetched in 164ms
296 silly pacote tag manifest for @types/is-windows@ts3.6 fetched in 155ms
297 silly pacote tag manifest for @types/is-regex@ts3.6 fetched in 168ms
298 silly pacote tag manifest for @types/is-number@ts3.6 fetched in 170ms
299 http fetch GET 304 https://registry.npmjs.org/@types%2fisarray 151ms (from cache)
300 silly pacote tag manifest for @types/isarray@ts3.6 fetched in 153ms
301 http fetch GET 200 https://registry.npmjs.org/@types%2fis-string 99ms
302 silly fetchPackageMetaData error for @types/is-string@ts3.6 No matching version found for @types/is-string@ts3.6.
303 http fetch GET 304 https://registry.npmjs.org/@types%2fisexe 103ms (from cache)
304 silly pacote tag manifest for @types/isexe@ts3.6 fetched in 117ms
305 http fetch GET 304 https://registry.npmjs.org/@types%2fistanbul-lib-instrument 111ms (from cache)
306 silly pacote tag manifest for @types/istanbul-lib-instrument@ts3.6 fetched in 124ms
307 http fetch GET 304 https://registry.npmjs.org/@types%2fistanbul-lib-coverage 133ms (from cache)
308 silly pacote tag manifest for @types/istanbul-lib-coverage@ts3.6 fetched in 135ms
309 http fetch GET 304 https://registry.npmjs.org/@types%2fistanbul-lib-report 137ms (from cache)
310 http fetch GET 304 https://registry.npmjs.org/@types%2fistanbul-lib-source-maps 115ms (from cache)
311 silly pacote tag manifest for @types/istanbul-lib-report@ts3.6 fetched in 142ms
312 silly pacote tag manifest for @types/istanbul-lib-source-maps@ts3.6 fetched in 118ms
313 http fetch GET 304 https://registry.npmjs.org/@types%2fcssesc 2386ms (from cache)
314 silly pacote tag manifest for @types/cssesc@ts3.6 fetched in 2391ms
315 http fetch GET 304 https://registry.npmjs.org/@types%2fjs-yaml 95ms (from cache)
316 silly pacote tag manifest for @types/js-yaml@ts3.6 fetched in 103ms
317 http fetch GET 304 https://registry.npmjs.org/@types%2fistanbul-reports 123ms (from cache)
318 silly pacote tag manifest for @types/istanbul-reports@ts3.6 fetched in 128ms
319 http fetch GET 304 https://registry.npmjs.org/@types%2fjsesc 96ms (from cache)
320 silly pacote tag manifest for @types/jsesc@ts3.6 fetched in 97ms
321 http fetch GET 304 https://registry.npmjs.org/@types%2fjson-parse-better-errors 89ms (from cache)
322 silly pacote tag manifest for @types/json-parse-better-errors@ts3.6 fetched in 91ms
323 http fetch GET 304 https://registry.npmjs.org/@types%2fjsonfile 116ms (from cache)
324 silly pacote tag manifest for @types/jsonfile@ts3.6 fetched in 118ms
325 http fetch GET 304 https://registry.npmjs.org/@types%2fkind-of 74ms (from cache)
326 silly pacote tag manifest for @types/kind-of@ts3.6 fetched in 75ms
327 http fetch GET 304 https://registry.npmjs.org/@types%2flanguage-tags 95ms (from cache)
328 silly registry:manifest no matching version for @types/language-tags@ts3.6 in the cache. Forcing revalidation.
329 http fetch GET 304 https://registry.npmjs.org/@types%2floader-runner 90ms (from cache)
330 http fetch GET 304 https://registry.npmjs.org/@types%2fcsso 2435ms (from cache)
331 http fetch GET 304 https://registry.npmjs.org/@types%2floader-utils 89ms (from cache)
332 silly pacote tag manifest for @types/loader-runner@ts3.6 fetched in 99ms
333 silly pacote tag manifest for @types/csso@ts3.6 fetched in 2445ms
334 silly pacote tag manifest for @types/loader-utils@ts3.6 fetched in 95ms
335 http fetch GET 304 https://registry.npmjs.org/@types%2flodash.memoize 104ms (from cache)
336 http fetch GET 304 https://registry.npmjs.org/@types%2fjsdom 216ms (from cache)
337 silly pacote tag manifest for @types/lodash.memoize@ts3.6 fetched in 109ms
338 silly pacote tag manifest for @types/jsdom@ts3.6 fetched in 219ms
339 http fetch GET 304 https://registry.npmjs.org/@types%2flodash.merge 87ms (from cache)
340 silly pacote tag manifest for @types/lodash.merge@ts3.6 fetched in 89ms
341 http fetch GET 304 https://registry.npmjs.org/@types%2flodash.template 84ms (from cache)
342 silly pacote tag manifest for @types/lodash.template@ts3.6 fetched in 85ms
343 http fetch GET 200 https://registry.npmjs.org/@types%2flanguage-tags 66ms
344 silly fetchPackageMetaData error for @types/language-tags@ts3.6 No matching version found for @types/language-tags@ts3.6.
345 http fetch GET 304 https://registry.npmjs.org/@types%2flodash.uniq 83ms (from cache)
346 silly pacote tag manifest for @types/lodash.uniq@ts3.6 fetched in 86ms
347 http fetch GET 304 https://registry.npmjs.org/@types%2fmemory-fs 66ms (from cache)
348 silly pacote tag manifest for @types/memory-fs@ts3.6 fetched in 67ms
349 http fetch GET 304 https://registry.npmjs.org/@types%2flodash.truncate 353ms (from cache)
350 silly pacote tag manifest for @types/lodash.truncate@ts3.6 fetched in 364ms
351 http fetch GET 304 https://registry.npmjs.org/@types%2flz-string 361ms (from cache)
352 silly pacote tag manifest for @types/lz-string@ts3.6 fetched in 364ms
353 http fetch GET 200 https://registry.npmjs.org/@types%2fis-data-descriptor 1622ms
354 silly fetchPackageMetaData error for @types/is-data-descriptor@ts3.6 No matching version found for @types/is-data-descriptor@ts3.6.
355 http fetch GET 200 https://registry.npmjs.org/@types%2fis-boolean-object 2466ms
356 silly fetchPackageMetaData error for @types/is-boolean-object@ts3.6 No matching version found for @types/is-boolean-object@ts3.6.
357 timing stage:rollbackFailedOptional Completed in 1ms
358 timing stage:runTopLevelLifecycles Completed in 9636ms
359 verbose type tag
360 verbose stack @types/call-bind: No matching version found for @types/call-bind@ts3.6.
360 verbose stack     at pickManifest (/usr/local/lib/node_modules/npm/node_modules/npm-pick-manifest/index.js:122:13)
360 verbose stack     at /usr/local/lib/node_modules/npm/node_modules/pacote/lib/fetchers/registry/manifest.js:24:14
360 verbose stack     at tryCatcher (/usr/local/lib/node_modules/npm/node_modules/bluebird/js/release/util.js:16:23)
360 verbose stack     at Promise._settlePromiseFromHandler (/usr/local/lib/node_modules/npm/node_modules/bluebird/js/release/promise.js:517:31)
360 verbose stack     at Promise._settlePromise (/usr/local/lib/node_modules/npm/node_modules/bluebird/js/release/promise.js:574:18)
360 verbose stack     at Promise._settlePromise0 (/usr/local/lib/node_modules/npm/node_modules/bluebird/js/release/promise.js:619:10)
360 verbose stack     at Promise._settlePromises (/usr/local/lib/node_modules/npm/node_modules/bluebird/js/release/promise.js:699:18)
360 verbose stack     at _drainQueueStep (/usr/local/lib/node_modules/npm/node_modules/bluebird/js/release/async.js:138:12)
360 verbose stack     at _drainQueue (/usr/local/lib/node_modules/npm/node_modules/bluebird/js/release/async.js:131:9)
360 verbose stack     at Async._drainQueues (/usr/local/lib/node_modules/npm/node_modules/bluebird/js/release/async.js:147:5)
360 verbose stack     at Immediate.Async.drainQueues [as _onImmediate] (/usr/local/lib/node_modules/npm/node_modules/bluebird/js/release/async.js:17:14)
360 verbose stack     at processImmediate (internal/timers.js:456:21)
361 verbose cwd /home/theia/.cache/typescript/3.6
362 verbose Linux 5.10.16.3-microsoft-standard-WSL2
363 verbose argv "/usr/local/bin/node" "/usr/local/bin/npm" "install" "--ignore-scripts" "@types/argparse@ts3.6" "@types/aria-query@ts3.6" "@types/arr-diff@ts3.6" "@types/arr-union@ts3.6" "@types/array-unique@ts3.6" "@types/array.prototype.flat@ts3.6" "@types/array.prototype.flatmap@ts3.6" "@types/asap@ts3.6" "@types/assert@ts3.6" "@types/async@ts3.6" "@types/atob@ts3.6" "@types/babel-plugin-macros@ts3.6" "@types/babylon@ts3.6" "@types/balanced-match@ts3.6" "@types/big.js@ts3.6" "@types/bluebird@ts3.6" "@types/bn.js@ts3.6" "@types/bonjour@ts3.6" "@types/boolbase@ts3.6" "@types/brace-expansion@ts3.6" "@types/braces@ts3.6" "@types/brorand@ts3.6" "@types/bser@ts3.6" "@types/buffer-from@ts3.6" "@types/buffer-xor@ts3.6" "@types/cacache@ts3.6" "@types/call-bind@ts3.6" "@types/caniuse-api@ts3.6" "@types/caniuse-lite@ts3.6" "@types/case-sensitive-paths-webpack-plugin@ts3.6" "@types/check-types@ts3.6" "@types/chownr@ts3.6" "@types/cipher-base@ts3.6" "@types/clean-css@ts3.6" "@types/co@ts3.6" "@types/color@ts3.6" "@types/color-convert@ts3.6" "@types/color-name@ts3.6" "@types/color-string@ts3.6" "@types/combined-stream@ts3.6" "@types/common-tags@ts3.6" "@types/commondir@ts3.6" "@types/component-emitter@ts3.6" "@types/compose-function@ts3.6" "@types/compressible@ts3.6" "@types/compression@ts3.6" "@types/concat-map@ts3.6" "@types/concat-stream@ts3.6" "@types/confusing-browser-globals@ts3.6" "@types/connect-history-api-fallback@ts3.6" "@types/convert-source-map@ts3.6" "@types/core-js@ts3.6" "@types/create-hash@ts3.6" "@types/create-hmac@ts3.6" "@types/cross-spawn@ts3.6" "@types/css@ts3.6" "@types/css-declaration-sorter@ts3.6" "@types/css-tree@ts3.6" "@types/css.escape@ts3.6" "@types/cssesc@ts3.6" "@types/csso@ts3.6" "@types/cssom@ts3.6" "@types/cssstyle@ts3.6" "@types/d@ts3.6" "@types/damerau-levenshtein@ts3.6" "@types/data-urls@ts3.6" "@types/decode-uri-component@ts3.6" "@types/dedent@ts3.6" "@types/deep-equal@ts3.6" "@types/default-gateway@ts3.6" "@types/define-properties@ts3.6" "@types/detect-node@ts3.6" "@types/diffie-hellman@ts3.6" "@types/dir-glob@ts3.6" "@types/dns-packet@ts3.6" "@types/doctrine@ts3.6" "@types/domexception@ts3.6" "@types/domutils@ts3.6" "@types/duplexify@ts3.6" "@types/ejs@ts3.6" "@types/elliptic@ts3.6" "@types/end-of-stream@ts3.6" "@types/enhanced-resolve@ts3.6" "@types/es-abstract@ts3.6" "@types/es-to-primitive@ts3.6" "@types/escodegen@ts3.6" "@types/eslint@ts3.6" "@types/eslint-scope@ts3.6" "@types/eslint-utils@ts3.6" "@types/eslint-visitor-keys@ts3.6" "@types/esprima@ts3.6" "@types/esquery@ts3.6" "@types/estraverse@ts3.6" "@types/esutils@ts3.6" "@types/events@ts3.6" "@types/eventsource@ts3.6" "@types/exit@ts3.6" "@types/fast-levenshtein@ts3.6" "@types/fb-watchman@ts3.6" "@types/file-entry-cache@ts3.6" "@types/file-loader@ts3.6" "@types/fill-range@ts3.6" "@types/find-cache-dir@ts3.6" "@types/flat-cache@ts3.6" "@types/flush-write-stream@ts3.6" "@types/follow-redirects@ts3.6" "@types/from2@ts3.6" "@types/function-bind@ts3.6" "@types/functional-red-black-tree@ts3.6" "@types/gensync@ts3.6" "@types/get-intrinsic@ts3.6" "@types/get-value@ts3.6" "@types/glob@ts3.6" "@types/glob-parent@ts3.6" "@types/global-modules@ts3.6" "@types/global-prefix@ts3.6" "@types/graceful-fs@ts3.6" "@types/has@ts3.6" "@types/has-symbols@ts3.6" "@types/he@ts3.6" "@types/hex-color-regex@ts3.6" "@types/hosted-git-info@ts3.6" "@types/html-encoding-sniffer@ts3.6" "@types/html-escaper@ts3.6" "@types/html-minifier-terser@ts3.6" "@types/http-proxy@ts3.6" "@types/icss-utils@ts3.6" "@types/iferr@ts3.6" "@types/imurmurhash@ts3.6" "@types/ini@ts3.6" "@types/internal-slot@ts3.6" "@types/ip@ts3.6" "@types/is-arguments@ts3.6" "@types/is-bigint@ts3.6" "@types/is-boolean-object@ts3.6" "@types/is-buffer@ts3.6" "@types/is-callable@ts3.6" "@types/is-ci@ts3.6" "@types/is-core-module@ts3.6" "@types/is-data-descriptor@ts3.6" "@types/is-date-object@ts3.6" "@types/is-glob@ts3.6" "@types/is-number@ts3.6" "@types/is-regex@ts3.6" "@types/is-string@ts3.6" "@types/is-typedarray@ts3.6" "@types/is-windows@ts3.6" "@types/isarray@ts3.6" "@types/isexe@ts3.6" "@types/istanbul-lib-coverage@ts3.6" "@types/istanbul-lib-instrument@ts3.6" "@types/istanbul-lib-report@ts3.6" "@types/istanbul-lib-source-maps@ts3.6" "@types/istanbul-reports@ts3.6" "@types/js-yaml@ts3.6" "@types/jsdom@ts3.6" "@types/jsesc@ts3.6" "@types/json-parse-better-errors@ts3.6" "@types/jsonfile@ts3.6" "@types/kind-of@ts3.6" "@types/language-tags@ts3.6" "@types/loader-runner@ts3.6" "@types/loader-utils@ts3.6" "@types/lodash.memoize@ts3.6" "@types/lodash.merge@ts3.6" "@types/lodash.template@ts3.6" "@types/lodash.truncate@ts3.6" "@types/lodash.uniq@ts3.6" "@types/lz-string@ts3.6" "@types/memory-fs@ts3.6" "--save-dev" "--user-agent=typesInstaller/3.6.3"
364 verbose node v12.18.3
365 verbose npm  v6.14.6
366 error code ETARGET
367 error notarget No matching version found for @types/call-bind@ts3.6.
368 error notarget In most cases you or one of your dependencies are requesting
368 error notarget a package version that doesn't exist.
369 verbose exit [ 1, true ]
