0 info it worked if it ends with ok
1 verbose cli [
1 verbose cli   '/usr/local/bin/node',
1 verbose cli   '/usr/local/bin/npm',
1 verbose cli   'install',
1 verbose cli   '--ignore-scripts',
1 verbose cli   '@types/memorystream@ts3.6',
1 verbose cli   '@types/merge-stream@ts3.6',
1 verbose cli   '@types/merge2@ts3.6',
1 verbose cli   '@types/micromatch@ts3.6',
1 verbose cli   '@types/min-indent@ts3.6',
1 verbose cli   '@types/minimalistic-assert@ts3.6',
1 verbose cli   '@types/minimist@ts3.6',
1 verbose cli   '@types/minizlib@ts3.6',
1 verbose cli   '@types/mkdirp@ts3.6',
1 verbose cli   '@types/move-concurrently@ts3.6',
1 verbose cli   '@types/multicast-dns@ts3.6',
1 verbose cli   '@types/natural-compare@ts3.6',
1 verbose cli   '@types/next-tick@ts3.6',
1 verbose cli   '@types/nice-try@ts3.6',
1 verbose cli   '@types/node-forge@ts3.6',
1 verbose cli   '@types/node-int64@ts3.6',
1 verbose cli   '@types/node-notifier@ts3.6',
1 verbose cli   '@types/normalize-package-data@ts3.6',
1 verbose cli   '@types/normalize-path@ts3.6',
1 verbose cli   '@types/num2fraction@ts3.6',
1 verbose cli   '@types/nwsapi@ts3.6',
1 verbose cli   '@types/object-assign@ts3.6',
1 verbose cli   '@types/object-inspect@ts3.6',
1 verbose cli   '@types/object-keys@ts3.6',
1 verbose cli   '@types/object.fromentries@ts3.6',
1 verbose cli   '@types/object.getownpropertydescriptors@ts3.6',
1 verbose cli   '@types/object.pick@ts3.6',
1 verbose cli   '@types/on-headers@ts3.6',
1 verbose cli   '@types/once@ts3.6',
1 verbose cli   '@types/optimize-css-assets-webpack-plugin@ts3.6',
1 verbose cli   '@types/pako@ts3.6',
1 verbose cli   '@types/parallel-transform@ts3.6',
1 verbose cli   '@types/parse-json@ts3.6',
1 verbose cli   '@types/pascalcase@ts3.6',
1 verbose cli   '@types/path-browserify@ts3.6',
1 verbose cli   '@types/path-is-absolute@ts3.6',
1 verbose cli   '@types/path-is-inside@ts3.6',
1 verbose cli   '@types/path-parse@ts3.6',
1 verbose cli   '@types/pbkdf2@ts3.6',
1 verbose cli   '@types/picomatch@ts3.6',
1 verbose cli   '@types/pify@ts3.6',
1 verbose cli   '@types/postcss-flexbugs-fixes@ts3.6',
1 verbose cli   '@types/postcss-gap-properties@ts3.6',
1 verbose cli   '@types/postcss-modules-extract-imports@ts3.6',
1 verbose cli   '@types/postcss-modules-local-by-default@ts3.6',
1 verbose cli   '@types/postcss-modules-scope@ts3.6',
1 verbose cli   '@types/postcss-modules-values@ts3.6',
1 verbose cli   '@types/postcss-normalize@ts3.6',
1 verbose cli   '@types/postcss-preset-env@ts3.6',
1 verbose cli   '@types/postcss-safe-parser@ts3.6',
1 verbose cli   '@types/prelude-ls@ts3.6',
1 verbose cli   '@types/prettier-linter-helpers@ts3.6',
1 verbose cli   '@types/progress@ts3.6',
1 verbose cli   '@types/promise-inflight@ts3.6',
1 verbose cli   '@types/prompts@ts3.6',
1 verbose cli   '@types/prop-types@ts3.6',
1 verbose cli   '@types/psl@ts3.6',
1 verbose cli   '@types/pump@ts3.6',
1 verbose cli   '@types/pumpify@ts3.6',
1 verbose cli   '@types/punycode@ts3.6',
1 verbose cli   '@types/q@ts3.6',
1 verbose cli   '@types/querystringify@ts3.6',
1 verbose cli   '@types/raf@ts3.6',
1 verbose cli   '@types/randombytes@ts3.6',
1 verbose cli   '@types/react-dev-utils@ts3.6',
1 verbose cli   '@types/react-is@ts3.6',
1 verbose cli   '@types/react-refresh@ts3.6',
1 verbose cli   '@types/readable-stream@ts3.6',
1 verbose cli   '@types/recursive-readdir@ts3.6',
1 verbose cli   '@types/regenerate@ts3.6',
1 verbose cli   '@types/regenerator-runtime@ts3.6',
1 verbose cli   '@types/regex-not@ts3.6',
1 verbose cli   '@types/relateurl@ts3.6',
1 verbose cli   '@types/repeat-element@ts3.6',
1 verbose cli   '@types/repeat-string@ts3.6',
1 verbose cli   '@types/require-directory@ts3.6',
1 verbose cli   '@types/require-from-string@ts3.6',
1 verbose cli   '@types/requires-port@ts3.6',
1 verbose cli   '@types/resolve@ts3.6',
1 verbose cli   '@types/retry@ts3.6',
1 verbose cli   '@types/rimraf@ts3.6',
1 verbose cli   '@types/ripemd160@ts3.6',
1 verbose cli   '@types/rsvp@ts3.6',
1 verbose cli   '@types/run-parallel@ts3.6',
1 verbose cli   '@types/safe-regex@ts3.6',
1 verbose cli   '@types/sane@ts3.6',
1 verbose cli   '@types/sass-loader@ts3.6',
1 verbose cli   '@types/sax@ts3.6',
1 verbose cli   '@types/scheduler@ts3.6',
1 verbose cli   '@types/selfsigned@ts3.6',
1 verbose cli   '@types/semver-compare@ts3.6',
1 verbose cli   '@types/serialize-javascript@ts3.6',
1 verbose cli   '@types/serve-index@ts3.6',
1 verbose cli   '@types/set-value@ts3.6',
1 verbose cli   '@types/setimmediate@ts3.6',
1 verbose cli   '@types/sha.js@ts3.6',
1 verbose cli   ... 76 more items
1 verbose cli ]
2 info using npm@6.14.6
3 info using node@v12.18.3
4 verbose npm-session 9d84589b33db890d
5 silly install loadCurrentTree
6 silly install readLocalPackageData
7 http fetch GET 304 https://registry.npmjs.org/@types%2fmin-indent 322ms (from cache)
8 http fetch GET 304 https://registry.npmjs.org/@types%2fmove-concurrently 318ms (from cache)
9 http fetch GET 304 https://registry.npmjs.org/@types%2fmkdirp 321ms (from cache)
10 http fetch GET 304 https://registry.npmjs.org/@types%2fminimist 325ms (from cache)
11 http fetch GET 304 https://registry.npmjs.org/@types%2fminimalistic-assert 326ms (from cache)
12 http fetch GET 304 https://registry.npmjs.org/@types%2fmerge2 330ms (from cache)
13 http fetch GET 304 https://registry.npmjs.org/@types%2fmicromatch 329ms (from cache)
14 http fetch GET 304 https://registry.npmjs.org/@types%2fminizlib 325ms (from cache)
15 http fetch GET 304 https://registry.npmjs.org/@types%2fmerge-stream 332ms (from cache)
16 silly pacote tag manifest for @types/move-concurrently@ts3.6 fetched in 327ms
17 silly pacote tag manifest for @types/min-indent@ts3.6 fetched in 334ms
18 silly pacote tag manifest for @types/mkdirp@ts3.6 fetched in 332ms
19 http fetch GET 304 https://registry.npmjs.org/@types%2fmemorystream 342ms (from cache)
20 silly pacote tag manifest for @types/minimist@ts3.6 fetched in 336ms
21 silly pacote tag manifest for @types/minizlib@ts3.6 fetched in 338ms
22 silly pacote tag manifest for @types/minimalistic-assert@ts3.6 fetched in 340ms
23 silly pacote tag manifest for @types/merge2@ts3.6 fetched in 344ms
24 silly pacote tag manifest for @types/merge-stream@ts3.6 fetched in 345ms
25 silly pacote tag manifest for @types/micromatch@ts3.6 fetched in 345ms
26 silly pacote tag manifest for @types/memorystream@ts3.6 fetched in 372ms
27 http fetch GET 304 https://registry.npmjs.org/@types%2fmulticast-dns 102ms (from cache)
28 http fetch GET 304 https://registry.npmjs.org/@types%2fnice-try 101ms (from cache)
29 http fetch GET 304 https://registry.npmjs.org/@types%2fnatural-compare 114ms (from cache)
30 silly pacote tag manifest for @types/multicast-dns@ts3.6 fetched in 131ms
31 silly pacote tag manifest for @types/nice-try@ts3.6 fetched in 128ms
32 silly pacote tag manifest for @types/natural-compare@ts3.6 fetched in 145ms
33 http fetch GET 304 https://registry.npmjs.org/@types%2fnormalize-path 182ms (from cache)
34 http fetch GET 304 https://registry.npmjs.org/@types%2fnode-notifier 185ms (from cache)
35 silly pacote tag manifest for @types/normalize-path@ts3.6 fetched in 186ms
36 http fetch GET 304 https://registry.npmjs.org/@types%2fnum2fraction 169ms (from cache)
37 http fetch GET 304 https://registry.npmjs.org/@types%2fnext-tick 198ms (from cache)
38 http fetch GET 304 https://registry.npmjs.org/@types%2fnode-int64 191ms (from cache)
39 silly pacote tag manifest for @types/node-notifier@ts3.6 fetched in 191ms
40 http fetch GET 304 https://registry.npmjs.org/@types%2fnormalize-package-data 195ms (from cache)
41 silly pacote tag manifest for @types/num2fraction@ts3.6 fetched in 179ms
42 silly pacote tag manifest for @types/next-tick@ts3.6 fetched in 209ms
43 http fetch GET 304 https://registry.npmjs.org/@types%2fnode-forge 202ms (from cache)
44 silly pacote tag manifest for @types/node-int64@ts3.6 fetched in 203ms
45 silly pacote tag manifest for @types/normalize-package-data@ts3.6 fetched in 203ms
46 silly pacote tag manifest for @types/node-forge@ts3.6 fetched in 208ms
47 http fetch GET 304 https://registry.npmjs.org/@types%2fnwsapi 154ms (from cache)
48 http fetch GET 304 https://registry.npmjs.org/@types%2fobject-assign 156ms (from cache)
49 http fetch GET 304 https://registry.npmjs.org/@types%2fobject-inspect 138ms (from cache)
50 silly pacote tag manifest for @types/nwsapi@ts3.6 fetched in 169ms
51 silly pacote tag manifest for @types/object-assign@ts3.6 fetched in 171ms
52 silly pacote tag manifest for @types/object-inspect@ts3.6 fetched in 156ms
53 http fetch GET 304 https://registry.npmjs.org/@types%2fobject-keys 122ms (from cache)
54 http fetch GET 304 https://registry.npmjs.org/@types%2fobject.pick 122ms (from cache)
55 silly pacote tag manifest for @types/object-keys@ts3.6 fetched in 143ms
56 http fetch GET 304 https://registry.npmjs.org/@types%2fobject.fromentries 142ms (from cache)
57 silly pacote tag manifest for @types/object.pick@ts3.6 fetched in 138ms
58 silly pacote tag manifest for @types/object.fromentries@ts3.6 fetched in 154ms
59 http fetch GET 304 https://registry.npmjs.org/@types%2fobject.getownpropertydescriptors 152ms (from cache)
60 http fetch GET 304 https://registry.npmjs.org/@types%2fonce 147ms (from cache)
61 silly pacote tag manifest for @types/object.getownpropertydescriptors@ts3.6 fetched in 164ms
62 http fetch GET 304 https://registry.npmjs.org/@types%2fon-headers 161ms (from cache)
63 silly pacote tag manifest for @types/once@ts3.6 fetched in 162ms
64 http fetch GET 304 https://registry.npmjs.org/@types%2foptimize-css-assets-webpack-plugin 158ms (from cache)
65 silly pacote tag manifest for @types/on-headers@ts3.6 fetched in 167ms
66 silly pacote tag manifest for @types/optimize-css-assets-webpack-plugin@ts3.6 fetched in 164ms
67 http fetch GET 304 https://registry.npmjs.org/@types%2fparse-json 127ms (from cache)
68 http fetch GET 304 https://registry.npmjs.org/@types%2fpako 145ms (from cache)
69 http fetch GET 304 https://registry.npmjs.org/@types%2fparallel-transform 140ms (from cache)
70 silly pacote tag manifest for @types/parse-json@ts3.6 fetched in 139ms
71 http fetch GET 304 https://registry.npmjs.org/@types%2fpascalcase 116ms (from cache)
72 silly pacote tag manifest for @types/pako@ts3.6 fetched in 156ms
73 silly pacote tag manifest for @types/parallel-transform@ts3.6 fetched in 154ms
74 silly pacote tag manifest for @types/pascalcase@ts3.6 fetched in 137ms
75 http fetch GET 200 https://registry.npmjs.org/@types%2fpath-browserify 145ms
76 http fetch GET 304 https://registry.npmjs.org/@types%2fpath-is-absolute 140ms (from cache)
77 silly fetchPackageMetaData error for @types/path-browserify@ts3.6 No matching version found for @types/path-browserify@ts3.6.
78 silly pacote tag manifest for @types/path-is-absolute@ts3.6 fetched in 150ms
79 http fetch GET 304 https://registry.npmjs.org/@types%2fpath-is-inside 142ms (from cache)
80 http fetch GET 304 https://registry.npmjs.org/@types%2fpbkdf2 141ms (from cache)
81 silly pacote tag manifest for @types/path-is-inside@ts3.6 fetched in 151ms
82 http fetch GET 304 https://registry.npmjs.org/@types%2fpicomatch 142ms (from cache)
83 silly pacote tag manifest for @types/pbkdf2@ts3.6 fetched in 147ms
84 http fetch GET 304 https://registry.npmjs.org/@types%2fpath-parse 152ms (from cache)
85 silly pacote tag manifest for @types/picomatch@ts3.6 fetched in 148ms
86 silly pacote tag manifest for @types/path-parse@ts3.6 fetched in 162ms
87 http fetch GET 304 https://registry.npmjs.org/@types%2fpostcss-flexbugs-fixes 116ms (from cache)
88 http fetch GET 304 https://registry.npmjs.org/@types%2fpify 123ms (from cache)
89 silly pacote tag manifest for @types/postcss-flexbugs-fixes@ts3.6 fetched in 121ms
90 http fetch GET 304 https://registry.npmjs.org/@types%2fpostcss-gap-properties 119ms (from cache)
91 silly pacote tag manifest for @types/pify@ts3.6 fetched in 127ms
92 silly pacote tag manifest for @types/postcss-gap-properties@ts3.6 fetched in 123ms
93 http fetch GET 304 https://registry.npmjs.org/@types%2fpostcss-modules-extract-imports 118ms (from cache)
94 silly pacote tag manifest for @types/postcss-modules-extract-imports@ts3.6 fetched in 128ms
95 http fetch GET 304 https://registry.npmjs.org/@types%2fpostcss-modules-local-by-default 111ms (from cache)
96 silly pacote tag manifest for @types/postcss-modules-local-by-default@ts3.6 fetched in 123ms
97 http fetch GET 304 https://registry.npmjs.org/@types%2fpostcss-normalize 115ms (from cache)
98 http fetch GET 304 https://registry.npmjs.org/@types%2fpostcss-modules-values 119ms (from cache)
99 http fetch GET 200 https://registry.npmjs.org/@types%2fpostcss-preset-env 111ms
100 silly fetchPackageMetaData error for @types/postcss-preset-env@ts3.6 No matching version found for @types/postcss-preset-env@ts3.6.
101 silly pacote tag manifest for @types/postcss-normalize@ts3.6 fetched in 120ms
102 silly pacote tag manifest for @types/postcss-modules-values@ts3.6 fetched in 127ms
103 http fetch GET 304 https://registry.npmjs.org/@types%2fpostcss-modules-scope 168ms (from cache)
104 silly pacote tag manifest for @types/postcss-modules-scope@ts3.6 fetched in 174ms
105 http fetch GET 304 https://registry.npmjs.org/@types%2fprogress 118ms (from cache)
106 http fetch GET 304 https://registry.npmjs.org/@types%2fprelude-ls 127ms (from cache)
107 silly pacote tag manifest for @types/progress@ts3.6 fetched in 123ms
108 http fetch GET 304 https://registry.npmjs.org/@types%2fprettier-linter-helpers 128ms (from cache)
109 http fetch GET 304 https://registry.npmjs.org/@types%2fpostcss-safe-parser 171ms (from cache)
110 http fetch GET 304 https://registry.npmjs.org/@types%2fpromise-inflight 105ms (from cache)
111 silly pacote tag manifest for @types/prelude-ls@ts3.6 fetched in 134ms
112 silly pacote tag manifest for @types/prettier-linter-helpers@ts3.6 fetched in 142ms
113 silly pacote tag manifest for @types/postcss-safe-parser@ts3.6 fetched in 188ms
114 silly pacote tag manifest for @types/promise-inflight@ts3.6 fetched in 125ms
115 http fetch GET 304 https://registry.npmjs.org/@types%2fprompts 145ms (from cache)
116 silly pacote tag manifest for @types/prompts@ts3.6 fetched in 155ms
117 http fetch GET 304 https://registry.npmjs.org/@types%2fprop-types 150ms (from cache)
118 http fetch GET 304 https://registry.npmjs.org/@types%2fpsl 152ms (from cache)
119 http fetch GET 304 https://registry.npmjs.org/@types%2fpump 150ms (from cache)
120 silly pacote tag manifest for @types/prop-types@ts3.6 fetched in 156ms
121 http fetch GET 304 https://registry.npmjs.org/@types%2fpunycode 97ms (from cache)
122 silly pacote tag manifest for @types/pump@ts3.6 fetched in 157ms
123 silly pacote tag manifest for @types/psl@ts3.6 fetched in 162ms
124 http fetch GET 304 https://registry.npmjs.org/@types%2fpumpify 128ms (from cache)
125 silly pacote tag manifest for @types/punycode@ts3.6 fetched in 114ms
126 silly pacote tag manifest for @types/pumpify@ts3.6 fetched in 159ms
127 http fetch GET 304 https://registry.npmjs.org/@types%2fq 166ms (from cache)
128 http fetch GET 304 https://registry.npmjs.org/@types%2frandombytes 146ms (from cache)
129 http fetch GET 304 https://registry.npmjs.org/@types%2fquerystringify 163ms (from cache)
130 silly pacote tag manifest for @types/q@ts3.6 fetched in 175ms
131 http fetch GET 304 https://registry.npmjs.org/@types%2fraf 163ms (from cache)
132 silly pacote tag manifest for @types/randombytes@ts3.6 fetched in 157ms
133 http fetch GET 304 https://registry.npmjs.org/@types%2freact-is 94ms (from cache)
134 silly pacote tag manifest for @types/querystringify@ts3.6 fetched in 174ms
135 silly pacote tag manifest for @types/raf@ts3.6 fetched in 177ms
136 silly pacote tag manifest for @types/react-is@ts3.6 fetched in 112ms
137 http fetch GET 200 https://registry.npmjs.org/@types%2freact-refresh 138ms
138 silly fetchPackageMetaData error for @types/react-refresh@ts3.6 No matching version found for @types/react-refresh@ts3.6.
139 http fetch GET 200 https://registry.npmjs.org/@types%2fregenerate 106ms
140 silly fetchPackageMetaData error for @types/regenerate@ts3.6 No matching version found for @types/regenerate@ts3.6.
141 http fetch GET 304 https://registry.npmjs.org/@types%2freadable-stream 147ms (from cache)
142 http fetch GET 304 https://registry.npmjs.org/@types%2freact-dev-utils 182ms (from cache)
143 http fetch GET 304 https://registry.npmjs.org/@types%2frecursive-readdir 136ms (from cache)
144 silly pacote tag manifest for @types/readable-stream@ts3.6 fetched in 162ms
145 silly pacote tag manifest for @types/react-dev-utils@ts3.6 fetched in 192ms
146 silly pacote tag manifest for @types/recursive-readdir@ts3.6 fetched in 145ms
147 http fetch GET 200 https://registry.npmjs.org/@types%2fregex-not 93ms
148 silly fetchPackageMetaData error for @types/regex-not@ts3.6 No matching version found for @types/regex-not@ts3.6.
149 http fetch GET 304 https://registry.npmjs.org/@types%2fregenerator-runtime 105ms (from cache)
150 silly pacote tag manifest for @types/regenerator-runtime@ts3.6 fetched in 111ms
151 http fetch GET 304 https://registry.npmjs.org/@types%2frelateurl 116ms (from cache)
152 silly pacote tag manifest for @types/relateurl@ts3.6 fetched in 123ms
153 http fetch GET 304 https://registry.npmjs.org/@types%2frepeat-element 115ms (from cache)
154 http fetch GET 304 https://registry.npmjs.org/@types%2frepeat-string 107ms (from cache)
155 silly pacote tag manifest for @types/repeat-element@ts3.6 fetched in 119ms
156 http fetch GET 304 https://registry.npmjs.org/@types%2frequire-directory 85ms (from cache)
157 silly pacote tag manifest for @types/repeat-string@ts3.6 fetched in 113ms
158 silly pacote tag manifest for @types/require-directory@ts3.6 fetched in 101ms
159 http fetch GET 304 https://registry.npmjs.org/@types%2frequires-port 127ms (from cache)
160 http fetch GET 304 https://registry.npmjs.org/@types%2frequire-from-string 150ms (from cache)
161 http fetch GET 304 https://registry.npmjs.org/@types%2fretry 127ms (from cache)
162 http fetch GET 304 https://registry.npmjs.org/@types%2fresolve 128ms (from cache)
163 silly pacote tag manifest for @types/require-from-string@ts3.6 fetched in 158ms
164 silly pacote tag manifest for @types/requires-port@ts3.6 fetched in 135ms
165 silly pacote tag manifest for @types/resolve@ts3.6 fetched in 132ms
166 silly pacote tag manifest for @types/retry@ts3.6 fetched in 132ms
167 http fetch GET 304 https://registry.npmjs.org/@types%2frimraf 120ms (from cache)
168 http fetch GET 304 https://registry.npmjs.org/@types%2fripemd160 116ms (from cache)
169 silly pacote tag manifest for @types/rimraf@ts3.6 fetched in 137ms
170 silly pacote tag manifest for @types/ripemd160@ts3.6 fetched in 129ms
171 http fetch GET 304 https://registry.npmjs.org/@types%2frsvp 113ms (from cache)
172 silly pacote tag manifest for @types/rsvp@ts3.6 fetched in 119ms
173 http fetch GET 304 https://registry.npmjs.org/@types%2frun-parallel 115ms (from cache)
174 http fetch GET 304 https://registry.npmjs.org/@types%2fsafe-regex 109ms (from cache)
175 silly pacote tag manifest for @types/run-parallel@ts3.6 fetched in 120ms
176 silly pacote tag manifest for @types/safe-regex@ts3.6 fetched in 114ms
177 http fetch GET 304 https://registry.npmjs.org/@types%2fsass-loader 81ms (from cache)
178 http fetch GET 200 https://registry.npmjs.org/@types%2fselfsigned 82ms
179 http fetch GET 304 https://registry.npmjs.org/@types%2fsane 143ms (from cache)
180 silly fetchPackageMetaData error for @types/selfsigned@ts3.6 No matching version found for @types/selfsigned@ts3.6.
181 silly pacote tag manifest for @types/sass-loader@ts3.6 fetched in 85ms
182 silly pacote tag manifest for @types/sane@ts3.6 fetched in 147ms
183 http fetch GET 304 https://registry.npmjs.org/@types%2fsax 135ms (from cache)
184 http fetch GET 304 https://registry.npmjs.org/@types%2fscheduler 139ms (from cache)
185 http fetch GET 304 https://registry.npmjs.org/@types%2fsemver-compare 119ms (from cache)
186 http fetch GET 304 https://registry.npmjs.org/@types%2fserialize-javascript 118ms (from cache)
187 http fetch GET 304 https://registry.npmjs.org/@types%2fset-value 97ms (from cache)
188 silly pacote tag manifest for @types/sax@ts3.6 fetched in 141ms
189 http fetch GET 304 https://registry.npmjs.org/@types%2fserve-index 108ms (from cache)
190 silly pacote tag manifest for @types/semver-compare@ts3.6 fetched in 125ms
191 silly pacote tag manifest for @types/serialize-javascript@ts3.6 fetched in 124ms
192 silly pacote tag manifest for @types/scheduler@ts3.6 fetched in 146ms
193 silly pacote tag manifest for @types/set-value@ts3.6 fetched in 113ms
194 silly pacote tag manifest for @types/serve-index@ts3.6 fetched in 122ms
195 http fetch GET 304 https://registry.npmjs.org/@types%2fshebang-command 118ms (from cache)
196 http fetch GET 304 https://registry.npmjs.org/@types%2fshell-quote 117ms (from cache)
197 http fetch GET 304 https://registry.npmjs.org/@types%2fsetimmediate 161ms (from cache)
198 silly pacote tag manifest for @types/shebang-command@ts3.6 fetched in 122ms
199 silly pacote tag manifest for @types/shell-quote@ts3.6 fetched in 121ms
200 silly pacote tag manifest for @types/setimmediate@ts3.6 fetched in 167ms
201 http fetch GET 200 https://registry.npmjs.org/@types%2fsimple-swizzle 130ms
202 silly fetchPackageMetaData error for @types/simple-swizzle@ts3.6 No matching version found for @types/simple-swizzle@ts3.6.
203 http fetch GET 304 https://registry.npmjs.org/@types%2fsha.js 210ms (from cache)
204 http fetch GET 304 https://registry.npmjs.org/@types%2fsignal-exit 153ms (from cache)
205 http fetch GET 304 https://registry.npmjs.org/@types%2fsockjs 148ms (from cache)
206 http fetch GET 304 https://registry.npmjs.org/@types%2fsockjs-client 139ms (from cache)
207 http fetch GET 304 https://registry.npmjs.org/@types%2fsource-list-map 139ms (from cache)
208 http fetch GET 304 https://registry.npmjs.org/@types%2fslice-ansi 151ms (from cache)
209 silly pacote tag manifest for @types/signal-exit@ts3.6 fetched in 159ms
210 silly pacote tag manifest for @types/sha.js@ts3.6 fetched in 215ms
211 silly pacote tag manifest for @types/sockjs@ts3.6 fetched in 154ms
212 silly pacote tag manifest for @types/slice-ansi@ts3.6 fetched in 156ms
213 silly pacote tag manifest for @types/source-list-map@ts3.6 fetched in 145ms
214 silly pacote tag manifest for @types/sockjs-client@ts3.6 fetched in 146ms
215 http fetch GET 304 https://registry.npmjs.org/@types%2fsource-map-support 128ms (from cache)
216 silly pacote tag manifest for @types/source-map-support@ts3.6 fetched in 134ms
217 http fetch GET 304 https://registry.npmjs.org/@types%2fspdx-expression-parse 134ms (from cache)
218 http fetch GET 304 https://registry.npmjs.org/@types%2fspdx-correct 138ms (from cache)
219 silly pacote tag manifest for @types/spdx-expression-parse@ts3.6 fetched in 140ms
220 silly pacote tag manifest for @types/spdx-correct@ts3.6 fetched in 144ms
221 http fetch GET 304 https://registry.npmjs.org/@types%2fspdy 93ms (from cache)
222 silly pacote tag manifest for @types/spdy@ts3.6 fetched in 96ms
223 http fetch GET 304 https://registry.npmjs.org/@types%2fsprintf 80ms (from cache)
224 silly pacote tag manifest for @types/sprintf@ts3.6 fetched in 82ms
225 http fetch GET 304 https://registry.npmjs.org/@types%2fsprintf-js 107ms (from cache)
226 silly pacote tag manifest for @types/sprintf-js@ts3.6 fetched in 111ms
227 http fetch GET 304 https://registry.npmjs.org/@types%2fstream-shift 109ms (from cache)
228 http fetch GET 304 https://registry.npmjs.org/@types%2fstack-utils 111ms (from cache)
229 silly pacote tag manifest for @types/stream-shift@ts3.6 fetched in 113ms
230 http fetch GET 304 https://registry.npmjs.org/@types%2fssri 116ms (from cache)
231 silly pacote tag manifest for @types/stack-utils@ts3.6 fetched in 117ms
232 silly pacote tag manifest for @types/ssri@ts3.6 fetched in 125ms
233 http fetch GET 304 https://registry.npmjs.org/@types%2fstrict-uri-encode 101ms (from cache)
234 silly pacote tag manifest for @types/strict-uri-encode@ts3.6 fetched in 105ms
235 http fetch GET 304 https://registry.npmjs.org/@types%2fstring-natural-compare 94ms (from cache)
236 http fetch GET 304 https://registry.npmjs.org/@types%2fstream-each 144ms (from cache)
237 silly pacote tag manifest for @types/string-natural-compare@ts3.6 fetched in 95ms
238 silly pacote tag manifest for @types/stream-each@ts3.6 fetched in 148ms
239 http fetch GET 304 https://registry.npmjs.org/@types%2fstringify-object 96ms (from cache)
240 http fetch GET 304 https://registry.npmjs.org/@types%2fstring.prototype.matchall 123ms (from cache)
241 silly pacote tag manifest for @types/stringify-object@ts3.6 fetched in 101ms
242 http fetch GET 304 https://registry.npmjs.org/@types%2fstrip-comments 99ms (from cache)
243 silly pacote tag manifest for @types/string.prototype.matchall@ts3.6 fetched in 130ms
244 silly pacote tag manifest for @types/strip-comments@ts3.6 fetched in 107ms
245 http fetch GET 304 https://registry.npmjs.org/@types%2fstrip-final-newline 94ms (from cache)
246 silly pacote tag manifest for @types/strip-final-newline@ts3.6 fetched in 100ms
247 http fetch GET 304 https://registry.npmjs.org/@types%2fsupports-color 96ms (from cache)
248 http fetch GET 304 https://registry.npmjs.org/@types%2fsvg-parser 93ms (from cache)
249 silly pacote tag manifest for @types/supports-color@ts3.6 fetched in 99ms
250 silly pacote tag manifest for @types/svg-parser@ts3.6 fetched in 97ms
251 http fetch GET 304 https://registry.npmjs.org/@types%2fsvgo 93ms (from cache)
252 silly pacote tag manifest for @types/svgo@ts3.6 fetched in 106ms
253 http fetch GET 304 https://registry.npmjs.org/@types%2fsymbol-tree 91ms (from cache)
254 silly pacote tag manifest for @types/symbol-tree@ts3.6 fetched in 93ms
255 http fetch GET 304 https://registry.npmjs.org/@types%2ftar 97ms (from cache)
256 http fetch GET 304 https://registry.npmjs.org/@types%2ftapable 103ms (from cache)
257 silly pacote tag manifest for @types/tapable@ts3.6 fetched in 107ms
258 silly pacote tag manifest for @types/tar@ts3.6 fetched in 104ms
259 http fetch GET 304 https://registry.npmjs.org/@types%2ftext-table 103ms (from cache)
260 silly pacote tag manifest for @types/text-table@ts3.6 fetched in 108ms
261 http fetch GET 304 https://registry.npmjs.org/@types%2fthrough 106ms (from cache)
262 http fetch GET 200 https://registry.npmjs.org/@types%2ftmpl 75ms
263 silly fetchPackageMetaData error for @types/tmpl@ts3.6 No matching version found for @types/tmpl@ts3.6.
264 silly pacote tag manifest for @types/through@ts3.6 fetched in 111ms
265 http fetch GET 304 https://registry.npmjs.org/@types%2fthunky 86ms (from cache)
266 http fetch GET 304 https://registry.npmjs.org/@types%2fthrough2 111ms (from cache)
267 silly pacote tag manifest for @types/thunky@ts3.6 fetched in 93ms
268 silly pacote tag manifest for @types/through2@ts3.6 fetched in 119ms
269 http fetch GET 304 https://registry.npmjs.org/@types%2ftimsort 100ms (from cache)
270 silly pacote tag manifest for @types/timsort@ts3.6 fetched in 108ms
271 http fetch GET 200 https://registry.npmjs.org/@types%2fto-regex-range 89ms
272 silly fetchPackageMetaData error for @types/to-regex-range@ts3.6 No matching version found for @types/to-regex-range@ts3.6.
273 http fetch GET 200 https://registry.npmjs.org/@types%2fto-regex 98ms
274 silly fetchPackageMetaData error for @types/to-regex@ts3.6 No matching version found for @types/to-regex@ts3.6.
275 http fetch GET 200 https://registry.npmjs.org/@types%2ftr46 87ms
276 silly fetchPackageMetaData error for @types/tr46@ts3.6 No matching version found for @types/tr46@ts3.6.
277 http fetch GET 304 https://registry.npmjs.org/@types%2ftough-cookie 97ms (from cache)
278 silly pacote tag manifest for @types/tough-cookie@ts3.6 fetched in 102ms
279 http fetch GET 304 https://registry.npmjs.org/@types%2ftryer 99ms (from cache)
280 silly pacote tag manifest for @types/tryer@ts3.6 fetched in 104ms
281 http fetch GET 200 https://registry.npmjs.org/@types%2ftypedarray-to-buffer 95ms
282 silly fetchPackageMetaData error for @types/typedarray-to-buffer@ts3.6 No matching version found for @types/typedarray-to-buffer@ts3.6.
283 http fetch GET 304 https://registry.npmjs.org/@types%2ftype-detect 111ms (from cache)
284 http fetch GET 304 https://registry.npmjs.org/@types%2funiq 101ms (from cache)
285 silly pacote tag manifest for @types/type-detect@ts3.6 fetched in 119ms
286 silly pacote tag manifest for @types/uniq@ts3.6 fetched in 106ms
287 http fetch GET 304 https://registry.npmjs.org/@types%2funiversalify 107ms (from cache)
288 http fetch GET 304 https://registry.npmjs.org/@types%2furix 101ms (from cache)
289 silly pacote tag manifest for @types/universalify@ts3.6 fetched in 110ms
290 silly pacote tag manifest for @types/urix@ts3.6 fetched in 105ms
291 http fetch GET 304 https://registry.npmjs.org/@types%2ftype-check 146ms (from cache)
292 silly pacote tag manifest for @types/type-check@ts3.6 fetched in 154ms
293 http fetch GET 304 https://registry.npmjs.org/@types%2furl-parse 116ms (from cache)
294 silly pacote tag manifest for @types/url-parse@ts3.6 fetched in 120ms
295 http fetch GET 304 https://registry.npmjs.org/@types%2futil-deprecate 120ms (from cache)
296 silly pacote tag manifest for @types/util-deprecate@ts3.6 fetched in 123ms
297 http fetch GET 304 https://registry.npmjs.org/@types%2futil.promisify 112ms (from cache)
298 silly pacote tag manifest for @types/util.promisify@ts3.6 fetched in 115ms
299 http fetch GET 304 https://registry.npmjs.org/@types%2fvalidate-npm-package-license 92ms (from cache)
300 silly pacote tag manifest for @types/validate-npm-package-license@ts3.6 fetched in 101ms
301 http fetch GET 304 https://registry.npmjs.org/@types%2fw3c-hr-time 117ms (from cache)
302 http fetch GET 304 https://registry.npmjs.org/@types%2fw3c-xmlserializer 117ms (from cache)
303 silly pacote tag manifest for @types/w3c-hr-time@ts3.6 fetched in 127ms
304 http fetch GET 304 https://registry.npmjs.org/@types%2fwatchpack 120ms (from cache)
305 silly pacote tag manifest for @types/w3c-xmlserializer@ts3.6 fetched in 127ms
306 silly pacote tag manifest for @types/watchpack@ts3.6 fetched in 127ms
307 http fetch GET 304 https://registry.npmjs.org/@types%2fwebpack-manifest-plugin 118ms (from cache)
308 silly pacote tag manifest for @types/webpack-manifest-plugin@ts3.6 fetched in 129ms
309 http fetch GET 304 https://registry.npmjs.org/@types%2fwebpack-sources 128ms (from cache)
310 http fetch GET 304 https://registry.npmjs.org/@types%2fwebidl-conversions 153ms (from cache)
311 silly pacote tag manifest for @types/webpack-sources@ts3.6 fetched in 140ms
312 silly pacote tag manifest for @types/webidl-conversions@ts3.6 fetched in 164ms
313 http fetch GET 304 https://registry.npmjs.org/@types%2fwhatwg-encoding 132ms (from cache)
314 http fetch GET 304 https://registry.npmjs.org/@types%2fwebpack 172ms (from cache)
315 silly pacote tag manifest for @types/whatwg-encoding@ts3.6 fetched in 149ms
316 http fetch GET 304 https://registry.npmjs.org/@types%2fwhatwg-mimetype 148ms (from cache)
317 silly pacote tag manifest for @types/webpack@ts3.6 fetched in 187ms
318 http fetch GET 304 https://registry.npmjs.org/@types%2fwhatwg-url 130ms (from cache)
319 silly pacote tag manifest for @types/whatwg-mimetype@ts3.6 fetched in 157ms
320 silly pacote tag manifest for @types/whatwg-url@ts3.6 fetched in 141ms
321 http fetch GET 304 https://registry.npmjs.org/@types%2fwhich-pm-runs 127ms (from cache)
322 http fetch GET 304 https://registry.npmjs.org/@types%2fwhich 137ms (from cache)
323 http fetch GET 304 https://registry.npmjs.org/@types%2fworkbox-build 124ms (from cache)
324 http fetch GET 304 https://registry.npmjs.org/@types%2fworkbox-sw 95ms (from cache)
325 silly pacote tag manifest for @types/which-pm-runs@ts3.6 fetched in 134ms
326 silly pacote tag manifest for @types/which@ts3.6 fetched in 143ms
327 silly pacote tag manifest for @types/workbox-build@ts3.6 fetched in 133ms
328 silly pacote tag manifest for @types/workbox-sw@ts3.6 fetched in 102ms
329 http fetch GET 200 https://registry.npmjs.org/@types%2fxml-name-validator 93ms
330 http fetch GET 304 https://registry.npmjs.org/@types%2fwrap-ansi 124ms (from cache)
331 silly fetchPackageMetaData error for @types/xml-name-validator@ts3.6 No matching version found for @types/xml-name-validator@ts3.6.
332 http fetch GET 304 https://registry.npmjs.org/@types%2fws 104ms (from cache)
333 http fetch GET 304 https://registry.npmjs.org/@types%2fwrite-file-atomic 108ms (from cache)
334 silly pacote tag manifest for @types/wrap-ansi@ts3.6 fetched in 129ms
335 http fetch GET 304 https://registry.npmjs.org/@types%2fworkbox-webpack-plugin 133ms (from cache)
336 silly pacote tag manifest for @types/ws@ts3.6 fetched in 107ms
337 silly pacote tag manifest for @types/write-file-atomic@ts3.6 fetched in 111ms
338 silly pacote tag manifest for @types/workbox-webpack-plugin@ts3.6 fetched in 136ms
339 http fetch GET 304 https://registry.npmjs.org/@types%2fyallist 129ms (from cache)
340 http fetch GET 304 https://registry.npmjs.org/@types%2fyargs-parser 129ms (from cache)
341 http fetch GET 304 https://registry.npmjs.org/@types%2fyargs 135ms (from cache)
342 http fetch GET 304 https://registry.npmjs.org/@types%2fxtend 178ms (from cache)
343 silly pacote tag manifest for @types/yallist@ts3.6 fetched in 139ms
344 silly pacote tag manifest for @types/yargs-parser@ts3.6 fetched in 137ms
345 silly pacote tag manifest for @types/yargs@ts3.6 fetched in 141ms
346 silly pacote tag manifest for @types/xtend@ts3.6 fetched in 183ms
347 timing stage:rollbackFailedOptional Completed in 0ms
348 timing stage:runTopLevelLifecycles Completed in 3007ms
349 verbose type tag
350 verbose stack @types/path-browserify: No matching version found for @types/path-browserify@ts3.6.
350 verbose stack     at pickManifest (/usr/local/lib/node_modules/npm/node_modules/npm-pick-manifest/index.js:122:13)
350 verbose stack     at /usr/local/lib/node_modules/npm/node_modules/pacote/lib/fetchers/registry/manifest.js:24:14
350 verbose stack     at tryCatcher (/usr/local/lib/node_modules/npm/node_modules/bluebird/js/release/util.js:16:23)
350 verbose stack     at Promise._settlePromiseFromHandler (/usr/local/lib/node_modules/npm/node_modules/bluebird/js/release/promise.js:517:31)
350 verbose stack     at Promise._settlePromise (/usr/local/lib/node_modules/npm/node_modules/bluebird/js/release/promise.js:574:18)
350 verbose stack     at Promise._settlePromise0 (/usr/local/lib/node_modules/npm/node_modules/bluebird/js/release/promise.js:619:10)
350 verbose stack     at Promise._settlePromises (/usr/local/lib/node_modules/npm/node_modules/bluebird/js/release/promise.js:699:18)
350 verbose stack     at _drainQueueStep (/usr/local/lib/node_modules/npm/node_modules/bluebird/js/release/async.js:138:12)
350 verbose stack     at _drainQueue (/usr/local/lib/node_modules/npm/node_modules/bluebird/js/release/async.js:131:9)
350 verbose stack     at Async._drainQueues (/usr/local/lib/node_modules/npm/node_modules/bluebird/js/release/async.js:147:5)
350 verbose stack     at Immediate.Async.drainQueues [as _onImmediate] (/usr/local/lib/node_modules/npm/node_modules/bluebird/js/release/async.js:17:14)
350 verbose stack     at processImmediate (internal/timers.js:456:21)
351 verbose cwd /home/theia/.cache/typescript/3.6
352 verbose Linux 5.10.16.3-microsoft-standard-WSL2
353 verbose argv "/usr/local/bin/node" "/usr/local/bin/npm" "install" "--ignore-scripts" "@types/memorystream@ts3.6" "@types/merge-stream@ts3.6" "@types/merge2@ts3.6" "@types/micromatch@ts3.6" "@types/min-indent@ts3.6" "@types/minimalistic-assert@ts3.6" "@types/minimist@ts3.6" "@types/minizlib@ts3.6" "@types/mkdirp@ts3.6" "@types/move-concurrently@ts3.6" "@types/multicast-dns@ts3.6" "@types/natural-compare@ts3.6" "@types/next-tick@ts3.6" "@types/nice-try@ts3.6" "@types/node-forge@ts3.6" "@types/node-int64@ts3.6" "@types/node-notifier@ts3.6" "@types/normalize-package-data@ts3.6" "@types/normalize-path@ts3.6" "@types/num2fraction@ts3.6" "@types/nwsapi@ts3.6" "@types/object-assign@ts3.6" "@types/object-inspect@ts3.6" "@types/object-keys@ts3.6" "@types/object.fromentries@ts3.6" "@types/object.getownpropertydescriptors@ts3.6" "@types/object.pick@ts3.6" "@types/on-headers@ts3.6" "@types/once@ts3.6" "@types/optimize-css-assets-webpack-plugin@ts3.6" "@types/pako@ts3.6" "@types/parallel-transform@ts3.6" "@types/parse-json@ts3.6" "@types/pascalcase@ts3.6" "@types/path-browserify@ts3.6" "@types/path-is-absolute@ts3.6" "@types/path-is-inside@ts3.6" "@types/path-parse@ts3.6" "@types/pbkdf2@ts3.6" "@types/picomatch@ts3.6" "@types/pify@ts3.6" "@types/postcss-flexbugs-fixes@ts3.6" "@types/postcss-gap-properties@ts3.6" "@types/postcss-modules-extract-imports@ts3.6" "@types/postcss-modules-local-by-default@ts3.6" "@types/postcss-modules-scope@ts3.6" "@types/postcss-modules-values@ts3.6" "@types/postcss-normalize@ts3.6" "@types/postcss-preset-env@ts3.6" "@types/postcss-safe-parser@ts3.6" "@types/prelude-ls@ts3.6" "@types/prettier-linter-helpers@ts3.6" "@types/progress@ts3.6" "@types/promise-inflight@ts3.6" "@types/prompts@ts3.6" "@types/prop-types@ts3.6" "@types/psl@ts3.6" "@types/pump@ts3.6" "@types/pumpify@ts3.6" "@types/punycode@ts3.6" "@types/q@ts3.6" "@types/querystringify@ts3.6" "@types/raf@ts3.6" "@types/randombytes@ts3.6" "@types/react-dev-utils@ts3.6" "@types/react-is@ts3.6" "@types/react-refresh@ts3.6" "@types/readable-stream@ts3.6" "@types/recursive-readdir@ts3.6" "@types/regenerate@ts3.6" "@types/regenerator-runtime@ts3.6" "@types/regex-not@ts3.6" "@types/relateurl@ts3.6" "@types/repeat-element@ts3.6" "@types/repeat-string@ts3.6" "@types/require-directory@ts3.6" "@types/require-from-string@ts3.6" "@types/requires-port@ts3.6" "@types/resolve@ts3.6" "@types/retry@ts3.6" "@types/rimraf@ts3.6" "@types/ripemd160@ts3.6" "@types/rsvp@ts3.6" "@types/run-parallel@ts3.6" "@types/safe-regex@ts3.6" "@types/sane@ts3.6" "@types/sass-loader@ts3.6" "@types/sax@ts3.6" "@types/scheduler@ts3.6" "@types/selfsigned@ts3.6" "@types/semver-compare@ts3.6" "@types/serialize-javascript@ts3.6" "@types/serve-index@ts3.6" "@types/set-value@ts3.6" "@types/setimmediate@ts3.6" "@types/sha.js@ts3.6" "@types/shebang-command@ts3.6" "@types/shell-quote@ts3.6" "@types/signal-exit@ts3.6" "@types/simple-swizzle@ts3.6" "@types/slice-ansi@ts3.6" "@types/sockjs@ts3.6" "@types/sockjs-client@ts3.6" "@types/source-list-map@ts3.6" "@types/source-map-support@ts3.6" "@types/spdx-correct@ts3.6" "@types/spdx-expression-parse@ts3.6" "@types/spdy@ts3.6" "@types/sprintf@ts3.6" "@types/sprintf-js@ts3.6" "@types/ssri@ts3.6" "@types/stack-utils@ts3.6" "@types/stream-each@ts3.6" "@types/stream-shift@ts3.6" "@types/strict-uri-encode@ts3.6" "@types/string-natural-compare@ts3.6" "@types/string.prototype.matchall@ts3.6" "@types/stringify-object@ts3.6" "@types/strip-comments@ts3.6" "@types/strip-final-newline@ts3.6" "@types/supports-color@ts3.6" "@types/svg-parser@ts3.6" "@types/svgo@ts3.6" "@types/symbol-tree@ts3.6" "@types/tapable@ts3.6" "@types/tar@ts3.6" "@types/text-table@ts3.6" "@types/through@ts3.6" "@types/through2@ts3.6" "@types/thunky@ts3.6" "@types/timsort@ts3.6" "@types/tmpl@ts3.6" "@types/to-regex@ts3.6" "@types/to-regex-range@ts3.6" "@types/tough-cookie@ts3.6" "@types/tr46@ts3.6" "@types/tryer@ts3.6" "@types/type-check@ts3.6" "@types/type-detect@ts3.6" "@types/typedarray-to-buffer@ts3.6" "@types/uniq@ts3.6" "@types/universalify@ts3.6" "@types/urix@ts3.6" "@types/url-parse@ts3.6" "@types/util-deprecate@ts3.6" "@types/util.promisify@ts3.6" "@types/validate-npm-package-license@ts3.6" "@types/w3c-hr-time@ts3.6" "@types/w3c-xmlserializer@ts3.6" "@types/watchpack@ts3.6" "@types/webidl-conversions@ts3.6" "@types/webpack@ts3.6" "@types/webpack-manifest-plugin@ts3.6" "@types/webpack-sources@ts3.6" "@types/whatwg-encoding@ts3.6" "@types/whatwg-mimetype@ts3.6" "@types/whatwg-url@ts3.6" "@types/which@ts3.6" "@types/which-pm-runs@ts3.6" "@types/workbox-build@ts3.6" "@types/workbox-sw@ts3.6" "@types/workbox-webpack-plugin@ts3.6" "@types/wrap-ansi@ts3.6" "@types/write-file-atomic@ts3.6" "@types/ws@ts3.6" "@types/xml-name-validator@ts3.6" "@types/xtend@ts3.6" "@types/yallist@ts3.6" "@types/yargs@ts3.6" "@types/yargs-parser@ts3.6" "--save-dev" "--user-agent=typesInstaller/3.6.3"
354 verbose node v12.18.3
355 verbose npm  v6.14.6
356 error code ETARGET
357 error notarget No matching version found for @types/path-browserify@ts3.6.
358 error notarget In most cases you or one of your dependencies are requesting
358 error notarget a package version that doesn't exist.
359 verbose exit [ 1, true ]
