0 info it worked if it ends with ok
1 verbose cli [
1 verbose cli   '/usr/local/bin/node',
1 verbose cli   '/usr/local/bin/npm',
1 verbose cli   'install',
1 verbose cli   '--ignore-scripts',
1 verbose cli   '@types/memorystream@ts3.6',
1 verbose cli   '@types/merge-stream@ts3.6',
1 verbose cli   '@types/merge2@ts3.6',
1 verbose cli   '@types/micromatch@ts3.6',
1 verbose cli   '@types/min-indent@ts3.6',
1 verbose cli   '@types/minimalistic-assert@ts3.6',
1 verbose cli   '@types/minimist@ts3.6',
1 verbose cli   '@types/minizlib@ts3.6',
1 verbose cli   '@types/mkdirp@ts3.6',
1 verbose cli   '@types/move-concurrently@ts3.6',
1 verbose cli   '@types/multicast-dns@ts3.6',
1 verbose cli   '@types/natural-compare@ts3.6',
1 verbose cli   '@types/next-tick@ts3.6',
1 verbose cli   '@types/nice-try@ts3.6',
1 verbose cli   '@types/node-forge@ts3.6',
1 verbose cli   '@types/node-int64@ts3.6',
1 verbose cli   '@types/node-notifier@ts3.6',
1 verbose cli   '@types/normalize-package-data@ts3.6',
1 verbose cli   '@types/normalize-path@ts3.6',
1 verbose cli   '@types/num2fraction@ts3.6',
1 verbose cli   '@types/nwsapi@ts3.6',
1 verbose cli   '@types/object-assign@ts3.6',
1 verbose cli   '@types/object-inspect@ts3.6',
1 verbose cli   '@types/object-keys@ts3.6',
1 verbose cli   '@types/object.fromentries@ts3.6',
1 verbose cli   '@types/object.getownpropertydescriptors@ts3.6',
1 verbose cli   '@types/object.pick@ts3.6',
1 verbose cli   '@types/on-headers@ts3.6',
1 verbose cli   '@types/once@ts3.6',
1 verbose cli   '@types/optimize-css-assets-webpack-plugin@ts3.6',
1 verbose cli   '@types/pako@ts3.6',
1 verbose cli   '@types/parallel-transform@ts3.6',
1 verbose cli   '@types/parse-json@ts3.6',
1 verbose cli   '@types/pascalcase@ts3.6',
1 verbose cli   '@types/path-browserify@ts3.6',
1 verbose cli   '@types/path-is-absolute@ts3.6',
1 verbose cli   '@types/path-is-inside@ts3.6',
1 verbose cli   '@types/path-parse@ts3.6',
1 verbose cli   '@types/pbkdf2@ts3.6',
1 verbose cli   '@types/picomatch@ts3.6',
1 verbose cli   '@types/pify@ts3.6',
1 verbose cli   '@types/postcss-flexbugs-fixes@ts3.6',
1 verbose cli   '@types/postcss-gap-properties@ts3.6',
1 verbose cli   '@types/postcss-modules-extract-imports@ts3.6',
1 verbose cli   '@types/postcss-modules-local-by-default@ts3.6',
1 verbose cli   '@types/postcss-modules-scope@ts3.6',
1 verbose cli   '@types/postcss-modules-values@ts3.6',
1 verbose cli   '@types/postcss-normalize@ts3.6',
1 verbose cli   '@types/postcss-preset-env@ts3.6',
1 verbose cli   '@types/postcss-safe-parser@ts3.6',
1 verbose cli   '@types/prelude-ls@ts3.6',
1 verbose cli   '@types/prettier-linter-helpers@ts3.6',
1 verbose cli   '@types/progress@ts3.6',
1 verbose cli   '@types/promise-inflight@ts3.6',
1 verbose cli   '@types/prompts@ts3.6',
1 verbose cli   '@types/prop-types@ts3.6',
1 verbose cli   '@types/psl@ts3.6',
1 verbose cli   '@types/pump@ts3.6',
1 verbose cli   '@types/pumpify@ts3.6',
1 verbose cli   '@types/punycode@ts3.6',
1 verbose cli   '@types/q@ts3.6',
1 verbose cli   '@types/querystringify@ts3.6',
1 verbose cli   '@types/raf@ts3.6',
1 verbose cli   '@types/randombytes@ts3.6',
1 verbose cli   '@types/react-dev-utils@ts3.6',
1 verbose cli   '@types/react-is@ts3.6',
1 verbose cli   '@types/react-refresh@ts3.6',
1 verbose cli   '@types/readable-stream@ts3.6',
1 verbose cli   '@types/recursive-readdir@ts3.6',
1 verbose cli   '@types/regenerate@ts3.6',
1 verbose cli   '@types/regenerator-runtime@ts3.6',
1 verbose cli   '@types/regex-not@ts3.6',
1 verbose cli   '@types/relateurl@ts3.6',
1 verbose cli   '@types/repeat-element@ts3.6',
1 verbose cli   '@types/repeat-string@ts3.6',
1 verbose cli   '@types/require-directory@ts3.6',
1 verbose cli   '@types/require-from-string@ts3.6',
1 verbose cli   '@types/requires-port@ts3.6',
1 verbose cli   '@types/resolve@ts3.6',
1 verbose cli   '@types/retry@ts3.6',
1 verbose cli   '@types/rimraf@ts3.6',
1 verbose cli   '@types/ripemd160@ts3.6',
1 verbose cli   '@types/rsvp@ts3.6',
1 verbose cli   '@types/run-parallel@ts3.6',
1 verbose cli   '@types/safe-regex@ts3.6',
1 verbose cli   '@types/sane@ts3.6',
1 verbose cli   '@types/sass-loader@ts3.6',
1 verbose cli   '@types/sax@ts3.6',
1 verbose cli   '@types/scheduler@ts3.6',
1 verbose cli   '@types/selfsigned@ts3.6',
1 verbose cli   '@types/semver-compare@ts3.6',
1 verbose cli   '@types/serialize-javascript@ts3.6',
1 verbose cli   '@types/serve-index@ts3.6',
1 verbose cli   '@types/set-value@ts3.6',
1 verbose cli   '@types/setimmediate@ts3.6',
1 verbose cli   '@types/sha.js@ts3.6',
1 verbose cli   ... 76 more items
1 verbose cli ]
2 info using npm@6.14.6
3 info using node@v12.18.3
4 verbose npm-session ba36b817c8cdf9e0
5 silly install loadCurrentTree
6 silly install readLocalPackageData
7 http fetch GET 304 https://registry.npmjs.org/@types%2fminimist 310ms (from cache)
8 silly pacote tag manifest for @types/minimist@ts3.6 fetched in 355ms
9 http fetch GET 304 https://registry.npmjs.org/@types%2fmkdirp 417ms (from cache)
10 http fetch GET 304 https://registry.npmjs.org/@types%2fminimalistic-assert 424ms (from cache)
11 http fetch GET 304 https://registry.npmjs.org/@types%2fmin-indent 427ms (from cache)
12 http fetch GET 304 https://registry.npmjs.org/@types%2fmove-concurrently 420ms (from cache)
13 http fetch GET 304 https://registry.npmjs.org/@types%2fmemorystream 435ms (from cache)
14 silly pacote tag manifest for @types/mkdirp@ts3.6 fetched in 423ms
15 http fetch GET 304 https://registry.npmjs.org/@types%2fmerge2 432ms (from cache)
16 http fetch GET 304 https://registry.npmjs.org/@types%2fmicromatch 431ms (from cache)
17 http fetch GET 304 https://registry.npmjs.org/@types%2fmerge-stream 435ms (from cache)
18 silly pacote tag manifest for @types/min-indent@ts3.6 fetched in 433ms
19 silly pacote tag manifest for @types/minimalistic-assert@ts3.6 fetched in 431ms
20 silly pacote tag manifest for @types/move-concurrently@ts3.6 fetched in 426ms
21 silly pacote tag manifest for @types/memorystream@ts3.6 fetched in 452ms
22 silly pacote tag manifest for @types/merge2@ts3.6 fetched in 440ms
23 silly pacote tag manifest for @types/micromatch@ts3.6 fetched in 442ms
24 silly pacote tag manifest for @types/merge-stream@ts3.6 fetched in 446ms
25 http fetch GET 304 https://registry.npmjs.org/@types%2fnatural-compare 496ms (from cache)
26 http fetch GET 304 https://registry.npmjs.org/@types%2fnode-int64 490ms (from cache)
27 http fetch GET 304 https://registry.npmjs.org/@types%2fnormalize-package-data 488ms (from cache)
28 http fetch GET 304 https://registry.npmjs.org/@types%2fmulticast-dns 558ms (from cache)
29 http fetch GET 304 https://registry.npmjs.org/@types%2fnode-forge 497ms (from cache)
30 http fetch GET 304 https://registry.npmjs.org/@types%2fnormalize-path 490ms (from cache)
31 silly pacote tag manifest for @types/natural-compare@ts3.6 fetched in 504ms
32 silly pacote tag manifest for @types/node-int64@ts3.6 fetched in 497ms
33 silly pacote tag manifest for @types/normalize-package-data@ts3.6 fetched in 499ms
34 silly pacote tag manifest for @types/multicast-dns@ts3.6 fetched in 569ms
35 silly pacote tag manifest for @types/node-forge@ts3.6 fetched in 508ms
36 silly pacote tag manifest for @types/normalize-path@ts3.6 fetched in 501ms
37 http fetch GET 304 https://registry.npmjs.org/@types%2fobject.fromentries 247ms (from cache)
38 http fetch GET 304 https://registry.npmjs.org/@types%2fnwsapi 256ms (from cache)
39 http fetch GET 304 https://registry.npmjs.org/@types%2fobject-assign 254ms (from cache)
40 http fetch GET 304 https://registry.npmjs.org/@types%2fobject-inspect 255ms (from cache)
41 silly pacote tag manifest for @types/object.fromentries@ts3.6 fetched in 253ms
42 silly pacote tag manifest for @types/nwsapi@ts3.6 fetched in 260ms
43 silly pacote tag manifest for @types/object-assign@ts3.6 fetched in 260ms
44 silly pacote tag manifest for @types/object-inspect@ts3.6 fetched in 261ms
45 http fetch GET 304 https://registry.npmjs.org/@types%2fon-headers 191ms (from cache)
46 http fetch GET 304 https://registry.npmjs.org/@types%2fonce 188ms (from cache)
47 http fetch GET 304 https://registry.npmjs.org/@types%2fobject.getownpropertydescriptors 195ms (from cache)
48 http fetch GET 304 https://registry.npmjs.org/@types%2fobject.pick 196ms (from cache)
49 silly pacote tag manifest for @types/on-headers@ts3.6 fetched in 196ms
50 silly pacote tag manifest for @types/once@ts3.6 fetched in 191ms
51 silly pacote tag manifest for @types/object.getownpropertydescriptors@ts3.6 fetched in 202ms
52 silly pacote tag manifest for @types/object.pick@ts3.6 fetched in 201ms
53 http fetch GET 304 https://registry.npmjs.org/@types%2fparallel-transform 285ms (from cache)
54 http fetch GET 304 https://registry.npmjs.org/@types%2fpako 290ms (from cache)
55 http fetch GET 304 https://registry.npmjs.org/@types%2fparse-json 288ms (from cache)
56 silly pacote tag manifest for @types/parallel-transform@ts3.6 fetched in 290ms
57 silly pacote tag manifest for @types/pako@ts3.6 fetched in 294ms
58 silly pacote tag manifest for @types/parse-json@ts3.6 fetched in 293ms
59 http fetch GET 304 https://registry.npmjs.org/@types%2fpath-browserify 190ms (from cache)
60 silly registry:manifest no matching version for @types/path-browserify@ts3.6 in the cache. Forcing revalidation.
61 http fetch GET 304 https://registry.npmjs.org/@types%2fpascalcase 194ms (from cache)
62 http fetch GET 304 https://registry.npmjs.org/@types%2fpath-is-absolute 194ms (from cache)
63 silly pacote tag manifest for @types/pascalcase@ts3.6 fetched in 202ms
64 silly pacote tag manifest for @types/path-is-absolute@ts3.6 fetched in 197ms
65 http fetch GET 200 https://registry.npmjs.org/@types%2fpath-browserify 210ms
66 silly fetchPackageMetaData error for @types/path-browserify@ts3.6 No matching version found for @types/path-browserify@ts3.6.
67 http fetch GET 304 https://registry.npmjs.org/@types%2fpath-parse 221ms (from cache)
68 silly pacote tag manifest for @types/path-parse@ts3.6 fetched in 225ms
69 http fetch GET 304 https://registry.npmjs.org/@types%2fpbkdf2 226ms (from cache)
70 http fetch GET 304 https://registry.npmjs.org/@types%2fpicomatch 204ms (from cache)
71 silly pacote tag manifest for @types/pbkdf2@ts3.6 fetched in 230ms
72 silly pacote tag manifest for @types/picomatch@ts3.6 fetched in 207ms
73 http fetch GET 304 https://registry.npmjs.org/@types%2fpostcss-flexbugs-fixes 198ms (from cache)
74 silly pacote tag manifest for @types/postcss-flexbugs-fixes@ts3.6 fetched in 203ms
75 http fetch GET 304 https://registry.npmjs.org/@types%2fminizlib 2703ms (from cache)
76 http fetch GET 304 https://registry.npmjs.org/@types%2fpostcss-gap-properties 178ms (from cache)
77 silly pacote tag manifest for @types/minizlib@ts3.6 fetched in 2708ms
78 silly pacote tag manifest for @types/postcss-gap-properties@ts3.6 fetched in 183ms
79 http fetch GET 304 https://registry.npmjs.org/@types%2fnode-notifier 2507ms (from cache)
80 http fetch GET 304 https://registry.npmjs.org/@types%2fnext-tick 2513ms (from cache)
81 http fetch GET 304 https://registry.npmjs.org/@types%2fnice-try 2512ms (from cache)
82 silly pacote tag manifest for @types/node-notifier@ts3.6 fetched in 2510ms
83 silly pacote tag manifest for @types/next-tick@ts3.6 fetched in 2516ms
84 http fetch GET 304 https://registry.npmjs.org/@types%2fpostcss-modules-local-by-default 233ms (from cache)
85 http fetch GET 304 https://registry.npmjs.org/@types%2fpostcss-modules-extract-imports 235ms (from cache)
86 silly pacote tag manifest for @types/nice-try@ts3.6 fetched in 2519ms
87 silly pacote tag manifest for @types/postcss-modules-local-by-default@ts3.6 fetched in 242ms
88 silly pacote tag manifest for @types/postcss-modules-extract-imports@ts3.6 fetched in 245ms
89 http fetch GET 304 https://registry.npmjs.org/@types%2fpostcss-modules-values 72ms (from cache)
90 silly pacote tag manifest for @types/postcss-modules-values@ts3.6 fetched in 74ms
91 http fetch GET 304 https://registry.npmjs.org/@types%2fpostcss-preset-env 180ms (from cache)
92 http fetch GET 304 https://registry.npmjs.org/@types%2fprelude-ls 118ms (from cache)
93 silly registry:manifest no matching version for @types/postcss-preset-env@ts3.6 in the cache. Forcing revalidation.
94 http fetch GET 304 https://registry.npmjs.org/@types%2fpostcss-normalize 189ms (from cache)
95 http fetch GET 304 https://registry.npmjs.org/@types%2fpostcss-modules-scope 197ms (from cache)
96 silly pacote tag manifest for @types/prelude-ls@ts3.6 fetched in 125ms
97 silly pacote tag manifest for @types/postcss-normalize@ts3.6 fetched in 196ms
98 silly pacote tag manifest for @types/postcss-modules-scope@ts3.6 fetched in 206ms
99 http fetch GET 304 https://registry.npmjs.org/@types%2fprettier-linter-helpers 90ms (from cache)
100 silly pacote tag manifest for @types/prettier-linter-helpers@ts3.6 fetched in 92ms
101 http fetch GET 304 https://registry.npmjs.org/@types%2fprogress 92ms (from cache)
102 http fetch GET 304 https://registry.npmjs.org/@types%2fnum2fraction 2309ms (from cache)
103 silly pacote tag manifest for @types/progress@ts3.6 fetched in 97ms
104 silly pacote tag manifest for @types/num2fraction@ts3.6 fetched in 2320ms
105 http fetch GET 200 https://registry.npmjs.org/@types%2fpostcss-preset-env 208ms
106 silly fetchPackageMetaData error for @types/postcss-preset-env@ts3.6 No matching version found for @types/postcss-preset-env@ts3.6.
107 http fetch GET 304 https://registry.npmjs.org/@types%2fobject-keys 2420ms (from cache)
108 http fetch GET 304 https://registry.npmjs.org/@types%2fpromise-inflight 248ms (from cache)
109 silly pacote tag manifest for @types/object-keys@ts3.6 fetched in 2471ms
110 silly pacote tag manifest for @types/promise-inflight@ts3.6 fetched in 260ms
111 http fetch GET 304 https://registry.npmjs.org/@types%2fprop-types 190ms (from cache)
112 http fetch GET 304 https://registry.npmjs.org/@types%2fpsl 183ms (from cache)
113 silly pacote tag manifest for @types/prop-types@ts3.6 fetched in 193ms
114 silly pacote tag manifest for @types/psl@ts3.6 fetched in 186ms
115 http fetch GET 304 https://registry.npmjs.org/@types%2fpump 135ms (from cache)
116 silly pacote tag manifest for @types/pump@ts3.6 fetched in 148ms
117 http fetch GET 304 https://registry.npmjs.org/@types%2fquerystringify 82ms (from cache)
118 http fetch GET 304 https://registry.npmjs.org/@types%2fpumpify 107ms (from cache)
119 silly pacote tag manifest for @types/querystringify@ts3.6 fetched in 85ms
120 silly pacote tag manifest for @types/pumpify@ts3.6 fetched in 113ms
121 http fetch GET 304 https://registry.npmjs.org/@types%2fraf 82ms (from cache)
122 silly pacote tag manifest for @types/raf@ts3.6 fetched in 83ms
123 http fetch GET 304 https://registry.npmjs.org/@types%2frandombytes 93ms (from cache)
124 http fetch GET 304 https://registry.npmjs.org/@types%2fq 182ms (from cache)
125 silly pacote tag manifest for @types/randombytes@ts3.6 fetched in 97ms
126 silly pacote tag manifest for @types/q@ts3.6 fetched in 190ms
127 http fetch GET 304 https://registry.npmjs.org/@types%2freact-is 78ms (from cache)
128 silly pacote tag manifest for @types/react-is@ts3.6 fetched in 80ms
129 http fetch GET 304 https://registry.npmjs.org/@types%2freact-dev-utils 149ms (from cache)
130 silly pacote tag manifest for @types/react-dev-utils@ts3.6 fetched in 151ms
131 http fetch GET 304 https://registry.npmjs.org/@types%2freadable-stream 107ms (from cache)
132 http fetch GET 304 https://registry.npmjs.org/@types%2freact-refresh 110ms (from cache)
133 silly registry:manifest no matching version for @types/react-refresh@ts3.6 in the cache. Forcing revalidation.
134 http fetch GET 304 https://registry.npmjs.org/@types%2frecursive-readdir 78ms (from cache)
135 silly pacote tag manifest for @types/readable-stream@ts3.6 fetched in 111ms
136 silly pacote tag manifest for @types/recursive-readdir@ts3.6 fetched in 85ms
137 http fetch GET 200 https://registry.npmjs.org/@types%2freact-refresh 79ms
138 silly fetchPackageMetaData error for @types/react-refresh@ts3.6 No matching version found for @types/react-refresh@ts3.6.
139 http fetch GET 304 https://registry.npmjs.org/@types%2foptimize-css-assets-webpack-plugin 2477ms (from cache)
140 silly pacote tag manifest for @types/optimize-css-assets-webpack-plugin@ts3.6 fetched in 2480ms
141 http fetch GET 304 https://registry.npmjs.org/@types%2fregenerator-runtime 135ms (from cache)
142 silly pacote tag manifest for @types/regenerator-runtime@ts3.6 fetched in 140ms
143 http fetch GET 304 https://registry.npmjs.org/@types%2frepeat-element 67ms (from cache)
144 silly pacote tag manifest for @types/repeat-element@ts3.6 fetched in 72ms
145 http fetch GET 304 https://registry.npmjs.org/@types%2frepeat-string 94ms (from cache)
146 http fetch GET 304 https://registry.npmjs.org/@types%2frelateurl 162ms (from cache)
147 silly pacote tag manifest for @types/repeat-string@ts3.6 fetched in 98ms
148 silly pacote tag manifest for @types/relateurl@ts3.6 fetched in 166ms
149 http fetch GET 304 https://registry.npmjs.org/@types%2frequires-port 76ms (from cache)
150 silly pacote tag manifest for @types/requires-port@ts3.6 fetched in 78ms
151 http fetch GET 304 https://registry.npmjs.org/@types%2fpath-is-inside 2277ms (from cache)
152 silly pacote tag manifest for @types/path-is-inside@ts3.6 fetched in 2279ms
153 http fetch GET 304 https://registry.npmjs.org/@types%2fretry 85ms (from cache)
154 http fetch GET 304 https://registry.npmjs.org/@types%2fresolve 190ms (from cache)
155 silly pacote tag manifest for @types/retry@ts3.6 fetched in 88ms
156 silly pacote tag manifest for @types/resolve@ts3.6 fetched in 195ms
157 http fetch GET 304 https://registry.npmjs.org/@types%2frimraf 83ms (from cache)
158 silly pacote tag manifest for @types/rimraf@ts3.6 fetched in 86ms
159 http fetch GET 304 https://registry.npmjs.org/@types%2fripemd160 185ms (from cache)
160 http fetch GET 304 https://registry.npmjs.org/@types%2frsvp 103ms (from cache)
161 silly pacote tag manifest for @types/ripemd160@ts3.6 fetched in 188ms
162 silly pacote tag manifest for @types/rsvp@ts3.6 fetched in 108ms
163 http fetch GET 304 https://registry.npmjs.org/@types%2fregex-not 734ms (from cache)
164 silly registry:manifest no matching version for @types/regex-not@ts3.6 in the cache. Forcing revalidation.
165 http fetch GET 304 https://registry.npmjs.org/@types%2fpostcss-safe-parser 1546ms (from cache)
166 silly pacote tag manifest for @types/postcss-safe-parser@ts3.6 fetched in 1550ms
167 http fetch GET 200 https://registry.npmjs.org/@types%2fregex-not 66ms
168 silly fetchPackageMetaData error for @types/regex-not@ts3.6 No matching version found for @types/regex-not@ts3.6.
169 http fetch GET 304 https://registry.npmjs.org/@types%2fsane 82ms (from cache)
170 silly pacote tag manifest for @types/sane@ts3.6 fetched in 84ms
171 http fetch GET 304 https://registry.npmjs.org/@types%2fsass-loader 64ms (from cache)
172 http fetch GET 304 https://registry.npmjs.org/@types%2fsafe-regex 160ms (from cache)
173 silly pacote tag manifest for @types/sass-loader@ts3.6 fetched in 66ms
174 silly pacote tag manifest for @types/safe-regex@ts3.6 fetched in 162ms
175 http fetch GET 304 https://registry.npmjs.org/@types%2fpify 2311ms (from cache)
176 silly pacote tag manifest for @types/pify@ts3.6 fetched in 2316ms
177 http fetch GET 304 https://registry.npmjs.org/@types%2fsax 68ms (from cache)
178 silly pacote tag manifest for @types/sax@ts3.6 fetched in 70ms
179 http fetch GET 304 https://registry.npmjs.org/@types%2fscheduler 76ms (from cache)
180 silly pacote tag manifest for @types/scheduler@ts3.6 fetched in 78ms
181 http fetch GET 304 https://registry.npmjs.org/@types%2fsemver-compare 143ms (from cache)
182 silly pacote tag manifest for @types/semver-compare@ts3.6 fetched in 149ms
183 http fetch GET 304 https://registry.npmjs.org/@types%2fserve-index 119ms (from cache)
184 http fetch GET 304 https://registry.npmjs.org/@types%2fselfsigned 200ms (from cache)
185 silly registry:manifest no matching version for @types/selfsigned@ts3.6 in the cache. Forcing revalidation.
186 silly pacote tag manifest for @types/serve-index@ts3.6 fetched in 133ms
187 http fetch GET 304 https://registry.npmjs.org/@types%2fprompts 1604ms (from cache)
188 silly pacote tag manifest for @types/prompts@ts3.6 fetched in 1611ms
189 http fetch GET 304 https://registry.npmjs.org/@types%2fset-value 80ms (from cache)
190 silly pacote tag manifest for @types/set-value@ts3.6 fetched in 82ms
191 http fetch GET 304 https://registry.npmjs.org/@types%2fsha.js 79ms (from cache)
192 silly pacote tag manifest for @types/sha.js@ts3.6 fetched in 82ms
193 http fetch GET 304 https://registry.npmjs.org/@types%2fshebang-command 81ms (from cache)
194 silly pacote tag manifest for @types/shebang-command@ts3.6 fetched in 83ms
195 http fetch GET 200 https://registry.npmjs.org/@types%2fselfsigned 159ms
196 silly fetchPackageMetaData error for @types/selfsigned@ts3.6 No matching version found for @types/selfsigned@ts3.6.
197 http fetch GET 304 https://registry.npmjs.org/@types%2fsetimmediate 174ms (from cache)
198 http fetch GET 304 https://registry.npmjs.org/@types%2fshell-quote 66ms (from cache)
199 silly pacote tag manifest for @types/setimmediate@ts3.6 fetched in 177ms
200 silly pacote tag manifest for @types/shell-quote@ts3.6 fetched in 69ms
201 http fetch GET 304 https://registry.npmjs.org/@types%2fsimple-swizzle 72ms (from cache)
202 silly registry:manifest no matching version for @types/simple-swizzle@ts3.6 in the cache. Forcing revalidation.
203 http fetch GET 304 https://registry.npmjs.org/@types%2fsockjs 70ms (from cache)
204 silly pacote tag manifest for @types/sockjs@ts3.6 fetched in 71ms
205 http fetch GET 304 https://registry.npmjs.org/@types%2fsignal-exit 150ms (from cache)
206 silly pacote tag manifest for @types/signal-exit@ts3.6 fetched in 154ms
207 http fetch GET 200 https://registry.npmjs.org/@types%2fsimple-swizzle 70ms
208 silly fetchPackageMetaData error for @types/simple-swizzle@ts3.6 No matching version found for @types/simple-swizzle@ts3.6.
209 http fetch GET 304 https://registry.npmjs.org/@types%2fslice-ansi 159ms (from cache)
210 http fetch GET 304 https://registry.npmjs.org/@types%2fsockjs-client 87ms (from cache)
211 silly pacote tag manifest for @types/slice-ansi@ts3.6 fetched in 162ms
212 silly pacote tag manifest for @types/sockjs-client@ts3.6 fetched in 91ms
213 http fetch GET 304 https://registry.npmjs.org/@types%2fsource-list-map 100ms (from cache)
214 silly pacote tag manifest for @types/source-list-map@ts3.6 fetched in 102ms
215 http fetch GET 304 https://registry.npmjs.org/@types%2fregenerate 1560ms (from cache)
216 silly registry:manifest no matching version for @types/regenerate@ts3.6 in the cache. Forcing revalidation.
217 http fetch GET 304 https://registry.npmjs.org/@types%2fspdx-expression-parse 101ms (from cache)
218 silly pacote tag manifest for @types/spdx-expression-parse@ts3.6 fetched in 106ms
219 http fetch GET 304 https://registry.npmjs.org/@types%2fsource-map-support 175ms (from cache)
220 silly pacote tag manifest for @types/source-map-support@ts3.6 fetched in 182ms
221 http fetch GET 304 https://registry.npmjs.org/@types%2fspdy 97ms (from cache)
222 silly pacote tag manifest for @types/spdy@ts3.6 fetched in 120ms
223 http fetch GET 200 https://registry.npmjs.org/@types%2fregenerate 127ms
224 silly fetchPackageMetaData error for @types/regenerate@ts3.6 No matching version found for @types/regenerate@ts3.6.
225 http fetch GET 304 https://registry.npmjs.org/@types%2fsprintf 112ms (from cache)
226 silly pacote tag manifest for @types/sprintf@ts3.6 fetched in 116ms
227 http fetch GET 304 https://registry.npmjs.org/@types%2fssri 119ms (from cache)
228 silly pacote tag manifest for @types/ssri@ts3.6 fetched in 122ms
229 http fetch GET 304 https://registry.npmjs.org/@types%2fstack-utils 99ms (from cache)
230 silly pacote tag manifest for @types/stack-utils@ts3.6 fetched in 101ms
231 http fetch GET 304 https://registry.npmjs.org/@types%2frequire-directory 1544ms (from cache)
232 silly pacote tag manifest for @types/require-directory@ts3.6 fetched in 1546ms
233 http fetch GET 304 https://registry.npmjs.org/@types%2fstrict-uri-encode 87ms (from cache)
234 http fetch GET 304 https://registry.npmjs.org/@types%2fstring-natural-compare 70ms (from cache)
235 silly pacote tag manifest for @types/strict-uri-encode@ts3.6 fetched in 89ms
236 silly pacote tag manifest for @types/string-natural-compare@ts3.6 fetched in 74ms
237 http fetch GET 304 https://registry.npmjs.org/@types%2fstream-shift 132ms (from cache)
238 silly pacote tag manifest for @types/stream-shift@ts3.6 fetched in 134ms
239 http fetch GET 304 https://registry.npmjs.org/@types%2fstringify-object 61ms (from cache)
240 silly pacote tag manifest for @types/stringify-object@ts3.6 fetched in 62ms
241 http fetch GET 304 https://registry.npmjs.org/@types%2fpunycode 2279ms (from cache)
242 silly pacote tag manifest for @types/punycode@ts3.6 fetched in 2282ms
243 http fetch GET 304 https://registry.npmjs.org/@types%2fsupports-color 69ms (from cache)
244 silly pacote tag manifest for @types/supports-color@ts3.6 fetched in 71ms
245 http fetch GET 304 https://registry.npmjs.org/@types%2fstrip-final-newline 166ms (from cache)
246 silly pacote tag manifest for @types/strip-final-newline@ts3.6 fetched in 168ms
247 http fetch GET 304 https://registry.npmjs.org/@types%2fsvg-parser 67ms (from cache)
248 silly pacote tag manifest for @types/svg-parser@ts3.6 fetched in 71ms
249 http fetch GET 304 https://registry.npmjs.org/@types%2fsvgo 58ms (from cache)
250 silly pacote tag manifest for @types/svgo@ts3.6 fetched in 60ms
251 http fetch GET 304 https://registry.npmjs.org/@types%2fsymbol-tree 82ms (from cache)
252 silly pacote tag manifest for @types/symbol-tree@ts3.6 fetched in 85ms
253 http fetch GET 304 https://registry.npmjs.org/@types%2ftapable 69ms (from cache)
254 silly pacote tag manifest for @types/tapable@ts3.6 fetched in 71ms
255 http fetch GET 304 https://registry.npmjs.org/@types%2frun-parallel 1501ms (from cache)
256 silly pacote tag manifest for @types/run-parallel@ts3.6 fetched in 1503ms
257 http fetch GET 304 https://registry.npmjs.org/@types%2ftext-table 64ms (from cache)
258 silly pacote tag manifest for @types/text-table@ts3.6 fetched in 68ms
259 http fetch GET 304 https://registry.npmjs.org/@types%2fthrough 73ms (from cache)
260 silly pacote tag manifest for @types/through@ts3.6 fetched in 76ms
261 http fetch GET 304 https://registry.npmjs.org/@types%2fthrough2 90ms (from cache)
262 silly pacote tag manifest for @types/through2@ts3.6 fetched in 92ms
263 http fetch GET 304 https://registry.npmjs.org/@types%2ftimsort 65ms (from cache)
264 silly pacote tag manifest for @types/timsort@ts3.6 fetched in 68ms
265 http fetch GET 304 https://registry.npmjs.org/@types%2fthunky 147ms (from cache)
266 silly pacote tag manifest for @types/thunky@ts3.6 fetched in 149ms
267 http fetch GET 304 https://registry.npmjs.org/@types%2ftmpl 73ms (from cache)
268 silly registry:manifest no matching version for @types/tmpl@ts3.6 in the cache. Forcing revalidation.
269 http fetch GET 304 https://registry.npmjs.org/@types%2fto-regex 85ms (from cache)
270 silly registry:manifest no matching version for @types/to-regex@ts3.6 in the cache. Forcing revalidation.
271 http fetch GET 304 https://registry.npmjs.org/@types%2frequire-from-string 2334ms (from cache)
272 silly pacote tag manifest for @types/require-from-string@ts3.6 fetched in 2343ms
273 http fetch GET 200 https://registry.npmjs.org/@types%2fto-regex 84ms
274 silly fetchPackageMetaData error for @types/to-regex@ts3.6 No matching version found for @types/to-regex@ts3.6.
275 http fetch GET 200 https://registry.npmjs.org/@types%2ftmpl 140ms
276 silly fetchPackageMetaData error for @types/tmpl@ts3.6 No matching version found for @types/tmpl@ts3.6.
277 http fetch GET 304 https://registry.npmjs.org/@types%2fto-regex-range 138ms (from cache)
278 silly registry:manifest no matching version for @types/to-regex-range@ts3.6 in the cache. Forcing revalidation.
279 http fetch GET 304 https://registry.npmjs.org/@types%2ftough-cookie 132ms (from cache)
280 http fetch GET 304 https://registry.npmjs.org/@types%2ftr46 109ms (from cache)
281 silly registry:manifest no matching version for @types/tr46@ts3.6 in the cache. Forcing revalidation.
282 silly pacote tag manifest for @types/tough-cookie@ts3.6 fetched in 152ms
283 http fetch GET 200 https://registry.npmjs.org/@types%2ftr46 75ms
284 silly fetchPackageMetaData error for @types/tr46@ts3.6 No matching version found for @types/tr46@ts3.6.
285 http fetch GET 304 https://registry.npmjs.org/@types%2ftryer 123ms (from cache)
286 silly pacote tag manifest for @types/tryer@ts3.6 fetched in 126ms
287 http fetch GET 304 https://registry.npmjs.org/@types%2fspdx-correct 1500ms (from cache)
288 http fetch GET 304 https://registry.npmjs.org/@types%2ftype-check 104ms (from cache)
289 silly pacote tag manifest for @types/spdx-correct@ts3.6 fetched in 1504ms
290 silly pacote tag manifest for @types/type-check@ts3.6 fetched in 113ms
291 http fetch GET 200 https://registry.npmjs.org/@types%2fto-regex-range 277ms
292 silly fetchPackageMetaData error for @types/to-regex-range@ts3.6 No matching version found for @types/to-regex-range@ts3.6.
293 http fetch GET 304 https://registry.npmjs.org/@types%2ftype-detect 116ms (from cache)
294 silly pacote tag manifest for @types/type-detect@ts3.6 fetched in 122ms
295 http fetch GET 304 https://registry.npmjs.org/@types%2ftypedarray-to-buffer 110ms (from cache)
296 silly registry:manifest no matching version for @types/typedarray-to-buffer@ts3.6 in the cache. Forcing revalidation.
297 http fetch GET 304 https://registry.npmjs.org/@types%2funiq 135ms (from cache)
298 silly pacote tag manifest for @types/uniq@ts3.6 fetched in 138ms
299 http fetch GET 304 https://registry.npmjs.org/@types%2fsprintf-js 1542ms (from cache)
300 silly pacote tag manifest for @types/sprintf-js@ts3.6 fetched in 1546ms
301 http fetch GET 200 https://registry.npmjs.org/@types%2ftypedarray-to-buffer 92ms
302 silly fetchPackageMetaData error for @types/typedarray-to-buffer@ts3.6 No matching version found for @types/typedarray-to-buffer@ts3.6.
303 http fetch GET 304 https://registry.npmjs.org/@types%2furl-parse 99ms (from cache)
304 silly pacote tag manifest for @types/url-parse@ts3.6 fetched in 102ms
305 http fetch GET 304 https://registry.npmjs.org/@types%2furix 204ms (from cache)
306 silly pacote tag manifest for @types/urix@ts3.6 fetched in 224ms
307 http fetch GET 304 https://registry.npmjs.org/@types%2fserialize-javascript 2344ms (from cache)
308 silly pacote tag manifest for @types/serialize-javascript@ts3.6 fetched in 2347ms
309 http fetch GET 304 https://registry.npmjs.org/@types%2futil.promisify 134ms (from cache)
310 http fetch GET 304 https://registry.npmjs.org/@types%2futil-deprecate 163ms (from cache)
311 silly pacote tag manifest for @types/util.promisify@ts3.6 fetched in 145ms
312 silly pacote tag manifest for @types/util-deprecate@ts3.6 fetched in 174ms
313 http fetch GET 304 https://registry.npmjs.org/@types%2fw3c-hr-time 79ms (from cache)
314 silly pacote tag manifest for @types/w3c-hr-time@ts3.6 fetched in 80ms
315 http fetch GET 304 https://registry.npmjs.org/@types%2fvalidate-npm-package-license 165ms (from cache)
316 silly pacote tag manifest for @types/validate-npm-package-license@ts3.6 fetched in 167ms
317 http fetch GET 304 https://registry.npmjs.org/@types%2fwebidl-conversions 83ms (from cache)
318 http fetch GET 304 https://registry.npmjs.org/@types%2fwatchpack 85ms (from cache)
319 silly pacote tag manifest for @types/watchpack@ts3.6 fetched in 87ms
320 silly pacote tag manifest for @types/webidl-conversions@ts3.6 fetched in 88ms
321 http fetch GET 304 https://registry.npmjs.org/@types%2fw3c-xmlserializer 112ms (from cache)
322 silly pacote tag manifest for @types/w3c-xmlserializer@ts3.6 fetched in 119ms
323 http fetch GET 304 https://registry.npmjs.org/@types%2ftar 1219ms (from cache)
324 http fetch GET 304 https://registry.npmjs.org/@types%2fstrip-comments 1557ms (from cache)
325 silly pacote tag manifest for @types/tar@ts3.6 fetched in 1222ms
326 silly pacote tag manifest for @types/strip-comments@ts3.6 fetched in 1561ms
327 http fetch GET 304 https://registry.npmjs.org/@types%2fwebpack 118ms (from cache)
328 silly pacote tag manifest for @types/webpack@ts3.6 fetched in 137ms
329 http fetch GET 304 https://registry.npmjs.org/@types%2fwebpack-manifest-plugin 130ms (from cache)
330 http fetch GET 304 https://registry.npmjs.org/@types%2fwebpack-sources 109ms (from cache)
331 silly pacote tag manifest for @types/webpack-manifest-plugin@ts3.6 fetched in 143ms
332 silly pacote tag manifest for @types/webpack-sources@ts3.6 fetched in 118ms
333 http fetch GET 304 https://registry.npmjs.org/@types%2fwhatwg-encoding 127ms (from cache)
334 silly pacote tag manifest for @types/whatwg-encoding@ts3.6 fetched in 130ms
335 http fetch GET 304 https://registry.npmjs.org/@types%2fwhatwg-mimetype 114ms (from cache)
336 silly pacote tag manifest for @types/whatwg-mimetype@ts3.6 fetched in 116ms
337 http fetch GET 304 https://registry.npmjs.org/@types%2fwhich 96ms (from cache)
338 silly pacote tag manifest for @types/which@ts3.6 fetched in 101ms
339 http fetch GET 304 https://registry.npmjs.org/@types%2fwhatwg-url 126ms (from cache)
340 silly pacote tag manifest for @types/whatwg-url@ts3.6 fetched in 127ms
341 http fetch GET 304 https://registry.npmjs.org/@types%2fwhich-pm-runs 124ms (from cache)
342 silly pacote tag manifest for @types/which-pm-runs@ts3.6 fetched in 128ms
343 http fetch GET 304 https://registry.npmjs.org/@types%2fworkbox-sw 95ms (from cache)
344 http fetch GET 304 https://registry.npmjs.org/@types%2fworkbox-build 105ms (from cache)
345 silly pacote tag manifest for @types/workbox-sw@ts3.6 fetched in 105ms
346 silly pacote tag manifest for @types/workbox-build@ts3.6 fetched in 114ms
347 http fetch GET 304 https://registry.npmjs.org/@types%2fworkbox-webpack-plugin 96ms (from cache)
348 silly pacote tag manifest for @types/workbox-webpack-plugin@ts3.6 fetched in 108ms
349 http fetch GET 304 https://registry.npmjs.org/@types%2fws 84ms (from cache)
350 silly pacote tag manifest for @types/ws@ts3.6 fetched in 90ms
351 http fetch GET 304 https://registry.npmjs.org/@types%2fxml-name-validator 86ms (from cache)
352 silly registry:manifest no matching version for @types/xml-name-validator@ts3.6 in the cache. Forcing revalidation.
353 http fetch GET 304 https://registry.npmjs.org/@types%2fxtend 76ms (from cache)
354 silly pacote tag manifest for @types/xtend@ts3.6 fetched in 87ms
355 http fetch GET 304 https://registry.npmjs.org/@types%2fyallist 91ms (from cache)
356 silly pacote tag manifest for @types/yallist@ts3.6 fetched in 104ms
357 http fetch GET 304 https://registry.npmjs.org/@types%2fwrap-ansi 204ms (from cache)
358 http fetch GET 304 https://registry.npmjs.org/@types%2fyargs 97ms (from cache)
359 http fetch GET 304 https://registry.npmjs.org/@types%2fyargs-parser 90ms (from cache)
360 silly pacote tag manifest for @types/wrap-ansi@ts3.6 fetched in 212ms
361 silly pacote tag manifest for @types/yargs@ts3.6 fetched in 107ms
362 silly pacote tag manifest for @types/yargs-parser@ts3.6 fetched in 93ms
363 http fetch GET 304 https://registry.npmjs.org/@types%2fwrite-file-atomic 257ms (from cache)
364 silly pacote tag manifest for @types/write-file-atomic@ts3.6 fetched in 260ms
365 http fetch GET 200 https://registry.npmjs.org/@types%2fxml-name-validator 133ms
366 silly fetchPackageMetaData error for @types/xml-name-validator@ts3.6 No matching version found for @types/xml-name-validator@ts3.6.
367 http fetch GET 304 https://registry.npmjs.org/@types%2fstream-each 2278ms (from cache)
368 silly pacote tag manifest for @types/stream-each@ts3.6 fetched in 2281ms
369 http fetch GET 304 https://registry.npmjs.org/@types%2fstring.prototype.matchall 2364ms (from cache)
370 silly pacote tag manifest for @types/string.prototype.matchall@ts3.6 fetched in 2368ms
371 http fetch GET 304 https://registry.npmjs.org/@types%2funiversalify 1618ms (from cache)
372 silly pacote tag manifest for @types/universalify@ts3.6 fetched in 1620ms
373 timing stage:rollbackFailedOptional Completed in 2ms
374 timing stage:runTopLevelLifecycles Completed in 8734ms
375 verbose type tag
376 verbose stack @types/path-browserify: No matching version found for @types/path-browserify@ts3.6.
376 verbose stack     at pickManifest (/usr/local/lib/node_modules/npm/node_modules/npm-pick-manifest/index.js:122:13)
376 verbose stack     at /usr/local/lib/node_modules/npm/node_modules/pacote/lib/fetchers/registry/manifest.js:43:18
376 verbose stack     at tryCatcher (/usr/local/lib/node_modules/npm/node_modules/bluebird/js/release/util.js:16:23)
376 verbose stack     at Promise._settlePromiseFromHandler (/usr/local/lib/node_modules/npm/node_modules/bluebird/js/release/promise.js:517:31)
376 verbose stack     at Promise._settlePromise (/usr/local/lib/node_modules/npm/node_modules/bluebird/js/release/promise.js:574:18)
376 verbose stack     at Promise._settlePromise0 (/usr/local/lib/node_modules/npm/node_modules/bluebird/js/release/promise.js:619:10)
376 verbose stack     at Promise._settlePromises (/usr/local/lib/node_modules/npm/node_modules/bluebird/js/release/promise.js:699:18)
376 verbose stack     at _drainQueueStep (/usr/local/lib/node_modules/npm/node_modules/bluebird/js/release/async.js:138:12)
376 verbose stack     at _drainQueue (/usr/local/lib/node_modules/npm/node_modules/bluebird/js/release/async.js:131:9)
376 verbose stack     at Async._drainQueues (/usr/local/lib/node_modules/npm/node_modules/bluebird/js/release/async.js:147:5)
376 verbose stack     at Immediate.Async.drainQueues [as _onImmediate] (/usr/local/lib/node_modules/npm/node_modules/bluebird/js/release/async.js:17:14)
376 verbose stack     at processImmediate (internal/timers.js:456:21)
377 verbose cwd /home/theia/.cache/typescript/3.6
378 verbose Linux 5.10.16.3-microsoft-standard-WSL2
379 verbose argv "/usr/local/bin/node" "/usr/local/bin/npm" "install" "--ignore-scripts" "@types/memorystream@ts3.6" "@types/merge-stream@ts3.6" "@types/merge2@ts3.6" "@types/micromatch@ts3.6" "@types/min-indent@ts3.6" "@types/minimalistic-assert@ts3.6" "@types/minimist@ts3.6" "@types/minizlib@ts3.6" "@types/mkdirp@ts3.6" "@types/move-concurrently@ts3.6" "@types/multicast-dns@ts3.6" "@types/natural-compare@ts3.6" "@types/next-tick@ts3.6" "@types/nice-try@ts3.6" "@types/node-forge@ts3.6" "@types/node-int64@ts3.6" "@types/node-notifier@ts3.6" "@types/normalize-package-data@ts3.6" "@types/normalize-path@ts3.6" "@types/num2fraction@ts3.6" "@types/nwsapi@ts3.6" "@types/object-assign@ts3.6" "@types/object-inspect@ts3.6" "@types/object-keys@ts3.6" "@types/object.fromentries@ts3.6" "@types/object.getownpropertydescriptors@ts3.6" "@types/object.pick@ts3.6" "@types/on-headers@ts3.6" "@types/once@ts3.6" "@types/optimize-css-assets-webpack-plugin@ts3.6" "@types/pako@ts3.6" "@types/parallel-transform@ts3.6" "@types/parse-json@ts3.6" "@types/pascalcase@ts3.6" "@types/path-browserify@ts3.6" "@types/path-is-absolute@ts3.6" "@types/path-is-inside@ts3.6" "@types/path-parse@ts3.6" "@types/pbkdf2@ts3.6" "@types/picomatch@ts3.6" "@types/pify@ts3.6" "@types/postcss-flexbugs-fixes@ts3.6" "@types/postcss-gap-properties@ts3.6" "@types/postcss-modules-extract-imports@ts3.6" "@types/postcss-modules-local-by-default@ts3.6" "@types/postcss-modules-scope@ts3.6" "@types/postcss-modules-values@ts3.6" "@types/postcss-normalize@ts3.6" "@types/postcss-preset-env@ts3.6" "@types/postcss-safe-parser@ts3.6" "@types/prelude-ls@ts3.6" "@types/prettier-linter-helpers@ts3.6" "@types/progress@ts3.6" "@types/promise-inflight@ts3.6" "@types/prompts@ts3.6" "@types/prop-types@ts3.6" "@types/psl@ts3.6" "@types/pump@ts3.6" "@types/pumpify@ts3.6" "@types/punycode@ts3.6" "@types/q@ts3.6" "@types/querystringify@ts3.6" "@types/raf@ts3.6" "@types/randombytes@ts3.6" "@types/react-dev-utils@ts3.6" "@types/react-is@ts3.6" "@types/react-refresh@ts3.6" "@types/readable-stream@ts3.6" "@types/recursive-readdir@ts3.6" "@types/regenerate@ts3.6" "@types/regenerator-runtime@ts3.6" "@types/regex-not@ts3.6" "@types/relateurl@ts3.6" "@types/repeat-element@ts3.6" "@types/repeat-string@ts3.6" "@types/require-directory@ts3.6" "@types/require-from-string@ts3.6" "@types/requires-port@ts3.6" "@types/resolve@ts3.6" "@types/retry@ts3.6" "@types/rimraf@ts3.6" "@types/ripemd160@ts3.6" "@types/rsvp@ts3.6" "@types/run-parallel@ts3.6" "@types/safe-regex@ts3.6" "@types/sane@ts3.6" "@types/sass-loader@ts3.6" "@types/sax@ts3.6" "@types/scheduler@ts3.6" "@types/selfsigned@ts3.6" "@types/semver-compare@ts3.6" "@types/serialize-javascript@ts3.6" "@types/serve-index@ts3.6" "@types/set-value@ts3.6" "@types/setimmediate@ts3.6" "@types/sha.js@ts3.6" "@types/shebang-command@ts3.6" "@types/shell-quote@ts3.6" "@types/signal-exit@ts3.6" "@types/simple-swizzle@ts3.6" "@types/slice-ansi@ts3.6" "@types/sockjs@ts3.6" "@types/sockjs-client@ts3.6" "@types/source-list-map@ts3.6" "@types/source-map-support@ts3.6" "@types/spdx-correct@ts3.6" "@types/spdx-expression-parse@ts3.6" "@types/spdy@ts3.6" "@types/sprintf@ts3.6" "@types/sprintf-js@ts3.6" "@types/ssri@ts3.6" "@types/stack-utils@ts3.6" "@types/stream-each@ts3.6" "@types/stream-shift@ts3.6" "@types/strict-uri-encode@ts3.6" "@types/string-natural-compare@ts3.6" "@types/string.prototype.matchall@ts3.6" "@types/stringify-object@ts3.6" "@types/strip-comments@ts3.6" "@types/strip-final-newline@ts3.6" "@types/supports-color@ts3.6" "@types/svg-parser@ts3.6" "@types/svgo@ts3.6" "@types/symbol-tree@ts3.6" "@types/tapable@ts3.6" "@types/tar@ts3.6" "@types/text-table@ts3.6" "@types/through@ts3.6" "@types/through2@ts3.6" "@types/thunky@ts3.6" "@types/timsort@ts3.6" "@types/tmpl@ts3.6" "@types/to-regex@ts3.6" "@types/to-regex-range@ts3.6" "@types/tough-cookie@ts3.6" "@types/tr46@ts3.6" "@types/tryer@ts3.6" "@types/type-check@ts3.6" "@types/type-detect@ts3.6" "@types/typedarray-to-buffer@ts3.6" "@types/uniq@ts3.6" "@types/universalify@ts3.6" "@types/urix@ts3.6" "@types/url-parse@ts3.6" "@types/util-deprecate@ts3.6" "@types/util.promisify@ts3.6" "@types/validate-npm-package-license@ts3.6" "@types/w3c-hr-time@ts3.6" "@types/w3c-xmlserializer@ts3.6" "@types/watchpack@ts3.6" "@types/webidl-conversions@ts3.6" "@types/webpack@ts3.6" "@types/webpack-manifest-plugin@ts3.6" "@types/webpack-sources@ts3.6" "@types/whatwg-encoding@ts3.6" "@types/whatwg-mimetype@ts3.6" "@types/whatwg-url@ts3.6" "@types/which@ts3.6" "@types/which-pm-runs@ts3.6" "@types/workbox-build@ts3.6" "@types/workbox-sw@ts3.6" "@types/workbox-webpack-plugin@ts3.6" "@types/wrap-ansi@ts3.6" "@types/write-file-atomic@ts3.6" "@types/ws@ts3.6" "@types/xml-name-validator@ts3.6" "@types/xtend@ts3.6" "@types/yallist@ts3.6" "@types/yargs@ts3.6" "@types/yargs-parser@ts3.6" "--save-dev" "--user-agent=typesInstaller/3.6.3"
380 verbose node v12.18.3
381 verbose npm  v6.14.6
382 error code ETARGET
383 error notarget No matching version found for @types/path-browserify@ts3.6.
384 error notarget In most cases you or one of your dependencies are requesting
384 error notarget a package version that doesn't exist.
385 verbose exit [ 1, true ]
